#
# A fatal error has been detected by the Java Runtime Environment:
#
#  EXCEPTION_ACCESS_VIOLATION (0xc0000005) at pc=0x000000006fb72dba, pid=4840, tid=6308
#
# JRE version: Java(TM) SE Runtime Environment (7.0_51-b13) (build 1.7.0_51-b13)
# Java VM: Java HotSpot(TM) 64-Bit Server VM (24.51-b03 mixed mode windows-amd64 compressed oops)
# Problematic frame:
# C  [jfxwebkit.dll+0x302dba]
#
# Failed to write core dump. Minidumps are not enabled by default on client versions of Windows
#
# If you would like to submit a bug report, please visit:
#   http://bugreport.sun.com/bugreport/crash.jsp
# The crash happened outside the Java Virtual Machine in native code.
# See problematic frame for where to report the bug.
#

---------------  T H R E A D  ---------------

Current thread (0x000000000bd6d800):  JavaThread "JavaFX Application Thread" [_thread_in_native, id=6308, stack(0x000000000e2d0000,0x000000000e3d0000)]

siginfo: ExceptionCode=0xc0000005, reading address 0x0000000000000000

Registers:
RAX=0x000000000c302520, RBX=0x0000000000000000, RCX=0x0000000000000000, RDX=0x000000000c66ab50
RSP=0x000000000e3cec08, RBP=0x0000000000008363, RSI=0x0000000000008300, RDI=0x0000000010c6ccc0
R8 =0x0000000000008363, R9 =0x0000000000008363, R10=0x0000000010c6cd30, R11=0x000000000e3ceab0
R12=0x000000000c66ab50, R13=0x00000000881502e8, R14=0x000000000e3ceef8, R15=0x000000000bd6d800
RIP=0x000000006fb72dba, EFLAGS=0x0000000000010206

Top of Stack: (sp=0x000000000e3cec08)
0x000000000e3cec08:   000000006fb6da3e 0000000000000000
0x000000000e3cec18:   0000000000008300 000000000e3ceef8
0x000000000e3cec28:   00000000881502e8 fffffffffffffffe
0x000000000e3cec38:   0000000010c6ccc0 0000000000000000
0x000000000e3cec48:   0000000010c6ccc0 0000000000008363
0x000000000e3cec58:   000000006fb6e6ea 000000000c302520
0x000000000e3cec68:   000000000bed1bb0 000000000c66ab50
0x000000000e3cec78:   00000000112d4470 fffffffffffffffe
0x000000000e3cec88:   00000000112d4470 0000000000008363
0x000000000e3cec98:   000000000c66ab50 0000000010c6d080
0x000000000e3ceca8:   000000006fb6e7cb 000000000bed1bb0
0x000000000e3cecb8:   0000000010c6ccc0 00000000533d9eab
0x000000000e3cecc8:   0000000010c6ccc0 0000000000008363
0x000000000e3cecd8:   000000006fb92067 00000000112d4470
0x000000000e3cece8:   0000000000000000 000000000c66ab50
0x000000000e3cecf8:   0000000000000000 000000000e3ced58 

Instructions: (pc=0x000000006fb72dba)
0x000000006fb72d9a:   00 48 8b 89 50 04 00 00 e8 e9 3c e3 ff 48 83 c4
0x000000006fb72daa:   20 5b c3 cc cc cc 4c 8b d1 48 8b 49 30 4d 8b c8
0x000000006fb72dba:   48 8b 01 4c 8b c2 49 8b d2 48 ff 60 20 cc cc cc
0x000000006fb72dca:   cc cc cc cc cc cc 48 8b 41 30 c6 40 10 01 c3 cc 


Register to memory mapping:

RAX=0x000000000c302520 is an unknown value
RBX=0x0000000000000000 is an unknown value
RCX=0x0000000000000000 is an unknown value
RDX=0x000000000c66ab50 is an unknown value
RSP=0x000000000e3cec08 is pointing into the stack for thread: 0x000000000bd6d800
RBP=0x0000000000008363 is an unknown value
RSI=0x0000000000008300 is an unknown value
RDI=0x0000000010c6ccc0 is an unknown value
R8 =0x0000000000008363 is an unknown value
R9 =0x0000000000008363 is an unknown value
R10=0x0000000010c6cd30 is an unknown value
R11=0x000000000e3ceab0 is pointing into the stack for thread: 0x000000000bd6d800
R12=0x000000000c66ab50 is an unknown value
R13=0x00000000881502e8 is an oop
{method} 
 - klass: {other class}
R14=0x000000000e3ceef8 is pointing into the stack for thread: 0x000000000bd6d800
R15=0x000000000bd6d800 is a thread


Stack: [0x000000000e2d0000,0x000000000e3d0000],  sp=0x000000000e3cec08,  free space=1019k
Native frames: (J=compiled Java code, j=interpreted, Vv=VM code, C=native code)
C  [jfxwebkit.dll+0x302dba]

Java frames: (J=compiled Java code, j=interpreted, Vv=VM code)
j  com.sun.webpane.webkit.network.URLLoader.twkDidReceiveData(Ljava/nio/ByteBuffer;IIJ)V+0
j  com.sun.webpane.webkit.network.URLLoader.access$1200(Ljava/nio/ByteBuffer;IIJ)V+4
j  com.sun.webpane.webkit.network.URLLoader$5.run()V+35
j  com.sun.glass.ui.InvokeLaterDispatcher$Future.run()V+4
v  ~StubRoutines::call_stub
j  com.sun.glass.ui.win.WinApplication._runLoop([Ljava/lang/String;Lcom/sun/glass/ui/Launchable;)V+0
j  com.sun.glass.ui.win.WinApplication.access$100(Lcom/sun/glass/ui/win/WinApplication;[Ljava/lang/String;Lcom/sun/glass/ui/Launchable;)V+3
j  com.sun.glass.ui.win.WinApplication$3$1.run()V+32
j  java.lang.Thread.run()V+11
v  ~StubRoutines::call_stub

---------------  P R O C E S S  ---------------

Java Threads: ( => current thread )
  0x00000000108e8800 JavaThread "URL-Loader-20" daemon [_thread_in_native, id=5500, stack(0x0000000014900000,0x0000000014a00000)]
  0x00000000108e3800 JavaThread "URL-Loader-19" daemon [_thread_blocked, id=8500, stack(0x00000000147e0000,0x00000000148e0000)]
  0x00000000108e9800 JavaThread "URL-Loader-18" daemon [_thread_blocked, id=6356, stack(0x0000000014650000,0x0000000014750000)]
  0x00000000108e2800 JavaThread "URL-Loader-17" daemon [_thread_blocked, id=7904, stack(0x0000000014550000,0x0000000014650000)]
  0x00000000108e2000 JavaThread "URL-Loader-16" daemon [_thread_blocked, id=4348, stack(0x0000000014450000,0x0000000014550000)]
  0x00000000108e8000 JavaThread "URL-Loader-15" daemon [_thread_blocked, id=8872, stack(0x0000000014350000,0x0000000014450000)]
  0x00000000108eb800 JavaThread "URL-Loader-14" daemon [_thread_blocked, id=8480, stack(0x0000000014250000,0x0000000014350000)]
  0x00000000108eb000 JavaThread "URL-Loader-13" daemon [_thread_blocked, id=6588, stack(0x0000000014150000,0x0000000014250000)]
  0x00000000108e0800 JavaThread "URL-Loader-12" daemon [_thread_blocked, id=8716, stack(0x0000000014050000,0x0000000014150000)]
  0x00000000108e5800 JavaThread "URL-Loader-11" daemon [_thread_blocked, id=7564, stack(0x0000000013f50000,0x0000000014050000)]
  0x00000000108e7000 JavaThread "URL-Loader-10" daemon [_thread_blocked, id=6824, stack(0x0000000013e50000,0x0000000013f50000)]
  0x00000000108e1000 JavaThread "URL-Loader-9" daemon [_thread_blocked, id=5008, stack(0x0000000013d50000,0x0000000013e50000)]
  0x000000001095b000 JavaThread "URL-Loader-8" daemon [_thread_blocked, id=2368, stack(0x0000000013c30000,0x0000000013d30000)]
  0x0000000010958000 JavaThread "URL-Loader-7" daemon [_thread_blocked, id=1448, stack(0x0000000013b30000,0x0000000013c30000)]
  0x0000000010956000 JavaThread "URL-Loader-6" daemon [_thread_blocked, id=2896, stack(0x0000000013a30000,0x0000000013b30000)]
  0x0000000010959800 JavaThread "URL-Loader-5" daemon [_thread_blocked, id=8164, stack(0x0000000013930000,0x0000000013a30000)]
  0x0000000010957800 JavaThread "URL-Loader-4" daemon [_thread_blocked, id=344, stack(0x0000000013830000,0x0000000013930000)]
  0x0000000010959000 JavaThread "URL-Loader-3" daemon [_thread_blocked, id=1916, stack(0x0000000013730000,0x0000000013830000)]
  0x0000000010955000 JavaThread "URL-Loader-2" daemon [_thread_blocked, id=6664, stack(0x0000000013630000,0x0000000013730000)]
  0x0000000010954800 JavaThread "Prism Font Disposer" daemon [_thread_blocked, id=5184, stack(0x0000000011d80000,0x0000000011e80000)]
  0x0000000010956800 JavaThread "Keep-Alive-Timer" daemon [_thread_blocked, id=7868, stack(0x00000000119a0000,0x0000000011aa0000)]
  0x000000001095a800 JavaThread "URL-Loader-1" daemon [_thread_blocked, id=5600, stack(0x00000000118a0000,0x00000000119a0000)]
  0x000000000c20c000 JavaThread "Disposer" daemon [_thread_blocked, id=8108, stack(0x00000000102d0000,0x00000000103d0000)]
  0x000000000bee1000 JavaThread "Thread-3" daemon [_thread_in_native, id=3496, stack(0x00000000101d0000,0x00000000102d0000)]
=>0x000000000bd6d800 JavaThread "JavaFX Application Thread" [_thread_in_native, id=6308, stack(0x000000000e2d0000,0x000000000e3d0000)]
  0x000000000bd6d000 JavaThread "Thread-2" daemon [_thread_blocked, id=9080, stack(0x000000000e0c0000,0x000000000e1c0000)]
  0x000000000bd6c000 JavaThread "Disposer" daemon [_thread_blocked, id=6916, stack(0x000000000dea0000,0x000000000dfa0000)]
  0x000000000bea2000 JavaThread "QuantumRenderer-0" daemon [_thread_blocked, id=8256, stack(0x000000000d250000,0x000000000d350000)]
  0x000000000bce1800 JavaThread "JavaFX-Launcher" [_thread_blocked, id=3736, stack(0x000000000d150000,0x000000000d250000)]
  0x000000000bd83800 JavaThread "traceMsgQueueThread" daemon [_thread_blocked, id=7948, stack(0x000000000c720000,0x000000000c820000)]
  0x000000000a1bf000 JavaThread "Service Thread" daemon [_thread_blocked, id=8992, stack(0x000000000b920000,0x000000000ba20000)]
  0x000000000a1b8800 JavaThread "C2 CompilerThread1" daemon [_thread_blocked, id=4152, stack(0x000000000b820000,0x000000000b920000)]
  0x000000000a1b2800 JavaThread "C2 CompilerThread0" daemon [_thread_blocked, id=5980, stack(0x000000000b720000,0x000000000b820000)]
  0x000000000a1b1800 JavaThread "Attach Listener" daemon [_thread_blocked, id=6160, stack(0x000000000b620000,0x000000000b720000)]
  0x000000000a1ae000 JavaThread "Signal Dispatcher" daemon [_thread_blocked, id=7152, stack(0x000000000b520000,0x000000000b620000)]
  0x000000000a17d800 JavaThread "Finalizer" daemon [_thread_blocked, id=8488, stack(0x000000000b420000,0x000000000b520000)]
  0x000000000a172000 JavaThread "Reference Handler" daemon [_thread_blocked, id=5048, stack(0x000000000b320000,0x000000000b420000)]
  0x00000000023b0800 JavaThread "main" [_thread_blocked, id=7444, stack(0x00000000022a0000,0x00000000023a0000)]

Other Threads:
  0x000000000a170000 VMThread [stack: 0x000000000b220000,0x000000000b320000] [id=8612]
  0x000000000a1d2000 WatcherThread [stack: 0x000000000ba20000,0x000000000bb20000] [id=7384]

VM state:not at safepoint (normal execution)

VM Mutex/Monitor currently owned by a thread: None

Heap
 PSYoungGen      total 129024K, used 30687K [0x00000000d9800000, 0x00000000e9f00000, 0x0000000100000000)
  eden space 120832K, 18% used [0x00000000d9800000,0x00000000dadfbff8,0x00000000e0e00000)
  from space 8192K, 99% used [0x00000000e0e00000,0x00000000e15fbfd8,0x00000000e1600000)
  to   space 13824K, 0% used [0x00000000e9180000,0x00000000e9180000,0x00000000e9f00000)
 ParOldGen       total 78848K, used 12796K [0x000000008c800000, 0x0000000091500000, 0x00000000d9800000)
  object space 78848K, 16% used [0x000000008c800000,0x000000008d47f040,0x0000000091500000)
 PSPermGen       total 22528K, used 22495K [0x0000000087600000, 0x0000000088c00000, 0x000000008c800000)
  object space 22528K, 99% used [0x0000000087600000,0x0000000088bf7f10,0x0000000088c00000)

Card table byte_map: [0x0000000005570000,0x0000000005940000] byte_map_base: 0x0000000005135000

Polling page: 0x0000000000880000

Code Cache  [0x00000000024b0000, 0x0000000002720000, 0x00000000054b0000)
 total_blobs=1060 nmethods=428 adapters=585 free_code_cache=47765Kb largest_free_block=48872256

Compilation events (10 events):
Event: 15.030 Thread 0x000000000a1b2800  465             com.sun.prism.impl.BaseGraphics::validateTransformAndPaint (71 bytes)
Event: 15.034 Thread 0x000000000a1b2800 nmethod 465 0x000000000260c3d0 code [0x000000000260c520, 0x000000000260c608]
Event: 15.036 Thread 0x000000000a1b8800  466             com.sun.prism.impl.ps.PaintHelper::setMultiGradient (177 bytes)
Event: 15.082 Thread 0x000000000a1b8800 nmethod 466 0x000000000260fb50 code [0x000000000260fda0, 0x0000000002610b10]
Event: 15.146 Thread 0x000000000a1b2800  467             com.sun.prism.impl.BaseGraphics::getCameraNoClone (5 bytes)
Event: 15.146 Thread 0x000000000a1b8800  468             com.sun.prism.impl.BaseGraphics::isDepthTest (5 bytes)
Event: 15.147 Thread 0x000000000a1b8800 nmethod 468 0x00000000025f8010 code [0x00000000025f8140, 0x00000000025f8198]
Event: 15.147 Thread 0x000000000a1b2800 nmethod 467 0x0000000002609a90 code [0x0000000002609bc0, 0x0000000002609c18]
Event: 15.147 Thread 0x000000000a1b8800  469             com.sun.prism.impl.ps.BaseShaderContext::setRenderTarget (92 bytes)
Event: 15.157 Thread 0x000000000a1b8800 nmethod 469 0x000000000260b490 code [0x000000000260b660, 0x000000000260bb20]

GC Heap History (10 events):
Event: 6.769 GC heap before
{Heap before GC invocations=3 (full 0):
 PSYoungGen      total 34816K, used 34760K [0x00000000d9800000, 0x00000000ddc00000, 0x0000000100000000)
  eden space 30208K, 99% used [0x00000000d9800000,0x00000000db573cf0,0x00000000db580000)
  from space 4608K, 99% used [0x00000000dba00000,0x00000000dbe7e3c8,0x00000000dbe80000)
  to   space 4608K, 0% used [0x00000000db580000,0x00000000db580000,0x00000000dba00000)
 ParOldGen       total 78848K, used 3905K [0x000000008c800000, 0x0000000091500000, 0x00000000d9800000)
  object space 78848K, 4% used [0x000000008c800000,0x000000008cbd04c8,0x0000000091500000)
 PSPermGen       total 21504K, used 19086K [0x0000000087600000, 0x0000000088b00000, 0x000000008c800000)
  object space 21504K, 88% used [0x0000000087600000,0x00000000888a3bc8,0x0000000088b00000)
Event: 6.786 GC heap after
Heap after GC invocations=3 (full 0):
 PSYoungGen      total 34816K, used 4601K [0x00000000d9800000, 0x00000000ddc00000, 0x0000000100000000)
  eden space 30208K, 0% used [0x00000000d9800000,0x00000000d9800000,0x00000000db580000)
  from space 4608K, 99% used [0x00000000db580000,0x00000000db9fe470,0x00000000dba00000)
  to   space 4608K, 0% used [0x00000000dd780000,0x00000000dd780000,0x00000000ddc00000)
 ParOldGen       total 78848K, used 3945K [0x000000008c800000, 0x0000000091500000, 0x00000000d9800000)
  object space 78848K, 5% used [0x000000008c800000,0x000000008cbda4c8,0x0000000091500000)
 PSPermGen       total 21504K, used 19086K [0x0000000087600000, 0x0000000088b00000, 0x000000008c800000)
  object space 21504K, 88% used [0x0000000087600000,0x00000000888a3bc8,0x0000000088b00000)
}
Event: 6.823 GC heap before
{Heap before GC invocations=4 (full 0):
 PSYoungGen      total 34816K, used 34805K [0x00000000d9800000, 0x00000000ddc00000, 0x0000000100000000)
  eden space 30208K, 99% used [0x00000000d9800000,0x00000000db57eff8,0x00000000db580000)
  from space 4608K, 99% used [0x00000000db580000,0x00000000db9fe470,0x00000000dba00000)
  to   space 4608K, 0% used [0x00000000dd780000,0x00000000dd780000,0x00000000ddc00000)
 ParOldGen       total 78848K, used 3945K [0x000000008c800000, 0x0000000091500000, 0x00000000d9800000)
  object space 78848K, 5% used [0x000000008c800000,0x000000008cbda4c8,0x0000000091500000)
 PSPermGen       total 21504K, used 19086K [0x0000000087600000, 0x0000000088b00000, 0x000000008c800000)
  object space 21504K, 88% used [0x0000000087600000,0x00000000888a3bc8,0x0000000088b00000)
Event: 6.840 GC heap after
Heap after GC invocations=4 (full 0):
 PSYoungGen      total 65024K, used 4607K [0x00000000d9800000, 0x00000000ddc00000, 0x0000000100000000)
  eden space 60416K, 0% used [0x00000000d9800000,0x00000000d9800000,0x00000000dd300000)
  from space 4608K, 99% used [0x00000000dd780000,0x00000000ddbfff38,0x00000000ddc00000)
  to   space 4608K, 0% used [0x00000000dd300000,0x00000000dd300000,0x00000000dd780000)
 ParOldGen       total 78848K, used 3985K [0x000000008c800000, 0x0000000091500000, 0x00000000d9800000)
  object space 78848K, 5% used [0x000000008c800000,0x000000008cbe44c8,0x0000000091500000)
 PSPermGen       total 21504K, used 19086K [0x0000000087600000, 0x0000000088b00000, 0x000000008c800000)
  object space 21504K, 88% used [0x0000000087600000,0x00000000888a3bc8,0x0000000088b00000)
}
Event: 6.900 GC heap before
{Heap before GC invocations=5 (full 0):
 PSYoungGen      total 65024K, used 64977K [0x00000000d9800000, 0x00000000ddc00000, 0x0000000100000000)
  eden space 60416K, 99% used [0x00000000d9800000,0x00000000dd2f4850,0x00000000dd300000)
  from space 4608K, 99% used [0x00000000dd780000,0x00000000ddbfff38,0x00000000ddc00000)
  to   space 4608K, 0% used [0x00000000dd300000,0x00000000dd300000,0x00000000dd780000)
 ParOldGen       total 78848K, used 3985K [0x000000008c800000, 0x0000000091500000, 0x00000000d9800000)
  object space 78848K, 5% used [0x000000008c800000,0x000000008cbe44c8,0x0000000091500000)
 PSPermGen       total 21504K, used 19086K [0x0000000087600000, 0x0000000088b00000, 0x000000008c800000)
  object space 21504K, 88% used [0x0000000087600000,0x00000000888a3bc8,0x0000000088b00000)
Event: 6.917 GC heap after
Heap after GC invocations=5 (full 0):
 PSYoungGen      total 65024K, used 4576K [0x00000000d9800000, 0x00000000e1f00000, 0x0000000100000000)
  eden space 60416K, 0% used [0x00000000d9800000,0x00000000d9800000,0x00000000dd300000)
  from space 4608K, 99% used [0x00000000dd300000,0x00000000dd778320,0x00000000dd780000)
  to   space 8704K, 0% used [0x00000000e1680000,0x00000000e1680000,0x00000000e1f00000)
 ParOldGen       total 78848K, used 4073K [0x000000008c800000, 0x0000000091500000, 0x00000000d9800000)
  object space 78848K, 5% used [0x000000008c800000,0x000000008cbfa4e8,0x0000000091500000)
 PSPermGen       total 21504K, used 19086K [0x0000000087600000, 0x0000000088b00000, 0x000000008c800000)
  object space 21504K, 88% used [0x0000000087600000,0x00000000888a3bc8,0x0000000088b00000)
}
Event: 6.968 GC heap before
{Heap before GC invocations=6 (full 0):
 PSYoungGen      total 65024K, used 64847K [0x00000000d9800000, 0x00000000e1f00000, 0x0000000100000000)
  eden space 60416K, 99% used [0x00000000d9800000,0x00000000dd2dbca0,0x00000000dd300000)
  from space 4608K, 99% used [0x00000000dd300000,0x00000000dd778320,0x00000000dd780000)
  to   space 8704K, 0% used [0x00000000e1680000,0x00000000e1680000,0x00000000e1f00000)
 ParOldGen       total 78848K, used 4073K [0x000000008c800000, 0x0000000091500000, 0x00000000d9800000)
  object space 78848K, 5% used [0x000000008c800000,0x000000008cbfa4e8,0x0000000091500000)
 PSPermGen       total 21504K, used 19086K [0x0000000087600000, 0x0000000088b00000, 0x000000008c800000)
  object space 21504K, 88% used [0x0000000087600000,0x00000000888a3bc8,0x0000000088b00000)
Event: 6.987 GC heap after
Heap after GC invocations=6 (full 0):
 PSYoungGen      total 128512K, used 4636K [0x00000000d9800000, 0x00000000e1e00000, 0x0000000100000000)
  eden space 120832K, 0% used [0x00000000d9800000,0x00000000d9800000,0x00000000e0e00000)
  from space 7680K, 60% used [0x00000000e1680000,0x00000000e1b07200,0x00000000e1e00000)
  to   space 8192K, 0% used [0x00000000e0e00000,0x00000000e0e00000,0x00000000e1600000)
 ParOldGen       total 78848K, used 4073K [0x000000008c800000, 0x0000000091500000, 0x00000000d9800000)
  object space 78848K, 5% used [0x000000008c800000,0x000000008cbfa4e8,0x0000000091500000)
 PSPermGen       total 21504K, used 19086K [0x0000000087600000, 0x0000000088b00000, 0x000000008c800000)
  object space 21504K, 88% used [0x0000000087600000,0x00000000888a3bc8,0x0000000088b00000)
}
Event: 9.519 GC heap before
{Heap before GC invocations=7 (full 0):
 PSYoungGen      total 128512K, used 125468K [0x00000000d9800000, 0x00000000e1e00000, 0x0000000100000000)
  eden space 120832K, 100% used [0x00000000d9800000,0x00000000e0e00000,0x00000000e0e00000)
  from space 7680K, 60% used [0x00000000e1680000,0x00000000e1b07200,0x00000000e1e00000)
  to   space 8192K, 0% used [0x00000000e0e00000,0x00000000e0e00000,0x00000000e1600000)
 ParOldGen       total 78848K, used 4073K [0x000000008c800000, 0x0000000091500000, 0x00000000d9800000)
  object space 78848K, 5% used [0x000000008c800000,0x000000008cbfa4e8,0x0000000091500000)
 PSPermGen       total 22528K, used 22185K [0x0000000087600000, 0x0000000088c00000, 0x000000008c800000)
  object space 22528K, 98% used [0x0000000087600000,0x0000000088baa630,0x0000000088c00000)
Event: 9.555 GC heap after
Heap after GC invocations=7 (full 0):
 PSYoungGen      total 129024K, used 8175K [0x00000000d9800000, 0x00000000e9f00000, 0x0000000100000000)
  eden space 120832K, 0% used [0x00000000d9800000,0x00000000d9800000,0x00000000e0e00000)
  from space 8192K, 99% used [0x00000000e0e00000,0x00000000e15fbfd8,0x00000000e1600000)
  to   space 13824K, 0% used [0x00000000e9180000,0x00000000e9180000,0x00000000e9f00000)
 ParOldGen       total 78848K, used 12796K [0x000000008c800000, 0x0000000091500000, 0x00000000d9800000)
  object space 78848K, 16% used [0x000000008c800000,0x000000008d47f040,0x0000000091500000)
 PSPermGen       total 22528K, used 22185K [0x0000000087600000, 0x0000000088c00000, 0x000000008c800000)
  object space 22528K, 98% used [0x0000000087600000,0x0000000088baa630,0x0000000088c00000)
}

Deoptimization events (10 events):
Event: 8.554 Thread 0x000000000bd6d800 Uncommon trap: reason=bimorphic action=maybe_recompile pc=0x0000000002597770 method=java.io.FilterInputStream.read()I @ 4
Event: 8.554 Thread 0x000000000bd6d800 Uncommon trap: reason=bimorphic action=maybe_recompile pc=0x0000000002597770 method=java.io.FilterInputStream.read()I @ 4
Event: 8.554 Thread 0x000000000bd6d800 Uncommon trap: reason=bimorphic action=maybe_recompile pc=0x0000000002597770 method=java.io.FilterInputStream.read()I @ 4
Event: 8.554 Thread 0x000000000bd6d800 Uncommon trap: reason=bimorphic action=maybe_recompile pc=0x0000000002597770 method=java.io.FilterInputStream.read()I @ 4
Event: 9.462 Thread 0x000000000bd6d800 Uncommon trap: reason=array_check action=maybe_recompile pc=0x00000000025f3774 method=java.util.Arrays.fill([Ljava/lang/Object;Ljava/lang/Object;)V @ 13
Event: 9.462 Thread 0x000000000bd6d800 Uncommon trap: reason=array_check action=maybe_recompile pc=0x00000000025f3774 method=java.util.Arrays.fill([Ljava/lang/Object;Ljava/lang/Object;)V @ 13
Event: 9.462 Thread 0x000000000bd6d800 Uncommon trap: reason=array_check action=maybe_recompile pc=0x00000000025f3774 method=java.util.Arrays.fill([Ljava/lang/Object;Ljava/lang/Object;)V @ 13
Event: 9.477 Thread 0x000000000bd6d800 Uncommon trap: reason=array_check action=maybe_recompile pc=0x00000000025f3774 method=java.util.Arrays.fill([Ljava/lang/Object;Ljava/lang/Object;)V @ 13
Event: 10.385 Thread 0x0000000010958000 Uncommon trap: reason=bimorphic action=maybe_recompile pc=0x00000000025f4858 method=java.util.zip.InflaterInputStream.read([BII)I @ 100
Event: 10.390 Thread 0x0000000010958000 Uncommon trap: reason=unreached action=reinterpret pc=0x0000000002572028 method=java.util.Arrays.equals([B[B)Z @ 12

Internal exceptions (10 events):
Event: 7.515 Thread 0x000000000bd6d800 Threw 0x00000000dd6f3d40 at C:\re\jdk7u51\527\hotspot\src\share\vm\prims\jni.cpp:717
Event: 7.520 Thread 0x000000000bd6d800 Threw 0x00000000dd6f9380 at C:\re\jdk7u51\527\hotspot\src\share\vm\prims\jni.cpp:717
Event: 7.525 Thread 0x000000000bd6d800 Threw 0x00000000dd6fd478 at C:\re\jdk7u51\527\hotspot\src\share\vm\prims\jni.cpp:717
Event: 10.058 Thread 0x000000000bd6d800 Threw 0x00000000d9fdbf58 at C:\re\jdk7u51\527\hotspot\src\share\vm\classfile\systemDictionary.cpp:185
Event: 10.060 Thread 0x000000000bd6d800 Threw 0x00000000d9fdcd30 at C:\re\jdk7u51\527\hotspot\src\share\vm\prims\jvm.cpp:1244
Event: 10.060 Thread 0x000000000bd6d800 Threw 0x00000000d9fdd1a0 at C:\re\jdk7u51\527\hotspot\src\share\vm\prims\jvm.cpp:1244
Event: 10.060 Thread 0x000000000bd6d800 Threw 0x00000000d9fdd9b8 at C:\re\jdk7u51\527\hotspot\src\share\vm\classfile\systemDictionary.cpp:185
Event: 10.061 Thread 0x000000000bd6d800 Threw 0x00000000d9fddf28 at C:\re\jdk7u51\527\hotspot\src\share\vm\prims\jvm.cpp:1244
Event: 10.061 Thread 0x000000000bd6d800 Threw 0x00000000d9fde398 at C:\re\jdk7u51\527\hotspot\src\share\vm\prims\jvm.cpp:1244
Event: 10.390 Thread 0x0000000010958000 Implicit null exception at 0x0000000002571ed8 to 0x0000000002572015

Events (10 events):
Event: 15.439 Executing VM operation: RevokeBias
Event: 15.439 Executing VM operation: RevokeBias done
Event: 15.439 Executing VM operation: RevokeBias
Event: 15.439 Executing VM operation: RevokeBias done
Event: 15.439 Executing VM operation: RevokeBias
Event: 15.439 Executing VM operation: RevokeBias done
Event: 15.440 Executing VM operation: RevokeBias
Event: 15.440 Executing VM operation: RevokeBias done
Event: 15.440 Executing VM operation: RevokeBias
Event: 15.440 Executing VM operation: RevokeBias done


Dynamic libraries:
0x000007f74da90000 - 0x000007f74dac3000 	C:\Program Files\Java\jdk1.7.0_51\jre\bin\java.exe
0x000007fbff5c0000 - 0x000007fbff780000 	C:\Windows\SYSTEM32\ntdll.dll
0x000007fbfede0000 - 0x000007fbfef16000 	C:\Windows\system32\KERNEL32.DLL
0x000007fbfc650000 - 0x000007fbfc743000 	C:\Windows\system32\KERNELBASE.dll
0x000007fbfef20000 - 0x000007fbfeffe000 	C:\Windows\system32\ADVAPI32.dll
0x000007fbfdd60000 - 0x000007fbfdeac000 	C:\Windows\system32\USER32.dll
0x000007fbf9b60000 - 0x000007fbf9dca000 	C:\Windows\WinSxS\amd64_microsoft.windows.common-controls_6595b64144ccf1df_6.0.9200.16579_none_418ab7ef718b27ef\COMCTL32.dll
0x000007fbff160000 - 0x000007fbff205000 	C:\Windows\system32\msvcrt.dll
0x000007fbfeb40000 - 0x000007fbfeb88000 	C:\Windows\SYSTEM32\sechost.dll
0x000007fbff010000 - 0x000007fbff155000 	C:\Windows\system32\RPCRT4.dll
0x000007fbfe220000 - 0x000007fbfe361000 	C:\Windows\system32\GDI32.dll
0x000007fbfdf00000 - 0x000007fbfdf39000 	C:\Windows\system32\IMM32.DLL
0x000007fbfea20000 - 0x000007fbfeb36000 	C:\Windows\system32\MSCTF.dll
0x0000000073380000 - 0x0000000073452000 	C:\Program Files\Java\jdk1.7.0_51\jre\bin\msvcr100.dll
0x0000000073460000 - 0x0000000073c29000 	C:\Program Files\Java\jdk1.7.0_51\jre\bin\server\jvm.dll
0x000007fbfa4d0000 - 0x000007fbfa4d9000 	C:\Windows\SYSTEM32\WSOCK32.dll
0x000007fbfa4f0000 - 0x000007fbfa510000 	C:\Windows\SYSTEM32\WINMM.dll
0x000007fbfe440000 - 0x000007fbfe447000 	C:\Windows\system32\PSAPI.DLL
0x000007fbff3b0000 - 0x000007fbff408000 	C:\Windows\system32\WS2_32.dll
0x000007fbf9740000 - 0x000007fbf9773000 	C:\Windows\SYSTEM32\WINMMBASE.dll
0x000007fbfe780000 - 0x000007fbfe789000 	C:\Windows\system32\NSI.dll
0x000007fbfc960000 - 0x000007fbfc9af000 	C:\Windows\SYSTEM32\cfgmgr32.dll
0x000007fbfc930000 - 0x000007fbfc952000 	C:\Windows\system32\DEVOBJ.dll
0x0000000073330000 - 0x000000007333f000 	C:\Program Files\Java\jdk1.7.0_51\jre\bin\verify.dll
0x0000000073300000 - 0x0000000073328000 	C:\Program Files\Java\jdk1.7.0_51\jre\bin\java.dll
0x00000000732e0000 - 0x00000000732f5000 	C:\Program Files\Java\jdk1.7.0_51\jre\bin\zip.dll
0x0000000071850000 - 0x00000000718c8000 	C:\Program Files\Java\jdk1.7.0_51\jre\bin\deploy.dll
0x000007fbfec40000 - 0x000007fbfedbe000 	C:\Windows\system32\ole32.dll
0x000007fbfe370000 - 0x000007fbfe433000 	C:\Windows\system32\OLEAUT32.dll
0x000007fbf95c0000 - 0x000007fbf95c9000 	C:\Windows\SYSTEM32\VERSION.dll
0x000007fbfdf40000 - 0x000007fbfe16d000 	C:\Windows\system32\WININET.dll
0x000007fbfe620000 - 0x000007fbfe779000 	C:\Windows\system32\urlmon.dll
0x000007fbff410000 - 0x000007fbff5c0000 	C:\Windows\SYSTEM32\combase.dll
0x000007fbfe790000 - 0x000007fbfea1c000 	C:\Windows\system32\iertutil.dll
0x000007fbfdeb0000 - 0x000007fbfdf00000 	C:\Windows\system32\SHLWAPI.dll
0x000007fbfc9b0000 - 0x000007fbfdc8f000 	C:\Windows\system32\SHELL32.dll
0x000007fbface0000 - 0x000007fbfad75000 	C:\Windows\SYSTEM32\SHCORE.dll
0x000007fbfc470000 - 0x000007fbfc485000 	C:\Windows\SYSTEM32\profapi.dll
0x000007fbf4a40000 - 0x000007fbf4a4b000 	C:\Windows\SYSTEM32\Secur32.dll
0x000007fbfc0d0000 - 0x000007fbfc0fc000 	C:\Windows\SYSTEM32\SSPICLI.DLL
0x000007fbf57f0000 - 0x000007fbf58a1000 	C:\Windows\SYSTEM32\winhttp.dll
0x000007fbfbcb0000 - 0x000007fbfbd0c000 	C:\Windows\system32\mswsock.dll
0x000007fbf7770000 - 0x000007fbf779a000 	C:\Windows\SYSTEM32\IPHLPAPI.DLL
0x000007fbf7630000 - 0x000007fbf763a000 	C:\Windows\SYSTEM32\WINNSI.DLL
0x000007fbfbac0000 - 0x000007fbfbb58000 	C:\Windows\SYSTEM32\DNSAPI.dll
0x0000000074100000 - 0x0000000074126000 	C:\Program Files\Bonjour\mdnsNSP.dll
0x000007fbf6b60000 - 0x000007fbf6b73000 	C:\Windows\SYSTEM32\dhcpcsvc6.DLL
0x000007fbf4ba0000 - 0x000007fbf4ba8000 	C:\Windows\System32\rasadhlp.dll
0x000007fbf6b40000 - 0x000007fbf6b58000 	C:\Windows\SYSTEM32\dhcpcsvc.DLL
0x0000000071840000 - 0x000000007184f000 	C:\Program Files\Java\jdk1.7.0_51\jre\bin\prism-d3d.dll
0x000007fbe2050000 - 0x000007fbe2250000 	C:\Windows\system32\d3d9.dll
0x000007fbfa5e0000 - 0x000007fbfa601000 	C:\Windows\SYSTEM32\dwmapi.dll
0x000007fbfb300000 - 0x000007fbfb3e6000 	C:\Windows\system32\uxtheme.dll
0x000007fbf9430000 - 0x000007fbf954b000 	C:\Windows\SYSTEM32\aticfx64.dll
0x000007fbea290000 - 0x000007fbea2b0000 	C:\Windows\SYSTEM32\atiu9p64.dll
0x000007fbe1990000 - 0x000007fbe2046000 	C:\Windows\SYSTEM32\atiumd64.dll
0x0000000073c30000 - 0x00000000740fd000 	C:\Windows\SYSTEM32\atiumd6a.dll
0x0000000071800000 - 0x0000000071832000 	C:\Program Files\Java\jdk1.7.0_51\jre\bin\glass.dll
0x000007fbfeb90000 - 0x000007fbfec31000 	C:\Windows\system32\COMDLG32.dll
0x000007fbfc2b0000 - 0x000007fbfc2ba000 	C:\Windows\SYSTEM32\CRYPTBASE.dll
0x000007fbfc250000 - 0x000007fbfc2ac000 	C:\Windows\SYSTEM32\bcryptPrimitives.dll
0x0000000071670000 - 0x000000007170e000 	C:\Program Files\Java\jdk1.7.0_51\jre\bin\libxml2.dll
0x0000000071630000 - 0x0000000071666000 	C:\Program Files\Java\jdk1.7.0_51\jre\bin\libxslt.dll
0x000000006f870000 - 0x00000000706a8000 	C:\Program Files\Java\jdk1.7.0_51\jre\bin\jfxwebkit.dll
0x00000000732c0000 - 0x00000000732d9000 	C:\Program Files\Java\jdk1.7.0_51\jre\bin\net.dll
0x000007fbfe170000 - 0x000007fbfe206000 	C:\Windows\SYSTEM32\clbcatq.dll
0x000007fbfafa0000 - 0x000007fbfb133000 	C:\Windows\SYSTEM32\WindowsCodecs.dll
0x000007fbedd90000 - 0x000007fbeddbe000 	C:\Program Files\Common Files\Microsoft Shared\Ink\rtscom.dll
0x000007fbf6ea0000 - 0x000007fbf6f01000 	C:\Windows\System32\fwpuclnt.dll
0x00000000715e0000 - 0x0000000071630000 	C:\Program Files\Java\jdk1.7.0_51\jre\bin\javafx-font.dll
0x000007fbfbe00000 - 0x000007fbfbe1a000 	C:\Windows\SYSTEM32\CRYPTSP.dll
0x000007fbfb940000 - 0x000007fbfb98b000 	C:\Windows\system32\rsaenh.dll
0x00000000732a0000 - 0x00000000732b1000 	C:\Program Files\Java\jdk1.7.0_51\jre\bin\nio.dll
0x0000000073020000 - 0x0000000073044000 	C:\Program Files\Java\jdk1.7.0_51\jre\bin\sunec.dll
0x0000000073010000 - 0x000000007301b000 	C:\Program Files\Java\jdk1.7.0_51\jre\bin\sunmscapi.dll
0x000007fbfc750000 - 0x000007fbfc921000 	C:\Windows\system32\CRYPT32.dll
0x000007fbfc520000 - 0x000007fbfc536000 	C:\Windows\system32\MSASN1.dll
0x000007fbfbc90000 - 0x000007fbfbcaf000 	C:\Windows\SYSTEM32\USERENV.dll
0x000007fbf3f70000 - 0x000007fbf3f84000 	C:\Windows\system32\napinsp.dll
0x000007fbf3f90000 - 0x000007fbf3fa8000 	C:\Windows\system32\pnrpnsp.dll
0x000007fbfac00000 - 0x000007fbfac16000 	C:\Windows\system32\NLAapi.dll
0x000007fbf4070000 - 0x000007fbf4082000 	C:\Windows\System32\winrnr.dll
0x000007fbfa180000 - 0x000007fbfa2e3000 	C:\Windows\SYSTEM32\dbghelp.dll

VM Arguments:
jvm_args: -Dfile.encoding=UTF-8 
java_command: C:\Users\Gabriel\Documents\NetBeansProjects\QCCBrowserEx1\dist\run1876152531\QCCBrowserEx1.jar
Launcher Type: SUN_STANDARD

Environment Variables:
PATH=C:\Program Files (x86)\HP SimplePass\x64;C:\Program Files (x86)\HP SimplePass\;;C:\Program Files (x86)\AMD APP\bin\x86_64;C:\Program Files (x86)\AMD APP\bin\x86;C:\Windows\system32;C:\Windows;C:\Windows\System32\Wbem;C:\Windows\System32\WindowsPowerShell\v1.0\;C:\Program Files (x86)\Windows Live\Shared;C:\Program Files (x86)\ATI Technologies\ATI.ACE\Core-Static
USERNAME=Gabriel
OS=Windows_NT
PROCESSOR_IDENTIFIER=AMD64 Family 21 Model 19 Stepping 1, AuthenticAMD



---------------  S Y S T E M  ---------------

OS: Windows 8 , 64 bit Build 9200 

CPU:total 4 (4 cores per cpu, 1 threads per core) family 21 model 19 stepping 1, cmov, cx8, fxsr, mmx, sse, sse2, sse3, ssse3, sse4.1, sse4.2, popcnt, avx, aes, mmxext, 3dnowpref, lzcnt, sse4a, tsc, tscinvbit, tscinv

Memory: 4k page, physical 7563524k(4216452k free), swap 8743172k(4046500k free)

vm_info: Java HotSpot(TM) 64-Bit Server VM (24.51-b03) for windows-amd64 JRE (1.7.0_51-b13), built on Dec 18 2013 18:40:56 by "java_re" with unknown MS VC++:1600

time: Thu Apr 03 13:47:23 2014
elapsed time: 15 seconds

