#
# A fatal error has been detected by the Java Runtime Environment:
#
#  EXCEPTION_ACCESS_VIOLATION (0xc0000005) at pc=0x000000006fb72dba, pid=9008, tid=3580
#
# JRE version: Java(TM) SE Runtime Environment (7.0_51-b13) (build 1.7.0_51-b13)
# Java VM: Java HotSpot(TM) 64-Bit Server VM (24.51-b03 mixed mode windows-amd64 compressed oops)
# Problematic frame:
# C  [jfxwebkit.dll+0x302dba]
#
# Failed to write core dump. Minidumps are not enabled by default on client versions of Windows
#
# If you would like to submit a bug report, please visit:
#   http://bugreport.sun.com/bugreport/crash.jsp
# The crash happened outside the Java Virtual Machine in native code.
# See problematic frame for where to report the bug.
#

---------------  T H R E A D  ---------------

Current thread (0x000000000be86800):  JavaThread "JavaFX Application Thread" [_thread_in_native, id=3580, stack(0x000000000e0d0000,0x000000000e1d0000)]

siginfo: ExceptionCode=0xc0000005, reading address 0x0000000000000000

Registers:
RAX=0x0000000014ef0460, RBX=0x0000000000000000, RCX=0x0000000000000000, RDX=0x0000000010af42e0
RSP=0x000000000e1ce508, RBP=0x00000000000092de, RSI=0x0000000000009200, RDI=0x0000000010f8b780
R8 =0x00000000000092de, R9 =0x00000000000092de, R10=0x0000000010f8b7f0, R11=0x000000000e1ce3b0
R12=0x0000000010af42e0, R13=0x0000000088150118, R14=0x000000000e1ce7f8, R15=0x000000000be86800
RIP=0x000000006fb72dba, EFLAGS=0x0000000000010206

Top of Stack: (sp=0x000000000e1ce508)
0x000000000e1ce508:   000000006fb6da3e 0000000000000000
0x000000000e1ce518:   0000000000009200 000000000e1ce7f8
0x000000000e1ce528:   0000000088150118 fffffffffffffffe
0x000000000e1ce538:   0000000010f8b780 0000000000000000
0x000000000e1ce548:   0000000010f8b780 00000000000092de
0x000000000e1ce558:   000000006fb6e6ea 0000000014ef0460
0x000000000e1ce568:   000000000bf38040 0000000010af42e0
0x000000000e1ce578:   0000000010f9c4c0 fffffffffffffffe
0x000000000e1ce588:   0000000010f9c4c0 00000000000092de
0x000000000e1ce598:   0000000010af42e0 0000000010f8bb40
0x000000000e1ce5a8:   000000006fb6e7cb 000000000bf38040
0x000000000e1ce5b8:   0000000010f8b780 00000000533d9f83
0x000000000e1ce5c8:   0000000010f8b780 00000000000092de
0x000000000e1ce5d8:   000000006fb92067 0000000010f9c4c0
0x000000000e1ce5e8:   0000000000000000 0000000010af42e0
0x000000000e1ce5f8:   0000000000000000 0000000000000001 

Instructions: (pc=0x000000006fb72dba)
0x000000006fb72d9a:   00 48 8b 89 50 04 00 00 e8 e9 3c e3 ff 48 83 c4
0x000000006fb72daa:   20 5b c3 cc cc cc 4c 8b d1 48 8b 49 30 4d 8b c8
0x000000006fb72dba:   48 8b 01 4c 8b c2 49 8b d2 48 ff 60 20 cc cc cc
0x000000006fb72dca:   cc cc cc cc cc cc 48 8b 41 30 c6 40 10 01 c3 cc 


Register to memory mapping:

RAX=0x0000000014ef0460 is an unknown value
RBX=0x0000000000000000 is an unknown value
RCX=0x0000000000000000 is an unknown value
RDX=0x0000000010af42e0 is an unknown value
RSP=0x000000000e1ce508 is pointing into the stack for thread: 0x000000000be86800
RBP=0x00000000000092de is an unknown value
RSI=0x0000000000009200 is an unknown value
RDI=0x0000000010f8b780 is an unknown value
R8 =0x00000000000092de is an unknown value
R9 =0x00000000000092de is an unknown value
R10=0x0000000010f8b7f0 is an unknown value
R11=0x000000000e1ce3b0 is pointing into the stack for thread: 0x000000000be86800
R12=0x0000000010af42e0 is an unknown value
R13=0x0000000088150118 is an oop
{method} 
 - klass: {other class}
R14=0x000000000e1ce7f8 is pointing into the stack for thread: 0x000000000be86800
R15=0x000000000be86800 is a thread


Stack: [0x000000000e0d0000,0x000000000e1d0000],  sp=0x000000000e1ce508,  free space=1017k
Native frames: (J=compiled Java code, j=interpreted, Vv=VM code, C=native code)
C  [jfxwebkit.dll+0x302dba]

Java frames: (J=compiled Java code, j=interpreted, Vv=VM code)
j  com.sun.webpane.webkit.network.URLLoader.twkDidReceiveData(Ljava/nio/ByteBuffer;IIJ)V+0
j  com.sun.webpane.webkit.network.URLLoader.access$1200(Ljava/nio/ByteBuffer;IIJ)V+4
j  com.sun.webpane.webkit.network.URLLoader$5.run()V+35
j  com.sun.glass.ui.InvokeLaterDispatcher$Future.run()V+4
v  ~StubRoutines::call_stub
j  com.sun.glass.ui.win.WinApplication._runLoop([Ljava/lang/String;Lcom/sun/glass/ui/Launchable;)V+0
j  com.sun.glass.ui.win.WinApplication.access$100(Lcom/sun/glass/ui/win/WinApplication;[Ljava/lang/String;Lcom/sun/glass/ui/Launchable;)V+3
j  com.sun.glass.ui.win.WinApplication$3$1.run()V+32
j  java.lang.Thread.run()V+11
v  ~StubRoutines::call_stub

---------------  P R O C E S S  ---------------

Java Threads: ( => current thread )
  0x0000000010a61000 JavaThread "Thread-9" daemon [_thread_blocked, id=9176, stack(0x0000000014860000,0x0000000014960000)]
  0x0000000010a62000 JavaThread "Keep-Alive-SocketCleaner" daemon [_thread_blocked, id=3156, stack(0x0000000016070000,0x0000000016170000)]
  0x000000000bfd8800 JavaThread "URL-Loader-20" daemon [_thread_blocked, id=8220, stack(0x0000000014760000,0x0000000014860000)]
  0x000000000bfd6000 JavaThread "URL-Loader-19" daemon [_thread_blocked, id=7144, stack(0x0000000014640000,0x0000000014740000)]
  0x000000000bfd7800 JavaThread "URL-Loader-18" daemon [_thread_blocked, id=5712, stack(0x00000000144b0000,0x00000000145b0000)]
  0x000000000bfd7000 JavaThread "URL-Loader-17" daemon [_thread_blocked, id=4724, stack(0x00000000143b0000,0x00000000144b0000)]
  0x000000000bca5000 JavaThread "URL-Loader-16" daemon [_thread_blocked, id=7992, stack(0x00000000142b0000,0x00000000143b0000)]
  0x000000000bca3800 JavaThread "URL-Loader-15" daemon [_thread_blocked, id=100, stack(0x00000000141b0000,0x00000000142b0000)]
  0x000000000bca6800 JavaThread "URL-Loader-14" daemon [_thread_in_native, id=9016, stack(0x00000000140b0000,0x00000000141b0000)]
  0x000000000bca4000 JavaThread "URL-Loader-13" daemon [_thread_blocked, id=1708, stack(0x0000000013fb0000,0x00000000140b0000)]
  0x000000000bca5800 JavaThread "URL-Loader-12" daemon [_thread_blocked, id=8620, stack(0x0000000013eb0000,0x0000000013fb0000)]
  0x000000000c34c000 JavaThread "URL-Loader-11" daemon [_thread_blocked, id=6424, stack(0x0000000013db0000,0x0000000013eb0000)]
  0x000000000c34a800 JavaThread "URL-Loader-10" daemon [_thread_blocked, id=6348, stack(0x0000000013cb0000,0x0000000013db0000)]
  0x000000000c346000 JavaThread "URL-Loader-9" daemon [_thread_blocked, id=7540, stack(0x0000000013bb0000,0x0000000013cb0000)]
  0x000000000c349000 JavaThread "URL-Loader-8" daemon [_thread_blocked, id=6112, stack(0x0000000013ab0000,0x0000000013bb0000)]
  0x000000000c34c800 JavaThread "URL-Loader-7" daemon [_thread_blocked, id=3220, stack(0x00000000139b0000,0x0000000013ab0000)]
  0x000000000c348000 JavaThread "URL-Loader-6" daemon [_thread_blocked, id=8400, stack(0x00000000138a0000,0x00000000139a0000)]
  0x000000000c346800 JavaThread "URL-Loader-5" daemon [_thread_blocked, id=1252, stack(0x00000000137a0000,0x00000000138a0000)]
  0x000000000c347800 JavaThread "URL-Loader-4" daemon [_thread_blocked, id=5980, stack(0x00000000136a0000,0x00000000137a0000)]
  0x000000000c349800 JavaThread "URL-Loader-3" daemon [_thread_blocked, id=8424, stack(0x00000000135a0000,0x00000000136a0000)]
  0x000000000c34b000 JavaThread "URL-Loader-2" daemon [_thread_blocked, id=5708, stack(0x00000000134a0000,0x00000000135a0000)]
  0x000000000bf6b000 JavaThread "Prism Font Disposer" daemon [_thread_blocked, id=8240, stack(0x0000000011b50000,0x0000000011c50000)]
  0x00000000109e5800 JavaThread "Keep-Alive-Timer" daemon [_thread_blocked, id=1844, stack(0x00000000117a0000,0x00000000118a0000)]
  0x000000000c136800 JavaThread "URL-Loader-1" daemon [_thread_blocked, id=7232, stack(0x00000000116a0000,0x00000000117a0000)]
  0x000000000c05b000 JavaThread "Disposer" daemon [_thread_blocked, id=8636, stack(0x00000000100d0000,0x00000000101d0000)]
  0x000000000be87000 JavaThread "Thread-3" daemon [_thread_in_native, id=6372, stack(0x000000000ffd0000,0x00000000100d0000)]
=>0x000000000be86800 JavaThread "JavaFX Application Thread" [_thread_in_native, id=3580, stack(0x000000000e0d0000,0x000000000e1d0000)]
  0x000000000be85800 JavaThread "Thread-2" daemon [_thread_blocked, id=7492, stack(0x000000000dfd0000,0x000000000e0d0000)]
  0x000000000be84000 JavaThread "Disposer" daemon [_thread_blocked, id=7256, stack(0x000000000ded0000,0x000000000dfd0000)]
  0x000000000be7c000 JavaThread "QuantumRenderer-0" daemon [_thread_blocked, id=3904, stack(0x000000000d000000,0x000000000d100000)]
  0x000000000bbad800 JavaThread "JavaFX-Launcher" [_thread_blocked, id=6500, stack(0x000000000cf00000,0x000000000d000000)]
  0x000000000be69800 JavaThread "traceMsgQueueThread" daemon [_thread_blocked, id=5768, stack(0x000000000c690000,0x000000000c790000)]
  0x000000000a127800 JavaThread "Service Thread" daemon [_thread_blocked, id=2616, stack(0x000000000b890000,0x000000000b990000)]
  0x000000000a125000 JavaThread "C2 CompilerThread1" daemon [_thread_in_native, id=8500, stack(0x000000000b790000,0x000000000b890000)]
  0x000000000a122800 JavaThread "C2 CompilerThread0" daemon [_thread_blocked, id=1680, stack(0x000000000b690000,0x000000000b790000)]
  0x000000000a121800 JavaThread "Attach Listener" daemon [_thread_blocked, id=2384, stack(0x000000000b590000,0x000000000b690000)]
  0x000000000a11e000 JavaThread "Signal Dispatcher" daemon [_thread_blocked, id=6084, stack(0x000000000b490000,0x000000000b590000)]
  0x000000000a0e7800 JavaThread "Finalizer" daemon [_thread_blocked, id=2688, stack(0x000000000b390000,0x000000000b490000)]
  0x000000000a0e2000 JavaThread "Reference Handler" daemon [_thread_blocked, id=6000, stack(0x000000000b290000,0x000000000b390000)]
  0x0000000002380800 JavaThread "main" [_thread_blocked, id=7056, stack(0x0000000002280000,0x0000000002380000)]

Other Threads:
  0x000000000a0e0000 VMThread [stack: 0x000000000b190000,0x000000000b290000] [id=5544]
  0x000000000a12e000 WatcherThread [stack: 0x000000000b990000,0x000000000ba90000] [id=8136]

VM state:not at safepoint (normal execution)

VM Mutex/Monitor currently owned by a thread: None

Heap
 PSYoungGen      total 129024K, used 42256K [0x00000000d9800000, 0x00000000e9b00000, 0x0000000100000000)
  eden space 120832K, 28% used [0x00000000d9800000,0x00000000db9454e8,0x00000000e0e00000)
  from space 8192K, 99% used [0x00000000e0e00000,0x00000000e15fee98,0x00000000e1600000)
  to   space 11776K, 0% used [0x00000000e8f80000,0x00000000e8f80000,0x00000000e9b00000)
 ParOldGen       total 78848K, used 9035K [0x000000008c800000, 0x0000000091500000, 0x00000000d9800000)
  object space 78848K, 11% used [0x000000008c800000,0x000000008d0d2e50,0x0000000091500000)
 PSPermGen       total 22528K, used 22430K [0x0000000087600000, 0x0000000088c00000, 0x000000008c800000)
  object space 22528K, 99% used [0x0000000087600000,0x0000000088be7a30,0x0000000088c00000)

Card table byte_map: [0x0000000005540000,0x0000000005910000] byte_map_base: 0x0000000005105000

Polling page: 0x0000000000960000

Code Cache  [0x0000000002480000, 0x00000000026f0000, 0x0000000005480000)
 total_blobs=1106 nmethods=471 adapters=587 free_code_cache=47618Kb largest_free_block=48723008

Compilation events (10 events):
Event: 12.668 Thread 0x000000000a122800  509             com.sun.javafx.geom.transform.BaseTransform::getMxz (2 bytes)
Event: 12.668 Thread 0x000000000a122800 nmethod 509 0x00000000025fa990 code [0x00000000025faac0, 0x00000000025fab18]
Event: 12.668 Thread 0x000000000a122800  510             com.sun.javafx.geom.transform.BaseTransform::getMyz (2 bytes)
Event: 12.669 Thread 0x000000000a122800 nmethod 510 0x00000000025fa790 code [0x00000000025fa8c0, 0x00000000025fa918]
Event: 12.669 Thread 0x000000000a122800  511             com.sun.javafx.geom.transform.BaseTransform::getMzx (2 bytes)
Event: 12.669 Thread 0x000000000a122800 nmethod 511 0x0000000002607290 code [0x00000000026073c0, 0x0000000002607418]
Event: 12.669 Thread 0x000000000a122800  512             com.sun.javafx.geom.transform.BaseTransform::getMzy (2 bytes)
Event: 12.669 Thread 0x000000000a122800 nmethod 512 0x0000000002607090 code [0x00000000026071c0, 0x0000000002607218]
Event: 12.669 Thread 0x000000000a122800  513             com.sun.javafx.geom.transform.BaseTransform::getMzz (2 bytes)
Event: 12.669 Thread 0x000000000a122800 nmethod 513 0x0000000002606210 code [0x0000000002606360, 0x00000000026063b8]

GC Heap History (10 events):
Event: 5.656 GC heap before
{Heap before GC invocations=3 (full 0):
 PSYoungGen      total 34816K, used 34795K [0x00000000d9800000, 0x00000000dbe80000, 0x0000000100000000)
  eden space 30208K, 99% used [0x00000000d9800000,0x00000000db57c9f0,0x00000000db580000)
  from space 4608K, 99% used [0x00000000dba00000,0x00000000dbe7e268,0x00000000dbe80000)
  to   space 4608K, 0% used [0x00000000db580000,0x00000000db580000,0x00000000dba00000)
 ParOldGen       total 78848K, used 3791K [0x000000008c800000, 0x0000000091500000, 0x00000000d9800000)
  object space 78848K, 4% used [0x000000008c800000,0x000000008cbb3f08,0x0000000091500000)
 PSPermGen       total 21504K, used 19087K [0x0000000087600000, 0x0000000088b00000, 0x000000008c800000)
  object space 21504K, 88% used [0x0000000087600000,0x00000000888a3c40,0x0000000088b00000)
Event: 5.666 GC heap after
Heap after GC invocations=3 (full 0):
 PSYoungGen      total 34816K, used 4584K [0x00000000d9800000, 0x00000000ddc00000, 0x0000000100000000)
  eden space 30208K, 0% used [0x00000000d9800000,0x00000000d9800000,0x00000000db580000)
  from space 4608K, 99% used [0x00000000db580000,0x00000000db9fa390,0x00000000dba00000)
  to   space 4608K, 0% used [0x00000000dd780000,0x00000000dd780000,0x00000000ddc00000)
 ParOldGen       total 78848K, used 3831K [0x000000008c800000, 0x0000000091500000, 0x00000000d9800000)
  object space 78848K, 4% used [0x000000008c800000,0x000000008cbbdf08,0x0000000091500000)
 PSPermGen       total 21504K, used 19087K [0x0000000087600000, 0x0000000088b00000, 0x000000008c800000)
  object space 21504K, 88% used [0x0000000087600000,0x00000000888a3c40,0x0000000088b00000)
}
Event: 5.684 GC heap before
{Heap before GC invocations=4 (full 0):
 PSYoungGen      total 34816K, used 34743K [0x00000000d9800000, 0x00000000ddc00000, 0x0000000100000000)
  eden space 30208K, 99% used [0x00000000d9800000,0x00000000db573a40,0x00000000db580000)
  from space 4608K, 99% used [0x00000000db580000,0x00000000db9fa390,0x00000000dba00000)
  to   space 4608K, 0% used [0x00000000dd780000,0x00000000dd780000,0x00000000ddc00000)
 ParOldGen       total 78848K, used 3831K [0x000000008c800000, 0x0000000091500000, 0x00000000d9800000)
  object space 78848K, 4% used [0x000000008c800000,0x000000008cbbdf08,0x0000000091500000)
 PSPermGen       total 21504K, used 19087K [0x0000000087600000, 0x0000000088b00000, 0x000000008c800000)
  object space 21504K, 88% used [0x0000000087600000,0x00000000888a3c40,0x0000000088b00000)
Event: 5.695 GC heap after
Heap after GC invocations=4 (full 0):
 PSYoungGen      total 65024K, used 4589K [0x00000000d9800000, 0x00000000ddc00000, 0x0000000100000000)
  eden space 60416K, 0% used [0x00000000d9800000,0x00000000d9800000,0x00000000dd300000)
  from space 4608K, 99% used [0x00000000dd780000,0x00000000ddbfb7e8,0x00000000ddc00000)
  to   space 4608K, 0% used [0x00000000dd300000,0x00000000dd300000,0x00000000dd780000)
 ParOldGen       total 78848K, used 3863K [0x000000008c800000, 0x0000000091500000, 0x00000000d9800000)
  object space 78848K, 4% used [0x000000008c800000,0x000000008cbc5f08,0x0000000091500000)
 PSPermGen       total 21504K, used 19087K [0x0000000087600000, 0x0000000088b00000, 0x000000008c800000)
  object space 21504K, 88% used [0x0000000087600000,0x00000000888a3c40,0x0000000088b00000)
}
Event: 5.742 GC heap before
{Heap before GC invocations=5 (full 0):
 PSYoungGen      total 65024K, used 64890K [0x00000000d9800000, 0x00000000ddc00000, 0x0000000100000000)
  eden space 60416K, 99% used [0x00000000d9800000,0x00000000dd2e3270,0x00000000dd300000)
  from space 4608K, 99% used [0x00000000dd780000,0x00000000ddbfb7e8,0x00000000ddc00000)
  to   space 4608K, 0% used [0x00000000dd300000,0x00000000dd300000,0x00000000dd780000)
 ParOldGen       total 78848K, used 3863K [0x000000008c800000, 0x0000000091500000, 0x00000000d9800000)
  object space 78848K, 4% used [0x000000008c800000,0x000000008cbc5f08,0x0000000091500000)
 PSPermGen       total 21504K, used 19087K [0x0000000087600000, 0x0000000088b00000, 0x000000008c800000)
  object space 21504K, 88% used [0x0000000087600000,0x00000000888a3c40,0x0000000088b00000)
Event: 5.753 GC heap after
Heap after GC invocations=5 (full 0):
 PSYoungGen      total 65024K, used 4578K [0x00000000d9800000, 0x00000000e1e00000, 0x0000000100000000)
  eden space 60416K, 0% used [0x00000000d9800000,0x00000000d9800000,0x00000000dd300000)
  from space 4608K, 99% used [0x00000000dd300000,0x00000000dd778978,0x00000000dd780000)
  to   space 8192K, 0% used [0x00000000e1600000,0x00000000e1600000,0x00000000e1e00000)
 ParOldGen       total 78848K, used 3887K [0x000000008c800000, 0x0000000091500000, 0x00000000d9800000)
  object space 78848K, 4% used [0x000000008c800000,0x000000008cbcbf08,0x0000000091500000)
 PSPermGen       total 21504K, used 19087K [0x0000000087600000, 0x0000000088b00000, 0x000000008c800000)
  object space 21504K, 88% used [0x0000000087600000,0x00000000888a3c40,0x0000000088b00000)
}
Event: 5.790 GC heap before
{Heap before GC invocations=6 (full 0):
 PSYoungGen      total 65024K, used 64961K [0x00000000d9800000, 0x00000000e1e00000, 0x0000000100000000)
  eden space 60416K, 99% used [0x00000000d9800000,0x00000000dd2f7b50,0x00000000dd300000)
  from space 4608K, 99% used [0x00000000dd300000,0x00000000dd778978,0x00000000dd780000)
  to   space 8192K, 0% used [0x00000000e1600000,0x00000000e1600000,0x00000000e1e00000)
 ParOldGen       total 78848K, used 3887K [0x000000008c800000, 0x0000000091500000, 0x00000000d9800000)
  object space 78848K, 4% used [0x000000008c800000,0x000000008cbcbf08,0x0000000091500000)
 PSPermGen       total 21504K, used 19087K [0x0000000087600000, 0x0000000088b00000, 0x000000008c800000)
  object space 21504K, 88% used [0x0000000087600000,0x00000000888a3c40,0x0000000088b00000)
Event: 5.803 GC heap after
Heap after GC invocations=6 (full 0):
 PSYoungGen      total 129024K, used 4638K [0x00000000d9800000, 0x00000000e1e00000, 0x0000000100000000)
  eden space 120832K, 0% used [0x00000000d9800000,0x00000000d9800000,0x00000000e0e00000)
  from space 8192K, 56% used [0x00000000e1600000,0x00000000e1a87828,0x00000000e1e00000)
  to   space 8192K, 0% used [0x00000000e0e00000,0x00000000e0e00000,0x00000000e1600000)
 ParOldGen       total 78848K, used 3887K [0x000000008c800000, 0x0000000091500000, 0x00000000d9800000)
  object space 78848K, 4% used [0x000000008c800000,0x000000008cbcbf08,0x0000000091500000)
 PSPermGen       total 21504K, used 19087K [0x0000000087600000, 0x0000000088b00000, 0x000000008c800000)
  object space 21504K, 88% used [0x0000000087600000,0x00000000888a3c40,0x0000000088b00000)
}
Event: 7.604 GC heap before
{Heap before GC invocations=7 (full 0):
 PSYoungGen      total 129024K, used 124528K [0x00000000d9800000, 0x00000000e1e00000, 0x0000000100000000)
  eden space 120832K, 99% used [0x00000000d9800000,0x00000000e0d14a88,0x00000000e0e00000)
  from space 8192K, 56% used [0x00000000e1600000,0x00000000e1a87828,0x00000000e1e00000)
  to   space 8192K, 0% used [0x00000000e0e00000,0x00000000e0e00000,0x00000000e1600000)
 ParOldGen       total 78848K, used 3887K [0x000000008c800000, 0x0000000091500000, 0x00000000d9800000)
  object space 78848K, 4% used [0x000000008c800000,0x000000008cbcbf08,0x0000000091500000)
 PSPermGen       total 22528K, used 22113K [0x0000000087600000, 0x0000000088c00000, 0x000000008c800000)
  object space 22528K, 98% used [0x0000000087600000,0x0000000088b98638,0x0000000088c00000)
Event: 7.629 GC heap after
Heap after GC invocations=7 (full 0):
 PSYoungGen      total 129024K, used 8187K [0x00000000d9800000, 0x00000000e9b00000, 0x0000000100000000)
  eden space 120832K, 0% used [0x00000000d9800000,0x00000000d9800000,0x00000000e0e00000)
  from space 8192K, 99% used [0x00000000e0e00000,0x00000000e15fee98,0x00000000e1600000)
  to   space 11776K, 0% used [0x00000000e8f80000,0x00000000e8f80000,0x00000000e9b00000)
 ParOldGen       total 78848K, used 9035K [0x000000008c800000, 0x0000000091500000, 0x00000000d9800000)
  object space 78848K, 11% used [0x000000008c800000,0x000000008d0d2e50,0x0000000091500000)
 PSPermGen       total 22528K, used 22113K [0x0000000087600000, 0x0000000088c00000, 0x000000008c800000)
  object space 22528K, 98% used [0x0000000087600000,0x0000000088b98638,0x0000000088c00000)
}

Deoptimization events (10 events):
Event: 6.860 Thread 0x0000000010a62800 Uncommon trap: reason=bimorphic action=maybe_recompile pc=0x00000000025b2bf0 method=java.io.FilterInputStream.read()I @ 4
Event: 6.860 Thread 0x0000000010a62800 Uncommon trap: reason=bimorphic action=maybe_recompile pc=0x00000000025b2bf0 method=java.io.FilterInputStream.read()I @ 4
Event: 6.951 Thread 0x000000000c346800 Uncommon trap: reason=bimorphic action=maybe_recompile pc=0x00000000025ac448 method=java.util.ArrayList.indexOf(Ljava/lang/Object;)I @ 51
Event: 6.955 Thread 0x000000000c346800 Uncommon trap: reason=bimorphic action=maybe_recompile pc=0x00000000025ac448 method=java.util.ArrayList.indexOf(Ljava/lang/Object;)I @ 51
Event: 6.958 Thread 0x000000000c346800 Uncommon trap: reason=bimorphic action=maybe_recompile pc=0x00000000025ac448 method=java.util.ArrayList.indexOf(Ljava/lang/Object;)I @ 51
Event: 7.708 Thread 0x000000000be86800 Uncommon trap: reason=array_check action=maybe_recompile pc=0x00000000025d0374 method=java.util.Arrays.fill([Ljava/lang/Object;Ljava/lang/Object;)V @ 13
Event: 7.708 Thread 0x000000000be86800 Uncommon trap: reason=array_check action=maybe_recompile pc=0x00000000025d0374 method=java.util.Arrays.fill([Ljava/lang/Object;Ljava/lang/Object;)V @ 13
Event: 7.708 Thread 0x000000000be86800 Uncommon trap: reason=array_check action=maybe_recompile pc=0x00000000025d0374 method=java.util.Arrays.fill([Ljava/lang/Object;Ljava/lang/Object;)V @ 13
Event: 7.742 Thread 0x000000000be86800 Uncommon trap: reason=array_check action=maybe_recompile pc=0x00000000025d0374 method=java.util.Arrays.fill([Ljava/lang/Object;Ljava/lang/Object;)V @ 13
Event: 11.608 Thread 0x000000000be7c000 Uncommon trap: reason=unreached action=reinterpret pc=0x00000000025d9844 method=com.sun.scenario.effect.impl.ImagePool.checkOut(Lcom/sun/scenario/effect/impl/Renderer;II)Lcom/sun/scenario/effect/Filterable; @ 209

Internal exceptions (10 events):
Event: 8.459 Thread 0x000000000be86800 Threw 0x00000000da46fac8 at C:\re\jdk7u51\527\hotspot\src\share\vm\prims\jvm.cpp:1244
Event: 8.460 Thread 0x000000000be86800 Threw 0x00000000da4702e0 at C:\re\jdk7u51\527\hotspot\src\share\vm\classfile\systemDictionary.cpp:185
Event: 8.460 Thread 0x000000000be86800 Threw 0x00000000da470850 at C:\re\jdk7u51\527\hotspot\src\share\vm\prims\jvm.cpp:1244
Event: 8.460 Thread 0x000000000be86800 Threw 0x00000000da470cc0 at C:\re\jdk7u51\527\hotspot\src\share\vm\prims\jvm.cpp:1244
Event: 9.695 Thread 0x000000000be86800 Threw 0x00000000db00ef30 at C:\re\jdk7u51\527\hotspot\src\share\vm\classfile\systemDictionary.cpp:185
Event: 9.697 Thread 0x000000000be86800 Threw 0x00000000db00f4a0 at C:\re\jdk7u51\527\hotspot\src\share\vm\prims\jvm.cpp:1244
Event: 9.697 Thread 0x000000000be86800 Threw 0x00000000db00f910 at C:\re\jdk7u51\527\hotspot\src\share\vm\prims\jvm.cpp:1244
Event: 9.697 Thread 0x000000000be86800 Threw 0x00000000db010128 at C:\re\jdk7u51\527\hotspot\src\share\vm\classfile\systemDictionary.cpp:185
Event: 9.697 Thread 0x000000000be86800 Threw 0x00000000db010698 at C:\re\jdk7u51\527\hotspot\src\share\vm\prims\jvm.cpp:1244
Event: 9.698 Thread 0x000000000be86800 Threw 0x00000000db010b08 at C:\re\jdk7u51\527\hotspot\src\share\vm\prims\jvm.cpp:1244

Events (10 events):
Event: 12.515 Executing VM operation: RevokeBias
Event: 12.515 Executing VM operation: RevokeBias done
Event: 12.556 Executing VM operation: RevokeBias
Event: 12.556 Executing VM operation: RevokeBias done
Event: 12.582 Executing VM operation: RevokeBias
Event: 12.582 Executing VM operation: RevokeBias done
Event: 12.616 Executing VM operation: RevokeBias
Event: 12.616 Executing VM operation: RevokeBias done
Event: 12.660 Executing VM operation: BulkRevokeBias
Event: 12.660 Executing VM operation: BulkRevokeBias done


Dynamic libraries:
0x000007f74da90000 - 0x000007f74dac3000 	C:\Program Files\Java\jdk1.7.0_51\jre\bin\java.exe
0x000007fbff5c0000 - 0x000007fbff780000 	C:\Windows\SYSTEM32\ntdll.dll
0x000007fbfede0000 - 0x000007fbfef16000 	C:\Windows\system32\KERNEL32.DLL
0x000007fbfc650000 - 0x000007fbfc743000 	C:\Windows\system32\KERNELBASE.dll
0x000007fbfef20000 - 0x000007fbfeffe000 	C:\Windows\system32\ADVAPI32.dll
0x000007fbfdd60000 - 0x000007fbfdeac000 	C:\Windows\system32\USER32.dll
0x000007fbf9b60000 - 0x000007fbf9dca000 	C:\Windows\WinSxS\amd64_microsoft.windows.common-controls_6595b64144ccf1df_6.0.9200.16579_none_418ab7ef718b27ef\COMCTL32.dll
0x000007fbff160000 - 0x000007fbff205000 	C:\Windows\system32\msvcrt.dll
0x000007fbfeb40000 - 0x000007fbfeb88000 	C:\Windows\SYSTEM32\sechost.dll
0x000007fbff010000 - 0x000007fbff155000 	C:\Windows\system32\RPCRT4.dll
0x000007fbfe220000 - 0x000007fbfe361000 	C:\Windows\system32\GDI32.dll
0x000007fbfdf00000 - 0x000007fbfdf39000 	C:\Windows\system32\IMM32.DLL
0x000007fbfea20000 - 0x000007fbfeb36000 	C:\Windows\system32\MSCTF.dll
0x0000000073380000 - 0x0000000073452000 	C:\Program Files\Java\jdk1.7.0_51\jre\bin\msvcr100.dll
0x0000000073460000 - 0x0000000073c29000 	C:\Program Files\Java\jdk1.7.0_51\jre\bin\server\jvm.dll
0x000007fbfa4d0000 - 0x000007fbfa4d9000 	C:\Windows\SYSTEM32\WSOCK32.dll
0x000007fbfa4f0000 - 0x000007fbfa510000 	C:\Windows\SYSTEM32\WINMM.dll
0x000007fbfe440000 - 0x000007fbfe447000 	C:\Windows\system32\PSAPI.DLL
0x000007fbff3b0000 - 0x000007fbff408000 	C:\Windows\system32\WS2_32.dll
0x000007fbf9740000 - 0x000007fbf9773000 	C:\Windows\SYSTEM32\WINMMBASE.dll
0x000007fbfe780000 - 0x000007fbfe789000 	C:\Windows\system32\NSI.dll
0x000007fbfc960000 - 0x000007fbfc9af000 	C:\Windows\SYSTEM32\cfgmgr32.dll
0x000007fbfc930000 - 0x000007fbfc952000 	C:\Windows\system32\DEVOBJ.dll
0x0000000073330000 - 0x000000007333f000 	C:\Program Files\Java\jdk1.7.0_51\jre\bin\verify.dll
0x0000000073300000 - 0x0000000073328000 	C:\Program Files\Java\jdk1.7.0_51\jre\bin\java.dll
0x00000000732e0000 - 0x00000000732f5000 	C:\Program Files\Java\jdk1.7.0_51\jre\bin\zip.dll
0x0000000071860000 - 0x00000000718d8000 	C:\Program Files\Java\jdk1.7.0_51\jre\bin\deploy.dll
0x000007fbfec40000 - 0x000007fbfedbe000 	C:\Windows\system32\ole32.dll
0x000007fbfe370000 - 0x000007fbfe433000 	C:\Windows\system32\OLEAUT32.dll
0x000007fbf95c0000 - 0x000007fbf95c9000 	C:\Windows\SYSTEM32\VERSION.dll
0x000007fbfdf40000 - 0x000007fbfe16d000 	C:\Windows\system32\WININET.dll
0x000007fbfe620000 - 0x000007fbfe779000 	C:\Windows\system32\urlmon.dll
0x000007fbff410000 - 0x000007fbff5c0000 	C:\Windows\SYSTEM32\combase.dll
0x000007fbfe790000 - 0x000007fbfea1c000 	C:\Windows\system32\iertutil.dll
0x000007fbfdeb0000 - 0x000007fbfdf00000 	C:\Windows\system32\SHLWAPI.dll
0x000007fbfc9b0000 - 0x000007fbfdc8f000 	C:\Windows\system32\SHELL32.dll
0x000007fbface0000 - 0x000007fbfad75000 	C:\Windows\SYSTEM32\SHCORE.dll
0x000007fbfc470000 - 0x000007fbfc485000 	C:\Windows\SYSTEM32\profapi.dll
0x000007fbf4a40000 - 0x000007fbf4a4b000 	C:\Windows\SYSTEM32\Secur32.dll
0x000007fbfc0d0000 - 0x000007fbfc0fc000 	C:\Windows\SYSTEM32\SSPICLI.DLL
0x000007fbf57f0000 - 0x000007fbf58a1000 	C:\Windows\SYSTEM32\winhttp.dll
0x000007fbf7770000 - 0x000007fbf779a000 	C:\Windows\SYSTEM32\IPHLPAPI.DLL
0x000007fbf7630000 - 0x000007fbf763a000 	C:\Windows\SYSTEM32\WINNSI.DLL
0x000007fbfbcb0000 - 0x000007fbfbd0c000 	C:\Windows\system32\mswsock.dll
0x000007fbfbac0000 - 0x000007fbfbb58000 	C:\Windows\SYSTEM32\DNSAPI.dll
0x000007fbf6b60000 - 0x000007fbf6b73000 	C:\Windows\SYSTEM32\dhcpcsvc6.DLL
0x0000000074100000 - 0x0000000074126000 	C:\Program Files\Bonjour\mdnsNSP.dll
0x000007fbf6b40000 - 0x000007fbf6b58000 	C:\Windows\SYSTEM32\dhcpcsvc.DLL
0x000007fbf4ba0000 - 0x000007fbf4ba8000 	C:\Windows\System32\rasadhlp.dll
0x0000000071850000 - 0x000000007185f000 	C:\Program Files\Java\jdk1.7.0_51\jre\bin\prism-d3d.dll
0x000007fbe2050000 - 0x000007fbe2250000 	C:\Windows\system32\d3d9.dll
0x000007fbfa5e0000 - 0x000007fbfa601000 	C:\Windows\SYSTEM32\dwmapi.dll
0x000007fbfb300000 - 0x000007fbfb3e6000 	C:\Windows\system32\uxtheme.dll
0x000007fbf9430000 - 0x000007fbf954b000 	C:\Windows\SYSTEM32\aticfx64.dll
0x000007fbea290000 - 0x000007fbea2b0000 	C:\Windows\SYSTEM32\atiu9p64.dll
0x000007fbe1990000 - 0x000007fbe2046000 	C:\Windows\SYSTEM32\atiumd64.dll
0x0000000073c30000 - 0x00000000740fd000 	C:\Windows\SYSTEM32\atiumd6a.dll
0x0000000071810000 - 0x0000000071842000 	C:\Program Files\Java\jdk1.7.0_51\jre\bin\glass.dll
0x000007fbfeb90000 - 0x000007fbfec31000 	C:\Windows\system32\COMDLG32.dll
0x000007fbfc2b0000 - 0x000007fbfc2ba000 	C:\Windows\SYSTEM32\CRYPTBASE.dll
0x000007fbfc250000 - 0x000007fbfc2ac000 	C:\Windows\SYSTEM32\bcryptPrimitives.dll
0x0000000071720000 - 0x00000000717be000 	C:\Program Files\Java\jdk1.7.0_51\jre\bin\libxml2.dll
0x00000000716e0000 - 0x0000000071716000 	C:\Program Files\Java\jdk1.7.0_51\jre\bin\libxslt.dll
0x000000006f870000 - 0x00000000706a8000 	C:\Program Files\Java\jdk1.7.0_51\jre\bin\jfxwebkit.dll
0x00000000732c0000 - 0x00000000732d9000 	C:\Program Files\Java\jdk1.7.0_51\jre\bin\net.dll
0x000007fbf6ea0000 - 0x000007fbf6f01000 	C:\Windows\System32\fwpuclnt.dll
0x000007fbfe170000 - 0x000007fbfe206000 	C:\Windows\SYSTEM32\clbcatq.dll
0x000007fbfafa0000 - 0x000007fbfb133000 	C:\Windows\SYSTEM32\WindowsCodecs.dll
0x000007fbefba0000 - 0x000007fbefbce000 	C:\Program Files\Common Files\Microsoft Shared\Ink\rtscom.dll
0x0000000071690000 - 0x00000000716e0000 	C:\Program Files\Java\jdk1.7.0_51\jre\bin\javafx-font.dll
0x000007fbfbe00000 - 0x000007fbfbe1a000 	C:\Windows\SYSTEM32\CRYPTSP.dll
0x000007fbfb940000 - 0x000007fbfb98b000 	C:\Windows\system32\rsaenh.dll
0x00000000732a0000 - 0x00000000732b1000 	C:\Program Files\Java\jdk1.7.0_51\jre\bin\nio.dll
0x0000000073020000 - 0x0000000073044000 	C:\Program Files\Java\jdk1.7.0_51\jre\bin\sunec.dll
0x0000000073010000 - 0x000000007301b000 	C:\Program Files\Java\jdk1.7.0_51\jre\bin\sunmscapi.dll
0x000007fbfc750000 - 0x000007fbfc921000 	C:\Windows\system32\CRYPT32.dll
0x000007fbfc520000 - 0x000007fbfc536000 	C:\Windows\system32\MSASN1.dll
0x000007fbfbc90000 - 0x000007fbfbcaf000 	C:\Windows\SYSTEM32\USERENV.dll
0x000007fbf3f70000 - 0x000007fbf3f84000 	C:\Windows\system32\napinsp.dll
0x000007fbf3f90000 - 0x000007fbf3fa8000 	C:\Windows\system32\pnrpnsp.dll
0x000007fbfac00000 - 0x000007fbfac16000 	C:\Windows\system32\NLAapi.dll
0x000007fbf4070000 - 0x000007fbf4082000 	C:\Windows\System32\winrnr.dll
0x000007fbfa180000 - 0x000007fbfa2e3000 	C:\Windows\SYSTEM32\dbghelp.dll

VM Arguments:
jvm_args: -Dfile.encoding=UTF-8 
java_command: C:\Users\Gabriel\Documents\NetBeansProjects\QCCBrowserEx1\dist\run1523451687\QCCBrowserEx1.jar
Launcher Type: SUN_STANDARD

Environment Variables:
PATH=C:\Program Files (x86)\HP SimplePass\x64;C:\Program Files (x86)\HP SimplePass\;;C:\Program Files (x86)\AMD APP\bin\x86_64;C:\Program Files (x86)\AMD APP\bin\x86;C:\Windows\system32;C:\Windows;C:\Windows\System32\Wbem;C:\Windows\System32\WindowsPowerShell\v1.0\;C:\Program Files (x86)\Windows Live\Shared;C:\Program Files (x86)\ATI Technologies\ATI.ACE\Core-Static
USERNAME=Gabriel
OS=Windows_NT
PROCESSOR_IDENTIFIER=AMD64 Family 21 Model 19 Stepping 1, AuthenticAMD



---------------  S Y S T E M  ---------------

OS: Windows 8 , 64 bit Build 9200 

CPU:total 4 (4 cores per cpu, 1 threads per core) family 21 model 19 stepping 1, cmov, cx8, fxsr, mmx, sse, sse2, sse3, ssse3, sse4.1, sse4.2, popcnt, avx, aes, mmxext, 3dnowpref, lzcnt, sse4a, tsc, tscinvbit, tscinv

Memory: 4k page, physical 7563524k(4190400k free), swap 8743172k(4034040k free)

vm_info: Java HotSpot(TM) 64-Bit Server VM (24.51-b03) for windows-amd64 JRE (1.7.0_51-b13), built on Dec 18 2013 18:40:56 by "java_re" with unknown MS VC++:1600

time: Thu Apr 03 13:50:59 2014
elapsed time: 12 seconds

