#
# A fatal error has been detected by the Java Runtime Environment:
#
#  EXCEPTION_ACCESS_VIOLATION (0xc0000005) at pc=0x000000006fb72dba, pid=3176, tid=1408
#
# JRE version: Java(TM) SE Runtime Environment (7.0_51-b13) (build 1.7.0_51-b13)
# Java VM: Java HotSpot(TM) 64-Bit Server VM (24.51-b03 mixed mode windows-amd64 compressed oops)
# Problematic frame:
# C  [jfxwebkit.dll+0x302dba]
#
# Failed to write core dump. Minidumps are not enabled by default on client versions of Windows
#
# If you would like to submit a bug report, please visit:
#   http://bugreport.sun.com/bugreport/crash.jsp
# The crash happened outside the Java Virtual Machine in native code.
# See problematic frame for where to report the bug.
#

---------------  T H R E A D  ---------------

Current thread (0x000000000bff6800):  JavaThread "JavaFX Application Thread" [_thread_in_native, id=1408, stack(0x000000000e3e0000,0x000000000e4e0000)]

siginfo: ExceptionCode=0xc0000005, reading address 0x0000000000000000

Registers:
RAX=0x00000000110cb6f0, RBX=0x0000000000000000, RCX=0x0000000000000000, RDX=0x00000000112d5d30
RSP=0x000000000e4de768, RBP=0x0000000000008363, RSI=0x0000000000008300, RDI=0x0000000010c95a50
R8 =0x0000000000008363, R9 =0x0000000000008363, R10=0x0000000010c95ac0, R11=0x000000000e4de610
R12=0x00000000112d5d30, R13=0x00000000881501e8, R14=0x000000000e4dea58, R15=0x000000000bff6800
RIP=0x000000006fb72dba, EFLAGS=0x0000000000010206

Top of Stack: (sp=0x000000000e4de768)
0x000000000e4de768:   000000006fb6da3e 0000000000000000
0x000000000e4de778:   0000000000008300 000000000e4dea58
0x000000000e4de788:   00000000881501e8 fffffffffffffffe
0x000000000e4de798:   0000000010c95a50 0000000000000000
0x000000000e4de7a8:   0000000010c95a50 0000000000008363
0x000000000e4de7b8:   000000006fb6e6ea 00000000110cb6f0
0x000000000e4de7c8:   000000000c1fd050 00000000112d5d30
0x000000000e4de7d8:   000000000c94bce0 fffffffffffffffe
0x000000000e4de7e8:   000000000c94bce0 0000000000008363
0x000000000e4de7f8:   00000000112d5d30 0000000010c95e10
0x000000000e4de808:   000000006fb6e7cb 000000000c1fd050
0x000000000e4de818:   0000000010c95a50 00000000533cbd31
0x000000000e4de828:   0000000010c95a50 0000000000008363
0x000000000e4de838:   000000006fb92067 000000000c94bce0
0x000000000e4de848:   0000000000000000 00000000112d5d30
0x000000000e4de858:   0000000000000000 000000000e4de8b8 

Instructions: (pc=0x000000006fb72dba)
0x000000006fb72d9a:   00 48 8b 89 50 04 00 00 e8 e9 3c e3 ff 48 83 c4
0x000000006fb72daa:   20 5b c3 cc cc cc 4c 8b d1 48 8b 49 30 4d 8b c8
0x000000006fb72dba:   48 8b 01 4c 8b c2 49 8b d2 48 ff 60 20 cc cc cc
0x000000006fb72dca:   cc cc cc cc cc cc 48 8b 41 30 c6 40 10 01 c3 cc 


Register to memory mapping:

RAX=0x00000000110cb6f0 is an unknown value
RBX=0x0000000000000000 is an unknown value
RCX=0x0000000000000000 is an unknown value
RDX=0x00000000112d5d30 is an unknown value
RSP=0x000000000e4de768 is pointing into the stack for thread: 0x000000000bff6800
RBP=0x0000000000008363 is an unknown value
RSI=0x0000000000008300 is an unknown value
RDI=0x0000000010c95a50 is an unknown value
R8 =0x0000000000008363 is an unknown value
R9 =0x0000000000008363 is an unknown value
R10=0x0000000010c95ac0 is an unknown value
R11=0x000000000e4de610 is pointing into the stack for thread: 0x000000000bff6800
R12=0x00000000112d5d30 is an unknown value
R13=0x00000000881501e8 is an oop
{method} 
 - klass: {other class}
R14=0x000000000e4dea58 is pointing into the stack for thread: 0x000000000bff6800
R15=0x000000000bff6800 is a thread


Stack: [0x000000000e3e0000,0x000000000e4e0000],  sp=0x000000000e4de768,  free space=1017k
Native frames: (J=compiled Java code, j=interpreted, Vv=VM code, C=native code)
C  [jfxwebkit.dll+0x302dba]

Java frames: (J=compiled Java code, j=interpreted, Vv=VM code)
j  com.sun.webpane.webkit.network.URLLoader.twkDidReceiveData(Ljava/nio/ByteBuffer;IIJ)V+0
j  com.sun.webpane.webkit.network.URLLoader.access$1200(Ljava/nio/ByteBuffer;IIJ)V+4
j  com.sun.webpane.webkit.network.URLLoader$5.run()V+35
j  com.sun.glass.ui.InvokeLaterDispatcher$Future.run()V+4
v  ~StubRoutines::call_stub
j  com.sun.glass.ui.win.WinApplication._runLoop([Ljava/lang/String;Lcom/sun/glass/ui/Launchable;)V+0
j  com.sun.glass.ui.win.WinApplication.access$100(Lcom/sun/glass/ui/win/WinApplication;[Ljava/lang/String;Lcom/sun/glass/ui/Launchable;)V+3
j  com.sun.glass.ui.win.WinApplication$3$1.run()V+32
j  java.lang.Thread.run()V+11
v  ~StubRoutines::call_stub

---------------  P R O C E S S  ---------------

Java Threads: ( => current thread )
  0x000000000c2b7800 JavaThread "URL-Loader-35" daemon [_thread_blocked, id=7384, stack(0x0000000014780000,0x0000000014880000)]
  0x000000000c2b4000 JavaThread "URL-Loader-34" daemon [_thread_blocked, id=7788, stack(0x0000000014680000,0x0000000014780000)]
  0x000000000c2b7000 JavaThread "URL-Loader-33" daemon [_thread_blocked, id=1276, stack(0x0000000014180000,0x0000000014280000)]
  0x000000000c2b3000 JavaThread "URL-Loader-32" daemon [_thread_blocked, id=4648, stack(0x0000000014580000,0x0000000014680000)]
  0x000000000c2b6000 JavaThread "URL-Loader-31" daemon [_thread_blocked, id=7732, stack(0x0000000014480000,0x0000000014580000)]
  0x000000000c2b5800 JavaThread "URL-Loader-30" daemon [_thread_blocked, id=1036, stack(0x0000000014380000,0x0000000014480000)]
  0x000000000c2b4800 JavaThread "URL-Loader-29" daemon [_thread_blocked, id=8112, stack(0x0000000014280000,0x0000000014380000)]
  0x0000000010e94000 JavaThread "Thread-8" daemon [_thread_blocked, id=6112, stack(0x0000000014080000,0x0000000014180000)]
  0x0000000010e92800 JavaThread "URL-Loader-28" daemon [_thread_blocked, id=5488, stack(0x0000000013f80000,0x0000000014080000)]
  0x0000000010e8f000 JavaThread "URL-Loader-27" daemon [_thread_blocked, id=7184, stack(0x0000000013e80000,0x0000000013f80000)]
  0x0000000010e91000 JavaThread "URL-Loader-26" daemon [_thread_blocked, id=7076, stack(0x0000000013ca0000,0x0000000013da0000)]
  0x0000000010e8f800 JavaThread "URL-Loader-25" daemon [_thread_blocked, id=3936, stack(0x0000000013ba0000,0x0000000013ca0000)]
  0x0000000010e90800 JavaThread "URL-Loader-24" daemon [_thread_blocked, id=5368, stack(0x0000000013aa0000,0x0000000013ba0000)]
  0x0000000010e93800 JavaThread "URL-Loader-23" daemon [_thread_blocked, id=7844, stack(0x00000000139a0000,0x0000000013aa0000)]
  0x0000000010e92000 JavaThread "URL-Loader-22" daemon [_thread_blocked, id=5000, stack(0x0000000013760000,0x0000000013860000)]
  0x0000000010e8e000 JavaThread "Keep-Alive-Timer" daemon [_thread_blocked, id=6908, stack(0x0000000014b30000,0x0000000014c30000)]
  0x000000000c2b1800 JavaThread "URL-Loader-21" daemon [_thread_blocked, id=6352, stack(0x0000000011e90000,0x0000000011f90000)]
  0x000000000c2b2800 JavaThread "Prism Font Disposer" daemon [_thread_blocked, id=4588, stack(0x0000000011bb0000,0x0000000011cb0000)]
  0x000000000c53e800 JavaThread "Disposer" daemon [_thread_blocked, id=7508, stack(0x00000000103e0000,0x00000000104e0000)]
  0x000000000c12e000 JavaThread "Thread-3" daemon [_thread_in_native, id=4568, stack(0x00000000102e0000,0x00000000103e0000)]
=>0x000000000bff6800 JavaThread "JavaFX Application Thread" [_thread_in_native, id=1408, stack(0x000000000e3e0000,0x000000000e4e0000)]
  0x000000000c14e800 JavaThread "Thread-2" daemon [_thread_blocked, id=660, stack(0x000000000e2e0000,0x000000000e3e0000)]
  0x000000000bdfb000 JavaThread "Disposer" daemon [_thread_blocked, id=5916, stack(0x000000000e1e0000,0x000000000e2e0000)]
  0x000000000c140800 JavaThread "QuantumRenderer-0" daemon [_thread_blocked, id=5316, stack(0x000000000d2f0000,0x000000000d3f0000)]
  0x000000000bfbd000 JavaThread "JavaFX-Launcher" [_thread_blocked, id=6824, stack(0x000000000d1f0000,0x000000000d2f0000)]
  0x000000000beb4000 JavaThread "traceMsgQueueThread" daemon [_thread_blocked, id=444, stack(0x000000000c950000,0x000000000ca50000)]
  0x000000000a3fd000 JavaThread "Service Thread" daemon [_thread_blocked, id=6720, stack(0x000000000bb50000,0x000000000bc50000)]
  0x000000000a3e5000 JavaThread "C2 CompilerThread1" daemon [_thread_blocked, id=7620, stack(0x000000000ba50000,0x000000000bb50000)]
  0x000000000a3e2800 JavaThread "C2 CompilerThread0" daemon [_thread_blocked, id=5980, stack(0x000000000b950000,0x000000000ba50000)]
  0x000000000a3e2000 JavaThread "Attach Listener" daemon [_thread_blocked, id=4884, stack(0x000000000b850000,0x000000000b950000)]
  0x000000000a3df000 JavaThread "Signal Dispatcher" daemon [_thread_blocked, id=3868, stack(0x000000000b750000,0x000000000b850000)]
  0x000000000a3ae800 JavaThread "Finalizer" daemon [_thread_blocked, id=6796, stack(0x000000000b650000,0x000000000b750000)]
  0x000000000a3a3800 JavaThread "Reference Handler" daemon [_thread_blocked, id=5144, stack(0x000000000b550000,0x000000000b650000)]
  0x0000000002640800 JavaThread "main" [_thread_blocked, id=4772, stack(0x0000000002510000,0x0000000002610000)]

Other Threads:
  0x000000000a3a2000 VMThread [stack: 0x000000000b450000,0x000000000b550000] [id=8764]
  0x000000000a406800 WatcherThread [stack: 0x000000000bc50000,0x000000000bd50000] [id=6444]

VM state:not at safepoint (normal execution)

VM Mutex/Monitor currently owned by a thread: None

Heap
 PSYoungGen      total 129024K, used 66159K [0x00000000d9800000, 0x00000000e9500000, 0x0000000100000000)
  eden space 120832K, 48% used [0x00000000d9800000,0x00000000dd168ab0,0x00000000e0e00000)
  from space 8192K, 90% used [0x00000000e0e00000,0x00000000e15334f8,0x00000000e1600000)
  to   space 8704K, 0% used [0x00000000e8c80000,0x00000000e8c80000,0x00000000e9500000)
 ParOldGen       total 78848K, used 8397K [0x000000008c800000, 0x0000000091500000, 0x00000000d9800000)
  object space 78848K, 10% used [0x000000008c800000,0x000000008d033570,0x0000000091500000)
 PSPermGen       total 22528K, used 22509K [0x0000000087600000, 0x0000000088c00000, 0x000000008c800000)
  object space 22528K, 99% used [0x0000000087600000,0x0000000088bfb700,0x0000000088c00000)

Card table byte_map: [0x0000000005800000,0x0000000005bd0000] byte_map_base: 0x00000000053c5000

Polling page: 0x0000000000af0000

Code Cache  [0x0000000002740000, 0x00000000029b0000, 0x0000000005740000)
 total_blobs=1257 nmethods=622 adapters=587 free_code_cache=47316Kb largest_free_block=48393088

Compilation events (10 events):
Event: 19.816 Thread 0x000000000a3e2800 nmethod 662 0x000000000290f6d0 code [0x000000000290f800, 0x000000000290f9d8]
Event: 19.861 Thread 0x000000000a3e5000 nmethod 661 0x0000000002915910 code [0x0000000002915c40, 0x0000000002917388]
Event: 19.863 Thread 0x000000000a3e2800  663             com.sun.webpane.sg.prism.WCGraphicsPrismContext::drawString (116 bytes)
Event: 19.866 Thread 0x000000000a3e5000  664             com.sun.javafx.geom.Rectangle::<init> (10 bytes)
Event: 19.871 Thread 0x000000000a3e5000 nmethod 664 0x0000000002910d90 code [0x0000000002910f60, 0x00000000029112d8]
Event: 19.871 Thread 0x000000000a3e5000  665             com.sun.prism.d3d.D3DRTTexture::createGraphics (9 bytes)
Event: 19.872 Thread 0x000000000a3e5000 nmethod 665 0x0000000002903010 code [0x0000000002903160, 0x00000000029031e8]
Event: 19.883 Thread 0x000000000a3e2800 nmethod 663 0x0000000002914590 code [0x00000000029147a0, 0x0000000002915020]
Event: 19.993 Thread 0x000000000a3e5000  666             javafx.scene.Node::isVisible (19 bytes)
Event: 19.994 Thread 0x000000000a3e5000 nmethod 666 0x0000000002912950 code [0x0000000002912ac0, 0x0000000002912bb8]

GC Heap History (10 events):
Event: 5.083 GC heap before
{Heap before GC invocations=3 (full 0):
 PSYoungGen      total 34816K, used 34728K [0x00000000d9800000, 0x00000000dbe80000, 0x0000000100000000)
  eden space 30208K, 99% used [0x00000000d9800000,0x00000000db56bcb0,0x00000000db580000)
  from space 4608K, 99% used [0x00000000dba00000,0x00000000dbe7e360,0x00000000dbe80000)
  to   space 4608K, 0% used [0x00000000db580000,0x00000000db580000,0x00000000dba00000)
 ParOldGen       total 78848K, used 3930K [0x000000008c800000, 0x0000000091500000, 0x00000000d9800000)
  object space 78848K, 4% used [0x000000008c800000,0x000000008cbd6bb0,0x0000000091500000)
 PSPermGen       total 21504K, used 19086K [0x0000000087600000, 0x0000000088b00000, 0x000000008c800000)
  object space 21504K, 88% used [0x0000000087600000,0x00000000888a3a88,0x0000000088b00000)
Event: 5.092 GC heap after
Heap after GC invocations=3 (full 0):
 PSYoungGen      total 34816K, used 4599K [0x00000000d9800000, 0x00000000ddc00000, 0x0000000100000000)
  eden space 30208K, 0% used [0x00000000d9800000,0x00000000d9800000,0x00000000db580000)
  from space 4608K, 99% used [0x00000000db580000,0x00000000db9fdd78,0x00000000dba00000)
  to   space 4608K, 0% used [0x00000000dd780000,0x00000000dd780000,0x00000000ddc00000)
 ParOldGen       total 78848K, used 3946K [0x000000008c800000, 0x0000000091500000, 0x00000000d9800000)
  object space 78848K, 5% used [0x000000008c800000,0x000000008cbdabb0,0x0000000091500000)
 PSPermGen       total 21504K, used 19086K [0x0000000087600000, 0x0000000088b00000, 0x000000008c800000)
  object space 21504K, 88% used [0x0000000087600000,0x00000000888a3a88,0x0000000088b00000)
}
Event: 5.106 GC heap before
{Heap before GC invocations=4 (full 0):
 PSYoungGen      total 34816K, used 34780K [0x00000000d9800000, 0x00000000ddc00000, 0x0000000100000000)
  eden space 30208K, 99% used [0x00000000d9800000,0x00000000db579520,0x00000000db580000)
  from space 4608K, 99% used [0x00000000db580000,0x00000000db9fdd78,0x00000000dba00000)
  to   space 4608K, 0% used [0x00000000dd780000,0x00000000dd780000,0x00000000ddc00000)
 ParOldGen       total 78848K, used 3946K [0x000000008c800000, 0x0000000091500000, 0x00000000d9800000)
  object space 78848K, 5% used [0x000000008c800000,0x000000008cbdabb0,0x0000000091500000)
 PSPermGen       total 21504K, used 19086K [0x0000000087600000, 0x0000000088b00000, 0x000000008c800000)
  object space 21504K, 88% used [0x0000000087600000,0x00000000888a3a88,0x0000000088b00000)
Event: 5.119 GC heap after
Heap after GC invocations=4 (full 0):
 PSYoungGen      total 65024K, used 4606K [0x00000000d9800000, 0x00000000ddc00000, 0x0000000100000000)
  eden space 60416K, 0% used [0x00000000d9800000,0x00000000d9800000,0x00000000dd300000)
  from space 4608K, 99% used [0x00000000dd780000,0x00000000ddbff840,0x00000000ddc00000)
  to   space 4608K, 0% used [0x00000000dd300000,0x00000000dd300000,0x00000000dd780000)
 ParOldGen       total 78848K, used 3986K [0x000000008c800000, 0x0000000091500000, 0x00000000d9800000)
  object space 78848K, 5% used [0x000000008c800000,0x000000008cbe4bb0,0x0000000091500000)
 PSPermGen       total 21504K, used 19086K [0x0000000087600000, 0x0000000088b00000, 0x000000008c800000)
  object space 21504K, 88% used [0x0000000087600000,0x00000000888a3a88,0x0000000088b00000)
}
Event: 5.158 GC heap before
{Heap before GC invocations=5 (full 0):
 PSYoungGen      total 65024K, used 64941K [0x00000000d9800000, 0x00000000ddc00000, 0x0000000100000000)
  eden space 60416K, 99% used [0x00000000d9800000,0x00000000dd2ebd68,0x00000000dd300000)
  from space 4608K, 99% used [0x00000000dd780000,0x00000000ddbff840,0x00000000ddc00000)
  to   space 4608K, 0% used [0x00000000dd300000,0x00000000dd300000,0x00000000dd780000)
 ParOldGen       total 78848K, used 3986K [0x000000008c800000, 0x0000000091500000, 0x00000000d9800000)
  object space 78848K, 5% used [0x000000008c800000,0x000000008cbe4bb0,0x0000000091500000)
 PSPermGen       total 21504K, used 19086K [0x0000000087600000, 0x0000000088b00000, 0x000000008c800000)
  object space 21504K, 88% used [0x0000000087600000,0x00000000888a3a88,0x0000000088b00000)
Event: 5.170 GC heap after
Heap after GC invocations=5 (full 0):
 PSYoungGen      total 65024K, used 4592K [0x00000000d9800000, 0x00000000e1f00000, 0x0000000100000000)
  eden space 60416K, 0% used [0x00000000d9800000,0x00000000d9800000,0x00000000dd300000)
  from space 4608K, 99% used [0x00000000dd300000,0x00000000dd77c320,0x00000000dd780000)
  to   space 8704K, 0% used [0x00000000e1680000,0x00000000e1680000,0x00000000e1f00000)
 ParOldGen       total 78848K, used 4042K [0x000000008c800000, 0x0000000091500000, 0x00000000d9800000)
  object space 78848K, 5% used [0x000000008c800000,0x000000008cbf2bb0,0x0000000091500000)
 PSPermGen       total 21504K, used 19086K [0x0000000087600000, 0x0000000088b00000, 0x000000008c800000)
  object space 21504K, 88% used [0x0000000087600000,0x00000000888a3a88,0x0000000088b00000)
}
Event: 5.197 GC heap before
{Heap before GC invocations=6 (full 0):
 PSYoungGen      total 65024K, used 65003K [0x00000000d9800000, 0x00000000e1f00000, 0x0000000100000000)
  eden space 60416K, 99% used [0x00000000d9800000,0x00000000dd2fea28,0x00000000dd300000)
  from space 4608K, 99% used [0x00000000dd300000,0x00000000dd77c320,0x00000000dd780000)
  to   space 8704K, 0% used [0x00000000e1680000,0x00000000e1680000,0x00000000e1f00000)
 ParOldGen       total 78848K, used 4042K [0x000000008c800000, 0x0000000091500000, 0x00000000d9800000)
  object space 78848K, 5% used [0x000000008c800000,0x000000008cbf2bb0,0x0000000091500000)
 PSPermGen       total 21504K, used 19086K [0x0000000087600000, 0x0000000088b00000, 0x000000008c800000)
  object space 21504K, 88% used [0x0000000087600000,0x00000000888a3a88,0x0000000088b00000)
Event: 5.209 GC heap after
Heap after GC invocations=6 (full 0):
 PSYoungGen      total 128512K, used 4654K [0x00000000d9800000, 0x00000000e1e00000, 0x0000000100000000)
  eden space 120832K, 0% used [0x00000000d9800000,0x00000000d9800000,0x00000000e0e00000)
  from space 7680K, 60% used [0x00000000e1680000,0x00000000e1b0b8c0,0x00000000e1e00000)
  to   space 8192K, 0% used [0x00000000e0e00000,0x00000000e0e00000,0x00000000e1600000)
 ParOldGen       total 78848K, used 4042K [0x000000008c800000, 0x0000000091500000, 0x00000000d9800000)
  object space 78848K, 5% used [0x000000008c800000,0x000000008cbf2bb0,0x0000000091500000)
 PSPermGen       total 21504K, used 19086K [0x0000000087600000, 0x0000000088b00000, 0x000000008c800000)
  object space 21504K, 88% used [0x0000000087600000,0x00000000888a3a88,0x0000000088b00000)
}
Event: 6.791 GC heap before
{Heap before GC invocations=7 (full 0):
 PSYoungGen      total 128512K, used 124510K [0x00000000d9800000, 0x00000000e1e00000, 0x0000000100000000)
  eden space 120832K, 99% used [0x00000000d9800000,0x00000000e0d0c198,0x00000000e0e00000)
  from space 7680K, 60% used [0x00000000e1680000,0x00000000e1b0b8c0,0x00000000e1e00000)
  to   space 8192K, 0% used [0x00000000e0e00000,0x00000000e0e00000,0x00000000e1600000)
 ParOldGen       total 78848K, used 4042K [0x000000008c800000, 0x0000000091500000, 0x00000000d9800000)
  object space 78848K, 5% used [0x000000008c800000,0x000000008cbf2bb0,0x0000000091500000)
 PSPermGen       total 22528K, used 22115K [0x0000000087600000, 0x0000000088c00000, 0x000000008c800000)
  object space 22528K, 98% used [0x0000000087600000,0x0000000088b98e48,0x0000000088c00000)
Event: 6.817 GC heap after
Heap after GC invocations=7 (full 0):
 PSYoungGen      total 129024K, used 7373K [0x00000000d9800000, 0x00000000e9500000, 0x0000000100000000)
  eden space 120832K, 0% used [0x00000000d9800000,0x00000000d9800000,0x00000000e0e00000)
  from space 8192K, 90% used [0x00000000e0e00000,0x00000000e15334f8,0x00000000e1600000)
  to   space 8704K, 0% used [0x00000000e8c80000,0x00000000e8c80000,0x00000000e9500000)
 ParOldGen       total 78848K, used 8397K [0x000000008c800000, 0x0000000091500000, 0x00000000d9800000)
  object space 78848K, 10% used [0x000000008c800000,0x000000008d033570,0x0000000091500000)
 PSPermGen       total 22528K, used 22115K [0x0000000087600000, 0x0000000088c00000, 0x000000008c800000)
  object space 22528K, 98% used [0x0000000087600000,0x0000000088b98e48,0x0000000088c00000)
}

Deoptimization events (10 events):
Event: 6.825 Thread 0x000000001105c000 Uncommon trap: reason=class_check action=maybe_recompile pc=0x0000000002895f38 method=java.util.zip.InflaterInputStream.read([BII)I @ 100
Event: 6.825 Thread 0x000000001105c000 Uncommon trap: reason=class_check action=maybe_recompile pc=0x0000000002895f38 method=java.util.zip.InflaterInputStream.read([BII)I @ 100
Event: 6.825 Thread 0x000000001105c000 Uncommon trap: reason=class_check action=maybe_recompile pc=0x0000000002895f38 method=java.util.zip.InflaterInputStream.read([BII)I @ 100
Event: 6.827 Thread 0x000000001105c000 Uncommon trap: reason=class_check action=maybe_recompile pc=0x0000000002895f38 method=java.util.zip.InflaterInputStream.read([BII)I @ 100
Event: 7.057 Thread 0x000000000bff6800 Uncommon trap: reason=array_check action=maybe_recompile pc=0x00000000028978b4 method=java.util.Arrays.fill([Ljava/lang/Object;Ljava/lang/Object;)V @ 13
Event: 7.057 Thread 0x000000000bff6800 Uncommon trap: reason=array_check action=maybe_recompile pc=0x00000000028978b4 method=java.util.Arrays.fill([Ljava/lang/Object;Ljava/lang/Object;)V @ 13
Event: 7.057 Thread 0x000000000bff6800 Uncommon trap: reason=array_check action=maybe_recompile pc=0x00000000028978b4 method=java.util.Arrays.fill([Ljava/lang/Object;Ljava/lang/Object;)V @ 13
Event: 7.073 Thread 0x000000000bff6800 Uncommon trap: reason=array_check action=maybe_recompile pc=0x00000000028978b4 method=java.util.Arrays.fill([Ljava/lang/Object;Ljava/lang/Object;)V @ 13
Event: 15.968 Thread 0x000000000bff6800 Uncommon trap: reason=predicate action=maybe_recompile pc=0x00000000028b7820 method=java.util.ArrayList.remove(Ljava/lang/Object;)Z @ 49
Event: 16.219 Thread 0x000000000c140800 Uncommon trap: reason=unreached action=reinterpret pc=0x00000000028a1904 method=com.sun.scenario.effect.impl.ImagePool.checkOut(Lcom/sun/scenario/effect/impl/Renderer;II)Lcom/sun/scenario/effect/Filterable; @ 209

Internal exceptions (10 events):
Event: 7.861 Thread 0x000000000bff6800 Threw 0x00000000da84af38 at C:\re\jdk7u51\527\hotspot\src\share\vm\prims\jvm.cpp:1244
Event: 7.861 Thread 0x000000000bff6800 Threw 0x00000000da84b750 at C:\re\jdk7u51\527\hotspot\src\share\vm\classfile\systemDictionary.cpp:185
Event: 7.861 Thread 0x000000000bff6800 Threw 0x00000000da84bcc0 at C:\re\jdk7u51\527\hotspot\src\share\vm\prims\jvm.cpp:1244
Event: 7.861 Thread 0x000000000bff6800 Threw 0x00000000da84c130 at C:\re\jdk7u51\527\hotspot\src\share\vm\prims\jvm.cpp:1244
Event: 19.762 Thread 0x000000000bff6800 Threw 0x00000000dcf40fd8 at C:\re\jdk7u51\527\hotspot\src\share\vm\classfile\systemDictionary.cpp:185
Event: 19.763 Thread 0x000000000bff6800 Threw 0x00000000dcf41548 at C:\re\jdk7u51\527\hotspot\src\share\vm\prims\jvm.cpp:1244
Event: 19.763 Thread 0x000000000bff6800 Threw 0x00000000dcf419b8 at C:\re\jdk7u51\527\hotspot\src\share\vm\prims\jvm.cpp:1244
Event: 19.763 Thread 0x000000000bff6800 Threw 0x00000000dcf421d0 at C:\re\jdk7u51\527\hotspot\src\share\vm\classfile\systemDictionary.cpp:185
Event: 19.763 Thread 0x000000000bff6800 Threw 0x00000000dcf42740 at C:\re\jdk7u51\527\hotspot\src\share\vm\prims\jvm.cpp:1244
Event: 19.763 Thread 0x000000000bff6800 Threw 0x00000000dcf42bb0 at C:\re\jdk7u51\527\hotspot\src\share\vm\prims\jvm.cpp:1244

Events (10 events):
Event: 20.074 Executing VM operation: RevokeBias
Event: 20.074 Executing VM operation: RevokeBias done
Event: 20.074 Executing VM operation: RevokeBias
Event: 20.074 Executing VM operation: RevokeBias done
Event: 20.074 Executing VM operation: RevokeBias
Event: 20.075 Executing VM operation: RevokeBias done
Event: 20.075 Executing VM operation: RevokeBias
Event: 20.075 Executing VM operation: RevokeBias done
Event: 20.075 Executing VM operation: RevokeBias
Event: 20.075 Executing VM operation: RevokeBias done


Dynamic libraries:
0x000007f74da90000 - 0x000007f74dac3000 	C:\Program Files\Java\jdk1.7.0_51\jre\bin\java.exe
0x000007fbff5c0000 - 0x000007fbff780000 	C:\Windows\SYSTEM32\ntdll.dll
0x000007fbfede0000 - 0x000007fbfef16000 	C:\Windows\system32\KERNEL32.DLL
0x000007fbfc650000 - 0x000007fbfc743000 	C:\Windows\system32\KERNELBASE.dll
0x000007fbfef20000 - 0x000007fbfeffe000 	C:\Windows\system32\ADVAPI32.dll
0x000007fbfdd60000 - 0x000007fbfdeac000 	C:\Windows\system32\USER32.dll
0x000007fbf9b60000 - 0x000007fbf9dca000 	C:\Windows\WinSxS\amd64_microsoft.windows.common-controls_6595b64144ccf1df_6.0.9200.16579_none_418ab7ef718b27ef\COMCTL32.dll
0x000007fbff160000 - 0x000007fbff205000 	C:\Windows\system32\msvcrt.dll
0x000007fbfeb40000 - 0x000007fbfeb88000 	C:\Windows\SYSTEM32\sechost.dll
0x000007fbff010000 - 0x000007fbff155000 	C:\Windows\system32\RPCRT4.dll
0x000007fbfe220000 - 0x000007fbfe361000 	C:\Windows\system32\GDI32.dll
0x000007fbfdf00000 - 0x000007fbfdf39000 	C:\Windows\system32\IMM32.DLL
0x000007fbfea20000 - 0x000007fbfeb36000 	C:\Windows\system32\MSCTF.dll
0x0000000073380000 - 0x0000000073452000 	C:\Program Files\Java\jdk1.7.0_51\jre\bin\msvcr100.dll
0x0000000073460000 - 0x0000000073c29000 	C:\Program Files\Java\jdk1.7.0_51\jre\bin\server\jvm.dll
0x000007fbfa4d0000 - 0x000007fbfa4d9000 	C:\Windows\SYSTEM32\WSOCK32.dll
0x000007fbfa4f0000 - 0x000007fbfa510000 	C:\Windows\SYSTEM32\WINMM.dll
0x000007fbfe440000 - 0x000007fbfe447000 	C:\Windows\system32\PSAPI.DLL
0x000007fbff3b0000 - 0x000007fbff408000 	C:\Windows\system32\WS2_32.dll
0x000007fbf9740000 - 0x000007fbf9773000 	C:\Windows\SYSTEM32\WINMMBASE.dll
0x000007fbfe780000 - 0x000007fbfe789000 	C:\Windows\system32\NSI.dll
0x000007fbfc960000 - 0x000007fbfc9af000 	C:\Windows\SYSTEM32\cfgmgr32.dll
0x000007fbfc930000 - 0x000007fbfc952000 	C:\Windows\system32\DEVOBJ.dll
0x0000000073330000 - 0x000000007333f000 	C:\Program Files\Java\jdk1.7.0_51\jre\bin\verify.dll
0x0000000073300000 - 0x0000000073328000 	C:\Program Files\Java\jdk1.7.0_51\jre\bin\java.dll
0x00000000732e0000 - 0x00000000732f5000 	C:\Program Files\Java\jdk1.7.0_51\jre\bin\zip.dll
0x0000000071850000 - 0x00000000718c8000 	C:\Program Files\Java\jdk1.7.0_51\jre\bin\deploy.dll
0x000007fbfec40000 - 0x000007fbfedbe000 	C:\Windows\system32\ole32.dll
0x000007fbfe370000 - 0x000007fbfe433000 	C:\Windows\system32\OLEAUT32.dll
0x000007fbf95c0000 - 0x000007fbf95c9000 	C:\Windows\SYSTEM32\VERSION.dll
0x000007fbfdf40000 - 0x000007fbfe16d000 	C:\Windows\system32\WININET.dll
0x000007fbfe620000 - 0x000007fbfe779000 	C:\Windows\system32\urlmon.dll
0x000007fbff410000 - 0x000007fbff5c0000 	C:\Windows\SYSTEM32\combase.dll
0x000007fbfe790000 - 0x000007fbfea1c000 	C:\Windows\system32\iertutil.dll
0x000007fbfdeb0000 - 0x000007fbfdf00000 	C:\Windows\system32\SHLWAPI.dll
0x000007fbfc9b0000 - 0x000007fbfdc8f000 	C:\Windows\system32\SHELL32.dll
0x000007fbface0000 - 0x000007fbfad75000 	C:\Windows\SYSTEM32\SHCORE.dll
0x000007fbfc470000 - 0x000007fbfc485000 	C:\Windows\SYSTEM32\profapi.dll
0x000007fbf4a40000 - 0x000007fbf4a4b000 	C:\Windows\SYSTEM32\Secur32.dll
0x000007fbfc0d0000 - 0x000007fbfc0fc000 	C:\Windows\SYSTEM32\SSPICLI.DLL
0x000007fbf57f0000 - 0x000007fbf58a1000 	C:\Windows\SYSTEM32\winhttp.dll
0x000007fbfbcb0000 - 0x000007fbfbd0c000 	C:\Windows\system32\mswsock.dll
0x000007fbf7770000 - 0x000007fbf779a000 	C:\Windows\SYSTEM32\IPHLPAPI.DLL
0x000007fbf7630000 - 0x000007fbf763a000 	C:\Windows\SYSTEM32\WINNSI.DLL
0x000007fbfbac0000 - 0x000007fbfbb58000 	C:\Windows\SYSTEM32\DNSAPI.dll
0x0000000074100000 - 0x0000000074126000 	C:\Program Files\Bonjour\mdnsNSP.dll
0x000007fbf6b60000 - 0x000007fbf6b73000 	C:\Windows\SYSTEM32\dhcpcsvc6.DLL
0x000007fbf4ba0000 - 0x000007fbf4ba8000 	C:\Windows\System32\rasadhlp.dll
0x000007fbf6b40000 - 0x000007fbf6b58000 	C:\Windows\SYSTEM32\dhcpcsvc.DLL
0x0000000071840000 - 0x000000007184f000 	C:\Program Files\Java\jdk1.7.0_51\jre\bin\prism-d3d.dll
0x000007fbe2050000 - 0x000007fbe2250000 	C:\Windows\system32\d3d9.dll
0x000007fbfa5e0000 - 0x000007fbfa601000 	C:\Windows\SYSTEM32\dwmapi.dll
0x000007fbfb300000 - 0x000007fbfb3e6000 	C:\Windows\system32\uxtheme.dll
0x000007fbf9430000 - 0x000007fbf954b000 	C:\Windows\SYSTEM32\aticfx64.dll
0x000007fbea290000 - 0x000007fbea2b0000 	C:\Windows\SYSTEM32\atiu9p64.dll
0x000007fbe1990000 - 0x000007fbe2046000 	C:\Windows\SYSTEM32\atiumd64.dll
0x0000000073c30000 - 0x00000000740fd000 	C:\Windows\SYSTEM32\atiumd6a.dll
0x0000000071800000 - 0x0000000071832000 	C:\Program Files\Java\jdk1.7.0_51\jre\bin\glass.dll
0x000007fbfeb90000 - 0x000007fbfec31000 	C:\Windows\system32\COMDLG32.dll
0x000007fbfc2b0000 - 0x000007fbfc2ba000 	C:\Windows\SYSTEM32\CRYPTBASE.dll
0x000007fbfc250000 - 0x000007fbfc2ac000 	C:\Windows\SYSTEM32\bcryptPrimitives.dll
0x0000000071670000 - 0x000000007170e000 	C:\Program Files\Java\jdk1.7.0_51\jre\bin\libxml2.dll
0x0000000071630000 - 0x0000000071666000 	C:\Program Files\Java\jdk1.7.0_51\jre\bin\libxslt.dll
0x000000006f870000 - 0x00000000706a8000 	C:\Program Files\Java\jdk1.7.0_51\jre\bin\jfxwebkit.dll
0x00000000732c0000 - 0x00000000732d9000 	C:\Program Files\Java\jdk1.7.0_51\jre\bin\net.dll
0x000007fbf6ea0000 - 0x000007fbf6f01000 	C:\Windows\System32\fwpuclnt.dll
0x000007fbfe170000 - 0x000007fbfe206000 	C:\Windows\SYSTEM32\clbcatq.dll
0x000007fbfafa0000 - 0x000007fbfb133000 	C:\Windows\SYSTEM32\WindowsCodecs.dll
0x000007fbef0b0000 - 0x000007fbef0de000 	C:\Program Files\Common Files\Microsoft Shared\Ink\rtscom.dll
0x00000000715e0000 - 0x0000000071630000 	C:\Program Files\Java\jdk1.7.0_51\jre\bin\javafx-font.dll
0x000007fbfbe00000 - 0x000007fbfbe1a000 	C:\Windows\SYSTEM32\CRYPTSP.dll
0x000007fbfb940000 - 0x000007fbfb98b000 	C:\Windows\system32\rsaenh.dll
0x00000000732a0000 - 0x00000000732b1000 	C:\Program Files\Java\jdk1.7.0_51\jre\bin\nio.dll
0x0000000073020000 - 0x0000000073044000 	C:\Program Files\Java\jdk1.7.0_51\jre\bin\sunec.dll
0x0000000073010000 - 0x000000007301b000 	C:\Program Files\Java\jdk1.7.0_51\jre\bin\sunmscapi.dll
0x000007fbfc750000 - 0x000007fbfc921000 	C:\Windows\system32\CRYPT32.dll
0x000007fbfc520000 - 0x000007fbfc536000 	C:\Windows\system32\MSASN1.dll
0x000007fbfbc90000 - 0x000007fbfbcaf000 	C:\Windows\SYSTEM32\USERENV.dll
0x000007fbf3f70000 - 0x000007fbf3f84000 	C:\Windows\system32\napinsp.dll
0x000007fbf3f90000 - 0x000007fbf3fa8000 	C:\Windows\system32\pnrpnsp.dll
0x000007fbfac00000 - 0x000007fbfac16000 	C:\Windows\system32\NLAapi.dll
0x000007fbf4070000 - 0x000007fbf4082000 	C:\Windows\System32\winrnr.dll
0x000007fbfa180000 - 0x000007fbfa2e3000 	C:\Windows\SYSTEM32\dbghelp.dll

VM Arguments:
jvm_args: -Dfile.encoding=UTF-8 
java_command: C:\Users\Gabriel\Documents\NetBeansProjects\QCCBrowserEx1\dist\run1906661091\QCCBrowserEx1.jar
Launcher Type: SUN_STANDARD

Environment Variables:
PATH=C:\Program Files (x86)\HP SimplePass\x64;C:\Program Files (x86)\HP SimplePass\;;C:\Program Files (x86)\AMD APP\bin\x86_64;C:\Program Files (x86)\AMD APP\bin\x86;C:\Windows\system32;C:\Windows;C:\Windows\System32\Wbem;C:\Windows\System32\WindowsPowerShell\v1.0\;C:\Program Files (x86)\Windows Live\Shared;C:\Program Files (x86)\ATI Technologies\ATI.ACE\Core-Static
USERNAME=Gabriel
OS=Windows_NT
PROCESSOR_IDENTIFIER=AMD64 Family 21 Model 19 Stepping 1, AuthenticAMD



---------------  S Y S T E M  ---------------

OS: Windows 8 , 64 bit Build 9200 

CPU:total 4 (4 cores per cpu, 1 threads per core) family 21 model 19 stepping 1, cmov, cx8, fxsr, mmx, sse, sse2, sse3, ssse3, sse4.1, sse4.2, popcnt, avx, aes, mmxext, 3dnowpref, lzcnt, sse4a, tsc, tscinvbit, tscinv

Memory: 4k page, physical 7563524k(4220456k free), swap 8743172k(4097180k free)

vm_info: Java HotSpot(TM) 64-Bit Server VM (24.51-b03) for windows-amd64 JRE (1.7.0_51-b13), built on Dec 18 2013 18:40:56 by "java_re" with unknown MS VC++:1600

time: Wed Apr 02 21:45:21 2014
elapsed time: 20 seconds

