#
# A fatal error has been detected by the Java Runtime Environment:
#
#  EXCEPTION_ACCESS_VIOLATION (0xc0000005) at pc=0x000000006f6c2dba, pid=5944, tid=4488
#
# JRE version: Java(TM) SE Runtime Environment (7.0_51-b13) (build 1.7.0_51-b13)
# Java VM: Java HotSpot(TM) 64-Bit Server VM (24.51-b03 mixed mode windows-amd64 compressed oops)
# Problematic frame:
# C  [jfxwebkit.dll+0x302dba]
#
# Failed to write core dump. Minidumps are not enabled by default on client versions of Windows
#
# If you would like to submit a bug report, please visit:
#   http://bugreport.sun.com/bugreport/crash.jsp
# The crash happened outside the Java Virtual Machine in native code.
# See problematic frame for where to report the bug.
#

---------------  T H R E A D  ---------------

Current thread (0x000000000c279000):  JavaThread "JavaFX Application Thread" [_thread_in_native, id=4488, stack(0x000000000dfb0000,0x000000000e0b0000)]

siginfo: ExceptionCode=0xc0000005, reading address 0x0000000000000000

Registers:
RAX=0x0000000015158100, RBX=0x0000000000000000, RCX=0x0000000000000000, RDX=0x000000000cad5d70
RSP=0x000000000e0ae8b8, RBP=0x000000000000a000, RSI=0x000000000000a000, RDI=0x0000000010d8f9c0
R8 =0x000000000000a000, R9 =0x000000000000a000, R10=0x0000000010d8fa30, R11=0x000000000e0ae760
R12=0x000000000cad5d70, R13=0x0000000088150ea8, R14=0x000000000e0aeba8, R15=0x000000000c279000
RIP=0x000000006f6c2dba, EFLAGS=0x0000000000010202

Top of Stack: (sp=0x000000000e0ae8b8)
0x000000000e0ae8b8:   000000006f6bda3e 0000000000000000
0x000000000e0ae8c8:   000000000000a000 000000000e0aeba8
0x000000000e0ae8d8:   0000000088150ea8 fffffffffffffffe
0x000000000e0ae8e8:   0000000010d8f9c0 0000000000000000
0x000000000e0ae8f8:   0000000010d8f9c0 000000000000a000
0x000000000e0ae908:   000000006f6be6ea 0000000015158100
0x000000000e0ae918:   000000000c85c680 000000000cad5d70
0x000000000e0ae928:   0000000011428250 fffffffffffffffe
0x000000000e0ae938:   0000000011428250 000000000000a000
0x000000000e0ae948:   000000000cad5d70 0000000010d8fd80
0x000000000e0ae958:   000000006f6be7cb 000000000c85c680
0x000000000e0ae968:   0000000010d8f9c0 0000000053481dba
0x000000000e0ae978:   0000000010d8f9c0 000000000000a000
0x000000000e0ae988:   000000006f6e2067 0000000011428250
0x000000000e0ae998:   0000000000000000 000000000cad5d70
0x000000000e0ae9a8:   0000000000000000 0000000000000000 

Instructions: (pc=0x000000006f6c2dba)
0x000000006f6c2d9a:   00 48 8b 89 50 04 00 00 e8 e9 3c e3 ff 48 83 c4
0x000000006f6c2daa:   20 5b c3 cc cc cc 4c 8b d1 48 8b 49 30 4d 8b c8
0x000000006f6c2dba:   48 8b 01 4c 8b c2 49 8b d2 48 ff 60 20 cc cc cc
0x000000006f6c2dca:   cc cc cc cc cc cc 48 8b 41 30 c6 40 10 01 c3 cc 


Register to memory mapping:

RAX=0x0000000015158100 is an unknown value
RBX=0x0000000000000000 is an unknown value
RCX=0x0000000000000000 is an unknown value
RDX=0x000000000cad5d70 is an unknown value
RSP=0x000000000e0ae8b8 is pointing into the stack for thread: 0x000000000c279000
RBP=0x000000000000a000 is an unknown value
RSI=0x000000000000a000 is an unknown value
RDI=0x0000000010d8f9c0 is an unknown value
R8 =0x000000000000a000 is an unknown value
R9 =0x000000000000a000 is an unknown value
R10=0x0000000010d8fa30 is an unknown value
R11=0x000000000e0ae760 is pointing into the stack for thread: 0x000000000c279000
R12=0x000000000cad5d70 is an unknown value
R13=0x0000000088150ea8 is an oop
{method} 
 - klass: {other class}
R14=0x000000000e0aeba8 is pointing into the stack for thread: 0x000000000c279000
R15=0x000000000c279000 is a thread


Stack: [0x000000000dfb0000,0x000000000e0b0000],  sp=0x000000000e0ae8b8,  free space=1018k
Native frames: (J=compiled Java code, j=interpreted, Vv=VM code, C=native code)
C  [jfxwebkit.dll+0x302dba]

[error occurred during error reporting (printing native stack), id 0xc0000005]

Java frames: (J=compiled Java code, j=interpreted, Vv=VM code)
j  com.sun.webpane.webkit.network.URLLoader.twkDidReceiveData(Ljava/nio/ByteBuffer;IIJ)V+0
j  com.sun.webpane.webkit.network.URLLoader.access$1200(Ljava/nio/ByteBuffer;IIJ)V+4
j  com.sun.webpane.webkit.network.URLLoader$5.run()V+35
j  com.sun.glass.ui.InvokeLaterDispatcher$Future.run()V+4
v  ~StubRoutines::call_stub
j  com.sun.glass.ui.win.WinApplication._runLoop([Ljava/lang/String;Lcom/sun/glass/ui/Launchable;)V+0
j  com.sun.glass.ui.win.WinApplication.access$100(Lcom/sun/glass/ui/win/WinApplication;[Ljava/lang/String;Lcom/sun/glass/ui/Launchable;)V+3
j  com.sun.glass.ui.win.WinApplication$3$1.run()V+32
j  java.lang.Thread.run()V+11
v  ~StubRoutines::call_stub

---------------  P R O C E S S  ---------------

Java Threads: ( => current thread )
  0x0000000010e1c800 JavaThread "URL-Loader-44" daemon [_thread_in_native, id=2256, stack(0x00000000136e0000,0x00000000137e0000)]
  0x0000000010e1f800 JavaThread "URL-Loader-43" daemon [_thread_in_native, id=1576, stack(0x00000000134f0000,0x00000000135f0000)]
  0x0000000010e1d000 JavaThread "URL-Loader-42" daemon [_thread_blocked, id=2264, stack(0x000000000d2f0000,0x000000000d3f0000)]
  0x00000000111dc800 JavaThread "URL-Loader-41" daemon [_thread_blocked, id=4284, stack(0x0000000013ca0000,0x0000000013da0000)]
  0x00000000111dc000 JavaThread "URL-Loader-40" daemon [_thread_blocked, id=4204, stack(0x0000000010710000,0x0000000010810000)]
  0x00000000111de000 JavaThread "URL-Loader-39" daemon [_thread_blocked, id=2916, stack(0x0000000013ba0000,0x0000000013ca0000)]
  0x0000000010e1e800 JavaThread "URL-Loader-38" daemon [_thread_blocked, id=4556, stack(0x00000000138e0000,0x00000000139e0000)]
  0x0000000010e1e000 JavaThread "URL-Loader-37" daemon [_thread_blocked, id=2864, stack(0x00000000137e0000,0x00000000138e0000)]
  0x00000000111dd800 JavaThread "Keep-Alive-Timer" daemon [_thread_blocked, id=2204, stack(0x00000000133f0000,0x00000000134f0000)]
  0x0000000010991800 JavaThread "Prism Font Disposer" daemon [_thread_blocked, id=5752, stack(0x00000000105c0000,0x00000000106c0000)]
  0x000000000cbe6800 JavaThread "Disposer" daemon [_thread_blocked, id=4156, stack(0x00000000100c0000,0x00000000101c0000)]
  0x000000000c4f2000 JavaThread "Thread-3" daemon [_thread_in_native, id=3300, stack(0x000000000feb0000,0x000000000ffb0000)]
=>0x000000000c279000 JavaThread "JavaFX Application Thread" [_thread_in_native, id=4488, stack(0x000000000dfb0000,0x000000000e0b0000)]
  0x000000000c30d800 JavaThread "Thread-2" daemon [_thread_blocked, id=2592, stack(0x000000000deb0000,0x000000000dfb0000)]
  0x000000000c3f5000 JavaThread "Disposer" daemon [_thread_blocked, id=5568, stack(0x000000000ddb0000,0x000000000deb0000)]
  0x000000000c4b5000 JavaThread "QuantumRenderer-0" daemon [_thread_blocked, id=5996, stack(0x000000000d7b0000,0x000000000d8b0000)]
  0x000000000c2f6000 JavaThread "JavaFX-Launcher" [_thread_blocked, id=2360, stack(0x000000000d620000,0x000000000d720000)]
  0x000000000c27b000 JavaThread "traceMsgQueueThread" daemon [_thread_blocked, id=2748, stack(0x000000000cdd0000,0x000000000ced0000)]
  0x000000000a85f000 JavaThread "Service Thread" daemon [_thread_blocked, id=5480, stack(0x000000000bfd0000,0x000000000c0d0000)]
  0x000000000a858000 JavaThread "C2 CompilerThread1" daemon [_thread_blocked, id=5424, stack(0x000000000bed0000,0x000000000bfd0000)]
  0x000000000a852000 JavaThread "C2 CompilerThread0" daemon [_thread_blocked, id=4544, stack(0x000000000bdd0000,0x000000000bed0000)]
  0x000000000a851000 JavaThread "Attach Listener" daemon [_thread_blocked, id=5408, stack(0x000000000bcd0000,0x000000000bdd0000)]
  0x000000000a84d800 JavaThread "Signal Dispatcher" daemon [_thread_blocked, id=2112, stack(0x000000000bbd0000,0x000000000bcd0000)]
  0x000000000a81d800 JavaThread "Finalizer" daemon [_thread_blocked, id=3704, stack(0x000000000bad0000,0x000000000bbd0000)]
  0x000000000a812000 JavaThread "Reference Handler" daemon [_thread_blocked, id=1716, stack(0x000000000b9d0000,0x000000000bad0000)]
  0x0000000002a80800 JavaThread "main" [_thread_blocked, id=5128, stack(0x0000000002980000,0x0000000002a80000)]

Other Threads:
  0x000000000a810000 VMThread [stack: 0x000000000b8d0000,0x000000000b9d0000] [id=3632]
  0x000000000a874000 WatcherThread [stack: 0x000000000c0d0000,0x000000000c1d0000] [id=5828]

VM state:not at safepoint (normal execution)

VM Mutex/Monitor currently owned by a thread: None

Heap
 PSYoungGen      total 129024K, used 64424K [0x00000000d9800000, 0x00000000e9f00000, 0x0000000100000000)
  eden space 120832K, 46% used [0x00000000d9800000,0x00000000dceec410,0x00000000e0e00000)
  from space 8192K, 99% used [0x00000000e0e00000,0x00000000e15fdd88,0x00000000e1600000)
  to   space 13824K, 0% used [0x00000000e9180000,0x00000000e9180000,0x00000000e9f00000)
 ParOldGen       total 78848K, used 12967K [0x000000008c800000, 0x0000000091500000, 0x00000000d9800000)
  object space 78848K, 16% used [0x000000008c800000,0x000000008d4a9d20,0x0000000091500000)
 PSPermGen       total 23040K, used 22849K [0x0000000087600000, 0x0000000088c80000, 0x000000008c800000)
  object space 23040K, 99% used [0x0000000087600000,0x0000000088c50578,0x0000000088c80000)

Card table byte_map: [0x0000000005c40000,0x0000000006010000] byte_map_base: 0x0000000005805000

Polling page: 0x00000000028e0000

Code Cache  [0x0000000002b80000, 0x0000000002df0000, 0x0000000005b80000)
 total_blobs=1334 nmethods=700 adapters=586 free_code_cache=47067Kb largest_free_block=48154752

Compilation events (10 events):
Event: 90.330 Thread 0x000000000a858000  746             com.sun.javafx.geom.RectBounds::<init> (26 bytes)
Event: 90.331 Thread 0x000000000a858000 nmethod 746 0x0000000002d83650 code [0x0000000002d83780, 0x0000000002d837d8]
Event: 90.333 Thread 0x000000000a852000  747             com.sun.prism.impl.BaseTexture::getContentX (5 bytes)
Event: 90.334 Thread 0x000000000a858000  748             com.sun.prism.impl.BaseTexture::getContentY (5 bytes)
Event: 90.334 Thread 0x000000000a852000 nmethod 747 0x0000000002d83450 code [0x0000000002d83580, 0x0000000002d835d8]
Event: 90.334 Thread 0x000000000a858000 nmethod 748 0x0000000002d85f10 code [0x0000000002d86040, 0x0000000002d86098]
Event: 90.371 Thread 0x000000000a852000  749             java.util.concurrent.locks.AbstractQueuedSynchronizer::release (33 bytes)
Event: 90.380 Thread 0x000000000a852000 nmethod 749 0x0000000002d85a90 code [0x0000000002d85be0, 0x0000000002d85da8]
Event: 90.834 Thread 0x000000000a858000  750             com.sun.javafx.geom.BoxBounds::deriveWithNewBounds (61 bytes)
Event: 90.836 Thread 0x000000000a858000 nmethod 750 0x0000000002d85810 code [0x0000000002d85960, 0x0000000002d85a08]

GC Heap History (10 events):
Event: 9.069 GC heap before
{Heap before GC invocations=3 (full 0):
 PSYoungGen      total 34816K, used 34764K [0x00000000d9800000, 0x00000000ddc00000, 0x0000000100000000)
  eden space 30208K, 99% used [0x00000000d9800000,0x00000000db5750d0,0x00000000db580000)
  from space 4608K, 99% used [0x00000000dba00000,0x00000000dbe7e0d8,0x00000000dbe80000)
  to   space 4608K, 0% used [0x00000000db580000,0x00000000db580000,0x00000000dba00000)
 ParOldGen       total 78848K, used 3881K [0x000000008c800000, 0x0000000091500000, 0x00000000d9800000)
  object space 78848K, 4% used [0x000000008c800000,0x000000008cbca438,0x0000000091500000)
 PSPermGen       total 21504K, used 19085K [0x0000000087600000, 0x0000000088b00000, 0x000000008c800000)
  object space 21504K, 88% used [0x0000000087600000,0x00000000888a37f0,0x0000000088b00000)
Event: 9.083 GC heap after
Heap after GC invocations=3 (full 0):
 PSYoungGen      total 34816K, used 4598K [0x00000000d9800000, 0x00000000ddc00000, 0x0000000100000000)
  eden space 30208K, 0% used [0x00000000d9800000,0x00000000d9800000,0x00000000db580000)
  from space 4608K, 99% used [0x00000000db580000,0x00000000db9fdbf0,0x00000000dba00000)
  to   space 4608K, 0% used [0x00000000dd780000,0x00000000dd780000,0x00000000ddc00000)
 ParOldGen       total 78848K, used 3929K [0x000000008c800000, 0x0000000091500000, 0x00000000d9800000)
  object space 78848K, 4% used [0x000000008c800000,0x000000008cbd6438,0x0000000091500000)
 PSPermGen       total 21504K, used 19085K [0x0000000087600000, 0x0000000088b00000, 0x000000008c800000)
  object space 21504K, 88% used [0x0000000087600000,0x00000000888a37f0,0x0000000088b00000)
}
Event: 9.106 GC heap before
{Heap before GC invocations=4 (full 0):
 PSYoungGen      total 34816K, used 34770K [0x00000000d9800000, 0x00000000ddc00000, 0x0000000100000000)
  eden space 30208K, 99% used [0x00000000d9800000,0x00000000db577008,0x00000000db580000)
  from space 4608K, 99% used [0x00000000db580000,0x00000000db9fdbf0,0x00000000dba00000)
  to   space 4608K, 0% used [0x00000000dd780000,0x00000000dd780000,0x00000000ddc00000)
 ParOldGen       total 78848K, used 3929K [0x000000008c800000, 0x0000000091500000, 0x00000000d9800000)
  object space 78848K, 4% used [0x000000008c800000,0x000000008cbd6438,0x0000000091500000)
 PSPermGen       total 21504K, used 19085K [0x0000000087600000, 0x0000000088b00000, 0x000000008c800000)
  object space 21504K, 88% used [0x0000000087600000,0x00000000888a37f0,0x0000000088b00000)
Event: 9.121 GC heap after
Heap after GC invocations=4 (full 0):
 PSYoungGen      total 65024K, used 4607K [0x00000000d9800000, 0x00000000ddc00000, 0x0000000100000000)
  eden space 60416K, 0% used [0x00000000d9800000,0x00000000d9800000,0x00000000dd300000)
  from space 4608K, 99% used [0x00000000dd780000,0x00000000ddbffdd0,0x00000000ddc00000)
  to   space 4608K, 0% used [0x00000000dd300000,0x00000000dd300000,0x00000000dd780000)
 ParOldGen       total 78848K, used 3929K [0x000000008c800000, 0x0000000091500000, 0x00000000d9800000)
  object space 78848K, 4% used [0x000000008c800000,0x000000008cbd6438,0x0000000091500000)
 PSPermGen       total 21504K, used 19085K [0x0000000087600000, 0x0000000088b00000, 0x000000008c800000)
  object space 21504K, 88% used [0x0000000087600000,0x00000000888a37f0,0x0000000088b00000)
}
Event: 9.177 GC heap before
{Heap before GC invocations=5 (full 0):
 PSYoungGen      total 65024K, used 64942K [0x00000000d9800000, 0x00000000ddc00000, 0x0000000100000000)
  eden space 60416K, 99% used [0x00000000d9800000,0x00000000dd2ebdf8,0x00000000dd300000)
  from space 4608K, 99% used [0x00000000dd780000,0x00000000ddbffdd0,0x00000000ddc00000)
  to   space 4608K, 0% used [0x00000000dd300000,0x00000000dd300000,0x00000000dd780000)
 ParOldGen       total 78848K, used 3929K [0x000000008c800000, 0x0000000091500000, 0x00000000d9800000)
  object space 78848K, 4% used [0x000000008c800000,0x000000008cbd6438,0x0000000091500000)
 PSPermGen       total 21504K, used 19085K [0x0000000087600000, 0x0000000088b00000, 0x000000008c800000)
  object space 21504K, 88% used [0x0000000087600000,0x00000000888a37f0,0x0000000088b00000)
Event: 9.193 GC heap after
Heap after GC invocations=5 (full 0):
 PSYoungGen      total 65024K, used 4578K [0x00000000d9800000, 0x00000000e1e00000, 0x0000000100000000)
  eden space 60416K, 0% used [0x00000000d9800000,0x00000000d9800000,0x00000000dd300000)
  from space 4608K, 99% used [0x00000000dd300000,0x00000000dd778908,0x00000000dd780000)
  to   space 8192K, 0% used [0x00000000e1600000,0x00000000e1600000,0x00000000e1e00000)
 ParOldGen       total 78848K, used 3977K [0x000000008c800000, 0x0000000091500000, 0x00000000d9800000)
  object space 78848K, 5% used [0x000000008c800000,0x000000008cbe2438,0x0000000091500000)
 PSPermGen       total 21504K, used 19085K [0x0000000087600000, 0x0000000088b00000, 0x000000008c800000)
  object space 21504K, 88% used [0x0000000087600000,0x00000000888a37f0,0x0000000088b00000)
}
Event: 9.239 GC heap before
{Heap before GC invocations=6 (full 0):
 PSYoungGen      total 65024K, used 64905K [0x00000000d9800000, 0x00000000e1e00000, 0x0000000100000000)
  eden space 60416K, 99% used [0x00000000d9800000,0x00000000dd2e9db0,0x00000000dd300000)
  from space 4608K, 99% used [0x00000000dd300000,0x00000000dd778908,0x00000000dd780000)
  to   space 8192K, 0% used [0x00000000e1600000,0x00000000e1600000,0x00000000e1e00000)
 ParOldGen       total 78848K, used 3977K [0x000000008c800000, 0x0000000091500000, 0x00000000d9800000)
  object space 78848K, 5% used [0x000000008c800000,0x000000008cbe2438,0x0000000091500000)
 PSPermGen       total 21504K, used 19085K [0x0000000087600000, 0x0000000088b00000, 0x000000008c800000)
  object space 21504K, 88% used [0x0000000087600000,0x00000000888a37f0,0x0000000088b00000)
Event: 9.254 GC heap after
Heap after GC invocations=6 (full 0):
 PSYoungGen      total 129024K, used 4685K [0x00000000d9800000, 0x00000000e1e00000, 0x0000000100000000)
  eden space 120832K, 0% used [0x00000000d9800000,0x00000000d9800000,0x00000000e0e00000)
  from space 8192K, 57% used [0x00000000e1600000,0x00000000e1a937a8,0x00000000e1e00000)
  to   space 8192K, 0% used [0x00000000e0e00000,0x00000000e0e00000,0x00000000e1600000)
 ParOldGen       total 78848K, used 3977K [0x000000008c800000, 0x0000000091500000, 0x00000000d9800000)
  object space 78848K, 5% used [0x000000008c800000,0x000000008cbe2438,0x0000000091500000)
 PSPermGen       total 21504K, used 19085K [0x0000000087600000, 0x0000000088b00000, 0x000000008c800000)
  object space 21504K, 88% used [0x0000000087600000,0x00000000888a37f0,0x0000000088b00000)
}
Event: 11.286 GC heap before
{Heap before GC invocations=7 (full 0):
 PSYoungGen      total 129024K, used 125288K [0x00000000d9800000, 0x00000000e1e00000, 0x0000000100000000)
  eden space 120832K, 99% used [0x00000000d9800000,0x00000000e0dc6900,0x00000000e0e00000)
  from space 8192K, 57% used [0x00000000e1600000,0x00000000e1a937a8,0x00000000e1e00000)
  to   space 8192K, 0% used [0x00000000e0e00000,0x00000000e0e00000,0x00000000e1600000)
 ParOldGen       total 78848K, used 3977K [0x000000008c800000, 0x0000000091500000, 0x00000000d9800000)
  object space 78848K, 5% used [0x000000008c800000,0x000000008cbe2438,0x0000000091500000)
 PSPermGen       total 22528K, used 22110K [0x0000000087600000, 0x0000000088c00000, 0x000000008c800000)
  object space 22528K, 98% used [0x0000000087600000,0x0000000088b97ad0,0x0000000088c00000)
Event: 11.323 GC heap after
Heap after GC invocations=7 (full 0):
 PSYoungGen      total 129024K, used 8183K [0x00000000d9800000, 0x00000000e9f00000, 0x0000000100000000)
  eden space 120832K, 0% used [0x00000000d9800000,0x00000000d9800000,0x00000000e0e00000)
  from space 8192K, 99% used [0x00000000e0e00000,0x00000000e15fdd88,0x00000000e1600000)
  to   space 13824K, 0% used [0x00000000e9180000,0x00000000e9180000,0x00000000e9f00000)
 ParOldGen       total 78848K, used 12967K [0x000000008c800000, 0x0000000091500000, 0x00000000d9800000)
  object space 78848K, 16% used [0x000000008c800000,0x000000008d4a9d20,0x0000000091500000)
 PSPermGen       total 22528K, used 22110K [0x0000000087600000, 0x0000000088c00000, 0x000000008c800000)
  object space 22528K, 98% used [0x0000000087600000,0x0000000088b97ad0,0x0000000088c00000)
}

Deoptimization events (10 events):
Event: 32.340 Thread 0x000000000c4b5000 Uncommon trap: reason=class_check action=maybe_recompile pc=0x0000000002cef820 method=com.sun.openpisces.Stroker$PolyStack.pop(Lcom/sun/javafx/geom/PathConsumer2D;)V @ 217
Event: 32.527 Thread 0x000000000c4b5000 Uncommon trap: reason=class_check action=maybe_recompile pc=0x0000000002cef820 method=com.sun.openpisces.Stroker$PolyStack.pop(Lcom/sun/javafx/geom/PathConsumer2D;)V @ 217
Event: 33.778 Thread 0x000000000c4b5000 Uncommon trap: reason=class_check action=maybe_recompile pc=0x0000000002cef820 method=com.sun.openpisces.Stroker$PolyStack.pop(Lcom/sun/javafx/geom/PathConsumer2D;)V @ 217
Event: 65.785 Thread 0x000000000c4b5000 Uncommon trap: reason=class_check action=maybe_recompile pc=0x0000000002d107f0 method=com.sun.prism.d3d.D3DContext.updateShaderTransform(Lcom/sun/prism/ps/Shader;Lcom/sun/javafx/geom/transform/BaseTransform;)V @ 5
Event: 65.785 Thread 0x000000000c4b5000 Uncommon trap: reason=class_check action=maybe_recompile pc=0x0000000002d10a28 method=com.sun.prism.impl.ps.BaseShaderContext.checkState(Lcom/sun/prism/impl/ps/BaseShaderGraphics;Lcom/sun/javafx/geom/transform/BaseTransform;Lcom/sun/prism/ps/Shader;Lcom/sud[ýwP@
Event: 65.860 Thread 0x000000000c4b5000 Uncommon trap: reason=class_check action=maybe_recompile pc=0x0000000002d107f0 method=com.sun.prism.d3d.D3DContext.updateShaderTransform(Lcom/sun/prism/ps/Shader;Lcom/sun/javafx/geom/transform/BaseTransform;)V @ 5
Event: 65.861 Thread 0x000000000c4b5000 Uncommon trap: reason=class_check action=maybe_recompile pc=0x0000000002d10a28 method=com.sun.prism.impl.ps.BaseShaderContext.checkState(Lcom/sun/prism/impl/ps/BaseShaderGraphics;Lcom/sun/javafx/geom/transform/BaseTransform;Lcom/sun/prism/ps/Shader;Lcom/suò¹7&{P@
Event: 65.924 Thread 0x000000000c4b5000 Uncommon trap: reason=class_check action=maybe_recompile pc=0x0000000002d107f0 method=com.sun.prism.d3d.D3DContext.updateShaderTransform(Lcom/sun/prism/ps/Shader;Lcom/sun/javafx/geom/transform/BaseTransform;)V @ 5
Event: 65.924 Thread 0x000000000c4b5000 Uncommon trap: reason=class_check action=maybe_recompile pc=0x0000000002d10a28 method=com.sun.prism.impl.ps.BaseShaderContext.checkState(Lcom/sun/prism/impl/ps/BaseShaderGraphics;Lcom/sun/javafx/geom/transform/BaseTransform;Lcom/sun/prism/ps/Shader;Lcom/su«`hJ—P@
Event: 66.364 Thread 0x000000000c4b5000 Uncommon trap: reason=class_check action=maybe_recompile pc=0x0000000002d107f0 method=com.sun.prism.d3d.D3DContext.updateShaderTransform(Lcom/sun/prism/ps/Shader;Lcom/sun/javafx/geom/transform/BaseTransform;)V @ 5

Internal exceptions (10 events):
Event: 11.782 Thread 0x000000000c279000 Threw 0x00000000d9a06a70 at C:\re\jdk7u51\527\hotspot\src\share\vm\prims\jvm.cpp:1244
Event: 14.096 Thread 0x000000000cbd0800 Implicit null exception at 0x0000000002c76c98 to 0x0000000002c76dd5
Event: 15.267 Thread 0x000000000c279000 Implicit null exception at 0x0000000002c466b5 to 0x0000000002c466ed
Event: 27.882 Thread 0x000000000c4b5000 Implicit null exception at 0x0000000002cedd6e to 0x0000000002cee69d
Event: 66.309 Thread 0x000000000c279000 Threw 0x00000000dc0fa250 at C:\re\jdk7u51\527\hotspot\src\share\vm\classfile\systemDictionary.cpp:185
Event: 66.309 Thread 0x000000000c279000 Threw 0x00000000dc0fa7c0 at C:\re\jdk7u51\527\hotspot\src\share\vm\prims\jvm.cpp:1244
Event: 66.309 Thread 0x000000000c279000 Threw 0x00000000dc0fac30 at C:\re\jdk7u51\527\hotspot\src\share\vm\prims\jvm.cpp:1244
Event: 66.309 Thread 0x000000000c279000 Threw 0x00000000dc0fb448 at C:\re\jdk7u51\527\hotspot\src\share\vm\classfile\systemDictionary.cpp:185
Event: 66.309 Thread 0x000000000c279000 Threw 0x00000000dc0fb9b8 at C:\re\jdk7u51\527\hotspot\src\share\vm\prims\jvm.cpp:1244
Event: 66.309 Thread 0x000000000c279000 Threw 0x00000000dc0fbe28 at C:\re\jdk7u51\527\hotspot\src\share\vm\prims\jvm.cpp:1244

Events (10 events):
Event: 91.480 Executing VM operation: RevokeBias done
Event: 91.481 Thread 0x0000000010e1c800 Thread added: 0x0000000010e1c800
Event: 91.481 Executing VM operation: RevokeBias
Event: 91.483 Executing VM operation: RevokeBias done
Event: 91.485 Executing VM operation: RevokeBias
Event: 91.485 Executing VM operation: RevokeBias done
Event: 91.486 Executing VM operation: RevokeBias
Event: 91.486 Executing VM operation: RevokeBias done
Event: 91.486 Executing VM operation: RevokeBias
Event: 91.486 Executing VM operation: RevokeBias done


Dynamic libraries:
0x000007f7d3a80000 - 0x000007f7d3ab3000 	C:\Program Files\Java\jdk1.7.0_51\jre\bin\java.exe
0x000007faf5e40000 - 0x000007faf6000000 	C:\Windows\SYSTEM32\ntdll.dll
0x000007faf5430000 - 0x000007faf5566000 	C:\Windows\system32\KERNEL32.DLL
0x000007faf2ea0000 - 0x000007faf2f93000 	C:\Windows\system32\KERNELBASE.dll
0x000007faf51a0000 - 0x000007faf527e000 	C:\Windows\system32\ADVAPI32.dll
0x000007faf5050000 - 0x000007faf519c000 	C:\Windows\system32\USER32.dll
0x000007faf0790000 - 0x000007faf09fa000 	C:\Windows\WinSxS\amd64_microsoft.windows.common-controls_6595b64144ccf1df_6.0.9200.16579_none_418ab7ef718b27ef\COMCTL32.dll
0x000007faf37e0000 - 0x000007faf3885000 	C:\Windows\system32\msvcrt.dll
0x000007faf3a80000 - 0x000007faf3ac8000 	C:\Windows\SYSTEM32\sechost.dll
0x000007faf55e0000 - 0x000007faf5725000 	C:\Windows\system32\RPCRT4.dll
0x000007faf3690000 - 0x000007faf37d1000 	C:\Windows\system32\GDI32.dll
0x000007faf3890000 - 0x000007faf38c9000 	C:\Windows\system32\IMM32.DLL
0x000007faf57a0000 - 0x000007faf58b6000 	C:\Windows\system32\MSCTF.dll
0x0000000072290000 - 0x0000000072362000 	C:\Program Files\Java\jdk1.7.0_51\jre\bin\msvcr100.dll
0x0000000072370000 - 0x0000000072b39000 	C:\Program Files\Java\jdk1.7.0_51\jre\bin\server\jvm.dll
0x000007faeb4e0000 - 0x000007faeb4e9000 	C:\Windows\SYSTEM32\WSOCK32.dll
0x000007faefd40000 - 0x000007faefd60000 	C:\Windows\SYSTEM32\WINMM.dll
0x000007faf5570000 - 0x000007faf5577000 	C:\Windows\system32\PSAPI.DLL
0x000007faf5580000 - 0x000007faf55d8000 	C:\Windows\system32\WS2_32.dll
0x000007faef3c0000 - 0x000007faef3f3000 	C:\Windows\SYSTEM32\WINMMBASE.dll
0x000007faf5e30000 - 0x000007faf5e39000 	C:\Windows\system32\NSI.dll
0x000007faf2dc0000 - 0x000007faf2e0f000 	C:\Windows\SYSTEM32\cfgmgr32.dll
0x000007faf2e70000 - 0x000007faf2e92000 	C:\Windows\system32\DEVOBJ.dll
0x0000000072240000 - 0x000000007224f000 	C:\Program Files\Java\jdk1.7.0_51\jre\bin\verify.dll
0x0000000072210000 - 0x0000000072238000 	C:\Program Files\Java\jdk1.7.0_51\jre\bin\java.dll
0x00000000721f0000 - 0x0000000072205000 	C:\Program Files\Java\jdk1.7.0_51\jre\bin\zip.dll
0x00000000702e0000 - 0x0000000070358000 	C:\Program Files\Java\jdk1.7.0_51\jre\bin\deploy.dll
0x000007faf3510000 - 0x000007faf368e000 	C:\Windows\system32\ole32.dll
0x000007faf4f80000 - 0x000007faf5043000 	C:\Windows\system32\OLEAUT32.dll
0x000007faf0e50000 - 0x000007faf0e59000 	C:\Windows\SYSTEM32\VERSION.dll
0x000007faf3230000 - 0x000007faf345d000 	C:\Windows\system32\WININET.dll
0x000007faf5c20000 - 0x000007faf5d79000 	C:\Windows\system32\urlmon.dll
0x000007faf38d0000 - 0x000007faf3a80000 	C:\Windows\SYSTEM32\combase.dll
0x000007faf5990000 - 0x000007faf5c1c000 	C:\Windows\system32\iertutil.dll
0x000007faf5940000 - 0x000007faf5990000 	C:\Windows\system32\SHLWAPI.dll
0x000007faf3ad0000 - 0x000007faf4daf000 	C:\Windows\system32\SHELL32.dll
0x000007faf1440000 - 0x000007faf14d5000 	C:\Windows\SYSTEM32\SHCORE.dll
0x000007faf2cf0000 - 0x000007faf2d05000 	C:\Windows\SYSTEM32\profapi.dll
0x000007faeabe0000 - 0x000007faeabeb000 	C:\Windows\SYSTEM32\Secur32.dll
0x000007faf2a90000 - 0x000007faf2abc000 	C:\Windows\SYSTEM32\SSPICLI.DLL
0x000007faec060000 - 0x000007faec111000 	C:\Windows\SYSTEM32\winhttp.dll
0x000007faf2540000 - 0x000007faf259c000 	C:\Windows\system32\mswsock.dll
0x000007faee010000 - 0x000007faee03a000 	C:\Windows\SYSTEM32\IPHLPAPI.DLL
0x000007faedff0000 - 0x000007faedffa000 	C:\Windows\SYSTEM32\WINNSI.DLL
0x000007faf2380000 - 0x000007faf2418000 	C:\Windows\SYSTEM32\DNSAPI.dll
0x0000000073010000 - 0x0000000073036000 	C:\Program Files\Bonjour\mdnsNSP.dll
0x000007faed3a0000 - 0x000007faed3b3000 	C:\Windows\SYSTEM32\dhcpcsvc6.DLL
0x000007faeb570000 - 0x000007faeb578000 	C:\Windows\System32\rasadhlp.dll
0x000007faed430000 - 0x000007faed448000 	C:\Windows\SYSTEM32\dhcpcsvc.DLL
0x00000000707d0000 - 0x00000000707df000 	C:\Program Files\Java\jdk1.7.0_51\jre\bin\prism-d3d.dll
0x000007fae24e0000 - 0x000007fae26e0000 	C:\Windows\system32\d3d9.dll
0x000007faf1240000 - 0x000007faf1261000 	C:\Windows\SYSTEM32\dwmapi.dll
0x000007faf1b80000 - 0x000007faf1c66000 	C:\Windows\system32\uxtheme.dll
0x000007faf0260000 - 0x000007faf037b000 	C:\Windows\SYSTEM32\aticfx64.dll
0x000007fae76c0000 - 0x000007fae76e0000 	C:\Windows\SYSTEM32\atiu9p64.dll
0x000007fad6520000 - 0x000007fad6bd6000 	C:\Windows\SYSTEM32\atiumd64.dll
0x0000000072b40000 - 0x000000007300d000 	C:\Windows\SYSTEM32\atiumd6a.dll
0x0000000070410000 - 0x0000000070442000 	C:\Program Files\Java\jdk1.7.0_51\jre\bin\glass.dll
0x000007faf5d80000 - 0x000007faf5e21000 	C:\Windows\system32\COMDLG32.dll
0x000007faf2b30000 - 0x000007faf2b3a000 	C:\Windows\SYSTEM32\CRYPTBASE.dll
0x000007faf2ad0000 - 0x000007faf2b2c000 	C:\Windows\SYSTEM32\bcryptPrimitives.dll
0x0000000070240000 - 0x00000000702de000 	C:\Program Files\Java\jdk1.7.0_51\jre\bin\libxml2.dll
0x0000000070200000 - 0x0000000070236000 	C:\Program Files\Java\jdk1.7.0_51\jre\bin\libxslt.dll
0x000000006f3c0000 - 0x00000000701f8000 	C:\Program Files\Java\jdk1.7.0_51\jre\bin\jfxwebkit.dll
0x00000000721d0000 - 0x00000000721e9000 	C:\Program Files\Java\jdk1.7.0_51\jre\bin\net.dll
0x000007faf3470000 - 0x000007faf3506000 	C:\Windows\SYSTEM32\clbcatq.dll
0x000007faf0e70000 - 0x000007faf1003000 	C:\Windows\SYSTEM32\WindowsCodecs.dll
0x000007fae2300000 - 0x000007fae232e000 	C:\Program Files\Common Files\Microsoft Shared\Ink\rtscom.dll
0x000000006f370000 - 0x000000006f3c0000 	C:\Program Files\Java\jdk1.7.0_51\jre\bin\javafx-font.dll
0x000007faed5a0000 - 0x000007faed601000 	C:\Windows\System32\fwpuclnt.dll
0x000007faf25a0000 - 0x000007faf25ba000 	C:\Windows\SYSTEM32\CRYPTSP.dll
0x000007faf2220000 - 0x000007faf226b000 	C:\Windows\system32\rsaenh.dll
0x00000000721b0000 - 0x00000000721c1000 	C:\Program Files\Java\jdk1.7.0_51\jre\bin\nio.dll
0x0000000071f30000 - 0x0000000071f54000 	C:\Program Files\Java\jdk1.7.0_51\jre\bin\sunec.dll
0x0000000071f20000 - 0x0000000071f2b000 	C:\Program Files\Java\jdk1.7.0_51\jre\bin\sunmscapi.dll
0x000007faf2fa0000 - 0x000007faf3171000 	C:\Windows\system32\CRYPT32.dll
0x000007faf2da0000 - 0x000007faf2db6000 	C:\Windows\system32\MSASN1.dll
0x000007faf2320000 - 0x000007faf233f000 	C:\Windows\SYSTEM32\USERENV.dll
0x000007fae7580000 - 0x000007fae7594000 	C:\Windows\system32\napinsp.dll
0x000007fae75a0000 - 0x000007fae75b8000 	C:\Windows\system32\pnrpnsp.dll
0x000007faf1010000 - 0x000007faf1026000 	C:\Windows\system32\NLAapi.dll
0x000007fae75c0000 - 0x000007fae75d2000 	C:\Windows\System32\winrnr.dll
0x000007faf0590000 - 0x000007faf06f3000 	C:\Windows\SYSTEM32\dbghelp.dll

VM Arguments:
jvm_args: -Dfile.encoding=UTF-8 
java_command: C:\Users\Gabriel\Documents\NetBeansProjects\QCCBrowserEx1\dist\run914967941\QCCBrowserEx1.jar
Launcher Type: SUN_STANDARD

Environment Variables:
PATH=C:\Program Files (x86)\HP SimplePass\x64;C:\Program Files (x86)\HP SimplePass\;;C:\Program Files (x86)\AMD APP\bin\x86_64;C:\Program Files (x86)\AMD APP\bin\x86;C:\Windows\system32;C:\Windows;C:\Windows\System32\Wbem;C:\Windows\System32\WindowsPowerShell\v1.0\;C:\Program Files (x86)\Windows Live\Shared;C:\Program Files (x86)\ATI Technologies\ATI.ACE\Core-Static
USERNAME=Gabriel
OS=Windows_NT
PROCESSOR_IDENTIFIER=AMD64 Family 21 Model 19 Stepping 1, AuthenticAMD



---------------  S Y S T E M  ---------------

OS: Windows 8 , 64 bit Build 9200 

CPU:total 4 (4 cores per cpu, 1 threads per core) family 21 model 19 stepping 1, cmov, cx8, fxsr, mmx, sse, sse2, sse3, ssse3, sse4.1, sse4.2, popcnt, avx, aes, mmxext, 3dnowpref, lzcnt, sse4a, tsc, tscinvbit, tscinv

Memory: 4k page, physical 7563524k(4613848k free), swap 8743172k(5200076k free)

vm_info: Java HotSpot(TM) 64-Bit Server VM (24.51-b03) for windows-amd64 JRE (1.7.0_51-b13), built on Dec 18 2013 18:40:56 by "java_re" with unknown MS VC++:1600

time: Fri Apr 11 12:52:10 2014
elapsed time: 91 seconds

