#
# A fatal error has been detected by the Java Runtime Environment:
#
#  EXCEPTION_ACCESS_VIOLATION (0xc0000005) at pc=0x000000006fb72dba, pid=4152, tid=7784
#
# JRE version: Java(TM) SE Runtime Environment (7.0_51-b13) (build 1.7.0_51-b13)
# Java VM: Java HotSpot(TM) 64-Bit Server VM (24.51-b03 mixed mode windows-amd64 compressed oops)
# Problematic frame:
# C  [jfxwebkit.dll+0x302dba]
#
# Failed to write core dump. Minidumps are not enabled by default on client versions of Windows
#
# If you would like to submit a bug report, please visit:
#   http://bugreport.sun.com/bugreport/crash.jsp
# The crash happened outside the Java Virtual Machine in native code.
# See problematic frame for where to report the bug.
#

---------------  T H R E A D  ---------------

Current thread (0x000000000be33000):  JavaThread "JavaFX Application Thread" [_thread_in_native, id=7784, stack(0x000000000d8f0000,0x000000000d9f0000)]

siginfo: ExceptionCode=0xc0000005, reading address 0x0000000000000000

Registers:
RAX=0x000000000da7c830, RBX=0x0000000000000000, RCX=0x0000000000000000, RDX=0x0000000010e20020
RSP=0x000000000d9ee588, RBP=0x0000000000008363, RSI=0x0000000000008300, RDI=0x000000000df5c780
R8 =0x0000000000008363, R9 =0x0000000000008363, R10=0x000000000df5c7f0, R11=0x000000000d9ee430
R12=0x0000000010e20020, R13=0x00000000881500f0, R14=0x000000000d9ee878, R15=0x000000000be33000
RIP=0x000000006fb72dba, EFLAGS=0x0000000000010202

Top of Stack: (sp=0x000000000d9ee588)
0x000000000d9ee588:   000000006fb6da3e 0000000000000000
0x000000000d9ee598:   0000000000008300 000000000d9ee878
0x000000000d9ee5a8:   00000000881500f0 fffffffffffffffe
0x000000000d9ee5b8:   000000000df5c780 0000000000000000
0x000000000d9ee5c8:   000000000df5c780 0000000000008363
0x000000000d9ee5d8:   000000006fb6e6ea 000000000da7c830
0x000000000d9ee5e8:   000000000db70320 0000000010e20020
0x000000000d9ee5f8:   000000001124a640 fffffffffffffffe
0x000000000d9ee608:   000000001124a640 0000000000008363
0x000000000d9ee618:   0000000010e20020 000000000df5cb40
0x000000000d9ee628:   000000006fb6e7cb 000000000db70320
0x000000000d9ee638:   000000000df5c780 00000000533da1c3
0x000000000d9ee648:   000000000df5c780 0000000000008363
0x000000000d9ee658:   000000006fb92067 000000001124a640
0x000000000d9ee668:   0000000000000000 0000000010e20020
0x000000000d9ee678:   0000000000000000 000000000d9ee6d8 

Instructions: (pc=0x000000006fb72dba)
0x000000006fb72d9a:   00 48 8b 89 50 04 00 00 e8 e9 3c e3 ff 48 83 c4
0x000000006fb72daa:   20 5b c3 cc cc cc 4c 8b d1 48 8b 49 30 4d 8b c8
0x000000006fb72dba:   48 8b 01 4c 8b c2 49 8b d2 48 ff 60 20 cc cc cc
0x000000006fb72dca:   cc cc cc cc cc cc 48 8b 41 30 c6 40 10 01 c3 cc 


Register to memory mapping:

RAX=0x000000000da7c830 is an unknown value
RBX=0x0000000000000000 is an unknown value
RCX=0x0000000000000000 is an unknown value
RDX=0x0000000010e20020 is an unknown value
RSP=0x000000000d9ee588 is pointing into the stack for thread: 0x000000000be33000
RBP=0x0000000000008363 is an unknown value
RSI=0x0000000000008300 is an unknown value
RDI=0x000000000df5c780 is an unknown value
R8 =0x0000000000008363 is an unknown value
R9 =0x0000000000008363 is an unknown value
R10=0x000000000df5c7f0 is an unknown value
R11=0x000000000d9ee430 is pointing into the stack for thread: 0x000000000be33000
R12=0x0000000010e20020 is an unknown value
R13=0x00000000881500f0 is an oop
{method} 
 - klass: {other class}
R14=0x000000000d9ee878 is pointing into the stack for thread: 0x000000000be33000
R15=0x000000000be33000 is a thread


Stack: [0x000000000d8f0000,0x000000000d9f0000],  sp=0x000000000d9ee588,  free space=1017k
Native frames: (J=compiled Java code, j=interpreted, Vv=VM code, C=native code)
C  [jfxwebkit.dll+0x302dba]

Java frames: (J=compiled Java code, j=interpreted, Vv=VM code)
j  com.sun.webpane.webkit.network.URLLoader.twkDidReceiveData(Ljava/nio/ByteBuffer;IIJ)V+0
j  com.sun.webpane.webkit.network.URLLoader.access$1200(Ljava/nio/ByteBuffer;IIJ)V+4
j  com.sun.webpane.webkit.network.URLLoader$5.run()V+35
j  com.sun.glass.ui.InvokeLaterDispatcher$Future.run()V+4
v  ~StubRoutines::call_stub
j  com.sun.glass.ui.win.WinApplication._runLoop([Ljava/lang/String;Lcom/sun/glass/ui/Launchable;)V+0
j  com.sun.glass.ui.win.WinApplication.access$100(Lcom/sun/glass/ui/win/WinApplication;[Ljava/lang/String;Lcom/sun/glass/ui/Launchable;)V+3
j  com.sun.glass.ui.win.WinApplication$3$1.run()V+32
j  java.lang.Thread.run()V+11
v  ~StubRoutines::call_stub

---------------  P R O C E S S  ---------------

Java Threads: ( => current thread )
  0x0000000010af6800 JavaThread "Thread-7" daemon [_thread_blocked, id=6444, stack(0x00000000148f0000,0x00000000149f0000)]
  0x0000000010aff000 JavaThread "Thread-6" daemon [_thread_blocked, id=2128, stack(0x0000000014ce0000,0x0000000014de0000)]
  0x0000000010b02000 JavaThread "URL-Loader-20" daemon [_thread_blocked, id=2708, stack(0x00000000147f0000,0x00000000148f0000)]
  0x0000000010af4800 JavaThread "URL-Loader-19" daemon [_thread_blocked, id=6464, stack(0x00000000146d0000,0x00000000147d0000)]
  0x0000000010af7800 JavaThread "URL-Loader-18" daemon [_thread_blocked, id=2832, stack(0x0000000014590000,0x0000000014690000)]
  0x0000000010b01000 JavaThread "URL-Loader-17" daemon [_thread_blocked, id=7344, stack(0x0000000014490000,0x0000000014590000)]
  0x0000000010b00800 JavaThread "URL-Loader-16" daemon [_thread_blocked, id=5260, stack(0x0000000014390000,0x0000000014490000)]
  0x0000000010af6000 JavaThread "URL-Loader-15" daemon [_thread_blocked, id=344, stack(0x0000000014290000,0x0000000014390000)]
  0x0000000010afb000 JavaThread "URL-Loader-14" daemon [_thread_blocked, id=3404, stack(0x0000000014190000,0x0000000014290000)]
  0x0000000010afc800 JavaThread "URL-Loader-13" daemon [_thread_blocked, id=6600, stack(0x0000000014090000,0x0000000014190000)]
  0x0000000010afd800 JavaThread "URL-Loader-12" daemon [_thread_in_native, id=1144, stack(0x0000000013f90000,0x0000000014090000)]
  0x000000000e078000 JavaThread "URL-Loader-11" daemon [_thread_blocked, id=5116, stack(0x0000000013e90000,0x0000000013f90000)]
  0x000000000e077000 JavaThread "URL-Loader-10" daemon [_thread_blocked, id=8992, stack(0x0000000013d90000,0x0000000013e90000)]
  0x000000000e075800 JavaThread "URL-Loader-9" daemon [_thread_blocked, id=8776, stack(0x0000000013c90000,0x0000000013d90000)]
  0x000000000e076800 JavaThread "URL-Loader-8" daemon [_thread_blocked, id=8112, stack(0x0000000013b90000,0x0000000013c90000)]
  0x000000000e07a800 JavaThread "URL-Loader-7" daemon [_thread_blocked, id=7640, stack(0x0000000013a90000,0x0000000013b90000)]
  0x000000000e078800 JavaThread "URL-Loader-6" daemon [_thread_blocked, id=3052, stack(0x0000000013990000,0x0000000013a90000)]
  0x000000000e075000 JavaThread "URL-Loader-5" daemon [_thread_blocked, id=8620, stack(0x0000000013890000,0x0000000013990000)]
  0x000000000e073800 JavaThread "URL-Loader-4" daemon [_thread_blocked, id=6220, stack(0x0000000013790000,0x0000000013890000)]
  0x000000000e079800 JavaThread "URL-Loader-3" daemon [_thread_blocked, id=6036, stack(0x0000000013690000,0x0000000013790000)]
  0x000000000e074000 JavaThread "URL-Loader-2" daemon [_thread_blocked, id=7824, stack(0x0000000011dd0000,0x0000000011ed0000)]
  0x000000000e0e5800 JavaThread "Prism Font Disposer" daemon [_thread_blocked, id=7444, stack(0x0000000011cd0000,0x0000000011dd0000)]
  0x0000000010a5a800 JavaThread "Keep-Alive-Timer" daemon [_thread_blocked, id=6776, stack(0x0000000011730000,0x0000000011830000)]
  0x000000000db87800 JavaThread "URL-Loader-1" daemon [_thread_blocked, id=7172, stack(0x0000000011840000,0x0000000011940000)]
  0x000000000dfa7800 JavaThread "Disposer" daemon [_thread_blocked, id=9212, stack(0x0000000010130000,0x0000000010230000)]
  0x000000000be32000 JavaThread "Thread-3" daemon [_thread_in_native, id=8380, stack(0x0000000010030000,0x0000000010130000)]
=>0x000000000be33000 JavaThread "JavaFX Application Thread" [_thread_in_native, id=7784, stack(0x000000000d8f0000,0x000000000d9f0000)]
  0x000000000bddf800 JavaThread "Thread-2" daemon [_thread_blocked, id=3160, stack(0x000000000d7f0000,0x000000000d8f0000)]
  0x000000000bdec800 JavaThread "Disposer" daemon [_thread_blocked, id=5892, stack(0x000000000d580000,0x000000000d680000)]
  0x000000000bde4800 JavaThread "QuantumRenderer-0" daemon [_thread_blocked, id=2960, stack(0x000000000c880000,0x000000000c980000)]
  0x000000000bd79000 JavaThread "JavaFX-Launcher" [_thread_blocked, id=6180, stack(0x000000000c780000,0x000000000c880000)]
  0x000000000bd6f000 JavaThread "traceMsgQueueThread" daemon [_thread_blocked, id=7448, stack(0x000000000bf00000,0x000000000c000000)]
  0x000000000a187800 JavaThread "Service Thread" daemon [_thread_blocked, id=8868, stack(0x000000000b900000,0x000000000ba00000)]
  0x000000000a185000 JavaThread "C2 CompilerThread1" daemon [_thread_blocked, id=1040, stack(0x000000000b800000,0x000000000b900000)]
  0x000000000a182800 JavaThread "C2 CompilerThread0" daemon [_thread_blocked, id=5688, stack(0x000000000b700000,0x000000000b800000)]
  0x000000000a181800 JavaThread "Attach Listener" daemon [_thread_blocked, id=7828, stack(0x000000000b600000,0x000000000b700000)]
  0x000000000a17e800 JavaThread "Signal Dispatcher" daemon [_thread_blocked, id=8032, stack(0x000000000b500000,0x000000000b600000)]
  0x000000000a148800 JavaThread "Finalizer" daemon [_thread_blocked, id=4896, stack(0x000000000b400000,0x000000000b500000)]
  0x000000000a143000 JavaThread "Reference Handler" daemon [_thread_blocked, id=7916, stack(0x000000000b300000,0x000000000b400000)]
  0x00000000023b0800 JavaThread "main" [_thread_blocked, id=1916, stack(0x0000000002250000,0x0000000002350000)]

Other Threads:
  0x000000000a140000 VMThread [stack: 0x000000000b200000,0x000000000b300000] [id=5264]
  0x000000000a1a3800 WatcherThread [stack: 0x000000000ba00000,0x000000000bb00000] [id=2236]

VM state:not at safepoint (normal execution)

VM Mutex/Monitor currently owned by a thread: None

Heap
 PSYoungGen      total 129024K, used 37638K [0x00000000d9800000, 0x00000000e9d00000, 0x0000000100000000)
  eden space 120832K, 24% used [0x00000000d9800000,0x00000000db4c2ff0,0x00000000e0e00000)
  from space 8192K, 99% used [0x00000000e0e00000,0x00000000e15fea50,0x00000000e1600000)
  to   space 12800K, 0% used [0x00000000e9080000,0x00000000e9080000,0x00000000e9d00000)
 ParOldGen       total 78848K, used 10799K [0x000000008c800000, 0x0000000091500000, 0x00000000d9800000)
  object space 78848K, 13% used [0x000000008c800000,0x000000008d28be60,0x0000000091500000)
 PSPermGen       total 22528K, used 22402K [0x0000000087600000, 0x0000000088c00000, 0x000000008c800000)
  object space 22528K, 99% used [0x0000000087600000,0x0000000088be0b00,0x0000000088c00000)

Card table byte_map: [0x0000000005570000,0x0000000005940000] byte_map_base: 0x0000000005135000

Polling page: 0x0000000000850000

Code Cache  [0x00000000024b0000, 0x0000000002720000, 0x00000000054b0000)
 total_blobs=1079 nmethods=445 adapters=587 free_code_cache=47653Kb largest_free_block=48753024

Compilation events (10 events):
Event: 9.272 Thread 0x000000000a182800  480             sun.security.provider.MD5::HH (29 bytes)
Event: 9.272 Thread 0x000000000a185000  481             sun.security.provider.MD5::FF (33 bytes)
Event: 9.272 Thread 0x000000000a182800 nmethod 480 0x000000000262fcd0 code [0x000000000262fe00, 0x000000000262fe78]
Event: 9.272 Thread 0x000000000a182800  482             sun.security.provider.MD5::GG (33 bytes)
Event: 9.272 Thread 0x000000000a185000 nmethod 481 0x0000000002629650 code [0x0000000002629780, 0x00000000026297f8]
Event: 9.273 Thread 0x000000000a182800 nmethod 482 0x0000000002628050 code [0x0000000002628180, 0x00000000026281f8]
Event: 9.285 Thread 0x000000000a185000  483             com.sun.javafx.geom.Point2D::setLocation (11 bytes)
Event: 9.285 Thread 0x000000000a185000 nmethod 483 0x0000000002627e50 code [0x0000000002627f80, 0x0000000002627fd8]
Event: 9.645 Thread 0x000000000a182800  485             com.sun.javafx.geom.transform.Affine3D::setTransform (101 bytes)
Event: 9.650 Thread 0x000000000a182800 nmethod 485 0x0000000002630d50 code [0x0000000002630f80, 0x0000000002631378]

GC Heap History (10 events):
Event: 5.215 GC heap before
{Heap before GC invocations=3 (full 0):
 PSYoungGen      total 34816K, used 34792K [0x00000000d9800000, 0x00000000dbe80000, 0x0000000100000000)
  eden space 30208K, 99% used [0x00000000d9800000,0x00000000db57bd38,0x00000000db580000)
  from space 4608K, 99% used [0x00000000dba00000,0x00000000dbe7e410,0x00000000dbe80000)
  to   space 4608K, 0% used [0x00000000db580000,0x00000000db580000,0x00000000dba00000)
 ParOldGen       total 78848K, used 3907K [0x000000008c800000, 0x0000000091500000, 0x00000000d9800000)
  object space 78848K, 4% used [0x000000008c800000,0x000000008cbd0ff8,0x0000000091500000)
 PSPermGen       total 21504K, used 19050K [0x0000000087600000, 0x0000000088b00000, 0x000000008c800000)
  object space 21504K, 88% used [0x0000000087600000,0x000000008889a978,0x0000000088b00000)
Event: 5.225 GC heap after
Heap after GC invocations=3 (full 0):
 PSYoungGen      total 34816K, used 4599K [0x00000000d9800000, 0x00000000ddc00000, 0x0000000100000000)
  eden space 30208K, 0% used [0x00000000d9800000,0x00000000d9800000,0x00000000db580000)
  from space 4608K, 99% used [0x00000000db580000,0x00000000db9fddb0,0x00000000dba00000)
  to   space 4608K, 0% used [0x00000000dd780000,0x00000000dd780000,0x00000000ddc00000)
 ParOldGen       total 78848K, used 3947K [0x000000008c800000, 0x0000000091500000, 0x00000000d9800000)
  object space 78848K, 5% used [0x000000008c800000,0x000000008cbdaff8,0x0000000091500000)
 PSPermGen       total 21504K, used 19050K [0x0000000087600000, 0x0000000088b00000, 0x000000008c800000)
  object space 21504K, 88% used [0x0000000087600000,0x000000008889a978,0x0000000088b00000)
}
Event: 5.240 GC heap before
{Heap before GC invocations=4 (full 0):
 PSYoungGen      total 34816K, used 34721K [0x00000000d9800000, 0x00000000ddc00000, 0x0000000100000000)
  eden space 30208K, 99% used [0x00000000d9800000,0x00000000db56a800,0x00000000db580000)
  from space 4608K, 99% used [0x00000000db580000,0x00000000db9fddb0,0x00000000dba00000)
  to   space 4608K, 0% used [0x00000000dd780000,0x00000000dd780000,0x00000000ddc00000)
 ParOldGen       total 78848K, used 3947K [0x000000008c800000, 0x0000000091500000, 0x00000000d9800000)
  object space 78848K, 5% used [0x000000008c800000,0x000000008cbdaff8,0x0000000091500000)
 PSPermGen       total 21504K, used 19050K [0x0000000087600000, 0x0000000088b00000, 0x000000008c800000)
  object space 21504K, 88% used [0x0000000087600000,0x000000008889a978,0x0000000088b00000)
Event: 5.249 GC heap after
Heap after GC invocations=4 (full 0):
 PSYoungGen      total 65024K, used 4590K [0x00000000d9800000, 0x00000000ddc00000, 0x0000000100000000)
  eden space 60416K, 0% used [0x00000000d9800000,0x00000000d9800000,0x00000000dd300000)
  from space 4608K, 99% used [0x00000000dd780000,0x00000000ddbfb840,0x00000000ddc00000)
  to   space 4608K, 0% used [0x00000000dd300000,0x00000000dd300000,0x00000000dd780000)
 ParOldGen       total 78848K, used 3987K [0x000000008c800000, 0x0000000091500000, 0x00000000d9800000)
  object space 78848K, 5% used [0x000000008c800000,0x000000008cbe4ff8,0x0000000091500000)
 PSPermGen       total 21504K, used 19050K [0x0000000087600000, 0x0000000088b00000, 0x000000008c800000)
  object space 21504K, 88% used [0x0000000087600000,0x000000008889a978,0x0000000088b00000)
}
Event: 5.284 GC heap before
{Heap before GC invocations=5 (full 0):
 PSYoungGen      total 65024K, used 64960K [0x00000000d9800000, 0x00000000ddc00000, 0x0000000100000000)
  eden space 60416K, 99% used [0x00000000d9800000,0x00000000dd2f4860,0x00000000dd300000)
  from space 4608K, 99% used [0x00000000dd780000,0x00000000ddbfb840,0x00000000ddc00000)
  to   space 4608K, 0% used [0x00000000dd300000,0x00000000dd300000,0x00000000dd780000)
 ParOldGen       total 78848K, used 3987K [0x000000008c800000, 0x0000000091500000, 0x00000000d9800000)
  object space 78848K, 5% used [0x000000008c800000,0x000000008cbe4ff8,0x0000000091500000)
 PSPermGen       total 21504K, used 19050K [0x0000000087600000, 0x0000000088b00000, 0x000000008c800000)
  object space 21504K, 88% used [0x0000000087600000,0x000000008889a978,0x0000000088b00000)
Event: 5.297 GC heap after
Heap after GC invocations=5 (full 0):
 PSYoungGen      total 65024K, used 4592K [0x00000000d9800000, 0x00000000e1f00000, 0x0000000100000000)
  eden space 60416K, 0% used [0x00000000d9800000,0x00000000d9800000,0x00000000dd300000)
  from space 4608K, 99% used [0x00000000dd300000,0x00000000dd77c368,0x00000000dd780000)
  to   space 8704K, 0% used [0x00000000e1680000,0x00000000e1680000,0x00000000e1f00000)
 ParOldGen       total 78848K, used 4035K [0x000000008c800000, 0x0000000091500000, 0x00000000d9800000)
  object space 78848K, 5% used [0x000000008c800000,0x000000008cbf0ff8,0x0000000091500000)
 PSPermGen       total 21504K, used 19050K [0x0000000087600000, 0x0000000088b00000, 0x000000008c800000)
  object space 21504K, 88% used [0x0000000087600000,0x000000008889a978,0x0000000088b00000)
}
Event: 5.325 GC heap before
{Heap before GC invocations=6 (full 0):
 PSYoungGen      total 65024K, used 64864K [0x00000000d9800000, 0x00000000e1f00000, 0x0000000100000000)
  eden space 60416K, 99% used [0x00000000d9800000,0x00000000dd2dbca8,0x00000000dd300000)
  from space 4608K, 99% used [0x00000000dd300000,0x00000000dd77c368,0x00000000dd780000)
  to   space 8704K, 0% used [0x00000000e1680000,0x00000000e1680000,0x00000000e1f00000)
 ParOldGen       total 78848K, used 4035K [0x000000008c800000, 0x0000000091500000, 0x00000000d9800000)
  object space 78848K, 5% used [0x000000008c800000,0x000000008cbf0ff8,0x0000000091500000)
 PSPermGen       total 21504K, used 19050K [0x0000000087600000, 0x0000000088b00000, 0x000000008c800000)
  object space 21504K, 88% used [0x0000000087600000,0x000000008889a978,0x0000000088b00000)
Event: 5.337 GC heap after
Heap after GC invocations=6 (full 0):
 PSYoungGen      total 128512K, used 4668K [0x00000000d9800000, 0x00000000e1e00000, 0x0000000100000000)
  eden space 120832K, 0% used [0x00000000d9800000,0x00000000d9800000,0x00000000e0e00000)
  from space 7680K, 60% used [0x00000000e1680000,0x00000000e1b0f1c0,0x00000000e1e00000)
  to   space 8192K, 0% used [0x00000000e0e00000,0x00000000e0e00000,0x00000000e1600000)
 ParOldGen       total 78848K, used 4035K [0x000000008c800000, 0x0000000091500000, 0x00000000d9800000)
  object space 78848K, 5% used [0x000000008c800000,0x000000008cbf0ff8,0x0000000091500000)
 PSPermGen       total 21504K, used 19050K [0x0000000087600000, 0x0000000088b00000, 0x000000008c800000)
  object space 21504K, 88% used [0x0000000087600000,0x000000008889a978,0x0000000088b00000)
}
Event: 7.058 GC heap before
{Heap before GC invocations=7 (full 0):
 PSYoungGen      total 128512K, used 125500K [0x00000000d9800000, 0x00000000e1e00000, 0x0000000100000000)
  eden space 120832K, 100% used [0x00000000d9800000,0x00000000e0e00000,0x00000000e0e00000)
  from space 7680K, 60% used [0x00000000e1680000,0x00000000e1b0f1c0,0x00000000e1e00000)
  to   space 8192K, 0% used [0x00000000e0e00000,0x00000000e0e00000,0x00000000e1600000)
 ParOldGen       total 78848K, used 4036K [0x000000008c800000, 0x0000000091500000, 0x00000000d9800000)
  object space 78848K, 5% used [0x000000008c800000,0x000000008cbf1010,0x0000000091500000)
 PSPermGen       total 22528K, used 22151K [0x0000000087600000, 0x0000000088c00000, 0x000000008c800000)
  object space 22528K, 98% used [0x0000000087600000,0x0000000088ba1c68,0x0000000088c00000)
Event: 7.086 GC heap after
Heap after GC invocations=7 (full 0):
 PSYoungGen      total 129024K, used 8186K [0x00000000d9800000, 0x00000000e9d00000, 0x0000000100000000)
  eden space 120832K, 0% used [0x00000000d9800000,0x00000000d9800000,0x00000000e0e00000)
  from space 8192K, 99% used [0x00000000e0e00000,0x00000000e15fea50,0x00000000e1600000)
  to   space 12800K, 0% used [0x00000000e9080000,0x00000000e9080000,0x00000000e9d00000)
 ParOldGen       total 78848K, used 10799K [0x000000008c800000, 0x0000000091500000, 0x00000000d9800000)
  object space 78848K, 13% used [0x000000008c800000,0x000000008d28be60,0x0000000091500000)
 PSPermGen       total 22528K, used 22151K [0x0000000087600000, 0x0000000088c00000, 0x000000008c800000)
  object space 22528K, 98% used [0x0000000087600000,0x0000000088ba1c68,0x0000000088c00000)
}

Deoptimization events (10 events):
Event: 6.003 Thread 0x000000000e075000 Uncommon trap: reason=class_check action=maybe_recompile pc=0x00000000025bda20 method=java.util.regex.Pattern$BmpCharProperty.match(Ljava/util/regex/Matcher;ILjava/lang/CharSequence;)Z @ 16
Event: 6.534 Thread 0x000000000be33000 Uncommon trap: reason=bimorphic action=maybe_recompile pc=0x00000000025a2cb0 method=java.io.FilterInputStream.read()I @ 4
Event: 6.535 Thread 0x000000000be33000 Uncommon trap: reason=bimorphic action=maybe_recompile pc=0x00000000025a2cb0 method=java.io.FilterInputStream.read()I @ 4
Event: 6.535 Thread 0x000000000be33000 Uncommon trap: reason=bimorphic action=maybe_recompile pc=0x00000000025a2cb0 method=java.io.FilterInputStream.read()I @ 4
Event: 6.535 Thread 0x000000000be33000 Uncommon trap: reason=bimorphic action=maybe_recompile pc=0x00000000025a2cb0 method=java.io.FilterInputStream.read()I @ 4
Event: 7.382 Thread 0x000000000be33000 Uncommon trap: reason=array_check action=maybe_recompile pc=0x00000000025b5a34 method=java.util.Arrays.fill([Ljava/lang/Object;Ljava/lang/Object;)V @ 13
Event: 7.382 Thread 0x000000000be33000 Uncommon trap: reason=array_check action=maybe_recompile pc=0x00000000025b5a34 method=java.util.Arrays.fill([Ljava/lang/Object;Ljava/lang/Object;)V @ 13
Event: 7.382 Thread 0x000000000be33000 Uncommon trap: reason=array_check action=maybe_recompile pc=0x00000000025b5a34 method=java.util.Arrays.fill([Ljava/lang/Object;Ljava/lang/Object;)V @ 13
Event: 7.395 Thread 0x000000000be33000 Uncommon trap: reason=array_check action=maybe_recompile pc=0x00000000025b5a34 method=java.util.Arrays.fill([Ljava/lang/Object;Ljava/lang/Object;)V @ 13
Event: 7.680 Thread 0x000000000bde4800 Uncommon trap: reason=unreached action=reinterpret pc=0x000000000260c198 method=com.sun.scenario.effect.impl.ImagePool.checkOut(Lcom/sun/scenario/effect/impl/Renderer;II)Lcom/sun/scenario/effect/Filterable; @ 209

Internal exceptions (10 events):
Event: 5.720 Thread 0x000000000be33000 Threw 0x00000000dd6eddb0 at C:\re\jdk7u51\527\hotspot\src\share\vm\prims\jni.cpp:717
Event: 5.726 Thread 0x000000000be33000 Threw 0x00000000dd6f2100 at C:\re\jdk7u51\527\hotspot\src\share\vm\prims\jni.cpp:717
Event: 5.729 Thread 0x000000000be33000 Threw 0x00000000dd6f7740 at C:\re\jdk7u51\527\hotspot\src\share\vm\prims\jni.cpp:717
Event: 5.732 Thread 0x000000000be33000 Threw 0x00000000dd6fb838 at C:\re\jdk7u51\527\hotspot\src\share\vm\prims\jni.cpp:717
Event: 9.095 Thread 0x000000000be33000 Threw 0x00000000daf28120 at C:\re\jdk7u51\527\hotspot\src\share\vm\classfile\systemDictionary.cpp:185
Event: 9.096 Thread 0x000000000be33000 Threw 0x00000000daf28ef8 at C:\re\jdk7u51\527\hotspot\src\share\vm\prims\jvm.cpp:1244
Event: 9.096 Thread 0x000000000be33000 Threw 0x00000000daf29368 at C:\re\jdk7u51\527\hotspot\src\share\vm\prims\jvm.cpp:1244
Event: 9.096 Thread 0x000000000be33000 Threw 0x00000000daf29b80 at C:\re\jdk7u51\527\hotspot\src\share\vm\classfile\systemDictionary.cpp:185
Event: 9.096 Thread 0x000000000be33000 Threw 0x00000000daf2a0f0 at C:\re\jdk7u51\527\hotspot\src\share\vm\prims\jvm.cpp:1244
Event: 9.096 Thread 0x000000000be33000 Threw 0x00000000daf2a560 at C:\re\jdk7u51\527\hotspot\src\share\vm\prims\jvm.cpp:1244

Events (10 events):
Event: 9.673 Executing VM operation: RevokeBias
Event: 9.673 Executing VM operation: RevokeBias done
Event: 9.673 Executing VM operation: RevokeBias
Event: 9.673 Executing VM operation: RevokeBias done
Event: 9.673 Executing VM operation: RevokeBias
Event: 9.673 Executing VM operation: RevokeBias done
Event: 9.673 Executing VM operation: RevokeBias
Event: 9.673 Executing VM operation: RevokeBias done
Event: 9.674 Executing VM operation: RevokeBias
Event: 9.674 Executing VM operation: RevokeBias done


Dynamic libraries:
0x000007f74da90000 - 0x000007f74dac3000 	C:\Program Files\Java\jdk1.7.0_51\jre\bin\java.exe
0x000007fbff5c0000 - 0x000007fbff780000 	C:\Windows\SYSTEM32\ntdll.dll
0x000007fbfede0000 - 0x000007fbfef16000 	C:\Windows\system32\KERNEL32.DLL
0x000007fbfc650000 - 0x000007fbfc743000 	C:\Windows\system32\KERNELBASE.dll
0x000007fbfef20000 - 0x000007fbfeffe000 	C:\Windows\system32\ADVAPI32.dll
0x000007fbfdd60000 - 0x000007fbfdeac000 	C:\Windows\system32\USER32.dll
0x000007fbf9b60000 - 0x000007fbf9dca000 	C:\Windows\WinSxS\amd64_microsoft.windows.common-controls_6595b64144ccf1df_6.0.9200.16579_none_418ab7ef718b27ef\COMCTL32.dll
0x000007fbff160000 - 0x000007fbff205000 	C:\Windows\system32\msvcrt.dll
0x000007fbfeb40000 - 0x000007fbfeb88000 	C:\Windows\SYSTEM32\sechost.dll
0x000007fbff010000 - 0x000007fbff155000 	C:\Windows\system32\RPCRT4.dll
0x000007fbfe220000 - 0x000007fbfe361000 	C:\Windows\system32\GDI32.dll
0x000007fbfdf00000 - 0x000007fbfdf39000 	C:\Windows\system32\IMM32.DLL
0x000007fbfea20000 - 0x000007fbfeb36000 	C:\Windows\system32\MSCTF.dll
0x0000000073380000 - 0x0000000073452000 	C:\Program Files\Java\jdk1.7.0_51\jre\bin\msvcr100.dll
0x0000000073460000 - 0x0000000073c29000 	C:\Program Files\Java\jdk1.7.0_51\jre\bin\server\jvm.dll
0x000007fbfa4d0000 - 0x000007fbfa4d9000 	C:\Windows\SYSTEM32\WSOCK32.dll
0x000007fbfa4f0000 - 0x000007fbfa510000 	C:\Windows\SYSTEM32\WINMM.dll
0x000007fbfe440000 - 0x000007fbfe447000 	C:\Windows\system32\PSAPI.DLL
0x000007fbff3b0000 - 0x000007fbff408000 	C:\Windows\system32\WS2_32.dll
0x000007fbf9740000 - 0x000007fbf9773000 	C:\Windows\SYSTEM32\WINMMBASE.dll
0x000007fbfe780000 - 0x000007fbfe789000 	C:\Windows\system32\NSI.dll
0x000007fbfc960000 - 0x000007fbfc9af000 	C:\Windows\SYSTEM32\cfgmgr32.dll
0x000007fbfc930000 - 0x000007fbfc952000 	C:\Windows\system32\DEVOBJ.dll
0x0000000073330000 - 0x000000007333f000 	C:\Program Files\Java\jdk1.7.0_51\jre\bin\verify.dll
0x0000000073300000 - 0x0000000073328000 	C:\Program Files\Java\jdk1.7.0_51\jre\bin\java.dll
0x00000000732e0000 - 0x00000000732f5000 	C:\Program Files\Java\jdk1.7.0_51\jre\bin\zip.dll
0x0000000071860000 - 0x00000000718d8000 	C:\Program Files\Java\jdk1.7.0_51\jre\bin\deploy.dll
0x000007fbfec40000 - 0x000007fbfedbe000 	C:\Windows\system32\ole32.dll
0x000007fbfe370000 - 0x000007fbfe433000 	C:\Windows\system32\OLEAUT32.dll
0x000007fbf95c0000 - 0x000007fbf95c9000 	C:\Windows\SYSTEM32\VERSION.dll
0x000007fbfdf40000 - 0x000007fbfe16d000 	C:\Windows\system32\WININET.dll
0x000007fbfe620000 - 0x000007fbfe779000 	C:\Windows\system32\urlmon.dll
0x000007fbff410000 - 0x000007fbff5c0000 	C:\Windows\SYSTEM32\combase.dll
0x000007fbfe790000 - 0x000007fbfea1c000 	C:\Windows\system32\iertutil.dll
0x000007fbfdeb0000 - 0x000007fbfdf00000 	C:\Windows\system32\SHLWAPI.dll
0x000007fbfc9b0000 - 0x000007fbfdc8f000 	C:\Windows\system32\SHELL32.dll
0x000007fbface0000 - 0x000007fbfad75000 	C:\Windows\SYSTEM32\SHCORE.dll
0x000007fbfc470000 - 0x000007fbfc485000 	C:\Windows\SYSTEM32\profapi.dll
0x000007fbf4a40000 - 0x000007fbf4a4b000 	C:\Windows\SYSTEM32\Secur32.dll
0x000007fbfc0d0000 - 0x000007fbfc0fc000 	C:\Windows\SYSTEM32\SSPICLI.DLL
0x000007fbf57f0000 - 0x000007fbf58a1000 	C:\Windows\SYSTEM32\winhttp.dll
0x000007fbfbcb0000 - 0x000007fbfbd0c000 	C:\Windows\system32\mswsock.dll
0x000007fbf7770000 - 0x000007fbf779a000 	C:\Windows\SYSTEM32\IPHLPAPI.DLL
0x000007fbf7630000 - 0x000007fbf763a000 	C:\Windows\SYSTEM32\WINNSI.DLL
0x000007fbfbac0000 - 0x000007fbfbb58000 	C:\Windows\SYSTEM32\DNSAPI.dll
0x0000000074100000 - 0x0000000074126000 	C:\Program Files\Bonjour\mdnsNSP.dll
0x000007fbf6b60000 - 0x000007fbf6b73000 	C:\Windows\SYSTEM32\dhcpcsvc6.DLL
0x000007fbf4ba0000 - 0x000007fbf4ba8000 	C:\Windows\System32\rasadhlp.dll
0x000007fbf6b40000 - 0x000007fbf6b58000 	C:\Windows\SYSTEM32\dhcpcsvc.DLL
0x0000000071850000 - 0x000000007185f000 	C:\Program Files\Java\jdk1.7.0_51\jre\bin\prism-d3d.dll
0x000007fbe2050000 - 0x000007fbe2250000 	C:\Windows\system32\d3d9.dll
0x000007fbfa5e0000 - 0x000007fbfa601000 	C:\Windows\SYSTEM32\dwmapi.dll
0x000007fbfb300000 - 0x000007fbfb3e6000 	C:\Windows\system32\uxtheme.dll
0x000007fbf9430000 - 0x000007fbf954b000 	C:\Windows\SYSTEM32\aticfx64.dll
0x000007fbea290000 - 0x000007fbea2b0000 	C:\Windows\SYSTEM32\atiu9p64.dll
0x000007fbe1990000 - 0x000007fbe2046000 	C:\Windows\SYSTEM32\atiumd64.dll
0x0000000073c30000 - 0x00000000740fd000 	C:\Windows\SYSTEM32\atiumd6a.dll
0x0000000071810000 - 0x0000000071842000 	C:\Program Files\Java\jdk1.7.0_51\jre\bin\glass.dll
0x000007fbfeb90000 - 0x000007fbfec31000 	C:\Windows\system32\COMDLG32.dll
0x000007fbfc2b0000 - 0x000007fbfc2ba000 	C:\Windows\SYSTEM32\CRYPTBASE.dll
0x000007fbfc250000 - 0x000007fbfc2ac000 	C:\Windows\SYSTEM32\bcryptPrimitives.dll
0x0000000071720000 - 0x00000000717be000 	C:\Program Files\Java\jdk1.7.0_51\jre\bin\libxml2.dll
0x00000000716e0000 - 0x0000000071716000 	C:\Program Files\Java\jdk1.7.0_51\jre\bin\libxslt.dll
0x000000006f870000 - 0x00000000706a8000 	C:\Program Files\Java\jdk1.7.0_51\jre\bin\jfxwebkit.dll
0x00000000732c0000 - 0x00000000732d9000 	C:\Program Files\Java\jdk1.7.0_51\jre\bin\net.dll
0x000007fbf6ea0000 - 0x000007fbf6f01000 	C:\Windows\System32\fwpuclnt.dll
0x000007fbfe170000 - 0x000007fbfe206000 	C:\Windows\SYSTEM32\clbcatq.dll
0x000007fbfafa0000 - 0x000007fbfb133000 	C:\Windows\SYSTEM32\WindowsCodecs.dll
0x000007fbf0c80000 - 0x000007fbf0cae000 	C:\Program Files\Common Files\Microsoft Shared\Ink\rtscom.dll
0x0000000071690000 - 0x00000000716e0000 	C:\Program Files\Java\jdk1.7.0_51\jre\bin\javafx-font.dll
0x000007fbfbe00000 - 0x000007fbfbe1a000 	C:\Windows\SYSTEM32\CRYPTSP.dll
0x000007fbfb940000 - 0x000007fbfb98b000 	C:\Windows\system32\rsaenh.dll
0x00000000732a0000 - 0x00000000732b1000 	C:\Program Files\Java\jdk1.7.0_51\jre\bin\nio.dll
0x0000000073020000 - 0x0000000073044000 	C:\Program Files\Java\jdk1.7.0_51\jre\bin\sunec.dll
0x0000000073010000 - 0x000000007301b000 	C:\Program Files\Java\jdk1.7.0_51\jre\bin\sunmscapi.dll
0x000007fbfc750000 - 0x000007fbfc921000 	C:\Windows\system32\CRYPT32.dll
0x000007fbfc520000 - 0x000007fbfc536000 	C:\Windows\system32\MSASN1.dll
0x000007fbfbc90000 - 0x000007fbfbcaf000 	C:\Windows\SYSTEM32\USERENV.dll
0x000007fbf3f70000 - 0x000007fbf3f84000 	C:\Windows\system32\napinsp.dll
0x000007fbf3f90000 - 0x000007fbf3fa8000 	C:\Windows\system32\pnrpnsp.dll
0x000007fbfac00000 - 0x000007fbfac16000 	C:\Windows\system32\NLAapi.dll
0x000007fbf4070000 - 0x000007fbf4082000 	C:\Windows\System32\winrnr.dll
0x000007fbfa180000 - 0x000007fbfa2e3000 	C:\Windows\SYSTEM32\dbghelp.dll

VM Arguments:
jvm_args: -Dfile.encoding=UTF-8 
java_command: C:\Users\Gabriel\Documents\NetBeansProjects\QCCBrowserEx1\dist\run1569213430\QCCBrowserEx1.jar
Launcher Type: SUN_STANDARD

Environment Variables:
PATH=C:\Program Files (x86)\HP SimplePass\x64;C:\Program Files (x86)\HP SimplePass\;;C:\Program Files (x86)\AMD APP\bin\x86_64;C:\Program Files (x86)\AMD APP\bin\x86;C:\Windows\system32;C:\Windows;C:\Windows\System32\Wbem;C:\Windows\System32\WindowsPowerShell\v1.0\;C:\Program Files (x86)\Windows Live\Shared;C:\Program Files (x86)\ATI Technologies\ATI.ACE\Core-Static
USERNAME=Gabriel
OS=Windows_NT
PROCESSOR_IDENTIFIER=AMD64 Family 21 Model 19 Stepping 1, AuthenticAMD



---------------  S Y S T E M  ---------------

OS: Windows 8 , 64 bit Build 9200 

CPU:total 4 (4 cores per cpu, 1 threads per core) family 21 model 19 stepping 1, cmov, cx8, fxsr, mmx, sse, sse2, sse3, ssse3, sse4.1, sse4.2, popcnt, avx, aes, mmxext, 3dnowpref, lzcnt, sse4a, tsc, tscinvbit, tscinv

Memory: 4k page, physical 7563524k(4161820k free), swap 8743172k(4087428k free)

vm_info: Java HotSpot(TM) 64-Bit Server VM (24.51-b03) for windows-amd64 JRE (1.7.0_51-b13), built on Dec 18 2013 18:40:56 by "java_re" with unknown MS VC++:1600

time: Thu Apr 03 14:00:35 2014
elapsed time: 9 seconds

