#
# A fatal error has been detected by the Java Runtime Environment:
#
#  EXCEPTION_ACCESS_VIOLATION (0xc0000005) at pc=0x000000006fb72dba, pid=7952, tid=4968
#
# JRE version: Java(TM) SE Runtime Environment (7.0_51-b13) (build 1.7.0_51-b13)
# Java VM: Java HotSpot(TM) 64-Bit Server VM (24.51-b03 mixed mode windows-amd64 compressed oops)
# Problematic frame:
# C  [jfxwebkit.dll+0x302dba]
#
# Failed to write core dump. Minidumps are not enabled by default on client versions of Windows
#
# If you would like to submit a bug report, please visit:
#   http://bugreport.sun.com/bugreport/crash.jsp
# The crash happened outside the Java Virtual Machine in native code.
# See problematic frame for where to report the bug.
#

---------------  T H R E A D  ---------------

Current thread (0x000000000b9c3000):  JavaThread "JavaFX Application Thread" [_thread_in_native, id=4968, stack(0x000000000dd30000,0x000000000de30000)]

siginfo: ExceptionCode=0xc0000005, reading address 0x0000000000000000

Registers:
RAX=0x0000000010c4f090, RBX=0x0000000000000000, RCX=0x0000000000000000, RDX=0x000000000c183070
RSP=0x000000000de2e7a8, RBP=0x0000000000008363, RSI=0x0000000000008300, RDI=0x000000001160ed60
R8 =0x0000000000008363, R9 =0x0000000000008363, R10=0x000000001160edd0, R11=0x000000000de2e650
R12=0x000000000c183070, R13=0x00000000881501e8, R14=0x000000000de2ea98, R15=0x000000000b9c3000
RIP=0x000000006fb72dba, EFLAGS=0x0000000000010206

Top of Stack: (sp=0x000000000de2e7a8)
0x000000000de2e7a8:   000000006fb6da3e 0000000000000000
0x000000000de2e7b8:   0000000000008300 000000000de2ea98
0x000000000de2e7c8:   00000000881501e8 fffffffffffffffe
0x000000000de2e7d8:   000000001160ed60 0000000000000000
0x000000000de2e7e8:   000000001160ed60 0000000000008363
0x000000000de2e7f8:   000000006fb6e6ea 0000000010c4f090
0x000000000de2e808:   000000000bb7ba70 000000000c183070
0x000000000de2e818:   0000000014bb3010 fffffffffffffffe
0x000000000de2e828:   0000000014bb3010 0000000000008363
0x000000000de2e838:   000000000c183070 000000001160f120
0x000000000de2e848:   000000006fb6e7cb 000000000bb7ba70
0x000000000de2e858:   000000001160ed60 00000000533cbda5
0x000000000de2e868:   000000001160ed60 0000000000008363
0x000000000de2e878:   000000006fb92067 0000000014bb3010
0x000000000de2e888:   0000000000000000 000000000c183070
0x000000000de2e898:   0000000000000000 000000000de2e8f8 

Instructions: (pc=0x000000006fb72dba)
0x000000006fb72d9a:   00 48 8b 89 50 04 00 00 e8 e9 3c e3 ff 48 83 c4
0x000000006fb72daa:   20 5b c3 cc cc cc 4c 8b d1 48 8b 49 30 4d 8b c8
0x000000006fb72dba:   48 8b 01 4c 8b c2 49 8b d2 48 ff 60 20 cc cc cc
0x000000006fb72dca:   cc cc cc cc cc cc 48 8b 41 30 c6 40 10 01 c3 cc 


Register to memory mapping:

RAX=0x0000000010c4f090 is an unknown value
RBX=0x0000000000000000 is an unknown value
RCX=0x0000000000000000 is an unknown value
RDX=0x000000000c183070 is an unknown value
RSP=0x000000000de2e7a8 is pointing into the stack for thread: 0x000000000b9c3000
RBP=0x0000000000008363 is an unknown value
RSI=0x0000000000008300 is an unknown value
RDI=0x000000001160ed60 is an unknown value
R8 =0x0000000000008363 is an unknown value
R9 =0x0000000000008363 is an unknown value
R10=0x000000001160edd0 is an unknown value
R11=0x000000000de2e650 is pointing into the stack for thread: 0x000000000b9c3000
R12=0x000000000c183070 is an unknown value
R13=0x00000000881501e8 is an oop
{method} 
 - klass: {other class}
R14=0x000000000de2ea98 is pointing into the stack for thread: 0x000000000b9c3000
R15=0x000000000b9c3000 is a thread


Stack: [0x000000000dd30000,0x000000000de30000],  sp=0x000000000de2e7a8,  free space=1017k
Native frames: (J=compiled Java code, j=interpreted, Vv=VM code, C=native code)
C  [jfxwebkit.dll+0x302dba]

Java frames: (J=compiled Java code, j=interpreted, Vv=VM code)
j  com.sun.webpane.webkit.network.URLLoader.twkDidReceiveData(Ljava/nio/ByteBuffer;IIJ)V+0
j  com.sun.webpane.webkit.network.URLLoader.access$1200(Ljava/nio/ByteBuffer;IIJ)V+4
j  com.sun.webpane.webkit.network.URLLoader$5.run()V+35
j  com.sun.glass.ui.InvokeLaterDispatcher$Future.run()V+4
v  ~StubRoutines::call_stub
j  com.sun.glass.ui.win.WinApplication._runLoop([Ljava/lang/String;Lcom/sun/glass/ui/Launchable;)V+0
j  com.sun.glass.ui.win.WinApplication.access$100(Lcom/sun/glass/ui/win/WinApplication;[Ljava/lang/String;Lcom/sun/glass/ui/Launchable;)V+3
j  com.sun.glass.ui.win.WinApplication$3$1.run()V+32
j  java.lang.Thread.run()V+11
v  ~StubRoutines::call_stub

---------------  P R O C E S S  ---------------

Java Threads: ( => current thread )
  0x000000001083a800 JavaThread "URL-Loader-20" daemon [_thread_blocked, id=7324, stack(0x0000000014340000,0x0000000014440000)]
  0x0000000010833800 JavaThread "URL-Loader-19" daemon [_thread_blocked, id=7276, stack(0x0000000014220000,0x0000000014320000)]
  0x000000001083c000 JavaThread "URL-Loader-18" daemon [_thread_blocked, id=6540, stack(0x00000000140a0000,0x00000000141a0000)]
  0x0000000010830000 JavaThread "URL-Loader-17" daemon [_thread_blocked, id=8748, stack(0x0000000013fa0000,0x00000000140a0000)]
  0x0000000010836000 JavaThread "URL-Loader-16" daemon [_thread_blocked, id=5368, stack(0x0000000013ea0000,0x0000000013fa0000)]
  0x000000001082d000 JavaThread "URL-Loader-15" daemon [_thread_blocked, id=4552, stack(0x0000000013da0000,0x0000000013ea0000)]
  0x0000000010834800 JavaThread "URL-Loader-14" daemon [_thread_blocked, id=6352, stack(0x0000000013ca0000,0x0000000013da0000)]
  0x000000001082e800 JavaThread "URL-Loader-13" daemon [_thread_blocked, id=5000, stack(0x0000000013ba0000,0x0000000013ca0000)]
  0x0000000010833000 JavaThread "URL-Loader-12" daemon [_thread_blocked, id=7732, stack(0x0000000013aa0000,0x0000000013ba0000)]
  0x0000000010835000 JavaThread "URL-Loader-11" daemon [_thread_blocked, id=7076, stack(0x00000000139a0000,0x0000000013aa0000)]
  0x000000000bd9f000 JavaThread "URL-Loader-10" daemon [_thread_blocked, id=9064, stack(0x00000000138a0000,0x00000000139a0000)]
  0x000000000bd9d800 JavaThread "URL-Loader-9" daemon [_thread_blocked, id=6908, stack(0x00000000137a0000,0x00000000138a0000)]
  0x000000000bd9a800 JavaThread "URL-Loader-8" daemon [_thread_blocked, id=2804, stack(0x00000000136a0000,0x00000000137a0000)]
  0x000000000bd9e800 JavaThread "URL-Loader-7" daemon [_thread_blocked, id=6564, stack(0x00000000135a0000,0x00000000136a0000)]
  0x000000000bd9d000 JavaThread "URL-Loader-6" daemon [_thread_blocked, id=5740, stack(0x00000000134a0000,0x00000000135a0000)]
  0x000000000bd9c000 JavaThread "URL-Loader-5" daemon [_thread_blocked, id=6936, stack(0x00000000133a0000,0x00000000134a0000)]
  0x000000000bd9a000 JavaThread "URL-Loader-4" daemon [_thread_blocked, id=7536, stack(0x00000000132a0000,0x00000000133a0000)]
  0x000000000bda0000 JavaThread "URL-Loader-3" daemon [_thread_blocked, id=4440, stack(0x00000000131a0000,0x00000000132a0000)]
  0x000000000bd99000 JavaThread "URL-Loader-2" daemon [_thread_blocked, id=6508, stack(0x0000000011a20000,0x0000000011b20000)]
  0x000000000bd9b800 JavaThread "Prism Font Disposer" daemon [_thread_blocked, id=6836, stack(0x0000000011650000,0x0000000011750000)]
  0x000000000bd79800 JavaThread "Keep-Alive-Timer" daemon [_thread_blocked, id=8324, stack(0x0000000010530000,0x0000000010630000)]
  0x000000000bf87000 JavaThread "URL-Loader-1" daemon [_thread_blocked, id=1828, stack(0x0000000010330000,0x0000000010430000)]
  0x000000000bd31000 JavaThread "Disposer" daemon [_thread_blocked, id=7996, stack(0x000000000fd30000,0x000000000fe30000)]
  0x000000000b9c6000 JavaThread "Thread-3" daemon [_thread_in_native, id=8468, stack(0x000000000fc30000,0x000000000fd30000)]
=>0x000000000b9c3000 JavaThread "JavaFX Application Thread" [_thread_in_native, id=4968, stack(0x000000000dd30000,0x000000000de30000)]
  0x000000000ba20000 JavaThread "Thread-2" daemon [_thread_blocked, id=6344, stack(0x000000000dc30000,0x000000000dd30000)]
  0x000000000b7e7000 JavaThread "Disposer" daemon [_thread_blocked, id=1388, stack(0x000000000db30000,0x000000000dc30000)]
  0x000000000b7d6000 JavaThread "QuantumRenderer-0" daemon [_thread_blocked, id=6436, stack(0x000000000cc20000,0x000000000cd20000)]
  0x000000000b8ae800 JavaThread "JavaFX-Launcher" [_thread_blocked, id=6628, stack(0x000000000ca90000,0x000000000cb90000)]
  0x000000000b8b7800 JavaThread "traceMsgQueueThread" daemon [_thread_blocked, id=5328, stack(0x000000000c230000,0x000000000c330000)]
  0x0000000009ca2000 JavaThread "Service Thread" daemon [_thread_blocked, id=7648, stack(0x000000000b430000,0x000000000b530000)]
  0x0000000009c96800 JavaThread "C2 CompilerThread1" daemon [_thread_blocked, id=7828, stack(0x000000000b330000,0x000000000b430000)]
  0x0000000009c94800 JavaThread "C2 CompilerThread0" daemon [_thread_blocked, id=8988, stack(0x000000000b230000,0x000000000b330000)]
  0x0000000009c93800 JavaThread "Attach Listener" daemon [_thread_blocked, id=4100, stack(0x000000000b130000,0x000000000b230000)]
  0x0000000009c90800 JavaThread "Signal Dispatcher" daemon [_thread_blocked, id=3272, stack(0x000000000b030000,0x000000000b130000)]
  0x0000000009c5f000 JavaThread "Finalizer" daemon [_thread_blocked, id=6500, stack(0x000000000af30000,0x000000000b030000)]
  0x0000000009c54000 JavaThread "Reference Handler" daemon [_thread_blocked, id=6580, stack(0x000000000ae30000,0x000000000af30000)]
  0x0000000001f50800 JavaThread "main" [_thread_blocked, id=5412, stack(0x0000000001e50000,0x0000000001f50000)]

Other Threads:
  0x0000000009c50000 VMThread [stack: 0x000000000ad30000,0x000000000ae30000] [id=8380]
  0x0000000009cc4800 WatcherThread [stack: 0x000000000b530000,0x000000000b630000] [id=6916]

VM state:not at safepoint (normal execution)

VM Mutex/Monitor currently owned by a thread: None

Heap
 PSYoungGen      total 129024K, used 59013K [0x00000000d9800000, 0x00000000e9500000, 0x0000000100000000)
  eden space 120832K, 42% used [0x00000000d9800000,0x00000000dca3d210,0x00000000e0e00000)
  from space 8192K, 92% used [0x00000000e0e00000,0x00000000e1564360,0x00000000e1600000)
  to   space 8704K, 0% used [0x00000000e8c80000,0x00000000e8c80000,0x00000000e9500000)
 ParOldGen       total 78848K, used 8291K [0x000000008c800000, 0x0000000091500000, 0x00000000d9800000)
  object space 78848K, 10% used [0x000000008c800000,0x000000008d018e80,0x0000000091500000)
 PSPermGen       total 22528K, used 22460K [0x0000000087600000, 0x0000000088c00000, 0x000000008c800000)
  object space 22528K, 99% used [0x0000000087600000,0x0000000088bef350,0x0000000088c00000)

Card table byte_map: [0x0000000005050000,0x0000000005420000] byte_map_base: 0x0000000004c15000

Polling page: 0x0000000000480000

Code Cache  [0x0000000002050000, 0x00000000022c0000, 0x0000000005050000)
 total_blobs=1168 nmethods=535 adapters=585 free_code_cache=47432Kb largest_free_block=48527616

Compilation events (10 events):
Event: 12.932 Thread 0x0000000009c96800 nmethod 568 0x0000000002201a50 code [0x0000000002201b80, 0x0000000002201c18]
Event: 12.932 Thread 0x0000000009c96800  570             java.nio.Buffer::clear (20 bytes)
Event: 12.933 Thread 0x0000000009c96800 nmethod 570 0x00000000021fef50 code [0x00000000021ff080, 0x00000000021ff0d8]
Event: 12.939 Thread 0x0000000009c94800 nmethod 564 0x0000000002204990 code [0x0000000002204c00, 0x0000000002205870]
Event: 13.029 Thread 0x0000000009c96800  571             com.sun.javafx.sg.prism.NGNode::markCullRegions (237 bytes)
Event: 13.044 Thread 0x0000000009c96800 nmethod 571 0x0000000002202050 code [0x00000000022022a0, 0x00000000022029e8]
Event: 13.271 Thread 0x0000000009c94800  572             com.sun.javafx.geom.transform.AffineBase::is2D (24 bytes)
Event: 13.273 Thread 0x0000000009c94800 nmethod 572 0x00000000021fec50 code [0x00000000021feda0, 0x00000000021fee28]
Event: 13.306 Thread 0x0000000009c96800  573             com.sun.prism.impl.BaseTexture::getWrapMode (5 bytes)
Event: 13.307 Thread 0x0000000009c96800 nmethod 573 0x0000000002201e50 code [0x0000000002201f80, 0x0000000002201fd8]

GC Heap History (10 events):
Event: 5.079 GC heap before
{Heap before GC invocations=3 (full 0):
 PSYoungGen      total 34816K, used 34762K [0x00000000d9800000, 0x00000000ddc00000, 0x0000000100000000)
  eden space 30208K, 99% used [0x00000000d9800000,0x00000000db574918,0x00000000db580000)
  from space 4608K, 99% used [0x00000000dba00000,0x00000000dbe7e220,0x00000000dbe80000)
  to   space 4608K, 0% used [0x00000000db580000,0x00000000db580000,0x00000000dba00000)
 ParOldGen       total 78848K, used 3865K [0x000000008c800000, 0x0000000091500000, 0x00000000d9800000)
  object space 78848K, 4% used [0x000000008c800000,0x000000008cbc64c0,0x0000000091500000)
 PSPermGen       total 21504K, used 19085K [0x0000000087600000, 0x0000000088b00000, 0x000000008c800000)
  object space 21504K, 88% used [0x0000000087600000,0x00000000888a3730,0x0000000088b00000)
Event: 5.089 GC heap after
Heap after GC invocations=3 (full 0):
 PSYoungGen      total 34816K, used 4583K [0x00000000d9800000, 0x00000000ddc00000, 0x0000000100000000)
  eden space 30208K, 0% used [0x00000000d9800000,0x00000000d9800000,0x00000000db580000)
  from space 4608K, 99% used [0x00000000db580000,0x00000000db9f9cb8,0x00000000dba00000)
  to   space 4608K, 0% used [0x00000000dd780000,0x00000000dd780000,0x00000000ddc00000)
 ParOldGen       total 78848K, used 3921K [0x000000008c800000, 0x0000000091500000, 0x00000000d9800000)
  object space 78848K, 4% used [0x000000008c800000,0x000000008cbd44c0,0x0000000091500000)
 PSPermGen       total 21504K, used 19085K [0x0000000087600000, 0x0000000088b00000, 0x000000008c800000)
  object space 21504K, 88% used [0x0000000087600000,0x00000000888a3730,0x0000000088b00000)
}
Event: 5.109 GC heap before
{Heap before GC invocations=4 (full 0):
 PSYoungGen      total 34816K, used 34719K [0x00000000d9800000, 0x00000000ddc00000, 0x0000000100000000)
  eden space 30208K, 99% used [0x00000000d9800000,0x00000000db56df68,0x00000000db580000)
  from space 4608K, 99% used [0x00000000db580000,0x00000000db9f9cb8,0x00000000dba00000)
  to   space 4608K, 0% used [0x00000000dd780000,0x00000000dd780000,0x00000000ddc00000)
 ParOldGen       total 78848K, used 3921K [0x000000008c800000, 0x0000000091500000, 0x00000000d9800000)
  object space 78848K, 4% used [0x000000008c800000,0x000000008cbd44c0,0x0000000091500000)
 PSPermGen       total 21504K, used 19085K [0x0000000087600000, 0x0000000088b00000, 0x000000008c800000)
  object space 21504K, 88% used [0x0000000087600000,0x00000000888a3730,0x0000000088b00000)
Event: 5.120 GC heap after
Heap after GC invocations=4 (full 0):
 PSYoungGen      total 65024K, used 4605K [0x00000000d9800000, 0x00000000ddc00000, 0x0000000100000000)
  eden space 60416K, 0% used [0x00000000d9800000,0x00000000d9800000,0x00000000dd300000)
  from space 4608K, 99% used [0x00000000dd780000,0x00000000ddbff7b0,0x00000000ddc00000)
  to   space 4608K, 0% used [0x00000000dd300000,0x00000000dd300000,0x00000000dd780000)
 ParOldGen       total 78848K, used 3937K [0x000000008c800000, 0x0000000091500000, 0x00000000d9800000)
  object space 78848K, 4% used [0x000000008c800000,0x000000008cbd84c0,0x0000000091500000)
 PSPermGen       total 21504K, used 19085K [0x0000000087600000, 0x0000000088b00000, 0x000000008c800000)
  object space 21504K, 88% used [0x0000000087600000,0x00000000888a3730,0x0000000088b00000)
}
Event: 5.169 GC heap before
{Heap before GC invocations=5 (full 0):
 PSYoungGen      total 65024K, used 65011K [0x00000000d9800000, 0x00000000ddc00000, 0x0000000100000000)
  eden space 60416K, 99% used [0x00000000d9800000,0x00000000dd2fd468,0x00000000dd300000)
  from space 4608K, 99% used [0x00000000dd780000,0x00000000ddbff7b0,0x00000000ddc00000)
  to   space 4608K, 0% used [0x00000000dd300000,0x00000000dd300000,0x00000000dd780000)
 ParOldGen       total 78848K, used 3937K [0x000000008c800000, 0x0000000091500000, 0x00000000d9800000)
  object space 78848K, 4% used [0x000000008c800000,0x000000008cbd84c0,0x0000000091500000)
 PSPermGen       total 21504K, used 19085K [0x0000000087600000, 0x0000000088b00000, 0x000000008c800000)
  object space 21504K, 88% used [0x0000000087600000,0x00000000888a3730,0x0000000088b00000)
Event: 5.180 GC heap after
Heap after GC invocations=5 (full 0):
 PSYoungGen      total 65024K, used 4594K [0x00000000d9800000, 0x00000000e1e00000, 0x0000000100000000)
  eden space 60416K, 0% used [0x00000000d9800000,0x00000000d9800000,0x00000000dd300000)
  from space 4608K, 99% used [0x00000000dd300000,0x00000000dd77c968,0x00000000dd780000)
  to   space 8192K, 0% used [0x00000000e1600000,0x00000000e1600000,0x00000000e1e00000)
 ParOldGen       total 78848K, used 3969K [0x000000008c800000, 0x0000000091500000, 0x00000000d9800000)
  object space 78848K, 5% used [0x000000008c800000,0x000000008cbe04c0,0x0000000091500000)
 PSPermGen       total 21504K, used 19085K [0x0000000087600000, 0x0000000088b00000, 0x000000008c800000)
  object space 21504K, 88% used [0x0000000087600000,0x00000000888a3730,0x0000000088b00000)
}
Event: 5.218 GC heap before
{Heap before GC invocations=6 (full 0):
 PSYoungGen      total 65024K, used 64977K [0x00000000d9800000, 0x00000000e1e00000, 0x0000000100000000)
  eden space 60416K, 99% used [0x00000000d9800000,0x00000000dd2f7b50,0x00000000dd300000)
  from space 4608K, 99% used [0x00000000dd300000,0x00000000dd77c968,0x00000000dd780000)
  to   space 8192K, 0% used [0x00000000e1600000,0x00000000e1600000,0x00000000e1e00000)
 ParOldGen       total 78848K, used 3969K [0x000000008c800000, 0x0000000091500000, 0x00000000d9800000)
  object space 78848K, 5% used [0x000000008c800000,0x000000008cbe04c0,0x0000000091500000)
 PSPermGen       total 21504K, used 19085K [0x0000000087600000, 0x0000000088b00000, 0x000000008c800000)
  object space 21504K, 88% used [0x0000000087600000,0x00000000888a3730,0x0000000088b00000)
Event: 5.229 GC heap after
Heap after GC invocations=6 (full 0):
 PSYoungGen      total 129024K, used 4684K [0x00000000d9800000, 0x00000000e1e00000, 0x0000000100000000)
  eden space 120832K, 0% used [0x00000000d9800000,0x00000000d9800000,0x00000000e0e00000)
  from space 8192K, 57% used [0x00000000e1600000,0x00000000e1a931a8,0x00000000e1e00000)
  to   space 8192K, 0% used [0x00000000e0e00000,0x00000000e0e00000,0x00000000e1600000)
 ParOldGen       total 78848K, used 3969K [0x000000008c800000, 0x0000000091500000, 0x00000000d9800000)
  object space 78848K, 5% used [0x000000008c800000,0x000000008cbe04c0,0x0000000091500000)
 PSPermGen       total 21504K, used 19085K [0x0000000087600000, 0x0000000088b00000, 0x000000008c800000)
  object space 21504K, 88% used [0x0000000087600000,0x00000000888a3730,0x0000000088b00000)
}
Event: 6.761 GC heap before
{Heap before GC invocations=7 (full 0):
 PSYoungGen      total 129024K, used 124326K [0x00000000d9800000, 0x00000000e1e00000, 0x0000000100000000)
  eden space 120832K, 99% used [0x00000000d9800000,0x00000000e0cd69d0,0x00000000e0e00000)
  from space 8192K, 57% used [0x00000000e1600000,0x00000000e1a931a8,0x00000000e1e00000)
  to   space 8192K, 0% used [0x00000000e0e00000,0x00000000e0e00000,0x00000000e1600000)
 ParOldGen       total 78848K, used 3969K [0x000000008c800000, 0x0000000091500000, 0x00000000d9800000)
  object space 78848K, 5% used [0x000000008c800000,0x000000008cbe04c0,0x0000000091500000)
 PSPermGen       total 22528K, used 22110K [0x0000000087600000, 0x0000000088c00000, 0x000000008c800000)
  object space 22528K, 98% used [0x0000000087600000,0x0000000088b97900,0x0000000088c00000)
Event: 6.781 GC heap after
Heap after GC invocations=7 (full 0):
 PSYoungGen      total 129024K, used 7568K [0x00000000d9800000, 0x00000000e9500000, 0x0000000100000000)
  eden space 120832K, 0% used [0x00000000d9800000,0x00000000d9800000,0x00000000e0e00000)
  from space 8192K, 92% used [0x00000000e0e00000,0x00000000e1564360,0x00000000e1600000)
  to   space 8704K, 0% used [0x00000000e8c80000,0x00000000e8c80000,0x00000000e9500000)
 ParOldGen       total 78848K, used 8291K [0x000000008c800000, 0x0000000091500000, 0x00000000d9800000)
  object space 78848K, 10% used [0x000000008c800000,0x000000008d018e80,0x0000000091500000)
 PSPermGen       total 22528K, used 22110K [0x0000000087600000, 0x0000000088c00000, 0x000000008c800000)
  object space 22528K, 98% used [0x0000000087600000,0x0000000088b97900,0x0000000088c00000)
}

Deoptimization events (10 events):
Event: 6.087 Thread 0x0000000010839800 Uncommon trap: reason=bimorphic action=maybe_recompile pc=0x0000000002185db0 method=java.io.FilterInputStream.read()I @ 4
Event: 6.087 Thread 0x0000000010839800 Uncommon trap: reason=bimorphic action=maybe_recompile pc=0x0000000002185db0 method=java.io.FilterInputStream.read()I @ 4
Event: 6.087 Thread 0x0000000010839800 Uncommon trap: reason=bimorphic action=maybe_recompile pc=0x0000000002185db0 method=java.io.FilterInputStream.read()I @ 4
Event: 6.087 Thread 0x0000000010839800 Uncommon trap: reason=bimorphic action=maybe_recompile pc=0x0000000002185db0 method=java.io.FilterInputStream.read()I @ 4
Event: 6.899 Thread 0x000000000b9c3000 Uncommon trap: reason=array_check action=maybe_recompile pc=0x000000000219ddf4 method=java.util.Arrays.fill([Ljava/lang/Object;Ljava/lang/Object;)V @ 13
Event: 6.900 Thread 0x000000000b9c3000 Uncommon trap: reason=array_check action=maybe_recompile pc=0x000000000219ddf4 method=java.util.Arrays.fill([Ljava/lang/Object;Ljava/lang/Object;)V @ 13
Event: 6.900 Thread 0x000000000b9c3000 Uncommon trap: reason=array_check action=maybe_recompile pc=0x000000000219ddf4 method=java.util.Arrays.fill([Ljava/lang/Object;Ljava/lang/Object;)V @ 13
Event: 6.916 Thread 0x000000000b9c3000 Uncommon trap: reason=array_check action=maybe_recompile pc=0x000000000219ddf4 method=java.util.Arrays.fill([Ljava/lang/Object;Ljava/lang/Object;)V @ 13
Event: 9.557 Thread 0x000000000b7d6000 Uncommon trap: reason=unreached action=reinterpret pc=0x00000000021b01d8 method=com.sun.scenario.effect.impl.ImagePool.checkOut(Lcom/sun/scenario/effect/impl/Renderer;II)Lcom/sun/scenario/effect/Filterable; @ 209
Event: 10.730 Thread 0x000000000b7d6000 Uncommon trap: reason=null_check action=make_not_entrant pc=0x00000000021ef1e0 method=com.sun.prism.impl.GlyphCache.getCachedGlyph(I)Lcom/sun/prism/impl/GlyphCache$GlyphData; @ 20

Internal exceptions (10 events):
Event: 7.632 Thread 0x000000000b9c3000 Threw 0x00000000dafe45d8 at C:\re\jdk7u51\527\hotspot\src\share\vm\classfile\systemDictionary.cpp:185
Event: 7.632 Thread 0x000000000b9c3000 Threw 0x00000000dafe4b48 at C:\re\jdk7u51\527\hotspot\src\share\vm\prims\jvm.cpp:1244
Event: 7.632 Thread 0x000000000b9c3000 Threw 0x00000000dafe4fb8 at C:\re\jdk7u51\527\hotspot\src\share\vm\prims\jvm.cpp:1244
Event: 10.730 Thread 0x000000000b7d6000 Implicit null exception at 0x00000000021ee9a8 to 0x00000000021ef1c5
Event: 11.726 Thread 0x000000000b9c3000 Threw 0x00000000dc721800 at C:\re\jdk7u51\527\hotspot\src\share\vm\classfile\systemDictionary.cpp:185
Event: 11.726 Thread 0x000000000b9c3000 Threw 0x00000000dc721d70 at C:\re\jdk7u51\527\hotspot\src\share\vm\prims\jvm.cpp:1244
Event: 11.726 Thread 0x000000000b9c3000 Threw 0x00000000dc7221e0 at C:\re\jdk7u51\527\hotspot\src\share\vm\prims\jvm.cpp:1244
Event: 11.726 Thread 0x000000000b9c3000 Threw 0x00000000dc7229f8 at C:\re\jdk7u51\527\hotspot\src\share\vm\classfile\systemDictionary.cpp:185
Event: 11.726 Thread 0x000000000b9c3000 Threw 0x00000000dc722f68 at C:\re\jdk7u51\527\hotspot\src\share\vm\prims\jvm.cpp:1244
Event: 11.726 Thread 0x000000000b9c3000 Threw 0x00000000dc7233d8 at C:\re\jdk7u51\527\hotspot\src\share\vm\prims\jvm.cpp:1244

Events (10 events):
Event: 13.499 Executing VM operation: RevokeBias done
Event: 13.500 Executing VM operation: RevokeBias
Event: 13.500 Executing VM operation: RevokeBias done
Event: 13.500 Executing VM operation: RevokeBias
Event: 13.500 Executing VM operation: RevokeBias done
Event: 13.500 Executing VM operation: RevokeBias
Event: 13.500 Executing VM operation: RevokeBias done
Event: 13.501 Executing VM operation: RevokeBias
Event: 13.501 Executing VM operation: RevokeBias done
Event: 13.501 Executing VM operation: RevokeBias


Dynamic libraries:
0x000007f74da90000 - 0x000007f74dac3000 	C:\Program Files\Java\jdk1.7.0_51\jre\bin\java.exe
0x000007fbff5c0000 - 0x000007fbff780000 	C:\Windows\SYSTEM32\ntdll.dll
0x000007fbfede0000 - 0x000007fbfef16000 	C:\Windows\system32\KERNEL32.DLL
0x000007fbfc650000 - 0x000007fbfc743000 	C:\Windows\system32\KERNELBASE.dll
0x000007fbfef20000 - 0x000007fbfeffe000 	C:\Windows\system32\ADVAPI32.dll
0x000007fbfdd60000 - 0x000007fbfdeac000 	C:\Windows\system32\USER32.dll
0x000007fbf9b60000 - 0x000007fbf9dca000 	C:\Windows\WinSxS\amd64_microsoft.windows.common-controls_6595b64144ccf1df_6.0.9200.16579_none_418ab7ef718b27ef\COMCTL32.dll
0x000007fbff160000 - 0x000007fbff205000 	C:\Windows\system32\msvcrt.dll
0x000007fbfeb40000 - 0x000007fbfeb88000 	C:\Windows\SYSTEM32\sechost.dll
0x000007fbff010000 - 0x000007fbff155000 	C:\Windows\system32\RPCRT4.dll
0x000007fbfe220000 - 0x000007fbfe361000 	C:\Windows\system32\GDI32.dll
0x000007fbfdf00000 - 0x000007fbfdf39000 	C:\Windows\system32\IMM32.DLL
0x000007fbfea20000 - 0x000007fbfeb36000 	C:\Windows\system32\MSCTF.dll
0x0000000073380000 - 0x0000000073452000 	C:\Program Files\Java\jdk1.7.0_51\jre\bin\msvcr100.dll
0x0000000073460000 - 0x0000000073c29000 	C:\Program Files\Java\jdk1.7.0_51\jre\bin\server\jvm.dll
0x000007fbfa4d0000 - 0x000007fbfa4d9000 	C:\Windows\SYSTEM32\WSOCK32.dll
0x000007fbfa4f0000 - 0x000007fbfa510000 	C:\Windows\SYSTEM32\WINMM.dll
0x000007fbfe440000 - 0x000007fbfe447000 	C:\Windows\system32\PSAPI.DLL
0x000007fbff3b0000 - 0x000007fbff408000 	C:\Windows\system32\WS2_32.dll
0x000007fbf9740000 - 0x000007fbf9773000 	C:\Windows\SYSTEM32\WINMMBASE.dll
0x000007fbfe780000 - 0x000007fbfe789000 	C:\Windows\system32\NSI.dll
0x000007fbfc960000 - 0x000007fbfc9af000 	C:\Windows\SYSTEM32\cfgmgr32.dll
0x000007fbfc930000 - 0x000007fbfc952000 	C:\Windows\system32\DEVOBJ.dll
0x0000000073330000 - 0x000000007333f000 	C:\Program Files\Java\jdk1.7.0_51\jre\bin\verify.dll
0x0000000073300000 - 0x0000000073328000 	C:\Program Files\Java\jdk1.7.0_51\jre\bin\java.dll
0x00000000732e0000 - 0x00000000732f5000 	C:\Program Files\Java\jdk1.7.0_51\jre\bin\zip.dll
0x0000000071850000 - 0x00000000718c8000 	C:\Program Files\Java\jdk1.7.0_51\jre\bin\deploy.dll
0x000007fbfec40000 - 0x000007fbfedbe000 	C:\Windows\system32\ole32.dll
0x000007fbfe370000 - 0x000007fbfe433000 	C:\Windows\system32\OLEAUT32.dll
0x000007fbf95c0000 - 0x000007fbf95c9000 	C:\Windows\SYSTEM32\VERSION.dll
0x000007fbfdf40000 - 0x000007fbfe16d000 	C:\Windows\system32\WININET.dll
0x000007fbfe620000 - 0x000007fbfe779000 	C:\Windows\system32\urlmon.dll
0x000007fbff410000 - 0x000007fbff5c0000 	C:\Windows\SYSTEM32\combase.dll
0x000007fbfe790000 - 0x000007fbfea1c000 	C:\Windows\system32\iertutil.dll
0x000007fbfdeb0000 - 0x000007fbfdf00000 	C:\Windows\system32\SHLWAPI.dll
0x000007fbfc9b0000 - 0x000007fbfdc8f000 	C:\Windows\system32\SHELL32.dll
0x000007fbface0000 - 0x000007fbfad75000 	C:\Windows\SYSTEM32\SHCORE.dll
0x000007fbfc470000 - 0x000007fbfc485000 	C:\Windows\SYSTEM32\profapi.dll
0x000007fbf4a40000 - 0x000007fbf4a4b000 	C:\Windows\SYSTEM32\Secur32.dll
0x000007fbfc0d0000 - 0x000007fbfc0fc000 	C:\Windows\SYSTEM32\SSPICLI.DLL
0x000007fbf57f0000 - 0x000007fbf58a1000 	C:\Windows\SYSTEM32\winhttp.dll
0x000007fbfbcb0000 - 0x000007fbfbd0c000 	C:\Windows\system32\mswsock.dll
0x000007fbf7770000 - 0x000007fbf779a000 	C:\Windows\SYSTEM32\IPHLPAPI.DLL
0x000007fbf7630000 - 0x000007fbf763a000 	C:\Windows\SYSTEM32\WINNSI.DLL
0x000007fbfbac0000 - 0x000007fbfbb58000 	C:\Windows\SYSTEM32\DNSAPI.dll
0x000007fbf6b60000 - 0x000007fbf6b73000 	C:\Windows\SYSTEM32\dhcpcsvc6.DLL
0x0000000074100000 - 0x0000000074126000 	C:\Program Files\Bonjour\mdnsNSP.dll
0x000007fbf4ba0000 - 0x000007fbf4ba8000 	C:\Windows\System32\rasadhlp.dll
0x000007fbf6b40000 - 0x000007fbf6b58000 	C:\Windows\SYSTEM32\dhcpcsvc.DLL
0x0000000071840000 - 0x000000007184f000 	C:\Program Files\Java\jdk1.7.0_51\jre\bin\prism-d3d.dll
0x000007fbe2050000 - 0x000007fbe2250000 	C:\Windows\system32\d3d9.dll
0x000007fbfa5e0000 - 0x000007fbfa601000 	C:\Windows\SYSTEM32\dwmapi.dll
0x000007fbfb300000 - 0x000007fbfb3e6000 	C:\Windows\system32\uxtheme.dll
0x000007fbf9430000 - 0x000007fbf954b000 	C:\Windows\SYSTEM32\aticfx64.dll
0x000007fbea290000 - 0x000007fbea2b0000 	C:\Windows\SYSTEM32\atiu9p64.dll
0x000007fbe1990000 - 0x000007fbe2046000 	C:\Windows\SYSTEM32\atiumd64.dll
0x0000000073c30000 - 0x00000000740fd000 	C:\Windows\SYSTEM32\atiumd6a.dll
0x0000000071800000 - 0x0000000071832000 	C:\Program Files\Java\jdk1.7.0_51\jre\bin\glass.dll
0x000007fbfeb90000 - 0x000007fbfec31000 	C:\Windows\system32\COMDLG32.dll
0x000007fbfc2b0000 - 0x000007fbfc2ba000 	C:\Windows\SYSTEM32\CRYPTBASE.dll
0x000007fbfc250000 - 0x000007fbfc2ac000 	C:\Windows\SYSTEM32\bcryptPrimitives.dll
0x0000000071670000 - 0x000000007170e000 	C:\Program Files\Java\jdk1.7.0_51\jre\bin\libxml2.dll
0x0000000071630000 - 0x0000000071666000 	C:\Program Files\Java\jdk1.7.0_51\jre\bin\libxslt.dll
0x000000006f870000 - 0x00000000706a8000 	C:\Program Files\Java\jdk1.7.0_51\jre\bin\jfxwebkit.dll
0x00000000732c0000 - 0x00000000732d9000 	C:\Program Files\Java\jdk1.7.0_51\jre\bin\net.dll
0x000007fbf6ea0000 - 0x000007fbf6f01000 	C:\Windows\System32\fwpuclnt.dll
0x000007fbfe170000 - 0x000007fbfe206000 	C:\Windows\SYSTEM32\clbcatq.dll
0x000007fbfafa0000 - 0x000007fbfb133000 	C:\Windows\SYSTEM32\WindowsCodecs.dll
0x000007fbef0b0000 - 0x000007fbef0de000 	C:\Program Files\Common Files\Microsoft Shared\Ink\rtscom.dll
0x00000000715e0000 - 0x0000000071630000 	C:\Program Files\Java\jdk1.7.0_51\jre\bin\javafx-font.dll
0x000007fbfbe00000 - 0x000007fbfbe1a000 	C:\Windows\SYSTEM32\CRYPTSP.dll
0x000007fbfb940000 - 0x000007fbfb98b000 	C:\Windows\system32\rsaenh.dll
0x00000000732a0000 - 0x00000000732b1000 	C:\Program Files\Java\jdk1.7.0_51\jre\bin\nio.dll
0x0000000073020000 - 0x0000000073044000 	C:\Program Files\Java\jdk1.7.0_51\jre\bin\sunec.dll
0x0000000073010000 - 0x000000007301b000 	C:\Program Files\Java\jdk1.7.0_51\jre\bin\sunmscapi.dll
0x000007fbfc750000 - 0x000007fbfc921000 	C:\Windows\system32\CRYPT32.dll
0x000007fbfc520000 - 0x000007fbfc536000 	C:\Windows\system32\MSASN1.dll
0x000007fbfbc90000 - 0x000007fbfbcaf000 	C:\Windows\SYSTEM32\USERENV.dll
0x000007fbf3f70000 - 0x000007fbf3f84000 	C:\Windows\system32\napinsp.dll
0x000007fbf3f90000 - 0x000007fbf3fa8000 	C:\Windows\system32\pnrpnsp.dll
0x000007fbfac00000 - 0x000007fbfac16000 	C:\Windows\system32\NLAapi.dll
0x000007fbf4070000 - 0x000007fbf4082000 	C:\Windows\System32\winrnr.dll
0x00000000715a0000 - 0x00000000715da000 	C:\Program Files\Java\jdk1.7.0_51\jre\bin\javafx-iio.dll
0x000007fbfa180000 - 0x000007fbfa2e3000 	C:\Windows\SYSTEM32\dbghelp.dll

VM Arguments:
jvm_args: -Dfile.encoding=UTF-8 
java_command: C:\Users\Gabriel\Documents\NetBeansProjects\QCCBrowserEx1\dist\run1050042705\QCCBrowserEx1.jar
Launcher Type: SUN_STANDARD

Environment Variables:
PATH=C:\Program Files (x86)\HP SimplePass\x64;C:\Program Files (x86)\HP SimplePass\;;C:\Program Files (x86)\AMD APP\bin\x86_64;C:\Program Files (x86)\AMD APP\bin\x86;C:\Windows\system32;C:\Windows;C:\Windows\System32\Wbem;C:\Windows\System32\WindowsPowerShell\v1.0\;C:\Program Files (x86)\Windows Live\Shared;C:\Program Files (x86)\ATI Technologies\ATI.ACE\Core-Static
USERNAME=Gabriel
OS=Windows_NT
PROCESSOR_IDENTIFIER=AMD64 Family 21 Model 19 Stepping 1, AuthenticAMD



---------------  S Y S T E M  ---------------

OS: Windows 8 , 64 bit Build 9200 

CPU:total 4 (4 cores per cpu, 1 threads per core) family 21 model 19 stepping 1, cmov, cx8, fxsr, mmx, sse, sse2, sse3, ssse3, sse4.1, sse4.2, popcnt, avx, aes, mmxext, 3dnowpref, lzcnt, sse4a, tsc, tscinvbit, tscinv

Memory: 4k page, physical 7563524k(4218644k free), swap 8743172k(4085104k free)

vm_info: Java HotSpot(TM) 64-Bit Server VM (24.51-b03) for windows-amd64 JRE (1.7.0_51-b13), built on Dec 18 2013 18:40:56 by "java_re" with unknown MS VC++:1600

time: Wed Apr 02 21:47:17 2014
elapsed time: 13 seconds

