#
# A fatal error has been detected by the Java Runtime Environment:
#
#  EXCEPTION_ACCESS_VIOLATION (0xc0000005) at pc=0x000000006fb72dba, pid=7780, tid=5672
#
# JRE version: Java(TM) SE Runtime Environment (7.0_51-b13) (build 1.7.0_51-b13)
# Java VM: Java HotSpot(TM) 64-Bit Server VM (24.51-b03 mixed mode windows-amd64 compressed oops)
# Problematic frame:
# C  [jfxwebkit.dll+0x302dba]
#
# Failed to write core dump. Minidumps are not enabled by default on client versions of Windows
#
# If you would like to submit a bug report, please visit:
#   http://bugreport.sun.com/bugreport/crash.jsp
# The crash happened outside the Java Virtual Machine in native code.
# See problematic frame for where to report the bug.
#

---------------  T H R E A D  ---------------

Current thread (0x000000000b90e000):  JavaThread "JavaFX Application Thread" [_thread_in_native, id=5672, stack(0x000000000de80000,0x000000000df80000)]

siginfo: ExceptionCode=0xc0000005, reading address 0x0000000000000000

Registers:
RAX=0x0000000011435dd0, RBX=0x0000000000000000, RCX=0x0000000000000000, RDX=0x000000000bb21420
RSP=0x000000000df7e868, RBP=0x00000000000092de, RSI=0x0000000000009200, RDI=0x0000000014a91e50
R8 =0x00000000000092de, R9 =0x00000000000092de, R10=0x0000000014a91ec0, R11=0x000000000df7e710
R12=0x000000000bb21420, R13=0x0000000088150310, R14=0x000000000df7eb58, R15=0x000000000b90e000
RIP=0x000000006fb72dba, EFLAGS=0x0000000000010206

Top of Stack: (sp=0x000000000df7e868)
0x000000000df7e868:   000000006fb6da3e 0000000000000000
0x000000000df7e878:   0000000000009200 000000000df7eb58
0x000000000df7e888:   0000000088150310 fffffffffffffffe
0x000000000df7e898:   0000000014a91e50 0000000000000000
0x000000000df7e8a8:   0000000014a91e50 00000000000092de
0x000000000df7e8b8:   000000006fb6e6ea 0000000011435dd0
0x000000000df7e8c8:   000000000ba78220 000000000bb21420
0x000000000df7e8d8:   0000000010f5b010 fffffffffffffffe
0x000000000df7e8e8:   0000000010f5b010 00000000000092de
0x000000000df7e8f8:   000000000bb21420 0000000014a92210
0x000000000df7e908:   000000006fb6e7cb 000000000ba78220
0x000000000df7e918:   0000000014a91e50 00000000533dc3f2
0x000000000df7e928:   0000000014a91e50 00000000000092de
0x000000000df7e938:   000000006fb92067 0000000010f5b010
0x000000000df7e948:   0000000000000000 000000000bb21420
0x000000000df7e958:   0000000000000000 000000000df7e9b8 

Instructions: (pc=0x000000006fb72dba)
0x000000006fb72d9a:   00 48 8b 89 50 04 00 00 e8 e9 3c e3 ff 48 83 c4
0x000000006fb72daa:   20 5b c3 cc cc cc 4c 8b d1 48 8b 49 30 4d 8b c8
0x000000006fb72dba:   48 8b 01 4c 8b c2 49 8b d2 48 ff 60 20 cc cc cc
0x000000006fb72dca:   cc cc cc cc cc cc 48 8b 41 30 c6 40 10 01 c3 cc 


Register to memory mapping:

RAX=0x0000000011435dd0 is an unknown value
RBX=0x0000000000000000 is an unknown value
RCX=0x0000000000000000 is an unknown value
RDX=0x000000000bb21420 is an unknown value
RSP=0x000000000df7e868 is pointing into the stack for thread: 0x000000000b90e000
RBP=0x00000000000092de is an unknown value
RSI=0x0000000000009200 is an unknown value
RDI=0x0000000014a91e50 is an unknown value
R8 =0x00000000000092de is an unknown value
R9 =0x00000000000092de is an unknown value
R10=0x0000000014a91ec0 is an unknown value
R11=0x000000000df7e710 is pointing into the stack for thread: 0x000000000b90e000
R12=0x000000000bb21420 is an unknown value
R13=0x0000000088150310 is an oop
{method} 
 - klass: {other class}
R14=0x000000000df7eb58 is pointing into the stack for thread: 0x000000000b90e000
R15=0x000000000b90e000 is a thread


Stack: [0x000000000de80000,0x000000000df80000],  sp=0x000000000df7e868,  free space=1018k
Native frames: (J=compiled Java code, j=interpreted, Vv=VM code, C=native code)
C  [jfxwebkit.dll+0x302dba]

Java frames: (J=compiled Java code, j=interpreted, Vv=VM code)
j  com.sun.webpane.webkit.network.URLLoader.twkDidReceiveData(Ljava/nio/ByteBuffer;IIJ)V+0
j  com.sun.webpane.webkit.network.URLLoader.access$1200(Ljava/nio/ByteBuffer;IIJ)V+4
j  com.sun.webpane.webkit.network.URLLoader$5.run()V+35
j  com.sun.glass.ui.InvokeLaterDispatcher$Future.run()V+4
v  ~StubRoutines::call_stub
j  com.sun.glass.ui.win.WinApplication._runLoop([Ljava/lang/String;Lcom/sun/glass/ui/Launchable;)V+0
j  com.sun.glass.ui.win.WinApplication.access$100(Lcom/sun/glass/ui/win/WinApplication;[Ljava/lang/String;Lcom/sun/glass/ui/Launchable;)V+3
j  com.sun.glass.ui.win.WinApplication$3$1.run()V+32
j  java.lang.Thread.run()V+11
v  ~StubRoutines::call_stub

---------------  P R O C E S S  ---------------

Java Threads: ( => current thread )
  0x000000000c0b0000 JavaThread "URL-Loader-20" daemon [_thread_blocked, id=1144, stack(0x0000000014390000,0x0000000014490000)]
  0x0000000010755000 JavaThread "URL-Loader-19" daemon [_thread_blocked, id=8300, stack(0x0000000014290000,0x0000000014390000)]
  0x0000000010753000 JavaThread "URL-Loader-18" daemon [_thread_blocked, id=5044, stack(0x0000000014190000,0x0000000014290000)]
  0x0000000010752000 JavaThread "URL-Loader-17" daemon [_thread_blocked, id=4436, stack(0x0000000014090000,0x0000000014190000)]
  0x0000000010751800 JavaThread "URL-Loader-16" daemon [_thread_in_native, id=8432, stack(0x0000000013f90000,0x0000000014090000)]
  0x0000000010754800 JavaThread "URL-Loader-15" daemon [_thread_blocked, id=5260, stack(0x0000000013e90000,0x0000000013f90000)]
  0x0000000010750800 JavaThread "URL-Loader-14" daemon [_thread_blocked, id=8752, stack(0x0000000013d90000,0x0000000013e90000)]
  0x0000000010756000 JavaThread "URL-Loader-13" daemon [_thread_blocked, id=6892, stack(0x0000000013c90000,0x0000000013d90000)]
  0x000000001074f000 JavaThread "URL-Loader-12" daemon [_thread_blocked, id=8756, stack(0x0000000013b90000,0x0000000013c90000)]
  0x0000000010750000 JavaThread "URL-Loader-11" daemon [_thread_blocked, id=7292, stack(0x0000000013a90000,0x0000000013b90000)]
  0x0000000010753800 JavaThread "URL-Loader-10" daemon [_thread_blocked, id=436, stack(0x0000000013990000,0x0000000013a90000)]
  0x000000000bf9e800 JavaThread "URL-Loader-9" daemon [_thread_blocked, id=7016, stack(0x0000000013890000,0x0000000013990000)]
  0x000000000bf9c000 JavaThread "URL-Loader-8" daemon [_thread_blocked, id=7976, stack(0x0000000013790000,0x0000000013890000)]
  0x000000000bf9b800 JavaThread "URL-Loader-7" daemon [_thread_blocked, id=4152, stack(0x0000000013690000,0x0000000013790000)]
  0x000000000bfa1800 JavaThread "URL-Loader-6" daemon [_thread_blocked, id=6388, stack(0x0000000013590000,0x0000000013690000)]
  0x000000000bfa0800 JavaThread "URL-Loader-5" daemon [_thread_blocked, id=5132, stack(0x0000000013490000,0x0000000013590000)]
  0x000000000bf9d000 JavaThread "URL-Loader-4" daemon [_thread_blocked, id=6588, stack(0x0000000013390000,0x0000000013490000)]
  0x000000000bfa2000 JavaThread "URL-Loader-3" daemon [_thread_blocked, id=4608, stack(0x0000000013290000,0x0000000013390000)]
  0x000000000bf9f000 JavaThread "URL-Loader-2" daemon [_thread_blocked, id=4168, stack(0x00000000119c0000,0x0000000011ac0000)]
  0x000000000bf9d800 JavaThread "Prism Font Disposer" daemon [_thread_blocked, id=6984, stack(0x00000000118c0000,0x00000000119c0000)]
  0x000000000bfa0000 JavaThread "Keep-Alive-Timer" daemon [_thread_blocked, id=5332, stack(0x00000000116a0000,0x00000000117a0000)]
  0x000000000c057000 JavaThread "URL-Loader-1" daemon [_thread_blocked, id=3900, stack(0x00000000115a0000,0x00000000116a0000)]
  0x000000000bb63000 JavaThread "Disposer" daemon [_thread_blocked, id=8312, stack(0x000000000fe80000,0x000000000ff80000)]
  0x000000000b74f000 JavaThread "Thread-3" daemon [_thread_in_native, id=1000, stack(0x000000000fd80000,0x000000000fe80000)]
=>0x000000000b90e000 JavaThread "JavaFX Application Thread" [_thread_in_native, id=5672, stack(0x000000000de80000,0x000000000df80000)]
  0x000000000b916000 JavaThread "Thread-2" daemon [_thread_blocked, id=7904, stack(0x000000000dd80000,0x000000000de80000)]
  0x000000000b681800 JavaThread "Disposer" daemon [_thread_blocked, id=6828, stack(0x000000000db10000,0x000000000dc10000)]
  0x000000000b67f800 JavaThread "QuantumRenderer-0" daemon [_thread_blocked, id=8804, stack(0x000000000cbf0000,0x000000000ccf0000)]
  0x000000000b87e800 JavaThread "JavaFX-Launcher" [_thread_blocked, id=7256, stack(0x000000000ca90000,0x000000000cb90000)]
  0x000000000b5ff000 JavaThread "traceMsgQueueThread" daemon [_thread_blocked, id=7156, stack(0x000000000c120000,0x000000000c220000)]
  0x0000000009ba7800 JavaThread "Service Thread" daemon [_thread_blocked, id=4112, stack(0x000000000b320000,0x000000000b420000)]
  0x0000000009ba5000 JavaThread "C2 CompilerThread1" daemon [_thread_blocked, id=3324, stack(0x000000000b220000,0x000000000b320000)]
  0x0000000009ba2800 JavaThread "C2 CompilerThread0" daemon [_thread_blocked, id=7700, stack(0x000000000b120000,0x000000000b220000)]
  0x0000000009ba1800 JavaThread "Attach Listener" daemon [_thread_blocked, id=344, stack(0x000000000b020000,0x000000000b120000)]
  0x0000000009b9e000 JavaThread "Signal Dispatcher" daemon [_thread_blocked, id=7108, stack(0x000000000af20000,0x000000000b020000)]
  0x0000000009b67800 JavaThread "Finalizer" daemon [_thread_blocked, id=6344, stack(0x000000000ae20000,0x000000000af20000)]
  0x0000000009b62000 JavaThread "Reference Handler" daemon [_thread_blocked, id=5664, stack(0x000000000ad20000,0x000000000ae20000)]
  0x0000000001dd0800 JavaThread "main" [_thread_blocked, id=2948, stack(0x0000000001cd0000,0x0000000001dd0000)]

Other Threads:
  0x0000000009b60000 VMThread [stack: 0x000000000ac20000,0x000000000ad20000] [id=8736]
  0x0000000009bae000 WatcherThread [stack: 0x000000000b420000,0x000000000b520000] [id=6132]

VM state:not at safepoint (normal execution)

VM Mutex/Monitor currently owned by a thread: None

Heap
 PSYoungGen      total 129024K, used 43208K [0x00000000d9800000, 0x00000000e9b00000, 0x0000000100000000)
  eden space 120832K, 28% used [0x00000000d9800000,0x00000000dba35a58,0x00000000e0e00000)
  from space 8192K, 99% used [0x00000000e0e00000,0x00000000e15fc8a0,0x00000000e1600000)
  to   space 11776K, 0% used [0x00000000e8f80000,0x00000000e8f80000,0x00000000e9b00000)
 ParOldGen       total 78848K, used 8750K [0x000000008c800000, 0x0000000091500000, 0x00000000d9800000)
  object space 78848K, 11% used [0x000000008c800000,0x000000008d08b8e8,0x0000000091500000)
 PSPermGen       total 22528K, used 22416K [0x0000000087600000, 0x0000000088c00000, 0x000000008c800000)
  object space 22528K, 99% used [0x0000000087600000,0x0000000088be4378,0x0000000088c00000)

Card table byte_map: [0x0000000004f90000,0x0000000005360000] byte_map_base: 0x0000000004b55000

Polling page: 0x00000000003a0000

Code Cache  [0x0000000001ed0000, 0x0000000002140000, 0x0000000004ed0000)
 total_blobs=1090 nmethods=455 adapters=587 free_code_cache=47650Kb largest_free_block=48755776

Compilation events (10 events):
Event: 10.371 Thread 0x0000000009ba5000  492             com.sun.javafx.geom.Point2D::setLocation (11 bytes)
Event: 10.371 Thread 0x0000000009ba5000 nmethod 492 0x0000000002048dd0 code [0x0000000002048f00, 0x0000000002048f58]
Event: 10.389 Thread 0x0000000009ba2800  493             java.util.concurrent.locks.AbstractOwnableSynchronizer::getExclusiveOwnerThread (5 bytes)
Event: 10.389 Thread 0x0000000009ba2800 nmethod 493 0x0000000002048b50 code [0x0000000002048c80, 0x0000000002048cd8]
Event: 10.493 Thread 0x0000000009ba5000  494             com.sun.javafx.geom.RectBounds::deriveWithNewBounds (96 bytes)
Event: 10.494 Thread 0x0000000009ba5000 nmethod 494 0x000000000204b490 code [0x000000000204b5e0, 0x000000000204b6b8]
Event: 10.501 Thread 0x0000000009ba2800  495             javafx.scene.Node::updateLocalToParentTransform (255 bytes)
Event: 10.510 Thread 0x0000000009ba2800 nmethod 495 0x000000000204f310 code [0x000000000204f640, 0x000000000204fe38]
Event: 10.982 Thread 0x0000000009ba5000  496 %           com.sun.javafx.sg.prism.EffectUtil::fillGaussian @ 132 (219 bytes)
Event: 10.985 Thread 0x0000000009ba5000 nmethod 496% 0x00000000020494d0 code [0x0000000002049640, 0x00000000020498f8]

GC Heap History (10 events):
Event: 4.799 GC heap before
{Heap before GC invocations=3 (full 0):
 PSYoungGen      total 34816K, used 34721K [0x00000000d9800000, 0x00000000ddc00000, 0x0000000100000000)
  eden space 30208K, 99% used [0x00000000d9800000,0x00000000db56e3b0,0x00000000db580000)
  from space 4608K, 99% used [0x00000000dba00000,0x00000000dbe7a3b8,0x00000000dbe80000)
  to   space 4608K, 0% used [0x00000000db580000,0x00000000db580000,0x00000000dba00000)
 ParOldGen       total 78848K, used 3848K [0x000000008c800000, 0x0000000091500000, 0x00000000d9800000)
  object space 78848K, 4% used [0x000000008c800000,0x000000008cbc20f8,0x0000000091500000)
 PSPermGen       total 21504K, used 19087K [0x0000000087600000, 0x0000000088b00000, 0x000000008c800000)
  object space 21504K, 88% used [0x0000000087600000,0x00000000888a3c50,0x0000000088b00000)
Event: 4.808 GC heap after
Heap after GC invocations=3 (full 0):
 PSYoungGen      total 34816K, used 4600K [0x00000000d9800000, 0x00000000ddc00000, 0x0000000100000000)
  eden space 30208K, 0% used [0x00000000d9800000,0x00000000d9800000,0x00000000db580000)
  from space 4608K, 99% used [0x00000000db580000,0x00000000db9fe2e8,0x00000000dba00000)
  to   space 4608K, 0% used [0x00000000dd780000,0x00000000dd780000,0x00000000ddc00000)
 ParOldGen       total 78848K, used 3872K [0x000000008c800000, 0x0000000091500000, 0x00000000d9800000)
  object space 78848K, 4% used [0x000000008c800000,0x000000008cbc80f8,0x0000000091500000)
 PSPermGen       total 21504K, used 19087K [0x0000000087600000, 0x0000000088b00000, 0x000000008c800000)
  object space 21504K, 88% used [0x0000000087600000,0x00000000888a3c50,0x0000000088b00000)
}
Event: 4.823 GC heap before
{Heap before GC invocations=4 (full 0):
 PSYoungGen      total 34816K, used 34795K [0x00000000d9800000, 0x00000000ddc00000, 0x0000000100000000)
  eden space 30208K, 99% used [0x00000000d9800000,0x00000000db57cb28,0x00000000db580000)
  from space 4608K, 99% used [0x00000000db580000,0x00000000db9fe2e8,0x00000000dba00000)
  to   space 4608K, 0% used [0x00000000dd780000,0x00000000dd780000,0x00000000ddc00000)
 ParOldGen       total 78848K, used 3872K [0x000000008c800000, 0x0000000091500000, 0x00000000d9800000)
  object space 78848K, 4% used [0x000000008c800000,0x000000008cbc80f8,0x0000000091500000)
 PSPermGen       total 21504K, used 19087K [0x0000000087600000, 0x0000000088b00000, 0x000000008c800000)
  object space 21504K, 88% used [0x0000000087600000,0x00000000888a3c50,0x0000000088b00000)
Event: 4.832 GC heap after
Heap after GC invocations=4 (full 0):
 PSYoungGen      total 65024K, used 4591K [0x00000000d9800000, 0x00000000ddc00000, 0x0000000100000000)
  eden space 60416K, 0% used [0x00000000d9800000,0x00000000d9800000,0x00000000dd300000)
  from space 4608K, 99% used [0x00000000dd780000,0x00000000ddbfbe08,0x00000000ddc00000)
  to   space 4608K, 0% used [0x00000000dd300000,0x00000000dd300000,0x00000000dd780000)
 ParOldGen       total 78848K, used 3920K [0x000000008c800000, 0x0000000091500000, 0x00000000d9800000)
  object space 78848K, 4% used [0x000000008c800000,0x000000008cbd40f8,0x0000000091500000)
 PSPermGen       total 21504K, used 19087K [0x0000000087600000, 0x0000000088b00000, 0x000000008c800000)
  object space 21504K, 88% used [0x0000000087600000,0x00000000888a3c50,0x0000000088b00000)
}
Event: 4.867 GC heap before
{Heap before GC invocations=5 (full 0):
 PSYoungGen      total 65024K, used 64961K [0x00000000d9800000, 0x00000000ddc00000, 0x0000000100000000)
  eden space 60416K, 99% used [0x00000000d9800000,0x00000000dd2f4930,0x00000000dd300000)
  from space 4608K, 99% used [0x00000000dd780000,0x00000000ddbfbe08,0x00000000ddc00000)
  to   space 4608K, 0% used [0x00000000dd300000,0x00000000dd300000,0x00000000dd780000)
 ParOldGen       total 78848K, used 3920K [0x000000008c800000, 0x0000000091500000, 0x00000000d9800000)
  object space 78848K, 4% used [0x000000008c800000,0x000000008cbd40f8,0x0000000091500000)
 PSPermGen       total 21504K, used 19087K [0x0000000087600000, 0x0000000088b00000, 0x000000008c800000)
  object space 21504K, 88% used [0x0000000087600000,0x00000000888a3c50,0x0000000088b00000)
Event: 4.877 GC heap after
Heap after GC invocations=5 (full 0):
 PSYoungGen      total 65024K, used 4576K [0x00000000d9800000, 0x00000000e1e00000, 0x0000000100000000)
  eden space 60416K, 0% used [0x00000000d9800000,0x00000000d9800000,0x00000000dd300000)
  from space 4608K, 99% used [0x00000000dd300000,0x00000000dd7782c0,0x00000000dd780000)
  to   space 8192K, 0% used [0x00000000e1600000,0x00000000e1600000,0x00000000e1e00000)
 ParOldGen       total 78848K, used 3976K [0x000000008c800000, 0x0000000091500000, 0x00000000d9800000)
  object space 78848K, 5% used [0x000000008c800000,0x000000008cbe20f8,0x0000000091500000)
 PSPermGen       total 21504K, used 19087K [0x0000000087600000, 0x0000000088b00000, 0x000000008c800000)
  object space 21504K, 88% used [0x0000000087600000,0x00000000888a3c50,0x0000000088b00000)
}
Event: 4.904 GC heap before
{Heap before GC invocations=6 (full 0):
 PSYoungGen      total 65024K, used 64931K [0x00000000d9800000, 0x00000000e1e00000, 0x0000000100000000)
  eden space 60416K, 99% used [0x00000000d9800000,0x00000000dd2f0c80,0x00000000dd300000)
  from space 4608K, 99% used [0x00000000dd300000,0x00000000dd7782c0,0x00000000dd780000)
  to   space 8192K, 0% used [0x00000000e1600000,0x00000000e1600000,0x00000000e1e00000)
 ParOldGen       total 78848K, used 3976K [0x000000008c800000, 0x0000000091500000, 0x00000000d9800000)
  object space 78848K, 5% used [0x000000008c800000,0x000000008cbe20f8,0x0000000091500000)
 PSPermGen       total 21504K, used 19087K [0x0000000087600000, 0x0000000088b00000, 0x000000008c800000)
  object space 21504K, 88% used [0x0000000087600000,0x00000000888a3c50,0x0000000088b00000)
Event: 4.914 GC heap after
Heap after GC invocations=6 (full 0):
 PSYoungGen      total 129024K, used 4700K [0x00000000d9800000, 0x00000000e1e00000, 0x0000000100000000)
  eden space 120832K, 0% used [0x00000000d9800000,0x00000000d9800000,0x00000000e0e00000)
  from space 8192K, 57% used [0x00000000e1600000,0x00000000e1a97190,0x00000000e1e00000)
  to   space 8192K, 0% used [0x00000000e0e00000,0x00000000e0e00000,0x00000000e1600000)
 ParOldGen       total 78848K, used 3976K [0x000000008c800000, 0x0000000091500000, 0x00000000d9800000)
  object space 78848K, 5% used [0x000000008c800000,0x000000008cbe20f8,0x0000000091500000)
 PSPermGen       total 21504K, used 19087K [0x0000000087600000, 0x0000000088b00000, 0x000000008c800000)
  object space 21504K, 88% used [0x0000000087600000,0x00000000888a3c50,0x0000000088b00000)
}
Event: 6.233 GC heap before
{Heap before GC invocations=7 (full 0):
 PSYoungGen      total 129024K, used 125218K [0x00000000d9800000, 0x00000000e1e00000, 0x0000000100000000)
  eden space 120832K, 99% used [0x00000000d9800000,0x00000000e0db1890,0x00000000e0e00000)
  from space 8192K, 57% used [0x00000000e1600000,0x00000000e1a97190,0x00000000e1e00000)
  to   space 8192K, 0% used [0x00000000e0e00000,0x00000000e0e00000,0x00000000e1600000)
 ParOldGen       total 78848K, used 3976K [0x000000008c800000, 0x0000000091500000, 0x00000000d9800000)
  object space 78848K, 5% used [0x000000008c800000,0x000000008cbe20f8,0x0000000091500000)
 PSPermGen       total 22528K, used 22177K [0x0000000087600000, 0x0000000088c00000, 0x000000008c800000)
  object space 22528K, 98% used [0x0000000087600000,0x0000000088ba84f8,0x0000000088c00000)
Event: 6.255 GC heap after
Heap after GC invocations=7 (full 0):
 PSYoungGen      total 129024K, used 8178K [0x00000000d9800000, 0x00000000e9b00000, 0x0000000100000000)
  eden space 120832K, 0% used [0x00000000d9800000,0x00000000d9800000,0x00000000e0e00000)
  from space 8192K, 99% used [0x00000000e0e00000,0x00000000e15fc8a0,0x00000000e1600000)
  to   space 11776K, 0% used [0x00000000e8f80000,0x00000000e8f80000,0x00000000e9b00000)
 ParOldGen       total 78848K, used 8750K [0x000000008c800000, 0x0000000091500000, 0x00000000d9800000)
  object space 78848K, 11% used [0x000000008c800000,0x000000008d08b8e8,0x0000000091500000)
 PSPermGen       total 22528K, used 22177K [0x0000000087600000, 0x0000000088c00000, 0x000000008c800000)
  object space 22528K, 98% used [0x0000000087600000,0x0000000088ba84f8,0x0000000088c00000)
}

Deoptimization events (10 events):
Event: 5.610 Thread 0x000000000c0aa000 Uncommon trap: reason=bimorphic action=maybe_recompile pc=0x0000000001fa46f0 method=java.io.FilterInputStream.read()I @ 4
Event: 5.611 Thread 0x000000000c0aa000 Uncommon trap: reason=bimorphic action=maybe_recompile pc=0x0000000001fa46f0 method=java.io.FilterInputStream.read()I @ 4
Event: 5.879 Thread 0x000000000bfa1800 Uncommon trap: reason=bimorphic action=maybe_recompile pc=0x0000000001fc4288 method=java.util.ArrayList.indexOf(Ljava/lang/Object;)I @ 51
Event: 5.884 Thread 0x000000000bfa1800 Uncommon trap: reason=bimorphic action=maybe_recompile pc=0x0000000001fc4288 method=java.util.ArrayList.indexOf(Ljava/lang/Object;)I @ 51
Event: 5.889 Thread 0x000000000bfa1800 Uncommon trap: reason=bimorphic action=maybe_recompile pc=0x0000000001fc4288 method=java.util.ArrayList.indexOf(Ljava/lang/Object;)I @ 51
Event: 6.506 Thread 0x000000000b90e000 Uncommon trap: reason=array_check action=maybe_recompile pc=0x0000000002024274 method=java.util.Arrays.fill([Ljava/lang/Object;Ljava/lang/Object;)V @ 13
Event: 6.506 Thread 0x000000000b90e000 Uncommon trap: reason=array_check action=maybe_recompile pc=0x0000000002024274 method=java.util.Arrays.fill([Ljava/lang/Object;Ljava/lang/Object;)V @ 13
Event: 6.506 Thread 0x000000000b90e000 Uncommon trap: reason=array_check action=maybe_recompile pc=0x0000000002024274 method=java.util.Arrays.fill([Ljava/lang/Object;Ljava/lang/Object;)V @ 13
Event: 6.542 Thread 0x000000000b90e000 Uncommon trap: reason=array_check action=maybe_recompile pc=0x0000000002024274 method=java.util.Arrays.fill([Ljava/lang/Object;Ljava/lang/Object;)V @ 13
Event: 10.290 Thread 0x000000000b67f800 Uncommon trap: reason=unreached action=reinterpret pc=0x0000000002031384 method=com.sun.scenario.effect.impl.ImagePool.checkOut(Lcom/sun/scenario/effect/impl/Renderer;II)Lcom/sun/scenario/effect/Filterable; @ 209

Internal exceptions (10 events):
Event: 7.176 Thread 0x000000000b90e000 Threw 0x00000000dad4e0e8 at C:\re\jdk7u51\527\hotspot\src\share\vm\prims\jvm.cpp:1244
Event: 7.176 Thread 0x000000000b90e000 Threw 0x00000000dad4e900 at C:\re\jdk7u51\527\hotspot\src\share\vm\classfile\systemDictionary.cpp:185
Event: 7.176 Thread 0x000000000b90e000 Threw 0x00000000dad4ee70 at C:\re\jdk7u51\527\hotspot\src\share\vm\prims\jvm.cpp:1244
Event: 7.176 Thread 0x000000000b90e000 Threw 0x00000000dad4f2e0 at C:\re\jdk7u51\527\hotspot\src\share\vm\prims\jvm.cpp:1244
Event: 8.146 Thread 0x000000000b90e000 Threw 0x00000000db16be70 at C:\re\jdk7u51\527\hotspot\src\share\vm\classfile\systemDictionary.cpp:185
Event: 8.146 Thread 0x000000000b90e000 Threw 0x00000000db16c3e0 at C:\re\jdk7u51\527\hotspot\src\share\vm\prims\jvm.cpp:1244
Event: 8.146 Thread 0x000000000b90e000 Threw 0x00000000db16c850 at C:\re\jdk7u51\527\hotspot\src\share\vm\prims\jvm.cpp:1244
Event: 8.146 Thread 0x000000000b90e000 Threw 0x00000000db16d068 at C:\re\jdk7u51\527\hotspot\src\share\vm\classfile\systemDictionary.cpp:185
Event: 8.146 Thread 0x000000000b90e000 Threw 0x00000000db16d5d8 at C:\re\jdk7u51\527\hotspot\src\share\vm\prims\jvm.cpp:1244
Event: 8.146 Thread 0x000000000b90e000 Threw 0x00000000db16da48 at C:\re\jdk7u51\527\hotspot\src\share\vm\prims\jvm.cpp:1244

Events (10 events):
Event: 10.290 Thread 0x000000000b67f800 DEOPT PACKING pc=0x0000000002031384 sp=0x000000000ccec000
Event: 10.290 Thread 0x000000000b67f800 DEOPT UNPACKING pc=0x0000000001f09064 sp=0x000000000ccebfb0 mode 2
Event: 10.858 loading class 0x000000000bdfcba0
Event: 10.858 loading class 0x000000000bdfcba0 done
Event: 10.979 loading class 0x000000000bbdc3a0
Event: 10.979 loading class 0x000000000bbdc3a0 done
Event: 10.986 loading class 0x0000000011078d00
Event: 10.986 loading class 0x0000000011078d00 done
Event: 10.990 Executing VM operation: RevokeBias
Event: 10.990 Executing VM operation: RevokeBias done


Dynamic libraries:
0x000007f74da90000 - 0x000007f74dac3000 	C:\Program Files\Java\jdk1.7.0_51\jre\bin\java.exe
0x000007fbff5c0000 - 0x000007fbff780000 	C:\Windows\SYSTEM32\ntdll.dll
0x000007fbfede0000 - 0x000007fbfef16000 	C:\Windows\system32\KERNEL32.DLL
0x000007fbfc650000 - 0x000007fbfc743000 	C:\Windows\system32\KERNELBASE.dll
0x000007fbfef20000 - 0x000007fbfeffe000 	C:\Windows\system32\ADVAPI32.dll
0x000007fbfdd60000 - 0x000007fbfdeac000 	C:\Windows\system32\USER32.dll
0x000007fbf9b60000 - 0x000007fbf9dca000 	C:\Windows\WinSxS\amd64_microsoft.windows.common-controls_6595b64144ccf1df_6.0.9200.16579_none_418ab7ef718b27ef\COMCTL32.dll
0x000007fbff160000 - 0x000007fbff205000 	C:\Windows\system32\msvcrt.dll
0x000007fbfeb40000 - 0x000007fbfeb88000 	C:\Windows\SYSTEM32\sechost.dll
0x000007fbff010000 - 0x000007fbff155000 	C:\Windows\system32\RPCRT4.dll
0x000007fbfe220000 - 0x000007fbfe361000 	C:\Windows\system32\GDI32.dll
0x000007fbfdf00000 - 0x000007fbfdf39000 	C:\Windows\system32\IMM32.DLL
0x000007fbfea20000 - 0x000007fbfeb36000 	C:\Windows\system32\MSCTF.dll
0x0000000073380000 - 0x0000000073452000 	C:\Program Files\Java\jdk1.7.0_51\jre\bin\msvcr100.dll
0x0000000073460000 - 0x0000000073c29000 	C:\Program Files\Java\jdk1.7.0_51\jre\bin\server\jvm.dll
0x000007fbfa4d0000 - 0x000007fbfa4d9000 	C:\Windows\SYSTEM32\WSOCK32.dll
0x000007fbfa4f0000 - 0x000007fbfa510000 	C:\Windows\SYSTEM32\WINMM.dll
0x000007fbfe440000 - 0x000007fbfe447000 	C:\Windows\system32\PSAPI.DLL
0x000007fbff3b0000 - 0x000007fbff408000 	C:\Windows\system32\WS2_32.dll
0x000007fbf9740000 - 0x000007fbf9773000 	C:\Windows\SYSTEM32\WINMMBASE.dll
0x000007fbfe780000 - 0x000007fbfe789000 	C:\Windows\system32\NSI.dll
0x000007fbfc960000 - 0x000007fbfc9af000 	C:\Windows\SYSTEM32\cfgmgr32.dll
0x000007fbfc930000 - 0x000007fbfc952000 	C:\Windows\system32\DEVOBJ.dll
0x0000000073330000 - 0x000000007333f000 	C:\Program Files\Java\jdk1.7.0_51\jre\bin\verify.dll
0x0000000073300000 - 0x0000000073328000 	C:\Program Files\Java\jdk1.7.0_51\jre\bin\java.dll
0x00000000732e0000 - 0x00000000732f5000 	C:\Program Files\Java\jdk1.7.0_51\jre\bin\zip.dll
0x0000000071860000 - 0x00000000718d8000 	C:\Program Files\Java\jdk1.7.0_51\jre\bin\deploy.dll
0x000007fbfec40000 - 0x000007fbfedbe000 	C:\Windows\system32\ole32.dll
0x000007fbfe370000 - 0x000007fbfe433000 	C:\Windows\system32\OLEAUT32.dll
0x000007fbf95c0000 - 0x000007fbf95c9000 	C:\Windows\SYSTEM32\VERSION.dll
0x000007fbfdf40000 - 0x000007fbfe16d000 	C:\Windows\system32\WININET.dll
0x000007fbfe620000 - 0x000007fbfe779000 	C:\Windows\system32\urlmon.dll
0x000007fbff410000 - 0x000007fbff5c0000 	C:\Windows\SYSTEM32\combase.dll
0x000007fbfe790000 - 0x000007fbfea1c000 	C:\Windows\system32\iertutil.dll
0x000007fbfdeb0000 - 0x000007fbfdf00000 	C:\Windows\system32\SHLWAPI.dll
0x000007fbfc9b0000 - 0x000007fbfdc8f000 	C:\Windows\system32\SHELL32.dll
0x000007fbface0000 - 0x000007fbfad75000 	C:\Windows\SYSTEM32\SHCORE.dll
0x000007fbfc470000 - 0x000007fbfc485000 	C:\Windows\SYSTEM32\profapi.dll
0x000007fbf4a40000 - 0x000007fbf4a4b000 	C:\Windows\SYSTEM32\Secur32.dll
0x000007fbfc0d0000 - 0x000007fbfc0fc000 	C:\Windows\SYSTEM32\SSPICLI.DLL
0x000007fbf57f0000 - 0x000007fbf58a1000 	C:\Windows\SYSTEM32\winhttp.dll
0x000007fbfbcb0000 - 0x000007fbfbd0c000 	C:\Windows\system32\mswsock.dll
0x000007fbf7770000 - 0x000007fbf779a000 	C:\Windows\SYSTEM32\IPHLPAPI.DLL
0x000007fbf7630000 - 0x000007fbf763a000 	C:\Windows\SYSTEM32\WINNSI.DLL
0x000007fbfbac0000 - 0x000007fbfbb58000 	C:\Windows\SYSTEM32\DNSAPI.dll
0x0000000074100000 - 0x0000000074126000 	C:\Program Files\Bonjour\mdnsNSP.dll
0x000007fbf6b60000 - 0x000007fbf6b73000 	C:\Windows\SYSTEM32\dhcpcsvc6.DLL
0x000007fbf4ba0000 - 0x000007fbf4ba8000 	C:\Windows\System32\rasadhlp.dll
0x000007fbf6b40000 - 0x000007fbf6b58000 	C:\Windows\SYSTEM32\dhcpcsvc.DLL
0x0000000071850000 - 0x000000007185f000 	C:\Program Files\Java\jdk1.7.0_51\jre\bin\prism-d3d.dll
0x000007fbe2050000 - 0x000007fbe2250000 	C:\Windows\system32\d3d9.dll
0x000007fbfa5e0000 - 0x000007fbfa601000 	C:\Windows\SYSTEM32\dwmapi.dll
0x000007fbfb300000 - 0x000007fbfb3e6000 	C:\Windows\system32\uxtheme.dll
0x000007fbf9430000 - 0x000007fbf954b000 	C:\Windows\SYSTEM32\aticfx64.dll
0x000007fbea290000 - 0x000007fbea2b0000 	C:\Windows\SYSTEM32\atiu9p64.dll
0x000007fbe1990000 - 0x000007fbe2046000 	C:\Windows\SYSTEM32\atiumd64.dll
0x0000000073c30000 - 0x00000000740fd000 	C:\Windows\SYSTEM32\atiumd6a.dll
0x0000000071810000 - 0x0000000071842000 	C:\Program Files\Java\jdk1.7.0_51\jre\bin\glass.dll
0x000007fbfeb90000 - 0x000007fbfec31000 	C:\Windows\system32\COMDLG32.dll
0x000007fbfc2b0000 - 0x000007fbfc2ba000 	C:\Windows\SYSTEM32\CRYPTBASE.dll
0x000007fbfc250000 - 0x000007fbfc2ac000 	C:\Windows\SYSTEM32\bcryptPrimitives.dll
0x0000000071720000 - 0x00000000717be000 	C:\Program Files\Java\jdk1.7.0_51\jre\bin\libxml2.dll
0x00000000716e0000 - 0x0000000071716000 	C:\Program Files\Java\jdk1.7.0_51\jre\bin\libxslt.dll
0x000000006f870000 - 0x00000000706a8000 	C:\Program Files\Java\jdk1.7.0_51\jre\bin\jfxwebkit.dll
0x00000000732c0000 - 0x00000000732d9000 	C:\Program Files\Java\jdk1.7.0_51\jre\bin\net.dll
0x000007fbf6ea0000 - 0x000007fbf6f01000 	C:\Windows\System32\fwpuclnt.dll
0x000007fbfe170000 - 0x000007fbfe206000 	C:\Windows\SYSTEM32\clbcatq.dll
0x000007fbfafa0000 - 0x000007fbfb133000 	C:\Windows\SYSTEM32\WindowsCodecs.dll
0x000007fbef9b0000 - 0x000007fbef9de000 	C:\Program Files\Common Files\Microsoft Shared\Ink\rtscom.dll
0x0000000071690000 - 0x00000000716e0000 	C:\Program Files\Java\jdk1.7.0_51\jre\bin\javafx-font.dll
0x000007fbfbe00000 - 0x000007fbfbe1a000 	C:\Windows\SYSTEM32\CRYPTSP.dll
0x000007fbfb940000 - 0x000007fbfb98b000 	C:\Windows\system32\rsaenh.dll
0x00000000732a0000 - 0x00000000732b1000 	C:\Program Files\Java\jdk1.7.0_51\jre\bin\nio.dll
0x0000000073020000 - 0x0000000073044000 	C:\Program Files\Java\jdk1.7.0_51\jre\bin\sunec.dll
0x0000000073010000 - 0x000000007301b000 	C:\Program Files\Java\jdk1.7.0_51\jre\bin\sunmscapi.dll
0x000007fbfc750000 - 0x000007fbfc921000 	C:\Windows\system32\CRYPT32.dll
0x000007fbfc520000 - 0x000007fbfc536000 	C:\Windows\system32\MSASN1.dll
0x000007fbfbc90000 - 0x000007fbfbcaf000 	C:\Windows\SYSTEM32\USERENV.dll
0x000007fbf3f70000 - 0x000007fbf3f84000 	C:\Windows\system32\napinsp.dll
0x000007fbf3f90000 - 0x000007fbf3fa8000 	C:\Windows\system32\pnrpnsp.dll
0x000007fbfac00000 - 0x000007fbfac16000 	C:\Windows\system32\NLAapi.dll
0x000007fbf4070000 - 0x000007fbf4082000 	C:\Windows\System32\winrnr.dll
0x000007fbfa180000 - 0x000007fbfa2e3000 	C:\Windows\SYSTEM32\dbghelp.dll

VM Arguments:
jvm_args: -Dfile.encoding=UTF-8 
java_command: C:\Users\Gabriel\Documents\NetBeansProjects\QCCBrowserEx1\dist\run1056252722\QCCBrowserEx1.jar
Launcher Type: SUN_STANDARD

Environment Variables:
PATH=C:\Program Files (x86)\HP SimplePass\x64;C:\Program Files (x86)\HP SimplePass\;;C:\Program Files (x86)\AMD APP\bin\x86_64;C:\Program Files (x86)\AMD APP\bin\x86;C:\Windows\system32;C:\Windows;C:\Windows\System32\Wbem;C:\Windows\System32\WindowsPowerShell\v1.0\;C:\Program Files (x86)\Windows Live\Shared;C:\Program Files (x86)\ATI Technologies\ATI.ACE\Core-Static
USERNAME=Gabriel
OS=Windows_NT
PROCESSOR_IDENTIFIER=AMD64 Family 21 Model 19 Stepping 1, AuthenticAMD



---------------  S Y S T E M  ---------------

OS: Windows 8 , 64 bit Build 9200 

CPU:total 4 (4 cores per cpu, 1 threads per core) family 21 model 19 stepping 1, cmov, cx8, fxsr, mmx, sse, sse2, sse3, ssse3, sse4.1, sse4.2, popcnt, avx, aes, mmxext, 3dnowpref, lzcnt, sse4a, tsc, tscinvbit, tscinv

Memory: 4k page, physical 7563524k(4329184k free), swap 8743172k(4349792k free)

vm_info: Java HotSpot(TM) 64-Bit Server VM (24.51-b03) for windows-amd64 JRE (1.7.0_51-b13), built on Dec 18 2013 18:40:56 by "java_re" with unknown MS VC++:1600

time: Thu Apr 03 16:26:26 2014
elapsed time: 11 seconds

