#
# A fatal error has been detected by the Java Runtime Environment:
#
#  EXCEPTION_ACCESS_VIOLATION (0xc0000005) at pc=0x000000006fb72dba, pid=4556, tid=8568
#
# JRE version: Java(TM) SE Runtime Environment (7.0_51-b13) (build 1.7.0_51-b13)
# Java VM: Java HotSpot(TM) 64-Bit Server VM (24.51-b03 mixed mode windows-amd64 compressed oops)
# Problematic frame:
# C  [jfxwebkit.dll+0x302dba]
#
# Failed to write core dump. Minidumps are not enabled by default on client versions of Windows
#
# If you would like to submit a bug report, please visit:
#   http://bugreport.sun.com/bugreport/crash.jsp
# The crash happened outside the Java Virtual Machine in native code.
# See problematic frame for where to report the bug.
#

---------------  T H R E A D  ---------------

Current thread (0x000000000c472800):  JavaThread "JavaFX Application Thread" [_thread_in_native, id=8568, stack(0x000000000e930000,0x000000000ea30000)]

siginfo: ExceptionCode=0xc0000005, reading address 0x0000000000000000

Registers:
RAX=0x0000000011f7f5f0, RBX=0x0000000000000000, RCX=0x0000000000000000, RDX=0x00000000154781b0
RSP=0x000000000ea2e8d8, RBP=0x0000000000008372, RSI=0x0000000000008300, RDI=0x0000000011f41b70
R8 =0x0000000000008372, R9 =0x0000000000008372, R10=0x0000000011f41be0, R11=0x000000000ea2e780
R12=0x00000000154781b0, R13=0x0000000088151160, R14=0x000000000ea2ebc8, R15=0x000000000c472800
RIP=0x000000006fb72dba, EFLAGS=0x0000000000010202

Top of Stack: (sp=0x000000000ea2e8d8)
0x000000000ea2e8d8:   000000006fb6da3e 0000000000000000
0x000000000ea2e8e8:   0000000000008300 000000000ea2ebc8
0x000000000ea2e8f8:   0000000088151160 fffffffffffffffe
0x000000000ea2e908:   0000000011f41b70 0000000000000000
0x000000000ea2e918:   0000000011f41b70 0000000000008372
0x000000000ea2e928:   000000006fb6e6ea 0000000011f7f5f0
0x000000000ea2e938:   000000000c8b3750 00000000154781b0
0x000000000ea2e948:   0000000011e80010 fffffffffffffffe
0x000000000ea2e958:   0000000011e80010 0000000000008372
0x000000000ea2e968:   00000000154781b0 0000000011f41f30
0x000000000ea2e978:   000000006fb6e7cb 000000000c8b3750
0x000000000ea2e988:   0000000011f41b70 000000005346bf8a
0x000000000ea2e998:   0000000011f41b70 0000000000008372
0x000000000ea2e9a8:   000000006fb92067 0000000011e80010
0x000000000ea2e9b8:   0000000000000000 00000000154781b0
0x000000000ea2e9c8:   0000000000000000 000000008772fcf1 

Instructions: (pc=0x000000006fb72dba)
0x000000006fb72d9a:   00 48 8b 89 50 04 00 00 e8 e9 3c e3 ff 48 83 c4
0x000000006fb72daa:   20 5b c3 cc cc cc 4c 8b d1 48 8b 49 30 4d 8b c8
0x000000006fb72dba:   48 8b 01 4c 8b c2 49 8b d2 48 ff 60 20 cc cc cc
0x000000006fb72dca:   cc cc cc cc cc cc 48 8b 41 30 c6 40 10 01 c3 cc 


Register to memory mapping:

RAX=0x0000000011f7f5f0 is an unknown value
RBX=0x0000000000000000 is an unknown value
RCX=0x0000000000000000 is an unknown value
RDX=0x00000000154781b0 is an unknown value
RSP=0x000000000ea2e8d8 is pointing into the stack for thread: 0x000000000c472800
RBP=0x0000000000008372 is an unknown value
RSI=0x0000000000008300 is an unknown value
RDI=0x0000000011f41b70 is an unknown value
R8 =0x0000000000008372 is an unknown value
R9 =0x0000000000008372 is an unknown value
R10=0x0000000011f41be0 is an unknown value
R11=0x000000000ea2e780 is pointing into the stack for thread: 0x000000000c472800
R12=0x00000000154781b0 is an unknown value
R13=0x0000000088151160 is an oop
{method} 
 - klass: {other class}
R14=0x000000000ea2ebc8 is pointing into the stack for thread: 0x000000000c472800
R15=0x000000000c472800 is a thread


Stack: [0x000000000e930000,0x000000000ea30000],  sp=0x000000000ea2e8d8,  free space=1018k
Native frames: (J=compiled Java code, j=interpreted, Vv=VM code, C=native code)
C  [jfxwebkit.dll+0x302dba]

Java frames: (J=compiled Java code, j=interpreted, Vv=VM code)
j  com.sun.webpane.webkit.network.URLLoader.twkDidReceiveData(Ljava/nio/ByteBuffer;IIJ)V+0
j  com.sun.webpane.webkit.network.URLLoader.access$1200(Ljava/nio/ByteBuffer;IIJ)V+4
j  com.sun.webpane.webkit.network.URLLoader$5.run()V+35
j  com.sun.glass.ui.InvokeLaterDispatcher$Future.run()V+4
v  ~StubRoutines::call_stub
j  com.sun.glass.ui.win.WinApplication._runLoop([Ljava/lang/String;Lcom/sun/glass/ui/Launchable;)V+0
j  com.sun.glass.ui.win.WinApplication.access$100(Lcom/sun/glass/ui/win/WinApplication;[Ljava/lang/String;Lcom/sun/glass/ui/Launchable;)V+3
j  com.sun.glass.ui.win.WinApplication$3$1.run()V+32
j  java.lang.Thread.run()V+11
v  ~StubRoutines::call_stub

---------------  P R O C E S S  ---------------

Java Threads: ( => current thread )
  0x000000000c765800 JavaThread "URL-Loader-49" daemon [_thread_in_native, id=9580, stack(0x0000000014610000,0x0000000014710000)]
  0x000000000c767000 JavaThread "URL-Loader-48" daemon [_thread_blocked, id=6292, stack(0x0000000013f10000,0x0000000014010000)]
  0x000000000c761800 JavaThread "URL-Loader-47" daemon [_thread_blocked, id=6568, stack(0x00000000143b0000,0x00000000144b0000)]
  0x000000001133d800 JavaThread "URL-Loader-46" daemon [_thread_blocked, id=3996, stack(0x0000000013d70000,0x0000000013e70000)]
  0x0000000011340800 JavaThread "URL-Loader-45" daemon [_thread_blocked, id=9020, stack(0x00000000142b0000,0x00000000143b0000)]
  0x0000000011342000 JavaThread "URL-Loader-44" daemon [_thread_blocked, id=11016, stack(0x0000000014170000,0x0000000014270000)]
  0x0000000011340000 JavaThread "URL-Loader-43" daemon [_thread_blocked, id=8484, stack(0x0000000014070000,0x0000000014170000)]
  0x000000001133c000 JavaThread "URL-Loader-42" daemon [_thread_blocked, id=408, stack(0x0000000012320000,0x0000000012420000)]
  0x000000001133d000 JavaThread "URL-Loader-41" daemon [_thread_blocked, id=10280, stack(0x0000000010f30000,0x0000000011030000)]
  0x000000000c767800 JavaThread "Keep-Alive-Timer" daemon [_thread_blocked, id=1704, stack(0x00000000133f0000,0x00000000134f0000)]
  0x000000000c763000 JavaThread "Prism Font Disposer" daemon [_thread_blocked, id=8172, stack(0x0000000012100000,0x0000000012200000)]
  0x000000000c738000 JavaThread "Disposer" daemon [_thread_blocked, id=1708, stack(0x0000000010930000,0x0000000010a30000)]
  0x000000000c4a7000 JavaThread "Thread-3" daemon [_thread_in_native, id=6984, stack(0x0000000010830000,0x0000000010930000)]
=>0x000000000c472800 JavaThread "JavaFX Application Thread" [_thread_in_native, id=8568, stack(0x000000000e930000,0x000000000ea30000)]
  0x000000000c561000 JavaThread "Thread-2" daemon [_thread_blocked, id=5228, stack(0x000000000e700000,0x000000000e800000)]
  0x000000000c560800 JavaThread "Disposer" daemon [_thread_blocked, id=11068, stack(0x000000000e560000,0x000000000e660000)]
  0x000000000c51f800 JavaThread "QuantumRenderer-0" daemon [_thread_blocked, id=5972, stack(0x000000000d810000,0x000000000d910000)]
  0x000000000c530000 JavaThread "JavaFX-Launcher" [_thread_blocked, id=6736, stack(0x000000000d710000,0x000000000d810000)]
  0x000000000c30b000 JavaThread "traceMsgQueueThread" daemon [_thread_blocked, id=7056, stack(0x000000000ce60000,0x000000000cf60000)]
  0x000000000a906800 JavaThread "Service Thread" daemon [_thread_blocked, id=7404, stack(0x000000000c060000,0x000000000c160000)]
  0x000000000a8f5000 JavaThread "C2 CompilerThread1" daemon [_thread_blocked, id=5628, stack(0x000000000bf60000,0x000000000c060000)]
  0x000000000a8f2800 JavaThread "C2 CompilerThread0" daemon [_thread_blocked, id=6356, stack(0x000000000be60000,0x000000000bf60000)]
  0x000000000a8f1800 JavaThread "Attach Listener" daemon [_thread_blocked, id=9940, stack(0x000000000bd60000,0x000000000be60000)]
  0x000000000a8ee000 JavaThread "Signal Dispatcher" daemon [_thread_blocked, id=7844, stack(0x000000000bc60000,0x000000000bd60000)]
  0x000000000a8bd800 JavaThread "Finalizer" daemon [_thread_blocked, id=6788, stack(0x000000000bb60000,0x000000000bc60000)]
  0x000000000a8b2000 JavaThread "Reference Handler" daemon [_thread_blocked, id=7472, stack(0x000000000ba60000,0x000000000bb60000)]
  0x0000000002b50800 JavaThread "main" [_thread_blocked, id=3788, stack(0x00000000029d0000,0x0000000002ad0000)]

Other Threads:
  0x000000000a8b0000 VMThread [stack: 0x000000000b960000,0x000000000ba60000] [id=7748]
  0x000000000a920800 WatcherThread [stack: 0x000000000c160000,0x000000000c260000] [id=7840]

VM state:not at safepoint (normal execution)

VM Mutex/Monitor currently owned by a thread: None

Heap
 PSYoungGen      total 129024K, used 61700K [0x00000000d9800000, 0x00000000ea000000, 0x0000000100000000)
  eden space 120832K, 44% used [0x00000000d9800000,0x00000000dcc415c8,0x00000000e0e00000)
  from space 8192K, 99% used [0x00000000e0e00000,0x00000000e15ffaf0,0x00000000e1600000)
  to   space 14336K, 0% used [0x00000000e9200000,0x00000000e9200000,0x00000000ea000000)
 ParOldGen       total 78848K, used 14342K [0x000000008c800000, 0x0000000091500000, 0x00000000d9800000)
  object space 78848K, 18% used [0x000000008c800000,0x000000008d601a68,0x0000000091500000)
 PSPermGen       total 23040K, used 22674K [0x0000000087600000, 0x0000000088c80000, 0x000000008c800000)
  object space 23040K, 98% used [0x0000000087600000,0x0000000088c24a20,0x0000000088c80000)

Card table byte_map: [0x0000000005d10000,0x00000000060e0000] byte_map_base: 0x00000000058d5000

Polling page: 0x00000000010b0000

Code Cache  [0x0000000002c50000, 0x0000000002ec0000, 0x0000000005c50000)
 total_blobs=1291 nmethods=655 adapters=588 free_code_cache=47185Kb largest_free_block=48257856

Compilation events (10 events):
Event: 43.419 Thread 0x000000000a8f2800  692  s          com.sun.scenario.effect.impl.Renderer::getRenderer (252 bytes)
Event: 43.429 Thread 0x000000000a8f2800 nmethod 692 0x0000000002e11550 code [0x0000000002e116e0, 0x0000000002e11de8]
Event: 43.453 Thread 0x000000000a8f5000  693             com.sun.javafx.sg.prism.NGGroup::clearDirty (21 bytes)
Event: 43.457 Thread 0x000000000a8f5000 nmethod 693 0x0000000002e3a1d0 code [0x0000000002e3a320, 0x0000000002e3a458]
Event: 43.513 Thread 0x000000000a8f2800  694             com.sun.prism.impl.BaseTexture::getPixelFormat (5 bytes)
Event: 43.514 Thread 0x000000000a8f2800 nmethod 694 0x0000000002e39f90 code [0x0000000002e3a0c0, 0x0000000002e3a118]
Event: 44.214 Thread 0x000000000a8f5000  695             com.sun.javafx.geom.RectBounds::<init> (26 bytes)
Event: 44.215 Thread 0x000000000a8f5000 nmethod 695 0x0000000002e10e90 code [0x0000000002e10fc0, 0x0000000002e11018]
Event: 44.261 Thread 0x000000000a8f2800  696             java.util.Collections$UnmodifiableCollection$1::hasNext (10 bytes)
Event: 44.262 Thread 0x000000000a8f2800 nmethod 696 0x0000000002e43190 code [0x0000000002e432e0, 0x0000000002e43358]

GC Heap History (10 events):
Event: 6.539 GC heap before
{Heap before GC invocations=3 (full 0):
 PSYoungGen      total 34816K, used 34732K [0x00000000d9800000, 0x00000000ddc00000, 0x0000000100000000)
  eden space 30208K, 99% used [0x00000000d9800000,0x00000000db56cf90,0x00000000db580000)
  from space 4608K, 99% used [0x00000000dba00000,0x00000000dbe7e378,0x00000000dbe80000)
  to   space 4608K, 0% used [0x00000000db580000,0x00000000db580000,0x00000000dba00000)
 ParOldGen       total 78848K, used 3843K [0x000000008c800000, 0x0000000091500000, 0x00000000d9800000)
  object space 78848K, 4% used [0x000000008c800000,0x000000008cbc0fc0,0x0000000091500000)
 PSPermGen       total 21504K, used 19054K [0x0000000087600000, 0x0000000088b00000, 0x000000008c800000)
  object space 21504K, 88% used [0x0000000087600000,0x000000008889bae8,0x0000000088b00000)
Event: 6.554 GC heap after
Heap after GC invocations=3 (full 0):
 PSYoungGen      total 34816K, used 4585K [0x00000000d9800000, 0x00000000ddc00000, 0x0000000100000000)
  eden space 30208K, 0% used [0x00000000d9800000,0x00000000d9800000,0x00000000db580000)
  from space 4608K, 99% used [0x00000000db580000,0x00000000db9fa530,0x00000000dba00000)
  to   space 4608K, 0% used [0x00000000dd780000,0x00000000dd780000,0x00000000ddc00000)
 ParOldGen       total 78848K, used 3899K [0x000000008c800000, 0x0000000091500000, 0x00000000d9800000)
  object space 78848K, 4% used [0x000000008c800000,0x000000008cbcefc0,0x0000000091500000)
 PSPermGen       total 21504K, used 19054K [0x0000000087600000, 0x0000000088b00000, 0x000000008c800000)
  object space 21504K, 88% used [0x0000000087600000,0x000000008889bae8,0x0000000088b00000)
}
Event: 6.578 GC heap before
{Heap before GC invocations=4 (full 0):
 PSYoungGen      total 34816K, used 34734K [0x00000000d9800000, 0x00000000ddc00000, 0x0000000100000000)
  eden space 30208K, 99% used [0x00000000d9800000,0x00000000db5714f8,0x00000000db580000)
  from space 4608K, 99% used [0x00000000db580000,0x00000000db9fa530,0x00000000dba00000)
  to   space 4608K, 0% used [0x00000000dd780000,0x00000000dd780000,0x00000000ddc00000)
 ParOldGen       total 78848K, used 3899K [0x000000008c800000, 0x0000000091500000, 0x00000000d9800000)
  object space 78848K, 4% used [0x000000008c800000,0x000000008cbcefc0,0x0000000091500000)
 PSPermGen       total 21504K, used 19054K [0x0000000087600000, 0x0000000088b00000, 0x000000008c800000)
  object space 21504K, 88% used [0x0000000087600000,0x000000008889bae8,0x0000000088b00000)
Event: 6.594 GC heap after
Heap after GC invocations=4 (full 0):
 PSYoungGen      total 65024K, used 4576K [0x00000000d9800000, 0x00000000ddc00000, 0x0000000100000000)
  eden space 60416K, 0% used [0x00000000d9800000,0x00000000d9800000,0x00000000dd300000)
  from space 4608K, 99% used [0x00000000dd780000,0x00000000ddbf8050,0x00000000ddc00000)
  to   space 4608K, 0% used [0x00000000dd300000,0x00000000dd300000,0x00000000dd780000)
 ParOldGen       total 78848K, used 3947K [0x000000008c800000, 0x0000000091500000, 0x00000000d9800000)
  object space 78848K, 5% used [0x000000008c800000,0x000000008cbdafc0,0x0000000091500000)
 PSPermGen       total 21504K, used 19054K [0x0000000087600000, 0x0000000088b00000, 0x000000008c800000)
  object space 21504K, 88% used [0x0000000087600000,0x000000008889bae8,0x0000000088b00000)
}
Event: 6.665 GC heap before
{Heap before GC invocations=5 (full 0):
 PSYoungGen      total 65024K, used 64876K [0x00000000d9800000, 0x00000000ddc00000, 0x0000000100000000)
  eden space 60416K, 99% used [0x00000000d9800000,0x00000000dd2e32d8,0x00000000dd300000)
  from space 4608K, 99% used [0x00000000dd780000,0x00000000ddbf8050,0x00000000ddc00000)
  to   space 4608K, 0% used [0x00000000dd300000,0x00000000dd300000,0x00000000dd780000)
 ParOldGen       total 78848K, used 3947K [0x000000008c800000, 0x0000000091500000, 0x00000000d9800000)
  object space 78848K, 5% used [0x000000008c800000,0x000000008cbdafc0,0x0000000091500000)
 PSPermGen       total 21504K, used 19054K [0x0000000087600000, 0x0000000088b00000, 0x000000008c800000)
  object space 21504K, 88% used [0x0000000087600000,0x000000008889bae8,0x0000000088b00000)
Event: 6.683 GC heap after
Heap after GC invocations=5 (full 0):
 PSYoungGen      total 65024K, used 4594K [0x00000000d9800000, 0x00000000e1e00000, 0x0000000100000000)
  eden space 60416K, 0% used [0x00000000d9800000,0x00000000d9800000,0x00000000dd300000)
  from space 4608K, 99% used [0x00000000dd300000,0x00000000dd77cb98,0x00000000dd780000)
  to   space 8192K, 0% used [0x00000000e1600000,0x00000000e1600000,0x00000000e1e00000)
 ParOldGen       total 78848K, used 3963K [0x000000008c800000, 0x0000000091500000, 0x00000000d9800000)
  object space 78848K, 5% used [0x000000008c800000,0x000000008cbdefc0,0x0000000091500000)
 PSPermGen       total 21504K, used 19054K [0x0000000087600000, 0x0000000088b00000, 0x000000008c800000)
  object space 21504K, 88% used [0x0000000087600000,0x000000008889bae8,0x0000000088b00000)
}
Event: 6.752 GC heap before
{Heap before GC invocations=6 (full 0):
 PSYoungGen      total 65024K, used 64894K [0x00000000d9800000, 0x00000000e1e00000, 0x0000000100000000)
  eden space 60416K, 99% used [0x00000000d9800000,0x00000000dd2e2ef0,0x00000000dd300000)
  from space 4608K, 99% used [0x00000000dd300000,0x00000000dd77cb98,0x00000000dd780000)
  to   space 8192K, 0% used [0x00000000e1600000,0x00000000e1600000,0x00000000e1e00000)
 ParOldGen       total 78848K, used 3963K [0x000000008c800000, 0x0000000091500000, 0x00000000d9800000)
  object space 78848K, 5% used [0x000000008c800000,0x000000008cbdefc0,0x0000000091500000)
 PSPermGen       total 21504K, used 19054K [0x0000000087600000, 0x0000000088b00000, 0x000000008c800000)
  object space 21504K, 88% used [0x0000000087600000,0x000000008889bae8,0x0000000088b00000)
Event: 6.768 GC heap after
Heap after GC invocations=6 (full 0):
 PSYoungGen      total 129024K, used 4734K [0x00000000d9800000, 0x00000000e1e00000, 0x0000000100000000)
  eden space 120832K, 0% used [0x00000000d9800000,0x00000000d9800000,0x00000000e0e00000)
  from space 8192K, 57% used [0x00000000e1600000,0x00000000e1a9fa58,0x00000000e1e00000)
  to   space 8192K, 0% used [0x00000000e0e00000,0x00000000e0e00000,0x00000000e1600000)
 ParOldGen       total 78848K, used 3963K [0x000000008c800000, 0x0000000091500000, 0x00000000d9800000)
  object space 78848K, 5% used [0x000000008c800000,0x000000008cbdefc0,0x0000000091500000)
 PSPermGen       total 21504K, used 19054K [0x0000000087600000, 0x0000000088b00000, 0x000000008c800000)
  object space 21504K, 88% used [0x0000000087600000,0x000000008889bae8,0x0000000088b00000)
}
Event: 9.443 GC heap before
{Heap before GC invocations=7 (full 0):
 PSYoungGen      total 129024K, used 125566K [0x00000000d9800000, 0x00000000e1e00000, 0x0000000100000000)
  eden space 120832K, 100% used [0x00000000d9800000,0x00000000e0e00000,0x00000000e0e00000)
  from space 8192K, 57% used [0x00000000e1600000,0x00000000e1a9fa58,0x00000000e1e00000)
  to   space 8192K, 0% used [0x00000000e0e00000,0x00000000e0e00000,0x00000000e1600000)
 ParOldGen       total 78848K, used 3963K [0x000000008c800000, 0x0000000091500000, 0x00000000d9800000)
  object space 78848K, 5% used [0x000000008c800000,0x000000008cbdefc0,0x0000000091500000)
 PSPermGen       total 22528K, used 22095K [0x0000000087600000, 0x0000000088c00000, 0x000000008c800000)
  object space 22528K, 98% used [0x0000000087600000,0x0000000088b93f68,0x0000000088c00000)
Event: 9.480 GC heap after
Heap after GC invocations=7 (full 0):
 PSYoungGen      total 129024K, used 8190K [0x00000000d9800000, 0x00000000ea000000, 0x0000000100000000)
  eden space 120832K, 0% used [0x00000000d9800000,0x00000000d9800000,0x00000000e0e00000)
  from space 8192K, 99% used [0x00000000e0e00000,0x00000000e15ffaf0,0x00000000e1600000)
  to   space 14336K, 0% used [0x00000000e9200000,0x00000000e9200000,0x00000000ea000000)
 ParOldGen       total 78848K, used 14342K [0x000000008c800000, 0x0000000091500000, 0x00000000d9800000)
  object space 78848K, 18% used [0x000000008c800000,0x000000008d601a68,0x0000000091500000)
 PSPermGen       total 22528K, used 22095K [0x0000000087600000, 0x0000000088c00000, 0x000000008c800000)
  object space 22528K, 98% used [0x0000000087600000,0x0000000088b93f68,0x0000000088c00000)
}

Deoptimization events (10 events):
Event: 9.425 Thread 0x000000000c472800 Uncommon trap: reason=array_check action=maybe_recompile pc=0x0000000002da0974 method=java.util.Arrays.fill([Ljava/lang/Object;Ljava/lang/Object;)V @ 13
Event: 9.425 Thread 0x000000000c472800 Uncommon trap: reason=array_check action=maybe_recompile pc=0x0000000002da0974 method=java.util.Arrays.fill([Ljava/lang/Object;Ljava/lang/Object;)V @ 13
Event: 9.425 Thread 0x000000000c472800 Uncommon trap: reason=array_check action=maybe_recompile pc=0x0000000002da0974 method=java.util.Arrays.fill([Ljava/lang/Object;Ljava/lang/Object;)V @ 13
Event: 9.482 Thread 0x000000000c472800 Uncommon trap: reason=array_check action=maybe_recompile pc=0x0000000002da0974 method=java.util.Arrays.fill([Ljava/lang/Object;Ljava/lang/Object;)V @ 13
Event: 9.836 Thread 0x000000000c51f800 Uncommon trap: reason=unreached action=reinterpret pc=0x0000000002da7058 method=com.sun.scenario.effect.impl.ImagePool.checkOut(Lcom/sun/scenario/effect/impl/Renderer;II)Lcom/sun/scenario/effect/Filterable; @ 209
Event: 13.909 Thread 0x000000000c51f800 Uncommon trap: reason=class_check action=maybe_recompile pc=0x0000000002dbaf5c method=com.sun.openpisces.Stroker$PolyStack.pop(Lcom/sun/javafx/geom/PathConsumer2D;)V @ 217
Event: 13.909 Thread 0x000000000c51f800 Uncommon trap: reason=class_check action=maybe_recompile pc=0x0000000002dbaf5c method=com.sun.openpisces.Stroker$PolyStack.pop(Lcom/sun/javafx/geom/PathConsumer2D;)V @ 217
Event: 13.909 Thread 0x000000000c51f800 Uncommon trap: reason=class_check action=maybe_recompile pc=0x0000000002dbaf5c method=com.sun.openpisces.Stroker$PolyStack.pop(Lcom/sun/javafx/geom/PathConsumer2D;)V @ 217
Event: 13.910 Thread 0x000000000c51f800 Uncommon trap: reason=class_check action=maybe_recompile pc=0x0000000002dbaf5c method=com.sun.openpisces.Stroker$PolyStack.pop(Lcom/sun/javafx/geom/PathConsumer2D;)V @ 217
Event: 23.384 Thread 0x000000000c764000 Uncommon trap: reason=unreached action=reinterpret pc=0x0000000002d03ee8 method=java.util.Arrays.equals([B[B)Z @ 12

Internal exceptions (10 events):
Event: 30.608 Thread 0x000000000c472800 Threw 0x00000000dbdee838 at C:\re\jdk7u51\527\hotspot\src\share\vm\prims\jvm.cpp:1244
Event: 30.608 Thread 0x000000000c472800 Threw 0x00000000dbdeeca8 at C:\re\jdk7u51\527\hotspot\src\share\vm\prims\jvm.cpp:1244
Event: 37.663 Thread 0x000000000c472800 Threw 0x00000000dc372820 at C:\re\jdk7u51\527\hotspot\src\share\vm\runtime\reflection.cpp:1030
Event: 37.663 Thread 0x000000000c472800 Threw 0x00000000dc372c70 at C:\re\jdk7u51\527\hotspot\src\share\vm\prims\jvm.cpp:1248
Event: 43.194 Thread 0x000000000c472800 Threw 0x00000000dc9ac950 at C:\re\jdk7u51\527\hotspot\src\share\vm\classfile\systemDictionary.cpp:185
Event: 43.194 Thread 0x000000000c472800 Threw 0x00000000dc9acec0 at C:\re\jdk7u51\527\hotspot\src\share\vm\prims\jvm.cpp:1244
Event: 43.194 Thread 0x000000000c472800 Threw 0x00000000dc9ad330 at C:\re\jdk7u51\527\hotspot\src\share\vm\prims\jvm.cpp:1244
Event: 43.194 Thread 0x000000000c472800 Threw 0x00000000dc9adb48 at C:\re\jdk7u51\527\hotspot\src\share\vm\classfile\systemDictionary.cpp:185
Event: 43.194 Thread 0x000000000c472800 Threw 0x00000000dc9ae0b8 at C:\re\jdk7u51\527\hotspot\src\share\vm\prims\jvm.cpp:1244
Event: 43.194 Thread 0x000000000c472800 Threw 0x00000000dc9ae528 at C:\re\jdk7u51\527\hotspot\src\share\vm\prims\jvm.cpp:1244

Events (10 events):
Event: 43.459 Thread 0x000000001133f000 Thread exited: 0x000000001133f000
Event: 43.908 Thread 0x000000001133e800 Thread exited: 0x000000001133e800
Event: 43.964 Thread 0x000000000c761800 Thread added: 0x000000000c761800
Event: 44.058 Thread 0x000000000c767000 Thread exited: 0x000000000c767000
Event: 44.226 Thread 0x000000000c767000 Thread added: 0x000000000c767000
Event: 44.288 Thread 0x000000000c765800 Thread added: 0x000000000c765800
Event: 44.290 Executing VM operation: RevokeBias
Event: 44.291 Executing VM operation: RevokeBias done
Event: 44.291 Executing VM operation: RevokeBias
Event: 44.291 Executing VM operation: RevokeBias done


Dynamic libraries:
0x000007f6d1260000 - 0x000007f6d1293000 	C:\Program Files\Java\jdk1.7.0_51\jre\bin\java.exe
0x000007fbff5c0000 - 0x000007fbff780000 	C:\Windows\SYSTEM32\ntdll.dll
0x000007fbfede0000 - 0x000007fbfef16000 	C:\Windows\system32\KERNEL32.DLL
0x000007fbfc650000 - 0x000007fbfc743000 	C:\Windows\system32\KERNELBASE.dll
0x000007fbfef20000 - 0x000007fbfeffe000 	C:\Windows\system32\ADVAPI32.dll
0x000007fbfdd60000 - 0x000007fbfdeac000 	C:\Windows\system32\USER32.dll
0x000007fbf9b60000 - 0x000007fbf9dca000 	C:\Windows\WinSxS\amd64_microsoft.windows.common-controls_6595b64144ccf1df_6.0.9200.16579_none_418ab7ef718b27ef\COMCTL32.dll
0x000007fbff160000 - 0x000007fbff205000 	C:\Windows\system32\msvcrt.dll
0x000007fbfeb40000 - 0x000007fbfeb88000 	C:\Windows\SYSTEM32\sechost.dll
0x000007fbff010000 - 0x000007fbff155000 	C:\Windows\system32\RPCRT4.dll
0x000007fbfe220000 - 0x000007fbfe361000 	C:\Windows\system32\GDI32.dll
0x000007fbfdf00000 - 0x000007fbfdf39000 	C:\Windows\system32\IMM32.DLL
0x000007fbfea20000 - 0x000007fbfeb36000 	C:\Windows\system32\MSCTF.dll
0x0000000073380000 - 0x0000000073452000 	C:\Program Files\Java\jdk1.7.0_51\jre\bin\msvcr100.dll
0x0000000073460000 - 0x0000000073c29000 	C:\Program Files\Java\jdk1.7.0_51\jre\bin\server\jvm.dll
0x000007fbfa4d0000 - 0x000007fbfa4d9000 	C:\Windows\SYSTEM32\WSOCK32.dll
0x000007fbfa4f0000 - 0x000007fbfa510000 	C:\Windows\SYSTEM32\WINMM.dll
0x000007fbfe440000 - 0x000007fbfe447000 	C:\Windows\system32\PSAPI.DLL
0x000007fbff3b0000 - 0x000007fbff408000 	C:\Windows\system32\WS2_32.dll
0x000007fbf9740000 - 0x000007fbf9773000 	C:\Windows\SYSTEM32\WINMMBASE.dll
0x000007fbfe780000 - 0x000007fbfe789000 	C:\Windows\system32\NSI.dll
0x000007fbfc960000 - 0x000007fbfc9af000 	C:\Windows\SYSTEM32\cfgmgr32.dll
0x000007fbfc930000 - 0x000007fbfc952000 	C:\Windows\system32\DEVOBJ.dll
0x0000000073330000 - 0x000000007333f000 	C:\Program Files\Java\jdk1.7.0_51\jre\bin\verify.dll
0x0000000073300000 - 0x0000000073328000 	C:\Program Files\Java\jdk1.7.0_51\jre\bin\java.dll
0x00000000732e0000 - 0x00000000732f5000 	C:\Program Files\Java\jdk1.7.0_51\jre\bin\zip.dll
0x0000000071810000 - 0x0000000071888000 	C:\Program Files\Java\jdk1.7.0_51\jre\bin\deploy.dll
0x000007fbfec40000 - 0x000007fbfedbe000 	C:\Windows\system32\ole32.dll
0x000007fbfe370000 - 0x000007fbfe433000 	C:\Windows\system32\OLEAUT32.dll
0x000007fbf95c0000 - 0x000007fbf95c9000 	C:\Windows\SYSTEM32\VERSION.dll
0x000007fbfdf40000 - 0x000007fbfe16d000 	C:\Windows\system32\WININET.dll
0x000007fbfe620000 - 0x000007fbfe779000 	C:\Windows\system32\urlmon.dll
0x000007fbff410000 - 0x000007fbff5c0000 	C:\Windows\SYSTEM32\combase.dll
0x000007fbfe790000 - 0x000007fbfea1c000 	C:\Windows\system32\iertutil.dll
0x000007fbfdeb0000 - 0x000007fbfdf00000 	C:\Windows\system32\SHLWAPI.dll
0x000007fbfc9b0000 - 0x000007fbfdc8f000 	C:\Windows\system32\SHELL32.dll
0x000007fbface0000 - 0x000007fbfad75000 	C:\Windows\SYSTEM32\SHCORE.dll
0x000007fbfc470000 - 0x000007fbfc485000 	C:\Windows\SYSTEM32\profapi.dll
0x000007fbf4a40000 - 0x000007fbf4a4b000 	C:\Windows\SYSTEM32\Secur32.dll
0x000007fbfc0d0000 - 0x000007fbfc0fc000 	C:\Windows\SYSTEM32\SSPICLI.DLL
0x000007fbf57f0000 - 0x000007fbf58a1000 	C:\Windows\SYSTEM32\winhttp.dll
0x000007fbfbcb0000 - 0x000007fbfbd0c000 	C:\Windows\system32\mswsock.dll
0x000007fbf7770000 - 0x000007fbf779a000 	C:\Windows\SYSTEM32\IPHLPAPI.DLL
0x000007fbf7630000 - 0x000007fbf763a000 	C:\Windows\SYSTEM32\WINNSI.DLL
0x000007fbfbac0000 - 0x000007fbfbb58000 	C:\Windows\SYSTEM32\DNSAPI.dll
0x0000000074100000 - 0x0000000074126000 	C:\Program Files\Bonjour\mdnsNSP.dll
0x000007fbf4ba0000 - 0x000007fbf4ba8000 	C:\Windows\System32\rasadhlp.dll
0x000007fbf6b60000 - 0x000007fbf6b73000 	C:\Windows\SYSTEM32\dhcpcsvc6.DLL
0x000007fbf6b40000 - 0x000007fbf6b58000 	C:\Windows\SYSTEM32\dhcpcsvc.DLL
0x0000000071800000 - 0x000000007180f000 	C:\Program Files\Java\jdk1.7.0_51\jre\bin\prism-d3d.dll
0x000007fbe2050000 - 0x000007fbe2250000 	C:\Windows\system32\d3d9.dll
0x000007fbfa5e0000 - 0x000007fbfa601000 	C:\Windows\SYSTEM32\dwmapi.dll
0x000007fbfb300000 - 0x000007fbfb3e6000 	C:\Windows\system32\uxtheme.dll
0x000007fbf9430000 - 0x000007fbf954b000 	C:\Windows\SYSTEM32\aticfx64.dll
0x000007fbea290000 - 0x000007fbea2b0000 	C:\Windows\SYSTEM32\atiu9p64.dll
0x000007fbe1990000 - 0x000007fbe2046000 	C:\Windows\SYSTEM32\atiumd64.dll
0x0000000073c30000 - 0x00000000740fd000 	C:\Windows\SYSTEM32\atiumd6a.dll
0x00000000716d0000 - 0x0000000071702000 	C:\Program Files\Java\jdk1.7.0_51\jre\bin\glass.dll
0x000007fbfeb90000 - 0x000007fbfec31000 	C:\Windows\system32\COMDLG32.dll
0x000007fbfc2b0000 - 0x000007fbfc2ba000 	C:\Windows\SYSTEM32\CRYPTBASE.dll
0x000007fbfc250000 - 0x000007fbfc2ac000 	C:\Windows\SYSTEM32\bcryptPrimitives.dll
0x0000000071630000 - 0x00000000716ce000 	C:\Program Files\Java\jdk1.7.0_51\jre\bin\libxml2.dll
0x00000000715f0000 - 0x0000000071626000 	C:\Program Files\Java\jdk1.7.0_51\jre\bin\libxslt.dll
0x000000006f870000 - 0x00000000706a8000 	C:\Program Files\Java\jdk1.7.0_51\jre\bin\jfxwebkit.dll
0x00000000732c0000 - 0x00000000732d9000 	C:\Program Files\Java\jdk1.7.0_51\jre\bin\net.dll
0x000007fbf6ea0000 - 0x000007fbf6f01000 	C:\Windows\System32\fwpuclnt.dll
0x000007fbfe170000 - 0x000007fbfe206000 	C:\Windows\SYSTEM32\clbcatq.dll
0x000007fbfafa0000 - 0x000007fbfb133000 	C:\Windows\SYSTEM32\WindowsCodecs.dll
0x000007fbefa70000 - 0x000007fbefa9e000 	C:\Program Files\Common Files\Microsoft Shared\Ink\rtscom.dll
0x00000000715a0000 - 0x00000000715f0000 	C:\Program Files\Java\jdk1.7.0_51\jre\bin\javafx-font.dll
0x000007fbfbe00000 - 0x000007fbfbe1a000 	C:\Windows\SYSTEM32\CRYPTSP.dll
0x000007fbfb940000 - 0x000007fbfb98b000 	C:\Windows\system32\rsaenh.dll
0x00000000732a0000 - 0x00000000732b1000 	C:\Program Files\Java\jdk1.7.0_51\jre\bin\nio.dll
0x0000000073020000 - 0x0000000073044000 	C:\Program Files\Java\jdk1.7.0_51\jre\bin\sunec.dll
0x0000000073010000 - 0x000000007301b000 	C:\Program Files\Java\jdk1.7.0_51\jre\bin\sunmscapi.dll
0x000007fbfc750000 - 0x000007fbfc921000 	C:\Windows\system32\CRYPT32.dll
0x000007fbfc520000 - 0x000007fbfc536000 	C:\Windows\system32\MSASN1.dll
0x000007fbfbc90000 - 0x000007fbfbcaf000 	C:\Windows\SYSTEM32\USERENV.dll
0x000007fbf3f70000 - 0x000007fbf3f84000 	C:\Windows\system32\napinsp.dll
0x000007fbf3f90000 - 0x000007fbf3fa8000 	C:\Windows\system32\pnrpnsp.dll
0x000007fbfac00000 - 0x000007fbfac16000 	C:\Windows\system32\NLAapi.dll
0x000007fbf4070000 - 0x000007fbf4082000 	C:\Windows\System32\winrnr.dll
0x000007fbfa180000 - 0x000007fbfa2e3000 	C:\Windows\SYSTEM32\dbghelp.dll

VM Arguments:
jvm_args: -Dfile.encoding=UTF-8 
java_command: C:\Users\Gabriel\Documents\NetBeansProjects\QCCBrowserEx1\dist\run599097902\QCCBrowserEx1.jar
Launcher Type: SUN_STANDARD

Environment Variables:
PATH=C:\Program Files (x86)\HP SimplePass\x64;C:\Program Files (x86)\HP SimplePass\;;C:\Program Files (x86)\AMD APP\bin\x86_64;C:\Program Files (x86)\AMD APP\bin\x86;C:\Windows\system32;C:\Windows;C:\Windows\System32\Wbem;C:\Windows\System32\WindowsPowerShell\v1.0\;C:\Program Files (x86)\Windows Live\Shared;C:\Program Files (x86)\ATI Technologies\ATI.ACE\Core-Static
USERNAME=Gabriel
OS=Windows_NT
PROCESSOR_IDENTIFIER=AMD64 Family 21 Model 19 Stepping 1, AuthenticAMD



---------------  S Y S T E M  ---------------

OS: Windows 8 , 64 bit Build 9200 

CPU:total 4 (4 cores per cpu, 1 threads per core) family 21 model 19 stepping 1, cmov, cx8, fxsr, mmx, sse, sse2, sse3, ssse3, sse4.1, sse4.2, popcnt, avx, aes, mmxext, 3dnowpref, lzcnt, sse4a, tsc, tscinvbit, tscinv

Memory: 4k page, physical 7563524k(3643148k free), swap 8743172k(3638172k free)

vm_info: Java HotSpot(TM) 64-Bit Server VM (24.51-b03) for windows-amd64 JRE (1.7.0_51-b13), built on Dec 18 2013 18:40:56 by "java_re" with unknown MS VC++:1600

time: Thu Apr 10 11:58:02 2014
elapsed time: 44 seconds

