#
# A fatal error has been detected by the Java Runtime Environment:
#
#  EXCEPTION_ACCESS_VIOLATION (0xc0000005) at pc=0x000000006fb72dba, pid=7940, tid=8112
#
# JRE version: Java(TM) SE Runtime Environment (7.0_51-b13) (build 1.7.0_51-b13)
# Java VM: Java HotSpot(TM) 64-Bit Server VM (24.51-b03 mixed mode windows-amd64 compressed oops)
# Problematic frame:
# C  [jfxwebkit.dll+0x302dba]
#
# Failed to write core dump. Minidumps are not enabled by default on client versions of Windows
#
# If you would like to submit a bug report, please visit:
#   http://bugreport.sun.com/bugreport/crash.jsp
# The crash happened outside the Java Virtual Machine in native code.
# See problematic frame for where to report the bug.
#

---------------  T H R E A D  ---------------

Current thread (0x000000000c70c000):  JavaThread "JavaFX Application Thread" [_thread_in_native, id=8112, stack(0x000000000e9c0000,0x000000000eac0000)]

siginfo: ExceptionCode=0xc0000005, reading address 0x0000000000000000

Registers:
RAX=0x0000000015976960, RBX=0x0000000000000000, RCX=0x0000000000000000, RDX=0x000000000cb6d250
RSP=0x000000000eabe598, RBP=0x0000000000008363, RSI=0x0000000000008300, RDI=0x000000001144c110
R8 =0x0000000000008363, R9 =0x0000000000008363, R10=0x000000001144c180, R11=0x000000000eabe440
R12=0x000000000cb6d250, R13=0x0000000088150208, R14=0x000000000eabe888, R15=0x000000000c70c000
RIP=0x000000006fb72dba, EFLAGS=0x0000000000010206

Top of Stack: (sp=0x000000000eabe598)
0x000000000eabe598:   000000006fb6da3e 0000000000000000
0x000000000eabe5a8:   0000000000008300 000000000eabe888
0x000000000eabe5b8:   0000000088150208 fffffffffffffffe
0x000000000eabe5c8:   000000001144c110 0000000000000000
0x000000000eabe5d8:   000000001144c110 0000000000008363
0x000000000eabe5e8:   000000006fb6e6ea 0000000015976960
0x000000000eabe5f8:   000000000cabf1c0 000000000cb6d250
0x000000000eabe608:   0000000011bd34d0 fffffffffffffffe
0x000000000eabe618:   0000000011bd34d0 0000000000008363
0x000000000eabe628:   000000000cb6d250 000000001144c4d0
0x000000000eabe638:   000000006fb6e7cb 000000000cabf1c0
0x000000000eabe648:   000000001144c110 00000000533cbd10
0x000000000eabe658:   000000001144c110 0000000000008363
0x000000000eabe668:   000000006fb92067 0000000011bd34d0
0x000000000eabe678:   0000000000000000 000000000cb6d250
0x000000000eabe688:   0000000000000000 000000000eabe6e8 

Instructions: (pc=0x000000006fb72dba)
0x000000006fb72d9a:   00 48 8b 89 50 04 00 00 e8 e9 3c e3 ff 48 83 c4
0x000000006fb72daa:   20 5b c3 cc cc cc 4c 8b d1 48 8b 49 30 4d 8b c8
0x000000006fb72dba:   48 8b 01 4c 8b c2 49 8b d2 48 ff 60 20 cc cc cc
0x000000006fb72dca:   cc cc cc cc cc cc 48 8b 41 30 c6 40 10 01 c3 cc 


Register to memory mapping:

RAX=0x0000000015976960 is an unknown value
RBX=0x0000000000000000 is an unknown value
RCX=0x0000000000000000 is an unknown value
RDX=0x000000000cb6d250 is an unknown value
RSP=0x000000000eabe598 is pointing into the stack for thread: 0x000000000c70c000
RBP=0x0000000000008363 is an unknown value
RSI=0x0000000000008300 is an unknown value
RDI=0x000000001144c110 is an unknown value
R8 =0x0000000000008363 is an unknown value
R9 =0x0000000000008363 is an unknown value
R10=0x000000001144c180 is an unknown value
R11=0x000000000eabe440 is pointing into the stack for thread: 0x000000000c70c000
R12=0x000000000cb6d250 is an unknown value
R13=0x0000000088150208 is an oop
{method} 
 - klass: {other class}
R14=0x000000000eabe888 is pointing into the stack for thread: 0x000000000c70c000
R15=0x000000000c70c000 is a thread


Stack: [0x000000000e9c0000,0x000000000eac0000],  sp=0x000000000eabe598,  free space=1017k
Native frames: (J=compiled Java code, j=interpreted, Vv=VM code, C=native code)
C  [jfxwebkit.dll+0x302dba]

Java frames: (J=compiled Java code, j=interpreted, Vv=VM code)
j  com.sun.webpane.webkit.network.URLLoader.twkDidReceiveData(Ljava/nio/ByteBuffer;IIJ)V+0
j  com.sun.webpane.webkit.network.URLLoader.access$1200(Ljava/nio/ByteBuffer;IIJ)V+4
j  com.sun.webpane.webkit.network.URLLoader$5.run()V+35
j  com.sun.glass.ui.InvokeLaterDispatcher$Future.run()V+4
v  ~StubRoutines::call_stub
j  com.sun.glass.ui.win.WinApplication._runLoop([Ljava/lang/String;Lcom/sun/glass/ui/Launchable;)V+0
j  com.sun.glass.ui.win.WinApplication.access$100(Lcom/sun/glass/ui/win/WinApplication;[Ljava/lang/String;Lcom/sun/glass/ui/Launchable;)V+3
j  com.sun.glass.ui.win.WinApplication$3$1.run()V+32
j  java.lang.Thread.run()V+11
v  ~StubRoutines::call_stub

---------------  P R O C E S S  ---------------

Java Threads: ( => current thread )
  0x0000000011a50800 JavaThread "Keep-Alive-SocketCleaner" daemon [_thread_blocked, id=6136, stack(0x00000000156d0000,0x00000000157d0000)]
  0x0000000011a45000 JavaThread "Thread-6" daemon [_thread_blocked, id=5408, stack(0x0000000015570000,0x0000000015670000)]
  0x0000000011a4d800 JavaThread "Thread-5" daemon [_thread_blocked, id=4164, stack(0x00000000151b0000,0x00000000152b0000)]
  0x0000000011a4f000 JavaThread "URL-Loader-20" daemon [_thread_blocked, id=4348, stack(0x00000000150b0000,0x00000000151b0000)]
  0x0000000011a4b000 JavaThread "URL-Loader-19" daemon [_thread_blocked, id=100, stack(0x0000000014fb0000,0x00000000150b0000)]
  0x0000000011a53800 JavaThread "URL-Loader-18" daemon [_thread_blocked, id=5000, stack(0x0000000014eb0000,0x0000000014fb0000)]
  0x0000000011a4a800 JavaThread "URL-Loader-17" daemon [_thread_blocked, id=5368, stack(0x0000000014db0000,0x0000000014eb0000)]
  0x0000000011a4c800 JavaThread "URL-Loader-16" daemon [_thread_blocked, id=8924, stack(0x0000000014cb0000,0x0000000014db0000)]
  0x0000000011a49800 JavaThread "URL-Loader-15" daemon [_thread_blocked, id=3012, stack(0x0000000014bb0000,0x0000000014cb0000)]
  0x0000000011a4f800 JavaThread "URL-Loader-14" daemon [_thread_blocked, id=7184, stack(0x0000000014ab0000,0x0000000014bb0000)]
  0x0000000011a52800 JavaThread "URL-Loader-13" daemon [_thread_blocked, id=1960, stack(0x00000000149b0000,0x0000000014ab0000)]
  0x0000000011a46000 JavaThread "URL-Loader-12" daemon [_thread_blocked, id=7076, stack(0x00000000148b0000,0x00000000149b0000)]
  0x0000000011a52000 JavaThread "URL-Loader-11" daemon [_thread_blocked, id=5856, stack(0x00000000147b0000,0x00000000148b0000)]
  0x000000000cae9800 JavaThread "URL-Loader-10" daemon [_thread_blocked, id=3936, stack(0x00000000146b0000,0x00000000147b0000)]
  0x000000000caef000 JavaThread "URL-Loader-9" daemon [_thread_blocked, id=7792, stack(0x00000000145b0000,0x00000000146b0000)]
  0x000000000caee000 JavaThread "URL-Loader-8" daemon [_thread_blocked, id=8448, stack(0x00000000144b0000,0x00000000145b0000)]
  0x000000000cae9000 JavaThread "URL-Loader-7" daemon [_thread_blocked, id=7344, stack(0x00000000143b0000,0x00000000144b0000)]
  0x000000000caec000 JavaThread "URL-Loader-6" daemon [_thread_blocked, id=7640, stack(0x00000000142b0000,0x00000000143b0000)]
  0x000000000caed800 JavaThread "URL-Loader-5" daemon [_thread_blocked, id=8360, stack(0x00000000141b0000,0x00000000142b0000)]
  0x000000000caeb000 JavaThread "URL-Loader-4" daemon [_thread_blocked, id=8388, stack(0x00000000140b0000,0x00000000141b0000)]
  0x000000000caec800 JavaThread "URL-Loader-3" daemon [_thread_blocked, id=5904, stack(0x0000000013fb0000,0x00000000140b0000)]
  0x000000000caea800 JavaThread "URL-Loader-2" daemon [_thread_blocked, id=5860, stack(0x0000000013eb0000,0x0000000013fb0000)]
  0x000000000cae8000 JavaThread "Prism Font Disposer" daemon [_thread_blocked, id=8928, stack(0x0000000012090000,0x0000000012190000)]
  0x000000000caa6800 JavaThread "Keep-Alive-Timer" daemon [_thread_blocked, id=7764, stack(0x00000000122c0000,0x00000000123c0000)]
  0x000000000cd32800 JavaThread "URL-Loader-1" daemon [_thread_blocked, id=4784, stack(0x0000000010fc0000,0x00000000110c0000)]
  0x000000000c8b2800 JavaThread "Disposer" daemon [_thread_blocked, id=5216, stack(0x00000000109c0000,0x0000000010ac0000)]
  0x000000000c4f9800 JavaThread "Thread-3" daemon [_thread_in_native, id=6960, stack(0x00000000108c0000,0x00000000109c0000)]
=>0x000000000c70c000 JavaThread "JavaFX Application Thread" [_thread_in_native, id=8112, stack(0x000000000e9c0000,0x000000000eac0000)]
  0x000000000c5c0800 JavaThread "Thread-2" daemon [_thread_blocked, id=4660, stack(0x000000000e8c0000,0x000000000e9c0000)]
  0x000000000c608800 JavaThread "Disposer" daemon [_thread_blocked, id=6100, stack(0x000000000e7c0000,0x000000000e8c0000)]
  0x000000000c525800 JavaThread "QuantumRenderer-0" daemon [_thread_blocked, id=7540, stack(0x000000000d920000,0x000000000da20000)]
  0x000000000c5de000 JavaThread "JavaFX-Launcher" [_thread_blocked, id=3924, stack(0x000000000d800000,0x000000000d900000)]
  0x000000000c3dd000 JavaThread "traceMsgQueueThread" daemon [_thread_blocked, id=7932, stack(0x000000000cee0000,0x000000000cfe0000)]
  0x000000000a972800 JavaThread "Service Thread" daemon [_thread_blocked, id=6304, stack(0x000000000c0e0000,0x000000000c1e0000)]
  0x000000000a968000 JavaThread "C2 CompilerThread1" daemon [_thread_blocked, id=6908, stack(0x000000000bfe0000,0x000000000c0e0000)]
  0x000000000a962800 JavaThread "C2 CompilerThread0" daemon [_thread_blocked, id=6352, stack(0x000000000bee0000,0x000000000bfe0000)]
  0x000000000a961800 JavaThread "Attach Listener" daemon [_thread_blocked, id=7468, stack(0x000000000bde0000,0x000000000bee0000)]
  0x000000000a95e800 JavaThread "Signal Dispatcher" daemon [_thread_blocked, id=9016, stack(0x000000000bce0000,0x000000000bde0000)]
  0x000000000a92e800 JavaThread "Finalizer" daemon [_thread_blocked, id=7396, stack(0x000000000bbe0000,0x000000000bce0000)]
  0x000000000a923000 JavaThread "Reference Handler" daemon [_thread_blocked, id=7224, stack(0x000000000bae0000,0x000000000bbe0000)]
  0x0000000002c50800 JavaThread "main" [_thread_blocked, id=8212, stack(0x0000000002a60000,0x0000000002b60000)]

Other Threads:
  0x000000000a920000 VMThread [stack: 0x000000000b9e0000,0x000000000bae0000] [id=7220]
  0x000000000a98c000 WatcherThread [stack: 0x000000000c1e0000,0x000000000c2e0000] [id=8080]

VM state:not at safepoint (normal execution)

VM Mutex/Monitor currently owned by a thread: None

Heap
 PSYoungGen      total 129024K, used 19285K [0x00000000d9800000, 0x00000000e9b00000, 0x0000000100000000)
  eden space 120832K, 9% used [0x00000000d9800000,0x00000000da2d6d10,0x00000000e0e00000)
  from space 8192K, 99% used [0x00000000e0e00000,0x00000000e15fe820,0x00000000e1600000)
  to   space 11776K, 0% used [0x00000000e8f80000,0x00000000e8f80000,0x00000000e9b00000)
 ParOldGen       total 78848K, used 9192K [0x000000008c800000, 0x0000000091500000, 0x00000000d9800000)
  object space 78848K, 11% used [0x000000008c800000,0x000000008d0fa348,0x0000000091500000)
 PSPermGen       total 22528K, used 22399K [0x0000000087600000, 0x0000000088c00000, 0x000000008c800000)
  object space 22528K, 99% used [0x0000000087600000,0x0000000088bdfde8,0x0000000088c00000)

Card table byte_map: [0x0000000005d50000,0x0000000006120000] byte_map_base: 0x0000000005915000

Polling page: 0x0000000001180000

Code Cache  [0x0000000002d50000, 0x0000000002fc0000, 0x0000000005d50000)
 total_blobs=1054 nmethods=420 adapters=587 free_code_cache=47694Kb largest_free_block=48805440

Compilation events (10 events):
Event: 8.205 Thread 0x000000000a962800 nmethod 454 0x0000000002eb1550 code [0x0000000002eb1680, 0x0000000002eb16d8]
Event: 8.206 Thread 0x000000000a968000 nmethod 455 0x0000000002eb0fd0 code [0x0000000002eb1120, 0x0000000002eb11a8]
Event: 8.207 Thread 0x000000000a962800  456             com.sun.javafx.geom.transform.Identity::isIdentity (2 bytes)
Event: 8.208 Thread 0x000000000a962800 nmethod 456 0x0000000002eb1fd0 code [0x0000000002eb2100, 0x0000000002eb2158]
Event: 8.213 Thread 0x000000000a968000  457             com.sun.prism.impl.BaseGraphics::getTransformNoClone (5 bytes)
Event: 8.214 Thread 0x000000000a968000 nmethod 457 0x0000000002eb1dd0 code [0x0000000002eb1f00, 0x0000000002eb1f58]
Event: 8.234 Thread 0x000000000a962800  458             com.sun.openpisces.Renderer::closePath (13 bytes)
Event: 8.235 Thread 0x000000000a962800 nmethod 458 0x0000000002ec1a50 code [0x0000000002ec1ba0, 0x0000000002ec1c68]
Event: 8.415 Thread 0x000000000a968000  459             com.sun.javafx.geom.transform.Affine3D::getMzt (5 bytes)
Event: 8.416 Thread 0x000000000a968000 nmethod 459 0x0000000002ec1850 code [0x0000000002ec1980, 0x0000000002ec19d8]

GC Heap History (10 events):
Event: 5.007 GC heap before
{Heap before GC invocations=3 (full 0):
 PSYoungGen      total 34816K, used 34744K [0x00000000d9800000, 0x00000000dbe80000, 0x0000000100000000)
  eden space 30208K, 99% used [0x00000000d9800000,0x00000000db573ce0,0x00000000db580000)
  from space 4608K, 99% used [0x00000000dba00000,0x00000000dbe7a3b8,0x00000000dbe80000)
  to   space 4608K, 0% used [0x00000000db580000,0x00000000db580000,0x00000000dba00000)
 ParOldGen       total 78848K, used 3845K [0x000000008c800000, 0x0000000091500000, 0x00000000d9800000)
  object space 78848K, 4% used [0x000000008c800000,0x000000008cbc1598,0x0000000091500000)
 PSPermGen       total 21504K, used 19086K [0x0000000087600000, 0x0000000088b00000, 0x000000008c800000)
  object space 21504K, 88% used [0x0000000087600000,0x00000000888a3a10,0x0000000088b00000)
Event: 5.016 GC heap after
Heap after GC invocations=3 (full 0):
 PSYoungGen      total 34816K, used 4599K [0x00000000d9800000, 0x00000000ddc00000, 0x0000000100000000)
  eden space 30208K, 0% used [0x00000000d9800000,0x00000000d9800000,0x00000000db580000)
  from space 4608K, 99% used [0x00000000db580000,0x00000000db9fdd68,0x00000000dba00000)
  to   space 4608K, 0% used [0x00000000dd780000,0x00000000dd780000,0x00000000ddc00000)
 ParOldGen       total 78848K, used 3861K [0x000000008c800000, 0x0000000091500000, 0x00000000d9800000)
  object space 78848K, 4% used [0x000000008c800000,0x000000008cbc5598,0x0000000091500000)
 PSPermGen       total 21504K, used 19086K [0x0000000087600000, 0x0000000088b00000, 0x000000008c800000)
  object space 21504K, 88% used [0x0000000087600000,0x00000000888a3a10,0x0000000088b00000)
}
Event: 5.030 GC heap before
{Heap before GC invocations=4 (full 0):
 PSYoungGen      total 34816K, used 34803K [0x00000000d9800000, 0x00000000ddc00000, 0x0000000100000000)
  eden space 30208K, 99% used [0x00000000d9800000,0x00000000db57eff0,0x00000000db580000)
  from space 4608K, 99% used [0x00000000db580000,0x00000000db9fdd68,0x00000000dba00000)
  to   space 4608K, 0% used [0x00000000dd780000,0x00000000dd780000,0x00000000ddc00000)
 ParOldGen       total 78848K, used 3861K [0x000000008c800000, 0x0000000091500000, 0x00000000d9800000)
  object space 78848K, 4% used [0x000000008c800000,0x000000008cbc5598,0x0000000091500000)
 PSPermGen       total 21504K, used 19086K [0x0000000087600000, 0x0000000088b00000, 0x000000008c800000)
  object space 21504K, 88% used [0x0000000087600000,0x00000000888a3a10,0x0000000088b00000)
Event: 5.040 GC heap after
Heap after GC invocations=4 (full 0):
 PSYoungGen      total 65024K, used 4606K [0x00000000d9800000, 0x00000000ddc00000, 0x0000000100000000)
  eden space 60416K, 0% used [0x00000000d9800000,0x00000000d9800000,0x00000000dd300000)
  from space 4608K, 99% used [0x00000000dd780000,0x00000000ddbff850,0x00000000ddc00000)
  to   space 4608K, 0% used [0x00000000dd300000,0x00000000dd300000,0x00000000dd780000)
 ParOldGen       total 78848K, used 3877K [0x000000008c800000, 0x0000000091500000, 0x00000000d9800000)
  object space 78848K, 4% used [0x000000008c800000,0x000000008cbc9598,0x0000000091500000)
 PSPermGen       total 21504K, used 19086K [0x0000000087600000, 0x0000000088b00000, 0x000000008c800000)
  object space 21504K, 88% used [0x0000000087600000,0x00000000888a3a10,0x0000000088b00000)
}
Event: 5.076 GC heap before
{Heap before GC invocations=5 (full 0):
 PSYoungGen      total 65024K, used 64976K [0x00000000d9800000, 0x00000000ddc00000, 0x0000000100000000)
  eden space 60416K, 99% used [0x00000000d9800000,0x00000000dd2f4848,0x00000000dd300000)
  from space 4608K, 99% used [0x00000000dd780000,0x00000000ddbff850,0x00000000ddc00000)
  to   space 4608K, 0% used [0x00000000dd300000,0x00000000dd300000,0x00000000dd780000)
 ParOldGen       total 78848K, used 3877K [0x000000008c800000, 0x0000000091500000, 0x00000000d9800000)
  object space 78848K, 4% used [0x000000008c800000,0x000000008cbc9598,0x0000000091500000)
 PSPermGen       total 21504K, used 19086K [0x0000000087600000, 0x0000000088b00000, 0x000000008c800000)
  object space 21504K, 88% used [0x0000000087600000,0x00000000888a3a10,0x0000000088b00000)
Event: 5.088 GC heap after
Heap after GC invocations=5 (full 0):
 PSYoungGen      total 65024K, used 4576K [0x00000000d9800000, 0x00000000e1e00000, 0x0000000100000000)
  eden space 60416K, 0% used [0x00000000d9800000,0x00000000d9800000,0x00000000dd300000)
  from space 4608K, 99% used [0x00000000dd300000,0x00000000dd778340,0x00000000dd780000)
  to   space 8192K, 0% used [0x00000000e1600000,0x00000000e1600000,0x00000000e1e00000)
 ParOldGen       total 78848K, used 3973K [0x000000008c800000, 0x0000000091500000, 0x00000000d9800000)
  object space 78848K, 5% used [0x000000008c800000,0x000000008cbe1598,0x0000000091500000)
 PSPermGen       total 21504K, used 19086K [0x0000000087600000, 0x0000000088b00000, 0x000000008c800000)
  object space 21504K, 88% used [0x0000000087600000,0x00000000888a3a10,0x0000000088b00000)
}
Event: 5.115 GC heap before
{Heap before GC invocations=6 (full 0):
 PSYoungGen      total 65024K, used 64847K [0x00000000d9800000, 0x00000000e1e00000, 0x0000000100000000)
  eden space 60416K, 99% used [0x00000000d9800000,0x00000000dd2dbc98,0x00000000dd300000)
  from space 4608K, 99% used [0x00000000dd300000,0x00000000dd778340,0x00000000dd780000)
  to   space 8192K, 0% used [0x00000000e1600000,0x00000000e1600000,0x00000000e1e00000)
 ParOldGen       total 78848K, used 3973K [0x000000008c800000, 0x0000000091500000, 0x00000000d9800000)
  object space 78848K, 5% used [0x000000008c800000,0x000000008cbe1598,0x0000000091500000)
 PSPermGen       total 21504K, used 19086K [0x0000000087600000, 0x0000000088b00000, 0x000000008c800000)
  object space 21504K, 88% used [0x0000000087600000,0x00000000888a3a10,0x0000000088b00000)
Event: 5.127 GC heap after
Heap after GC invocations=6 (full 0):
 PSYoungGen      total 129024K, used 4652K [0x00000000d9800000, 0x00000000e1e00000, 0x0000000100000000)
  eden space 120832K, 0% used [0x00000000d9800000,0x00000000d9800000,0x00000000e0e00000)
  from space 8192K, 56% used [0x00000000e1600000,0x00000000e1a8b1d8,0x00000000e1e00000)
  to   space 8192K, 0% used [0x00000000e0e00000,0x00000000e0e00000,0x00000000e1600000)
 ParOldGen       total 78848K, used 3973K [0x000000008c800000, 0x0000000091500000, 0x00000000d9800000)
  object space 78848K, 5% used [0x000000008c800000,0x000000008cbe1598,0x0000000091500000)
 PSPermGen       total 21504K, used 19086K [0x0000000087600000, 0x0000000088b00000, 0x000000008c800000)
  object space 21504K, 88% used [0x0000000087600000,0x00000000888a3a10,0x0000000088b00000)
}
Event: 7.315 GC heap before
{Heap before GC invocations=7 (full 0):
 PSYoungGen      total 129024K, used 125484K [0x00000000d9800000, 0x00000000e1e00000, 0x0000000100000000)
  eden space 120832K, 100% used [0x00000000d9800000,0x00000000e0e00000,0x00000000e0e00000)
  from space 8192K, 56% used [0x00000000e1600000,0x00000000e1a8b1d8,0x00000000e1e00000)
  to   space 8192K, 0% used [0x00000000e0e00000,0x00000000e0e00000,0x00000000e1600000)
 ParOldGen       total 78848K, used 3973K [0x000000008c800000, 0x0000000091500000, 0x00000000d9800000)
  object space 78848K, 5% used [0x000000008c800000,0x000000008cbe1598,0x0000000091500000)
 PSPermGen       total 22528K, used 22313K [0x0000000087600000, 0x0000000088c00000, 0x000000008c800000)
  object space 22528K, 99% used [0x0000000087600000,0x0000000088bca6d8,0x0000000088c00000)
Event: 7.337 GC heap after
Heap after GC invocations=7 (full 0):
 PSYoungGen      total 129024K, used 8186K [0x00000000d9800000, 0x00000000e9b00000, 0x0000000100000000)
  eden space 120832K, 0% used [0x00000000d9800000,0x00000000d9800000,0x00000000e0e00000)
  from space 8192K, 99% used [0x00000000e0e00000,0x00000000e15fe820,0x00000000e1600000)
  to   space 11776K, 0% used [0x00000000e8f80000,0x00000000e8f80000,0x00000000e9b00000)
 ParOldGen       total 78848K, used 9192K [0x000000008c800000, 0x0000000091500000, 0x00000000d9800000)
  object space 78848K, 11% used [0x000000008c800000,0x000000008d0fa348,0x0000000091500000)
 PSPermGen       total 22528K, used 22313K [0x0000000087600000, 0x0000000088c00000, 0x000000008c800000)
  object space 22528K, 99% used [0x0000000087600000,0x0000000088bca6d8,0x0000000088c00000)
}

Deoptimization events (10 events):
Event: 6.097 Thread 0x000000000c70c000 Uncommon trap: reason=bimorphic action=maybe_recompile pc=0x0000000002e10bb0 method=java.io.FilterInputStream.read()I @ 4
Event: 6.097 Thread 0x000000000c70c000 Uncommon trap: reason=bimorphic action=maybe_recompile pc=0x0000000002e10bb0 method=java.io.FilterInputStream.read()I @ 4
Event: 6.097 Thread 0x000000000c70c000 Uncommon trap: reason=bimorphic action=maybe_recompile pc=0x0000000002e10bb0 method=java.io.FilterInputStream.read()I @ 4
Event: 6.962 Thread 0x000000000c70c000 Uncommon trap: reason=array_check action=maybe_recompile pc=0x0000000002eadf34 method=java.util.Arrays.fill([Ljava/lang/Object;Ljava/lang/Object;)V @ 13
Event: 6.962 Thread 0x000000000c70c000 Uncommon trap: reason=array_check action=maybe_recompile pc=0x0000000002eadf34 method=java.util.Arrays.fill([Ljava/lang/Object;Ljava/lang/Object;)V @ 13
Event: 6.962 Thread 0x000000000c70c000 Uncommon trap: reason=array_check action=maybe_recompile pc=0x0000000002eadf34 method=java.util.Arrays.fill([Ljava/lang/Object;Ljava/lang/Object;)V @ 13
Event: 7.057 Thread 0x000000000c70c000 Uncommon trap: reason=array_check action=maybe_recompile pc=0x0000000002eadf34 method=java.util.Arrays.fill([Ljava/lang/Object;Ljava/lang/Object;)V @ 13
Event: 8.275 Thread 0x000000000c70c000 Uncommon trap: reason=unreached action=reinterpret pc=0x0000000002ebaa48 method=com.sun.webpane.sg.prism.WCFontImpl.getFontStrike()Lcom/sun/javafx/font/FontStrike; @ 4
Event: 8.277 Thread 0x000000000c70c000 Uncommon trap: reason=class_check action=maybe_recompile pc=0x0000000002ea51d4 method=com.sun.t2k.CompositeStrike.getCharAdvance(C)F @ 4
Event: 8.277 Thread 0x000000000c70c000 Uncommon trap: reason=class_check action=maybe_recompile pc=0x0000000002ea51d4 method=com.sun.t2k.CompositeStrike.getCharAdvance(C)F @ 4

Internal exceptions (10 events):
Event: 4.234 Thread 0x000000000c70c000 Implicit null exception at 0x0000000002e08836 to 0x0000000002e088a5
Event: 4.676 Thread 0x000000000caea800 Implicit null exception at 0x0000000002e0c9f2 to 0x0000000002e0cc19
Event: 5.395 Thread 0x000000000c70c000 Threw 0x00000000dd61f2d8 at C:\re\jdk7u51\527\hotspot\src\share\vm\prims\jvm.cpp:1244
Event: 5.395 Thread 0x000000000c70c000 Threw 0x00000000dd61f788 at C:\re\jdk7u51\527\hotspot\src\share\vm\prims\jvm.cpp:1244
Event: 5.395 Thread 0x000000000c70c000 Threw 0x00000000dd6206e0 at C:\re\jdk7u51\527\hotspot\src\share\vm\prims\jvm.cpp:1244
Event: 5.395 Thread 0x000000000c70c000 Threw 0x00000000dd620ba0 at C:\re\jdk7u51\527\hotspot\src\share\vm\prims\jvm.cpp:1244
Event: 5.459 Thread 0x000000000c70c000 Threw 0x00000000dd6f02e0 at C:\re\jdk7u51\527\hotspot\src\share\vm\prims\jni.cpp:717
Event: 5.462 Thread 0x000000000c70c000 Threw 0x00000000dd6f4630 at C:\re\jdk7u51\527\hotspot\src\share\vm\prims\jni.cpp:717
Event: 5.464 Thread 0x000000000c70c000 Threw 0x00000000dd6f9c70 at C:\re\jdk7u51\527\hotspot\src\share\vm\prims\jni.cpp:717
Event: 5.466 Thread 0x000000000c70c000 Threw 0x00000000dd6fdd68 at C:\re\jdk7u51\527\hotspot\src\share\vm\prims\jni.cpp:717

Events (10 events):
Event: 8.409 Executing VM operation: RevokeBias
Event: 8.409 Executing VM operation: RevokeBias done
Event: 8.409 Executing VM operation: RevokeBias
Event: 8.409 Executing VM operation: RevokeBias done
Event: 8.409 Executing VM operation: RevokeBias
Event: 8.409 Executing VM operation: RevokeBias done
Event: 8.410 Executing VM operation: RevokeBias
Event: 8.410 Executing VM operation: RevokeBias done
Event: 8.410 Executing VM operation: RevokeBias
Event: 8.410 Executing VM operation: RevokeBias done


Dynamic libraries:
0x000007f74da90000 - 0x000007f74dac3000 	C:\Program Files\Java\jdk1.7.0_51\jre\bin\java.exe
0x000007fbff5c0000 - 0x000007fbff780000 	C:\Windows\SYSTEM32\ntdll.dll
0x000007fbfede0000 - 0x000007fbfef16000 	C:\Windows\system32\KERNEL32.DLL
0x000007fbfc650000 - 0x000007fbfc743000 	C:\Windows\system32\KERNELBASE.dll
0x000007fbfef20000 - 0x000007fbfeffe000 	C:\Windows\system32\ADVAPI32.dll
0x000007fbfdd60000 - 0x000007fbfdeac000 	C:\Windows\system32\USER32.dll
0x000007fbf9b60000 - 0x000007fbf9dca000 	C:\Windows\WinSxS\amd64_microsoft.windows.common-controls_6595b64144ccf1df_6.0.9200.16579_none_418ab7ef718b27ef\COMCTL32.dll
0x000007fbff160000 - 0x000007fbff205000 	C:\Windows\system32\msvcrt.dll
0x000007fbfeb40000 - 0x000007fbfeb88000 	C:\Windows\SYSTEM32\sechost.dll
0x000007fbff010000 - 0x000007fbff155000 	C:\Windows\system32\RPCRT4.dll
0x000007fbfe220000 - 0x000007fbfe361000 	C:\Windows\system32\GDI32.dll
0x000007fbfdf00000 - 0x000007fbfdf39000 	C:\Windows\system32\IMM32.DLL
0x000007fbfea20000 - 0x000007fbfeb36000 	C:\Windows\system32\MSCTF.dll
0x0000000073380000 - 0x0000000073452000 	C:\Program Files\Java\jdk1.7.0_51\jre\bin\msvcr100.dll
0x0000000073460000 - 0x0000000073c29000 	C:\Program Files\Java\jdk1.7.0_51\jre\bin\server\jvm.dll
0x000007fbfa4d0000 - 0x000007fbfa4d9000 	C:\Windows\SYSTEM32\WSOCK32.dll
0x000007fbfa4f0000 - 0x000007fbfa510000 	C:\Windows\SYSTEM32\WINMM.dll
0x000007fbfe440000 - 0x000007fbfe447000 	C:\Windows\system32\PSAPI.DLL
0x000007fbff3b0000 - 0x000007fbff408000 	C:\Windows\system32\WS2_32.dll
0x000007fbf9740000 - 0x000007fbf9773000 	C:\Windows\SYSTEM32\WINMMBASE.dll
0x000007fbfe780000 - 0x000007fbfe789000 	C:\Windows\system32\NSI.dll
0x000007fbfc960000 - 0x000007fbfc9af000 	C:\Windows\SYSTEM32\cfgmgr32.dll
0x000007fbfc930000 - 0x000007fbfc952000 	C:\Windows\system32\DEVOBJ.dll
0x0000000073330000 - 0x000000007333f000 	C:\Program Files\Java\jdk1.7.0_51\jre\bin\verify.dll
0x0000000073300000 - 0x0000000073328000 	C:\Program Files\Java\jdk1.7.0_51\jre\bin\java.dll
0x00000000732e0000 - 0x00000000732f5000 	C:\Program Files\Java\jdk1.7.0_51\jre\bin\zip.dll
0x0000000071850000 - 0x00000000718c8000 	C:\Program Files\Java\jdk1.7.0_51\jre\bin\deploy.dll
0x000007fbfec40000 - 0x000007fbfedbe000 	C:\Windows\system32\ole32.dll
0x000007fbfe370000 - 0x000007fbfe433000 	C:\Windows\system32\OLEAUT32.dll
0x000007fbf95c0000 - 0x000007fbf95c9000 	C:\Windows\SYSTEM32\VERSION.dll
0x000007fbfdf40000 - 0x000007fbfe16d000 	C:\Windows\system32\WININET.dll
0x000007fbfe620000 - 0x000007fbfe779000 	C:\Windows\system32\urlmon.dll
0x000007fbff410000 - 0x000007fbff5c0000 	C:\Windows\SYSTEM32\combase.dll
0x000007fbfe790000 - 0x000007fbfea1c000 	C:\Windows\system32\iertutil.dll
0x000007fbfdeb0000 - 0x000007fbfdf00000 	C:\Windows\system32\SHLWAPI.dll
0x000007fbfc9b0000 - 0x000007fbfdc8f000 	C:\Windows\system32\SHELL32.dll
0x000007fbface0000 - 0x000007fbfad75000 	C:\Windows\SYSTEM32\SHCORE.dll
0x000007fbfc470000 - 0x000007fbfc485000 	C:\Windows\SYSTEM32\profapi.dll
0x000007fbf4a40000 - 0x000007fbf4a4b000 	C:\Windows\SYSTEM32\Secur32.dll
0x000007fbfc0d0000 - 0x000007fbfc0fc000 	C:\Windows\SYSTEM32\SSPICLI.DLL
0x000007fbf57f0000 - 0x000007fbf58a1000 	C:\Windows\SYSTEM32\winhttp.dll
0x000007fbfbcb0000 - 0x000007fbfbd0c000 	C:\Windows\system32\mswsock.dll
0x000007fbf7770000 - 0x000007fbf779a000 	C:\Windows\SYSTEM32\IPHLPAPI.DLL
0x000007fbf7630000 - 0x000007fbf763a000 	C:\Windows\SYSTEM32\WINNSI.DLL
0x000007fbfbac0000 - 0x000007fbfbb58000 	C:\Windows\SYSTEM32\DNSAPI.dll
0x0000000074100000 - 0x0000000074126000 	C:\Program Files\Bonjour\mdnsNSP.dll
0x000007fbf6b60000 - 0x000007fbf6b73000 	C:\Windows\SYSTEM32\dhcpcsvc6.DLL
0x000007fbf4ba0000 - 0x000007fbf4ba8000 	C:\Windows\System32\rasadhlp.dll
0x000007fbf6b40000 - 0x000007fbf6b58000 	C:\Windows\SYSTEM32\dhcpcsvc.DLL
0x0000000071840000 - 0x000000007184f000 	C:\Program Files\Java\jdk1.7.0_51\jre\bin\prism-d3d.dll
0x000007fbe2050000 - 0x000007fbe2250000 	C:\Windows\system32\d3d9.dll
0x000007fbfa5e0000 - 0x000007fbfa601000 	C:\Windows\SYSTEM32\dwmapi.dll
0x000007fbfb300000 - 0x000007fbfb3e6000 	C:\Windows\system32\uxtheme.dll
0x000007fbf9430000 - 0x000007fbf954b000 	C:\Windows\SYSTEM32\aticfx64.dll
0x000007fbea290000 - 0x000007fbea2b0000 	C:\Windows\SYSTEM32\atiu9p64.dll
0x000007fbe1990000 - 0x000007fbe2046000 	C:\Windows\SYSTEM32\atiumd64.dll
0x0000000073c30000 - 0x00000000740fd000 	C:\Windows\SYSTEM32\atiumd6a.dll
0x0000000071800000 - 0x0000000071832000 	C:\Program Files\Java\jdk1.7.0_51\jre\bin\glass.dll
0x000007fbfeb90000 - 0x000007fbfec31000 	C:\Windows\system32\COMDLG32.dll
0x000007fbfc2b0000 - 0x000007fbfc2ba000 	C:\Windows\SYSTEM32\CRYPTBASE.dll
0x000007fbfc250000 - 0x000007fbfc2ac000 	C:\Windows\SYSTEM32\bcryptPrimitives.dll
0x0000000071670000 - 0x000000007170e000 	C:\Program Files\Java\jdk1.7.0_51\jre\bin\libxml2.dll
0x0000000071630000 - 0x0000000071666000 	C:\Program Files\Java\jdk1.7.0_51\jre\bin\libxslt.dll
0x000000006f870000 - 0x00000000706a8000 	C:\Program Files\Java\jdk1.7.0_51\jre\bin\jfxwebkit.dll
0x00000000732c0000 - 0x00000000732d9000 	C:\Program Files\Java\jdk1.7.0_51\jre\bin\net.dll
0x000007fbf6ea0000 - 0x000007fbf6f01000 	C:\Windows\System32\fwpuclnt.dll
0x000007fbfe170000 - 0x000007fbfe206000 	C:\Windows\SYSTEM32\clbcatq.dll
0x000007fbfafa0000 - 0x000007fbfb133000 	C:\Windows\SYSTEM32\WindowsCodecs.dll
0x000007fbef0b0000 - 0x000007fbef0de000 	C:\Program Files\Common Files\Microsoft Shared\Ink\rtscom.dll
0x00000000715e0000 - 0x0000000071630000 	C:\Program Files\Java\jdk1.7.0_51\jre\bin\javafx-font.dll
0x000007fbfbe00000 - 0x000007fbfbe1a000 	C:\Windows\SYSTEM32\CRYPTSP.dll
0x000007fbfb940000 - 0x000007fbfb98b000 	C:\Windows\system32\rsaenh.dll
0x00000000732a0000 - 0x00000000732b1000 	C:\Program Files\Java\jdk1.7.0_51\jre\bin\nio.dll
0x0000000073020000 - 0x0000000073044000 	C:\Program Files\Java\jdk1.7.0_51\jre\bin\sunec.dll
0x0000000073010000 - 0x000000007301b000 	C:\Program Files\Java\jdk1.7.0_51\jre\bin\sunmscapi.dll
0x000007fbfc750000 - 0x000007fbfc921000 	C:\Windows\system32\CRYPT32.dll
0x000007fbfc520000 - 0x000007fbfc536000 	C:\Windows\system32\MSASN1.dll
0x000007fbfbc90000 - 0x000007fbfbcaf000 	C:\Windows\SYSTEM32\USERENV.dll
0x000007fbf3f70000 - 0x000007fbf3f84000 	C:\Windows\system32\napinsp.dll
0x000007fbf3f90000 - 0x000007fbf3fa8000 	C:\Windows\system32\pnrpnsp.dll
0x000007fbfac00000 - 0x000007fbfac16000 	C:\Windows\system32\NLAapi.dll
0x000007fbf4070000 - 0x000007fbf4082000 	C:\Windows\System32\winrnr.dll
0x000007fbfa180000 - 0x000007fbfa2e3000 	C:\Windows\SYSTEM32\dbghelp.dll

VM Arguments:
jvm_args: -Dfile.encoding=UTF-8 
java_command: C:\Users\Gabriel\Documents\NetBeansProjects\QCCBrowserEx1\dist\run894032535\QCCBrowserEx1.jar
Launcher Type: SUN_STANDARD

Environment Variables:
PATH=C:\Program Files (x86)\HP SimplePass\x64;C:\Program Files (x86)\HP SimplePass\;;C:\Program Files (x86)\AMD APP\bin\x86_64;C:\Program Files (x86)\AMD APP\bin\x86;C:\Windows\system32;C:\Windows;C:\Windows\System32\Wbem;C:\Windows\System32\WindowsPowerShell\v1.0\;C:\Program Files (x86)\Windows Live\Shared;C:\Program Files (x86)\ATI Technologies\ATI.ACE\Core-Static
USERNAME=Gabriel
OS=Windows_NT
PROCESSOR_IDENTIFIER=AMD64 Family 21 Model 19 Stepping 1, AuthenticAMD



---------------  S Y S T E M  ---------------

OS: Windows 8 , 64 bit Build 9200 

CPU:total 4 (4 cores per cpu, 1 threads per core) family 21 model 19 stepping 1, cmov, cx8, fxsr, mmx, sse, sse2, sse3, ssse3, sse4.1, sse4.2, popcnt, avx, aes, mmxext, 3dnowpref, lzcnt, sse4a, tsc, tscinvbit, tscinv

Memory: 4k page, physical 7563524k(4223680k free), swap 8743172k(4100080k free)

vm_info: Java HotSpot(TM) 64-Bit Server VM (24.51-b03) for windows-amd64 JRE (1.7.0_51-b13), built on Dec 18 2013 18:40:56 by "java_re" with unknown MS VC++:1600

time: Wed Apr 02 21:44:48 2014
elapsed time: 8 seconds

