#
# A fatal error has been detected by the Java Runtime Environment:
#
#  EXCEPTION_ACCESS_VIOLATION (0xc0000005) at pc=0x000000006fb72dba, pid=4136, tid=8424
#
# JRE version: Java(TM) SE Runtime Environment (7.0_51-b13) (build 1.7.0_51-b13)
# Java VM: Java HotSpot(TM) 64-Bit Server VM (24.51-b03 mixed mode windows-amd64 compressed oops)
# Problematic frame:
# C  [jfxwebkit.dll+0x302dba]
#
# Failed to write core dump. Minidumps are not enabled by default on client versions of Windows
#
# If you would like to submit a bug report, please visit:
#   http://bugreport.sun.com/bugreport/crash.jsp
# The crash happened outside the Java Virtual Machine in native code.
# See problematic frame for where to report the bug.
#

---------------  T H R E A D  ---------------

Current thread (0x000000000c66c800):  JavaThread "JavaFX Application Thread" [_thread_in_native, id=8424, stack(0x000000000eba0000,0x000000000eca0000)]

siginfo: ExceptionCode=0xc0000005, reading address 0x0000000000000000

Registers:
RAX=0x0000000011e2ecb0, RBX=0x0000000000000000, RCX=0x0000000000000000, RDX=0x0000000011a4a9f0
RSP=0x000000000ec9e538, RBP=0x0000000000008363, RSI=0x0000000000008300, RDI=0x0000000011a0f910
R8 =0x0000000000008363, R9 =0x0000000000008363, R10=0x0000000011a0f980, R11=0x000000000ec9e3e0
R12=0x0000000011a4a9f0, R13=0x00000000881501e8, R14=0x000000000ec9e828, R15=0x000000000c66c800
RIP=0x000000006fb72dba, EFLAGS=0x0000000000010206

Top of Stack: (sp=0x000000000ec9e538)
0x000000000ec9e538:   000000006fb6da3e 0000000000000000
0x000000000ec9e548:   0000000000008300 000000000ec9e828
0x000000000ec9e558:   00000000881501e8 fffffffffffffffe
0x000000000ec9e568:   0000000011a0f910 0000000000000000
0x000000000ec9e578:   0000000011a0f910 0000000000008363
0x000000000ec9e588:   000000006fb6e6ea 0000000011e2ecb0
0x000000000ec9e598:   000000000c9a8f60 0000000011a4a9f0
0x000000000ec9e5a8:   00000000113179a0 fffffffffffffffe
0x000000000ec9e5b8:   00000000113179a0 0000000000008363
0x000000000ec9e5c8:   0000000011a4a9f0 0000000011a0fcd0
0x000000000ec9e5d8:   000000006fb6e7cb 000000000c9a8f60
0x000000000ec9e5e8:   0000000011a0f910 00000000533cbd4c
0x000000000ec9e5f8:   0000000011a0f910 0000000000008363
0x000000000ec9e608:   000000006fb92067 00000000113179a0
0x000000000ec9e618:   0000000000000000 0000000011a4a9f0
0x000000000ec9e628:   0000000000000000 000000000ec9e688 

Instructions: (pc=0x000000006fb72dba)
0x000000006fb72d9a:   00 48 8b 89 50 04 00 00 e8 e9 3c e3 ff 48 83 c4
0x000000006fb72daa:   20 5b c3 cc cc cc 4c 8b d1 48 8b 49 30 4d 8b c8
0x000000006fb72dba:   48 8b 01 4c 8b c2 49 8b d2 48 ff 60 20 cc cc cc
0x000000006fb72dca:   cc cc cc cc cc cc 48 8b 41 30 c6 40 10 01 c3 cc 


Register to memory mapping:

RAX=0x0000000011e2ecb0 is an unknown value
RBX=0x0000000000000000 is an unknown value
RCX=0x0000000000000000 is an unknown value
RDX=0x0000000011a4a9f0 is an unknown value
RSP=0x000000000ec9e538 is pointing into the stack for thread: 0x000000000c66c800
RBP=0x0000000000008363 is an unknown value
RSI=0x0000000000008300 is an unknown value
RDI=0x0000000011a0f910 is an unknown value
R8 =0x0000000000008363 is an unknown value
R9 =0x0000000000008363 is an unknown value
R10=0x0000000011a0f980 is an unknown value
R11=0x000000000ec9e3e0 is pointing into the stack for thread: 0x000000000c66c800
R12=0x0000000011a4a9f0 is an unknown value
R13=0x00000000881501e8 is an oop
{method} 
 - klass: {other class}
R14=0x000000000ec9e828 is pointing into the stack for thread: 0x000000000c66c800
R15=0x000000000c66c800 is a thread


Stack: [0x000000000eba0000,0x000000000eca0000],  sp=0x000000000ec9e538,  free space=1017k
Native frames: (J=compiled Java code, j=interpreted, Vv=VM code, C=native code)
C  [jfxwebkit.dll+0x302dba]

Java frames: (J=compiled Java code, j=interpreted, Vv=VM code)
j  com.sun.webpane.webkit.network.URLLoader.twkDidReceiveData(Ljava/nio/ByteBuffer;IIJ)V+0
j  com.sun.webpane.webkit.network.URLLoader.access$1200(Ljava/nio/ByteBuffer;IIJ)V+4
j  com.sun.webpane.webkit.network.URLLoader$5.run()V+35
j  com.sun.glass.ui.InvokeLaterDispatcher$Future.run()V+4
v  ~StubRoutines::call_stub
j  com.sun.glass.ui.win.WinApplication._runLoop([Ljava/lang/String;Lcom/sun/glass/ui/Launchable;)V+0
j  com.sun.glass.ui.win.WinApplication.access$100(Lcom/sun/glass/ui/win/WinApplication;[Ljava/lang/String;Lcom/sun/glass/ui/Launchable;)V+3
j  com.sun.glass.ui.win.WinApplication$3$1.run()V+32
j  java.lang.Thread.run()V+11
v  ~StubRoutines::call_stub

---------------  P R O C E S S  ---------------

Java Threads: ( => current thread )
  0x00000000113ac000 JavaThread "URL-Loader-20" daemon [_thread_blocked, id=4620, stack(0x0000000015250000,0x0000000015350000)]
  0x00000000113ab000 JavaThread "URL-Loader-19" daemon [_thread_blocked, id=7688, stack(0x0000000015130000,0x0000000015230000)]
  0x00000000113a9800 JavaThread "URL-Loader-18" daemon [_thread_blocked, id=5020, stack(0x0000000014fb0000,0x00000000150b0000)]
  0x00000000113a9000 JavaThread "URL-Loader-17" daemon [_thread_blocked, id=4112, stack(0x0000000014eb0000,0x0000000014fb0000)]
  0x00000000113a8000 JavaThread "URL-Loader-16" daemon [_thread_blocked, id=8276, stack(0x0000000014db0000,0x0000000014eb0000)]
  0x00000000113ad800 JavaThread "URL-Loader-15" daemon [_thread_blocked, id=5992, stack(0x0000000014cb0000,0x0000000014db0000)]
  0x00000000113a7800 JavaThread "URL-Loader-14" daemon [_thread_blocked, id=1468, stack(0x0000000014bb0000,0x0000000014cb0000)]
  0x00000000113ac800 JavaThread "URL-Loader-13" daemon [_thread_blocked, id=7056, stack(0x0000000014ab0000,0x0000000014bb0000)]
  0x00000000113a6800 JavaThread "URL-Loader-12" daemon [_thread_blocked, id=5844, stack(0x00000000149b0000,0x0000000014ab0000)]
  0x00000000113aa800 JavaThread "URL-Loader-11" daemon [_thread_blocked, id=5524, stack(0x00000000148b0000,0x00000000149b0000)]
  0x000000000ca0d800 JavaThread "URL-Loader-10" daemon [_thread_blocked, id=5868, stack(0x00000000147b0000,0x00000000148b0000)]
  0x000000000ca14000 JavaThread "URL-Loader-9" daemon [_thread_blocked, id=4524, stack(0x00000000146b0000,0x00000000147b0000)]
  0x000000000ca13800 JavaThread "URL-Loader-8" daemon [_thread_blocked, id=7544, stack(0x0000000014590000,0x0000000014690000)]
  0x000000000ca0f000 JavaThread "URL-Loader-7" daemon [_thread_blocked, id=7960, stack(0x0000000014490000,0x0000000014590000)]
  0x000000000ca10800 JavaThread "URL-Loader-6" daemon [_thread_blocked, id=3892, stack(0x0000000014390000,0x0000000014490000)]
  0x000000000ca0f800 JavaThread "URL-Loader-5" daemon [_thread_blocked, id=704, stack(0x0000000014290000,0x0000000014390000)]
  0x000000000ca0e000 JavaThread "URL-Loader-4" daemon [_thread_blocked, id=4624, stack(0x0000000014190000,0x0000000014290000)]
  0x000000000ca12800 JavaThread "URL-Loader-3" daemon [_thread_blocked, id=4456, stack(0x0000000014090000,0x0000000014190000)]
  0x000000000ca12000 JavaThread "URL-Loader-2" daemon [_thread_blocked, id=8128, stack(0x0000000013f90000,0x0000000014090000)]
  0x000000000ca11000 JavaThread "Prism Font Disposer" daemon [_thread_blocked, id=1116, stack(0x00000000123c0000,0x00000000124c0000)]
  0x000000000ce27800 JavaThread "Keep-Alive-Timer" daemon [_thread_blocked, id=8868, stack(0x00000000124f0000,0x00000000125f0000)]
  0x000000000ceda000 JavaThread "URL-Loader-1" daemon [_thread_blocked, id=7272, stack(0x00000000122c0000,0x00000000123c0000)]
  0x000000000cd08800 JavaThread "Disposer" daemon [_thread_blocked, id=7112, stack(0x0000000010ba0000,0x0000000010ca0000)]
  0x000000000c7be000 JavaThread "Thread-3" daemon [_thread_in_native, id=6896, stack(0x0000000010aa0000,0x0000000010ba0000)]
=>0x000000000c66c800 JavaThread "JavaFX Application Thread" [_thread_in_native, id=8424, stack(0x000000000eba0000,0x000000000eca0000)]
  0x000000000c608800 JavaThread "Thread-2" daemon [_thread_blocked, id=7712, stack(0x000000000e9d0000,0x000000000ead0000)]
  0x000000000c59e000 JavaThread "Disposer" daemon [_thread_blocked, id=6272, stack(0x000000000e7c0000,0x000000000e8c0000)]
  0x000000000c599800 JavaThread "QuantumRenderer-0" daemon [_thread_blocked, id=9088, stack(0x000000000db20000,0x000000000dc20000)]
  0x000000000c76e000 JavaThread "JavaFX-Launcher" [_thread_blocked, id=2620, stack(0x000000000da20000,0x000000000db20000)]
  0x000000000c6a2800 JavaThread "traceMsgQueueThread" daemon [_thread_blocked, id=7856, stack(0x000000000d050000,0x000000000d150000)]
  0x000000000aad8000 JavaThread "Service Thread" daemon [_thread_blocked, id=8204, stack(0x000000000c250000,0x000000000c350000)]
  0x000000000aad5000 JavaThread "C2 CompilerThread1" daemon [_thread_blocked, id=6308, stack(0x000000000c150000,0x000000000c250000)]
  0x000000000aad3000 JavaThread "C2 CompilerThread0" daemon [_thread_blocked, id=7600, stack(0x000000000c050000,0x000000000c150000)]
  0x000000000aad2000 JavaThread "Attach Listener" daemon [_thread_blocked, id=2316, stack(0x000000000bf50000,0x000000000c050000)]
  0x000000000aacf000 JavaThread "Signal Dispatcher" daemon [_thread_blocked, id=7908, stack(0x000000000be50000,0x000000000bf50000)]
  0x000000000aa9e800 JavaThread "Finalizer" daemon [_thread_blocked, id=6468, stack(0x000000000bd50000,0x000000000be50000)]
  0x000000000aa93800 JavaThread "Reference Handler" daemon [_thread_blocked, id=8772, stack(0x000000000bc50000,0x000000000bd50000)]
  0x0000000002d90800 JavaThread "main" [_thread_blocked, id=4168, stack(0x0000000002c90000,0x0000000002d90000)]

Other Threads:
  0x000000000aa91800 VMThread [stack: 0x000000000bb50000,0x000000000bc50000] [id=5436]
  0x000000000aaf5800 WatcherThread [stack: 0x000000000c350000,0x000000000c450000] [id=6532]

VM state:not at safepoint (normal execution)

VM Mutex/Monitor currently owned by a thread: None

Heap
 PSYoungGen      total 129024K, used 92697K [0x00000000d9800000, 0x00000000e9c00000, 0x0000000100000000)
  eden space 120832K, 69% used [0x00000000d9800000,0x00000000dea8b100,0x00000000e0e00000)
  from space 8192K, 99% used [0x00000000e0e00000,0x00000000e15fb628,0x00000000e1600000)
  to   space 12288K, 0% used [0x00000000e9000000,0x00000000e9000000,0x00000000e9c00000)
 ParOldGen       total 78848K, used 10315K [0x000000008c800000, 0x0000000091500000, 0x00000000d9800000)
  object space 78848K, 13% used [0x000000008c800000,0x000000008d212cb8,0x0000000091500000)
 PSPermGen       total 22528K, used 22481K [0x0000000087600000, 0x0000000088c00000, 0x000000008c800000)
  object space 22528K, 99% used [0x0000000087600000,0x0000000088bf4568,0x0000000088c00000)

Card table byte_map: [0x0000000005e90000,0x0000000006260000] byte_map_base: 0x0000000005a55000

Polling page: 0x0000000002b30000

Code Cache  [0x0000000002e90000, 0x0000000003100000, 0x0000000005e90000)
 total_blobs=1185 nmethods=550 adapters=587 free_code_cache=47500Kb largest_free_block=48603200

Compilation events (10 events):
Event: 14.364 Thread 0x000000000aad5000  586             java.util.WeakHashMap::getTable (9 bytes)
Event: 14.364 Thread 0x000000000aad5000 nmethod 586 0x00000000030233d0 code [0x0000000003023520, 0x00000000030235a8]
Event: 14.365 Thread 0x000000000aad3000  587             com.sun.javafx.geom.BoxBounds::getMaxX (5 bytes)
Event: 14.365 Thread 0x000000000aad3000 nmethod 587 0x00000000030231d0 code [0x0000000003023300, 0x0000000003023358]
Event: 14.365 Thread 0x000000000aad5000  588             com.sun.javafx.geom.Rectangle::isEmpty (20 bytes)
Event: 14.366 Thread 0x000000000aad5000 nmethod 588 0x0000000003022fd0 code [0x0000000003023100, 0x0000000003023178]
Event: 14.369 Thread 0x000000000aad3000  589             java.util.WeakHashMap::hash (65 bytes)
Event: 14.370 Thread 0x000000000aad5000  590             java.util.WeakHashMap::maskNull (12 bytes)
Event: 14.370 Thread 0x000000000aad5000 nmethod 590 0x0000000003022dd0 code [0x0000000003022f00, 0x0000000003022f58]
Event: 14.371 Thread 0x000000000aad3000 nmethod 589 0x00000000030229d0 code [0x0000000003022b20, 0x0000000003022c88]

GC Heap History (10 events):
Event: 5.018 GC heap before
{Heap before GC invocations=3 (full 0):
 PSYoungGen      total 34816K, used 34713K [0x00000000d9800000, 0x00000000ddc00000, 0x0000000100000000)
  eden space 30208K, 99% used [0x00000000d9800000,0x00000000db56c298,0x00000000db580000)
  from space 4608K, 99% used [0x00000000dba00000,0x00000000dbe7a3d8,0x00000000dbe80000)
  to   space 4608K, 0% used [0x00000000db580000,0x00000000db580000,0x00000000dba00000)
 ParOldGen       total 78848K, used 3963K [0x000000008c800000, 0x0000000091500000, 0x00000000d9800000)
  object space 78848K, 5% used [0x000000008c800000,0x000000008cbdef00,0x0000000091500000)
 PSPermGen       total 21504K, used 19082K [0x0000000087600000, 0x0000000088b00000, 0x000000008c800000)
  object space 21504K, 88% used [0x0000000087600000,0x00000000888a2b50,0x0000000088b00000)
Event: 5.028 GC heap after
Heap after GC invocations=3 (full 0):
 PSYoungGen      total 34816K, used 4584K [0x00000000d9800000, 0x00000000ddc00000, 0x0000000100000000)
  eden space 30208K, 0% used [0x00000000d9800000,0x00000000d9800000,0x00000000db580000)
  from space 4608K, 99% used [0x00000000db580000,0x00000000db9fa248,0x00000000dba00000)
  to   space 4608K, 0% used [0x00000000dd780000,0x00000000dd780000,0x00000000ddc00000)
 ParOldGen       total 78848K, used 3987K [0x000000008c800000, 0x0000000091500000, 0x00000000d9800000)
  object space 78848K, 5% used [0x000000008c800000,0x000000008cbe4f00,0x0000000091500000)
 PSPermGen       total 21504K, used 19082K [0x0000000087600000, 0x0000000088b00000, 0x000000008c800000)
  object space 21504K, 88% used [0x0000000087600000,0x00000000888a2b50,0x0000000088b00000)
}
Event: 5.042 GC heap before
{Heap before GC invocations=4 (full 0):
 PSYoungGen      total 34816K, used 34779K [0x00000000d9800000, 0x00000000ddc00000, 0x0000000100000000)
  eden space 30208K, 99% used [0x00000000d9800000,0x00000000db57cb50,0x00000000db580000)
  from space 4608K, 99% used [0x00000000db580000,0x00000000db9fa248,0x00000000dba00000)
  to   space 4608K, 0% used [0x00000000dd780000,0x00000000dd780000,0x00000000ddc00000)
 ParOldGen       total 78848K, used 3987K [0x000000008c800000, 0x0000000091500000, 0x00000000d9800000)
  object space 78848K, 5% used [0x000000008c800000,0x000000008cbe4f00,0x0000000091500000)
 PSPermGen       total 21504K, used 19086K [0x0000000087600000, 0x0000000088b00000, 0x000000008c800000)
  object space 21504K, 88% used [0x0000000087600000,0x00000000888a3b88,0x0000000088b00000)
Event: 5.053 GC heap after
Heap after GC invocations=4 (full 0):
 PSYoungGen      total 65024K, used 4603K [0x00000000d9800000, 0x00000000ddc00000, 0x0000000100000000)
  eden space 60416K, 0% used [0x00000000d9800000,0x00000000d9800000,0x00000000dd300000)
  from space 4608K, 99% used [0x00000000dd780000,0x00000000ddbfef80,0x00000000ddc00000)
  to   space 4608K, 0% used [0x00000000dd300000,0x00000000dd300000,0x00000000dd780000)
 ParOldGen       total 78848K, used 4019K [0x000000008c800000, 0x0000000091500000, 0x00000000d9800000)
  object space 78848K, 5% used [0x000000008c800000,0x000000008cbecf00,0x0000000091500000)
 PSPermGen       total 21504K, used 19086K [0x0000000087600000, 0x0000000088b00000, 0x000000008c800000)
  object space 21504K, 88% used [0x0000000087600000,0x00000000888a3b88,0x0000000088b00000)
}
Event: 5.088 GC heap before
{Heap before GC invocations=5 (full 0):
 PSYoungGen      total 65024K, used 64973K [0x00000000d9800000, 0x00000000ddc00000, 0x0000000100000000)
  eden space 60416K, 99% used [0x00000000d9800000,0x00000000dd2f4820,0x00000000dd300000)
  from space 4608K, 99% used [0x00000000dd780000,0x00000000ddbfef80,0x00000000ddc00000)
  to   space 4608K, 0% used [0x00000000dd300000,0x00000000dd300000,0x00000000dd780000)
 ParOldGen       total 78848K, used 4019K [0x000000008c800000, 0x0000000091500000, 0x00000000d9800000)
  object space 78848K, 5% used [0x000000008c800000,0x000000008cbecf00,0x0000000091500000)
 PSPermGen       total 21504K, used 19086K [0x0000000087600000, 0x0000000088b00000, 0x000000008c800000)
  object space 21504K, 88% used [0x0000000087600000,0x00000000888a3b88,0x0000000088b00000)
Event: 5.098 GC heap after
Heap after GC invocations=5 (full 0):
 PSYoungGen      total 65024K, used 4576K [0x00000000d9800000, 0x00000000e1f00000, 0x0000000100000000)
  eden space 60416K, 0% used [0x00000000d9800000,0x00000000d9800000,0x00000000dd300000)
  from space 4608K, 99% used [0x00000000dd300000,0x00000000dd778190,0x00000000dd780000)
  to   space 8704K, 0% used [0x00000000e1680000,0x00000000e1680000,0x00000000e1f00000)
 ParOldGen       total 78848K, used 4067K [0x000000008c800000, 0x0000000091500000, 0x00000000d9800000)
  object space 78848K, 5% used [0x000000008c800000,0x000000008cbf8f00,0x0000000091500000)
 PSPermGen       total 21504K, used 19086K [0x0000000087600000, 0x0000000088b00000, 0x000000008c800000)
  object space 21504K, 88% used [0x0000000087600000,0x00000000888a3b88,0x0000000088b00000)
}
Event: 5.130 GC heap before
{Heap before GC invocations=6 (full 0):
 PSYoungGen      total 65024K, used 64848K [0x00000000d9800000, 0x00000000e1f00000, 0x0000000100000000)
  eden space 60416K, 99% used [0x00000000d9800000,0x00000000dd2dc008,0x00000000dd300000)
  from space 4608K, 99% used [0x00000000dd300000,0x00000000dd778190,0x00000000dd780000)
  to   space 8704K, 0% used [0x00000000e1680000,0x00000000e1680000,0x00000000e1f00000)
 ParOldGen       total 78848K, used 4067K [0x000000008c800000, 0x0000000091500000, 0x00000000d9800000)
  object space 78848K, 5% used [0x000000008c800000,0x000000008cbf8f00,0x0000000091500000)
 PSPermGen       total 21504K, used 19086K [0x0000000087600000, 0x0000000088b00000, 0x000000008c800000)
  object space 21504K, 88% used [0x0000000087600000,0x00000000888a3b88,0x0000000088b00000)
Event: 5.146 GC heap after
Heap after GC invocations=6 (full 0):
 PSYoungGen      total 128512K, used 4653K [0x00000000d9800000, 0x00000000e1e00000, 0x0000000100000000)
  eden space 120832K, 0% used [0x00000000d9800000,0x00000000d9800000,0x00000000e0e00000)
  from space 7680K, 60% used [0x00000000e1680000,0x00000000e1b0b758,0x00000000e1e00000)
  to   space 8192K, 0% used [0x00000000e0e00000,0x00000000e0e00000,0x00000000e1600000)
 ParOldGen       total 78848K, used 4067K [0x000000008c800000, 0x0000000091500000, 0x00000000d9800000)
  object space 78848K, 5% used [0x000000008c800000,0x000000008cbf8f00,0x0000000091500000)
 PSPermGen       total 21504K, used 19086K [0x0000000087600000, 0x0000000088b00000, 0x000000008c800000)
  object space 21504K, 88% used [0x0000000087600000,0x00000000888a3b88,0x0000000088b00000)
}
Event: 6.715 GC heap before
{Heap before GC invocations=7 (full 0):
 PSYoungGen      total 128512K, used 125485K [0x00000000d9800000, 0x00000000e1e00000, 0x0000000100000000)
  eden space 120832K, 100% used [0x00000000d9800000,0x00000000e0e00000,0x00000000e0e00000)
  from space 7680K, 60% used [0x00000000e1680000,0x00000000e1b0b758,0x00000000e1e00000)
  to   space 8192K, 0% used [0x00000000e0e00000,0x00000000e0e00000,0x00000000e1600000)
 ParOldGen       total 78848K, used 4067K [0x000000008c800000, 0x0000000091500000, 0x00000000d9800000)
  object space 78848K, 5% used [0x000000008c800000,0x000000008cbf8f00,0x0000000091500000)
 PSPermGen       total 22528K, used 22184K [0x0000000087600000, 0x0000000088c00000, 0x000000008c800000)
  object space 22528K, 98% used [0x0000000087600000,0x0000000088baa2c0,0x0000000088c00000)
Event: 6.740 GC heap after
Heap after GC invocations=7 (full 0):
 PSYoungGen      total 129024K, used 8173K [0x00000000d9800000, 0x00000000e9c00000, 0x0000000100000000)
  eden space 120832K, 0% used [0x00000000d9800000,0x00000000d9800000,0x00000000e0e00000)
  from space 8192K, 99% used [0x00000000e0e00000,0x00000000e15fb628,0x00000000e1600000)
  to   space 12288K, 0% used [0x00000000e9000000,0x00000000e9000000,0x00000000e9c00000)
 ParOldGen       total 78848K, used 10315K [0x000000008c800000, 0x0000000091500000, 0x00000000d9800000)
  object space 78848K, 13% used [0x000000008c800000,0x000000008d212cb8,0x0000000091500000)
 PSPermGen       total 22528K, used 22184K [0x0000000087600000, 0x0000000088c00000, 0x000000008c800000)
  object space 22528K, 98% used [0x0000000087600000,0x0000000088baa2c0,0x0000000088c00000)
}

Deoptimization events (10 events):
Event: 6.204 Thread 0x000000000ca14000 Uncommon trap: reason=bimorphic action=maybe_recompile pc=0x0000000002fb3048 method=java.util.ArrayList.indexOf(Ljava/lang/Object;)I @ 51
Event: 6.205 Thread 0x000000000ca14000 Uncommon trap: reason=bimorphic action=maybe_recompile pc=0x0000000002fb3048 method=java.util.ArrayList.indexOf(Ljava/lang/Object;)I @ 51
Event: 6.216 Thread 0x000000000c66c800 Uncommon trap: reason=bimorphic action=maybe_recompile pc=0x0000000002f53fb0 method=java.io.FilterInputStream.read()I @ 4
Event: 6.216 Thread 0x000000000c66c800 Uncommon trap: reason=bimorphic action=maybe_recompile pc=0x0000000002f53fb0 method=java.io.FilterInputStream.read()I @ 4
Event: 6.216 Thread 0x000000000c66c800 Uncommon trap: reason=bimorphic action=maybe_recompile pc=0x0000000002f53fb0 method=java.io.FilterInputStream.read()I @ 4
Event: 6.216 Thread 0x000000000c66c800 Uncommon trap: reason=bimorphic action=maybe_recompile pc=0x0000000002f53fb0 method=java.io.FilterInputStream.read()I @ 4
Event: 6.878 Thread 0x000000000c66c800 Uncommon trap: reason=array_check action=maybe_recompile pc=0x0000000002fcd3b4 method=java.util.Arrays.fill([Ljava/lang/Object;Ljava/lang/Object;)V @ 13
Event: 6.878 Thread 0x000000000c66c800 Uncommon trap: reason=array_check action=maybe_recompile pc=0x0000000002fcd3b4 method=java.util.Arrays.fill([Ljava/lang/Object;Ljava/lang/Object;)V @ 13
Event: 6.878 Thread 0x000000000c66c800 Uncommon trap: reason=array_check action=maybe_recompile pc=0x0000000002fcd3b4 method=java.util.Arrays.fill([Ljava/lang/Object;Ljava/lang/Object;)V @ 13
Event: 6.926 Thread 0x000000000c66c800 Uncommon trap: reason=array_check action=maybe_recompile pc=0x0000000002fcd3b4 method=java.util.Arrays.fill([Ljava/lang/Object;Ljava/lang/Object;)V @ 13

Internal exceptions (10 events):
Event: 11.330 Thread 0x000000000c66c800 Threw 0x00000000de318458 at C:\re\jdk7u51\527\hotspot\src\share\vm\prims\jvm.cpp:1244
Event: 11.330 Thread 0x000000000c66c800 Threw 0x00000000de318c70 at C:\re\jdk7u51\527\hotspot\src\share\vm\classfile\systemDictionary.cpp:185
Event: 11.330 Thread 0x000000000c66c800 Threw 0x00000000de3191e0 at C:\re\jdk7u51\527\hotspot\src\share\vm\prims\jvm.cpp:1244
Event: 11.330 Thread 0x000000000c66c800 Threw 0x00000000de319650 at C:\re\jdk7u51\527\hotspot\src\share\vm\prims\jvm.cpp:1244
Event: 12.643 Thread 0x000000000c66c800 Threw 0x00000000de8ef6a8 at C:\re\jdk7u51\527\hotspot\src\share\vm\classfile\systemDictionary.cpp:185
Event: 12.643 Thread 0x000000000c66c800 Threw 0x00000000de8efc18 at C:\re\jdk7u51\527\hotspot\src\share\vm\prims\jvm.cpp:1244
Event: 12.643 Thread 0x000000000c66c800 Threw 0x00000000de8f0088 at C:\re\jdk7u51\527\hotspot\src\share\vm\prims\jvm.cpp:1244
Event: 12.644 Thread 0x000000000c66c800 Threw 0x00000000de8f08a0 at C:\re\jdk7u51\527\hotspot\src\share\vm\classfile\systemDictionary.cpp:185
Event: 12.644 Thread 0x000000000c66c800 Threw 0x00000000de8f0e10 at C:\re\jdk7u51\527\hotspot\src\share\vm\prims\jvm.cpp:1244
Event: 12.644 Thread 0x000000000c66c800 Threw 0x00000000de8f1280 at C:\re\jdk7u51\527\hotspot\src\share\vm\prims\jvm.cpp:1244

Events (10 events):
Event: 14.409 Executing VM operation: RevokeBias
Event: 14.409 Executing VM operation: RevokeBias done
Event: 14.409 Executing VM operation: RevokeBias
Event: 14.410 Executing VM operation: RevokeBias done
Event: 14.410 Executing VM operation: RevokeBias
Event: 14.410 Executing VM operation: RevokeBias done
Event: 14.410 Executing VM operation: RevokeBias
Event: 14.410 Executing VM operation: RevokeBias done
Event: 14.410 Executing VM operation: RevokeBias
Event: 14.410 Executing VM operation: RevokeBias done


Dynamic libraries:
0x000007f74da90000 - 0x000007f74dac3000 	C:\Program Files\Java\jdk1.7.0_51\jre\bin\java.exe
0x000007fbff5c0000 - 0x000007fbff780000 	C:\Windows\SYSTEM32\ntdll.dll
0x000007fbfede0000 - 0x000007fbfef16000 	C:\Windows\system32\KERNEL32.DLL
0x000007fbfc650000 - 0x000007fbfc743000 	C:\Windows\system32\KERNELBASE.dll
0x000007fbfef20000 - 0x000007fbfeffe000 	C:\Windows\system32\ADVAPI32.dll
0x000007fbfdd60000 - 0x000007fbfdeac000 	C:\Windows\system32\USER32.dll
0x000007fbf9b60000 - 0x000007fbf9dca000 	C:\Windows\WinSxS\amd64_microsoft.windows.common-controls_6595b64144ccf1df_6.0.9200.16579_none_418ab7ef718b27ef\COMCTL32.dll
0x000007fbff160000 - 0x000007fbff205000 	C:\Windows\system32\msvcrt.dll
0x000007fbfeb40000 - 0x000007fbfeb88000 	C:\Windows\SYSTEM32\sechost.dll
0x000007fbff010000 - 0x000007fbff155000 	C:\Windows\system32\RPCRT4.dll
0x000007fbfe220000 - 0x000007fbfe361000 	C:\Windows\system32\GDI32.dll
0x000007fbfdf00000 - 0x000007fbfdf39000 	C:\Windows\system32\IMM32.DLL
0x000007fbfea20000 - 0x000007fbfeb36000 	C:\Windows\system32\MSCTF.dll
0x0000000073380000 - 0x0000000073452000 	C:\Program Files\Java\jdk1.7.0_51\jre\bin\msvcr100.dll
0x0000000073460000 - 0x0000000073c29000 	C:\Program Files\Java\jdk1.7.0_51\jre\bin\server\jvm.dll
0x000007fbfa4d0000 - 0x000007fbfa4d9000 	C:\Windows\SYSTEM32\WSOCK32.dll
0x000007fbfa4f0000 - 0x000007fbfa510000 	C:\Windows\SYSTEM32\WINMM.dll
0x000007fbfe440000 - 0x000007fbfe447000 	C:\Windows\system32\PSAPI.DLL
0x000007fbff3b0000 - 0x000007fbff408000 	C:\Windows\system32\WS2_32.dll
0x000007fbf9740000 - 0x000007fbf9773000 	C:\Windows\SYSTEM32\WINMMBASE.dll
0x000007fbfe780000 - 0x000007fbfe789000 	C:\Windows\system32\NSI.dll
0x000007fbfc960000 - 0x000007fbfc9af000 	C:\Windows\SYSTEM32\cfgmgr32.dll
0x000007fbfc930000 - 0x000007fbfc952000 	C:\Windows\system32\DEVOBJ.dll
0x0000000073330000 - 0x000000007333f000 	C:\Program Files\Java\jdk1.7.0_51\jre\bin\verify.dll
0x0000000073300000 - 0x0000000073328000 	C:\Program Files\Java\jdk1.7.0_51\jre\bin\java.dll
0x00000000732e0000 - 0x00000000732f5000 	C:\Program Files\Java\jdk1.7.0_51\jre\bin\zip.dll
0x0000000071850000 - 0x00000000718c8000 	C:\Program Files\Java\jdk1.7.0_51\jre\bin\deploy.dll
0x000007fbfec40000 - 0x000007fbfedbe000 	C:\Windows\system32\ole32.dll
0x000007fbfe370000 - 0x000007fbfe433000 	C:\Windows\system32\OLEAUT32.dll
0x000007fbf95c0000 - 0x000007fbf95c9000 	C:\Windows\SYSTEM32\VERSION.dll
0x000007fbfdf40000 - 0x000007fbfe16d000 	C:\Windows\system32\WININET.dll
0x000007fbfe620000 - 0x000007fbfe779000 	C:\Windows\system32\urlmon.dll
0x000007fbff410000 - 0x000007fbff5c0000 	C:\Windows\SYSTEM32\combase.dll
0x000007fbfe790000 - 0x000007fbfea1c000 	C:\Windows\system32\iertutil.dll
0x000007fbfdeb0000 - 0x000007fbfdf00000 	C:\Windows\system32\SHLWAPI.dll
0x000007fbfc9b0000 - 0x000007fbfdc8f000 	C:\Windows\system32\SHELL32.dll
0x000007fbface0000 - 0x000007fbfad75000 	C:\Windows\SYSTEM32\SHCORE.dll
0x000007fbfc470000 - 0x000007fbfc485000 	C:\Windows\SYSTEM32\profapi.dll
0x000007fbf4a40000 - 0x000007fbf4a4b000 	C:\Windows\SYSTEM32\Secur32.dll
0x000007fbfc0d0000 - 0x000007fbfc0fc000 	C:\Windows\SYSTEM32\SSPICLI.DLL
0x000007fbf57f0000 - 0x000007fbf58a1000 	C:\Windows\SYSTEM32\winhttp.dll
0x000007fbfbcb0000 - 0x000007fbfbd0c000 	C:\Windows\system32\mswsock.dll
0x000007fbf7770000 - 0x000007fbf779a000 	C:\Windows\SYSTEM32\IPHLPAPI.DLL
0x000007fbf7630000 - 0x000007fbf763a000 	C:\Windows\SYSTEM32\WINNSI.DLL
0x000007fbfbac0000 - 0x000007fbfbb58000 	C:\Windows\SYSTEM32\DNSAPI.dll
0x0000000074100000 - 0x0000000074126000 	C:\Program Files\Bonjour\mdnsNSP.dll
0x000007fbf6b60000 - 0x000007fbf6b73000 	C:\Windows\SYSTEM32\dhcpcsvc6.DLL
0x000007fbf4ba0000 - 0x000007fbf4ba8000 	C:\Windows\System32\rasadhlp.dll
0x000007fbf6b40000 - 0x000007fbf6b58000 	C:\Windows\SYSTEM32\dhcpcsvc.DLL
0x0000000071840000 - 0x000000007184f000 	C:\Program Files\Java\jdk1.7.0_51\jre\bin\prism-d3d.dll
0x000007fbe2050000 - 0x000007fbe2250000 	C:\Windows\system32\d3d9.dll
0x000007fbfa5e0000 - 0x000007fbfa601000 	C:\Windows\SYSTEM32\dwmapi.dll
0x000007fbfb300000 - 0x000007fbfb3e6000 	C:\Windows\system32\uxtheme.dll
0x000007fbf9430000 - 0x000007fbf954b000 	C:\Windows\SYSTEM32\aticfx64.dll
0x000007fbea290000 - 0x000007fbea2b0000 	C:\Windows\SYSTEM32\atiu9p64.dll
0x000007fbe1990000 - 0x000007fbe2046000 	C:\Windows\SYSTEM32\atiumd64.dll
0x0000000073c30000 - 0x00000000740fd000 	C:\Windows\SYSTEM32\atiumd6a.dll
0x0000000071800000 - 0x0000000071832000 	C:\Program Files\Java\jdk1.7.0_51\jre\bin\glass.dll
0x000007fbfeb90000 - 0x000007fbfec31000 	C:\Windows\system32\COMDLG32.dll
0x000007fbfc2b0000 - 0x000007fbfc2ba000 	C:\Windows\SYSTEM32\CRYPTBASE.dll
0x000007fbfc250000 - 0x000007fbfc2ac000 	C:\Windows\SYSTEM32\bcryptPrimitives.dll
0x0000000071670000 - 0x000000007170e000 	C:\Program Files\Java\jdk1.7.0_51\jre\bin\libxml2.dll
0x0000000071630000 - 0x0000000071666000 	C:\Program Files\Java\jdk1.7.0_51\jre\bin\libxslt.dll
0x000000006f870000 - 0x00000000706a8000 	C:\Program Files\Java\jdk1.7.0_51\jre\bin\jfxwebkit.dll
0x00000000732c0000 - 0x00000000732d9000 	C:\Program Files\Java\jdk1.7.0_51\jre\bin\net.dll
0x000007fbf6ea0000 - 0x000007fbf6f01000 	C:\Windows\System32\fwpuclnt.dll
0x000007fbfe170000 - 0x000007fbfe206000 	C:\Windows\SYSTEM32\clbcatq.dll
0x000007fbfafa0000 - 0x000007fbfb133000 	C:\Windows\SYSTEM32\WindowsCodecs.dll
0x000007fbef0b0000 - 0x000007fbef0de000 	C:\Program Files\Common Files\Microsoft Shared\Ink\rtscom.dll
0x00000000715e0000 - 0x0000000071630000 	C:\Program Files\Java\jdk1.7.0_51\jre\bin\javafx-font.dll
0x000007fbfbe00000 - 0x000007fbfbe1a000 	C:\Windows\SYSTEM32\CRYPTSP.dll
0x000007fbfb940000 - 0x000007fbfb98b000 	C:\Windows\system32\rsaenh.dll
0x00000000732a0000 - 0x00000000732b1000 	C:\Program Files\Java\jdk1.7.0_51\jre\bin\nio.dll
0x0000000073020000 - 0x0000000073044000 	C:\Program Files\Java\jdk1.7.0_51\jre\bin\sunec.dll
0x0000000073010000 - 0x000000007301b000 	C:\Program Files\Java\jdk1.7.0_51\jre\bin\sunmscapi.dll
0x000007fbfc750000 - 0x000007fbfc921000 	C:\Windows\system32\CRYPT32.dll
0x000007fbfc520000 - 0x000007fbfc536000 	C:\Windows\system32\MSASN1.dll
0x000007fbfbc90000 - 0x000007fbfbcaf000 	C:\Windows\SYSTEM32\USERENV.dll
0x000007fbf3f70000 - 0x000007fbf3f84000 	C:\Windows\system32\napinsp.dll
0x000007fbf3f90000 - 0x000007fbf3fa8000 	C:\Windows\system32\pnrpnsp.dll
0x000007fbfac00000 - 0x000007fbfac16000 	C:\Windows\system32\NLAapi.dll
0x000007fbf4070000 - 0x000007fbf4082000 	C:\Windows\System32\winrnr.dll
0x000007fbfa180000 - 0x000007fbfa2e3000 	C:\Windows\SYSTEM32\dbghelp.dll

VM Arguments:
jvm_args: -Dfile.encoding=UTF-8 
java_command: C:\Users\Gabriel\Documents\NetBeansProjects\QCCBrowserEx1\dist\run1243440744\QCCBrowserEx1.jar
Launcher Type: SUN_STANDARD

Environment Variables:
PATH=C:\Program Files (x86)\HP SimplePass\x64;C:\Program Files (x86)\HP SimplePass\;;C:\Program Files (x86)\AMD APP\bin\x86_64;C:\Program Files (x86)\AMD APP\bin\x86;C:\Windows\system32;C:\Windows;C:\Windows\System32\Wbem;C:\Windows\System32\WindowsPowerShell\v1.0\;C:\Program Files (x86)\Windows Live\Shared;C:\Program Files (x86)\ATI Technologies\ATI.ACE\Core-Static
USERNAME=Gabriel
OS=Windows_NT
PROCESSOR_IDENTIFIER=AMD64 Family 21 Model 19 Stepping 1, AuthenticAMD



---------------  S Y S T E M  ---------------

OS: Windows 8 , 64 bit Build 9200 

CPU:total 4 (4 cores per cpu, 1 threads per core) family 21 model 19 stepping 1, cmov, cx8, fxsr, mmx, sse, sse2, sse3, ssse3, sse4.1, sse4.2, popcnt, avx, aes, mmxext, 3dnowpref, lzcnt, sse4a, tsc, tscinvbit, tscinv

Memory: 4k page, physical 7563524k(4214924k free), swap 8743172k(4081392k free)

vm_info: Java HotSpot(TM) 64-Bit Server VM (24.51-b03) for windows-amd64 JRE (1.7.0_51-b13), built on Dec 18 2013 18:40:56 by "java_re" with unknown MS VC++:1600

time: Wed Apr 02 21:45:48 2014
elapsed time: 14 seconds

