#
# A fatal error has been detected by the Java Runtime Environment:
#
#  EXCEPTION_ACCESS_VIOLATION (0xc0000005) at pc=0x000000006f682dba, pid=5496, tid=3388
#
# JRE version: Java(TM) SE Runtime Environment (7.0_51-b13) (build 1.7.0_51-b13)
# Java VM: Java HotSpot(TM) 64-Bit Server VM (24.51-b03 mixed mode windows-amd64 compressed oops)
# Problematic frame:
# C  [jfxwebkit.dll+0x302dba]
#
# Failed to write core dump. Minidumps are not enabled by default on client versions of Windows
#
# If you would like to submit a bug report, please visit:
#   http://bugreport.sun.com/bugreport/crash.jsp
# The crash happened outside the Java Virtual Machine in native code.
# See problematic frame for where to report the bug.
#

---------------  T H R E A D  ---------------

Current thread (0x000000000c42c000):  JavaThread "JavaFX Application Thread" [_thread_in_native, id=3388, stack(0x000000000e050000,0x000000000e150000)]

siginfo: ExceptionCode=0xc0000005, reading address 0x0000000000000000

Registers:
RAX=0x0000000015126250, RBX=0x0000000000000000, RCX=0x0000000000000000, RDX=0x0000000014ccf880
RSP=0x000000000e14e918, RBP=0x0000000000008372, RSI=0x0000000000008300, RDI=0x00000000105c22e0
R8 =0x0000000000008372, R9 =0x0000000000008372, R10=0x00000000105c2350, R11=0x000000000e14e7c0
R12=0x0000000014ccf880, R13=0x0000000088172a20, R14=0x000000000e14ec08, R15=0x000000000c42c000
RIP=0x000000006f682dba, EFLAGS=0x0000000000010202

Top of Stack: (sp=0x000000000e14e918)
0x000000000e14e918:   000000006f67da3e 0000000000000000
0x000000000e14e928:   0000000000008300 000000000e14ec08
0x000000000e14e938:   0000000088172a20 fffffffffffffffe
0x000000000e14e948:   00000000105c22e0 0000000000000000
0x000000000e14e958:   00000000105c22e0 0000000000008372
0x000000000e14e968:   000000006f67e6ea 0000000015126250
0x000000000e14e978:   000000000ccee010 0000000014ccf880
0x000000000e14e988:   000000000c869280 fffffffffffffffe
0x000000000e14e998:   000000000c869280 0000000000008372
0x000000000e14e9a8:   0000000014ccf880 00000000105c26a0
0x000000000e14e9b8:   000000006f67e7cb 000000000ccee010
0x000000000e14e9c8:   00000000105c22e0 00000000534748b6
0x000000000e14e9d8:   00000000105c22e0 0000000000008372
0x000000000e14e9e8:   000000006f6a2067 000000000c869280
0x000000000e14e9f8:   0000000000000000 0000000014ccf880
0x000000000e14ea08:   0000000000000000 000000000e14ea60 

Instructions: (pc=0x000000006f682dba)
0x000000006f682d9a:   00 48 8b 89 50 04 00 00 e8 e9 3c e3 ff 48 83 c4
0x000000006f682daa:   20 5b c3 cc cc cc 4c 8b d1 48 8b 49 30 4d 8b c8
0x000000006f682dba:   48 8b 01 4c 8b c2 49 8b d2 48 ff 60 20 cc cc cc
0x000000006f682dca:   cc cc cc cc cc cc 48 8b 41 30 c6 40 10 01 c3 cc 


Register to memory mapping:

RAX=0x0000000015126250 is an unknown value
RBX=0x0000000000000000 is an unknown value
RCX=0x0000000000000000 is an unknown value
RDX=0x0000000014ccf880 is an unknown value
RSP=0x000000000e14e918 is pointing into the stack for thread: 0x000000000c42c000
RBP=0x0000000000008372 is an unknown value
RSI=0x0000000000008300 is an unknown value
RDI=0x00000000105c22e0 is an unknown value
R8 =0x0000000000008372 is an unknown value
R9 =0x0000000000008372 is an unknown value
R10=0x00000000105c2350 is an unknown value
R11=0x000000000e14e7c0 is pointing into the stack for thread: 0x000000000c42c000
R12=0x0000000014ccf880 is an unknown value
R13=0x0000000088172a20 is an oop
{method} 
 - klass: {other class}
R14=0x000000000e14ec08 is pointing into the stack for thread: 0x000000000c42c000
R15=0x000000000c42c000 is a thread


Stack: [0x000000000e050000,0x000000000e150000],  sp=0x000000000e14e918,  free space=1018k
Native frames: (J=compiled Java code, j=interpreted, Vv=VM code, C=native code)
C  [jfxwebkit.dll+0x302dba]

Java frames: (J=compiled Java code, j=interpreted, Vv=VM code)
j  com.sun.webpane.webkit.network.URLLoader.twkDidReceiveData(Ljava/nio/ByteBuffer;IIJ)V+0
j  com.sun.webpane.webkit.network.URLLoader.access$1200(Ljava/nio/ByteBuffer;IIJ)V+4
j  com.sun.webpane.webkit.network.URLLoader$5.run()V+35
j  com.sun.glass.ui.InvokeLaterDispatcher$Future.run()V+4
v  ~StubRoutines::call_stub
j  com.sun.glass.ui.win.WinApplication._runLoop([Ljava/lang/String;Lcom/sun/glass/ui/Launchable;)V+0
j  com.sun.glass.ui.win.WinApplication.access$100(Lcom/sun/glass/ui/win/WinApplication;[Ljava/lang/String;Lcom/sun/glass/ui/Launchable;)V+3
j  com.sun.glass.ui.win.WinApplication$3$1.run()V+32
j  java.lang.Thread.run()V+11
v  ~StubRoutines::call_stub

---------------  P R O C E S S  ---------------

Java Threads: ( => current thread )
  0x000000000c71c000 JavaThread "URL-Loader-26" daemon [_thread_blocked, id=4288, stack(0x0000000013730000,0x0000000013830000)]
  0x000000001077a800 JavaThread "URL-Loader-25" daemon [_thread_blocked, id=3336, stack(0x00000000119a0000,0x0000000011aa0000)]
  0x0000000010779000 JavaThread "Keep-Alive-Timer" daemon [_thread_blocked, id=3128, stack(0x000000000d5f0000,0x000000000d6f0000)]
  0x000000001077b000 JavaThread "URL-Loader-24" daemon [_thread_blocked, id=5924, stack(0x000000000d2d0000,0x000000000d3d0000)]
  0x0000000010779800 JavaThread "FX Access Thread (Visual Debugger)" daemon [_thread_blocked, id=5444, stack(0x0000000011d80000,0x0000000011e80000)]
  0x000000001077c000 JavaThread "Prism Font Disposer" daemon [_thread_blocked, id=4352, stack(0x0000000011570000,0x0000000011670000)]
  0x000000000caa0000 JavaThread "Disposer" daemon [_thread_blocked, id=5600, stack(0x00000000100a0000,0x00000000101a0000)]
  0x000000000c6f9000 JavaThread "Thread-3" daemon [_thread_in_native, id=4132, stack(0x000000000fe50000,0x000000000ff50000)]
=>0x000000000c42c000 JavaThread "JavaFX Application Thread" [_thread_in_native, id=3388, stack(0x000000000e050000,0x000000000e150000)]
  0x000000000c438000 JavaThread "Thread-2" daemon [_thread_blocked, id=1640, stack(0x000000000df50000,0x000000000e050000)]
  0x000000000c74c000 JavaThread "Disposer" daemon [_thread_blocked, id=6020, stack(0x000000000dd00000,0x000000000de00000)]
  0x000000000c604800 JavaThread "QuantumRenderer-0" daemon [_thread_blocked, id=6052, stack(0x000000000d8b0000,0x000000000d9b0000)]
  0x000000000c7c8800 JavaThread "JavaFX-Launcher" [_thread_blocked, id=5168, stack(0x000000000d7b0000,0x000000000d8b0000)]
  0x000000000c55e000 JavaThread "traceMsgQueueThread" daemon [_thread_blocked, id=6140, stack(0x000000000cee0000,0x000000000cfe0000)]
  0x000000000a66e000 JavaThread "Service Thread" daemon [_thread_blocked, id=5488, stack(0x000000000c0e0000,0x000000000c1e0000)]
  0x000000000a66d000 JavaThread "C2 CompilerThread1" daemon [_thread_blocked, id=5676, stack(0x000000000bfe0000,0x000000000c0e0000)]
  0x000000000a66a800 JavaThread "C2 CompilerThread0" daemon [_thread_blocked, id=5172, stack(0x000000000bee0000,0x000000000bfe0000)]
  0x000000000a65a800 JavaThread "JDWP Command Reader" daemon [_thread_in_native, id=2136, stack(0x000000000bde0000,0x000000000bee0000)]
  0x000000000a657800 JavaThread "JDWP Event Helper Thread" daemon [_thread_blocked, id=3052, stack(0x000000000bce0000,0x000000000bde0000)]
  0x000000000a654000 JavaThread "JDWP Transport Listener: dt_shmem" daemon [_thread_blocked, id=5832, stack(0x000000000bbe0000,0x000000000bce0000)]
  0x000000000a643000 JavaThread "Attach Listener" daemon [_thread_blocked, id=4688, stack(0x000000000bad0000,0x000000000bbd0000)]
  0x000000000a63f800 JavaThread "Signal Dispatcher" daemon [_thread_blocked, id=5316, stack(0x000000000b9d0000,0x000000000bad0000)]
  0x000000000a608800 JavaThread "Finalizer" daemon [_thread_blocked, id=4928, stack(0x000000000b8d0000,0x000000000b9d0000)]
  0x000000000a603000 JavaThread "Reference Handler" daemon [_thread_blocked, id=5780, stack(0x000000000b7d0000,0x000000000b8d0000)]
  0x0000000002902800 JavaThread "main" [_thread_blocked, id=5744, stack(0x0000000002800000,0x0000000002900000)]

Other Threads:
  0x000000000a600800 VMThread [stack: 0x000000000b6d0000,0x000000000b7d0000] [id=2208]
  0x000000000a68c000 WatcherThread [stack: 0x000000000c1e0000,0x000000000c2e0000] [id=2768]

VM state:not at safepoint (normal execution)

VM Mutex/Monitor currently owned by a thread: None

Heap
 PSYoungGen      total 129024K, used 42643K [0x00000000d9800000, 0x00000000ea000000, 0x0000000100000000)
  eden space 120832K, 28% used [0x00000000d9800000,0x00000000db9a9608,0x00000000e0e00000)
  from space 8192K, 99% used [0x00000000e0e00000,0x00000000e15fb6b0,0x00000000e1600000)
  to   space 14336K, 0% used [0x00000000e9200000,0x00000000e9200000,0x00000000ea000000)
 ParOldGen       total 78848K, used 15334K [0x000000008c800000, 0x0000000091500000, 0x00000000d9800000)
  object space 78848K, 19% used [0x000000008c800000,0x000000008d6f99a0,0x0000000091500000)
 PSPermGen       total 23040K, used 22886K [0x0000000087600000, 0x0000000088c80000, 0x000000008c800000)
  object space 23040K, 99% used [0x0000000087600000,0x0000000088c59b48,0x0000000088c80000)

Card table byte_map: [0x0000000005a00000,0x0000000005dd0000] byte_map_base: 0x00000000055c5000

Polling page: 0x0000000000d30000

Code Cache  [0x0000000002a00000, 0x0000000002c70000, 0x0000000005a00000)
 total_blobs=1188 nmethods=559 adapters=589 free_code_cache=47170Kb largest_free_block=48254080

Compilation events (10 events):
Event: 58.844 Thread 0x000000000a66d000  592             java.util.WeakHashMap::size (18 bytes)
Event: 58.844 Thread 0x000000000a66a800  593             java.util.WeakHashMap::unmaskNull (13 bytes)
Event: 58.846 Thread 0x000000000a66a800 nmethod 593 0x0000000002be8a10 code [0x0000000002be8b40, 0x0000000002be8b98]
Event: 58.846 Thread 0x000000000a66d000 nmethod 592 0x0000000002be8790 code [0x0000000002be88e0, 0x0000000002be8968]
Event: 59.017 Thread 0x000000000a66a800  594             javafx.geometry.Point2D::<init> (20 bytes)
Event: 59.018 Thread 0x000000000a66a800 nmethod 594 0x0000000002bc9f10 code [0x0000000002bca040, 0x0000000002bca098]
Event: 59.031 Thread 0x000000000a66d000  595             com.sun.prism.impl.GlyphCache::render (156 bytes)
Event: 59.090 Thread 0x000000000a66d000 nmethod 595 0x0000000002bf7e50 code [0x0000000002bf80e0, 0x0000000002bf9950]
Event: 59.276 Thread 0x000000000a66a800  596             com.sun.javafx.geom.transform.AffineBase::is2D (24 bytes)
Event: 59.278 Thread 0x000000000a66a800 nmethod 596 0x0000000002bc9c90 code [0x0000000002bc9de0, 0x0000000002bc9e68]

GC Heap History (10 events):
Event: 8.315 GC heap before
{Heap before GC invocations=3 (full 0):
 PSYoungGen      total 34816K, used 34766K [0x00000000d9800000, 0x00000000dbe80000, 0x0000000100000000)
  eden space 30208K, 99% used [0x00000000d9800000,0x00000000db579db0,0x00000000db580000)
  from space 4608K, 99% used [0x00000000dba00000,0x00000000dbe79c90,0x00000000dbe80000)
  to   space 4608K, 0% used [0x00000000db580000,0x00000000db580000,0x00000000dba00000)
 ParOldGen       total 78848K, used 3814K [0x000000008c800000, 0x0000000091500000, 0x00000000d9800000)
  object space 78848K, 4% used [0x000000008c800000,0x000000008cbb9ad0,0x0000000091500000)
 PSPermGen       total 21504K, used 19351K [0x0000000087600000, 0x0000000088b00000, 0x000000008c800000)
  object space 21504K, 89% used [0x0000000087600000,0x00000000888e5f58,0x0000000088b00000)
Event: 8.330 GC heap after
Heap after GC invocations=3 (full 0):
 PSYoungGen      total 34816K, used 4583K [0x00000000d9800000, 0x00000000ddc00000, 0x0000000100000000)
  eden space 30208K, 0% used [0x00000000d9800000,0x00000000d9800000,0x00000000db580000)
  from space 4608K, 99% used [0x00000000db580000,0x00000000db9f9f58,0x00000000dba00000)
  to   space 4608K, 0% used [0x00000000dd780000,0x00000000dd780000,0x00000000ddc00000)
 ParOldGen       total 78848K, used 3846K [0x000000008c800000, 0x0000000091500000, 0x00000000d9800000)
  object space 78848K, 4% used [0x000000008c800000,0x000000008cbc1ad0,0x0000000091500000)
 PSPermGen       total 21504K, used 19351K [0x0000000087600000, 0x0000000088b00000, 0x000000008c800000)
  object space 21504K, 89% used [0x0000000087600000,0x00000000888e5f58,0x0000000088b00000)
}
Event: 8.358 GC heap before
{Heap before GC invocations=4 (full 0):
 PSYoungGen      total 34816K, used 34736K [0x00000000d9800000, 0x00000000ddc00000, 0x0000000100000000)
  eden space 30208K, 99% used [0x00000000d9800000,0x00000000db5723f0,0x00000000db580000)
  from space 4608K, 99% used [0x00000000db580000,0x00000000db9f9f58,0x00000000dba00000)
  to   space 4608K, 0% used [0x00000000dd780000,0x00000000dd780000,0x00000000ddc00000)
 ParOldGen       total 78848K, used 3846K [0x000000008c800000, 0x0000000091500000, 0x00000000d9800000)
  object space 78848K, 4% used [0x000000008c800000,0x000000008cbc1ad0,0x0000000091500000)
 PSPermGen       total 21504K, used 19351K [0x0000000087600000, 0x0000000088b00000, 0x000000008c800000)
  object space 21504K, 89% used [0x0000000087600000,0x00000000888e5f58,0x0000000088b00000)
Event: 8.375 GC heap after
Heap after GC invocations=4 (full 0):
 PSYoungGen      total 65024K, used 4603K [0x00000000d9800000, 0x00000000ddc00000, 0x0000000100000000)
  eden space 60416K, 0% used [0x00000000d9800000,0x00000000d9800000,0x00000000dd300000)
  from space 4608K, 99% used [0x00000000dd780000,0x00000000ddbfed28,0x00000000ddc00000)
  to   space 4608K, 0% used [0x00000000dd300000,0x00000000dd300000,0x00000000dd780000)
 ParOldGen       total 78848K, used 3878K [0x000000008c800000, 0x0000000091500000, 0x00000000d9800000)
  object space 78848K, 4% used [0x000000008c800000,0x000000008cbc9ad0,0x0000000091500000)
 PSPermGen       total 21504K, used 19351K [0x0000000087600000, 0x0000000088b00000, 0x000000008c800000)
  object space 21504K, 89% used [0x0000000087600000,0x00000000888e5f58,0x0000000088b00000)
}
Event: 8.440 GC heap before
{Heap before GC invocations=5 (full 0):
 PSYoungGen      total 65024K, used 64926K [0x00000000d9800000, 0x00000000ddc00000, 0x0000000100000000)
  eden space 60416K, 99% used [0x00000000d9800000,0x00000000dd2e8ca8,0x00000000dd300000)
  from space 4608K, 99% used [0x00000000dd780000,0x00000000ddbfed28,0x00000000ddc00000)
  to   space 4608K, 0% used [0x00000000dd300000,0x00000000dd300000,0x00000000dd780000)
 ParOldGen       total 78848K, used 3878K [0x000000008c800000, 0x0000000091500000, 0x00000000d9800000)
  object space 78848K, 4% used [0x000000008c800000,0x000000008cbc9ad0,0x0000000091500000)
 PSPermGen       total 21504K, used 19351K [0x0000000087600000, 0x0000000088b00000, 0x000000008c800000)
  object space 21504K, 89% used [0x0000000087600000,0x00000000888e5f58,0x0000000088b00000)
Event: 8.459 GC heap after
Heap after GC invocations=5 (full 0):
 PSYoungGen      total 65024K, used 4606K [0x00000000d9800000, 0x00000000e1e00000, 0x0000000100000000)
  eden space 60416K, 0% used [0x00000000d9800000,0x00000000d9800000,0x00000000dd300000)
  from space 4608K, 99% used [0x00000000dd300000,0x00000000dd77f8c8,0x00000000dd780000)
  to   space 8192K, 0% used [0x00000000e1600000,0x00000000e1600000,0x00000000e1e00000)
 ParOldGen       total 78848K, used 3918K [0x000000008c800000, 0x0000000091500000, 0x00000000d9800000)
  object space 78848K, 4% used [0x000000008c800000,0x000000008cbd3ad0,0x0000000091500000)
 PSPermGen       total 21504K, used 19351K [0x0000000087600000, 0x0000000088b00000, 0x000000008c800000)
  object space 21504K, 89% used [0x0000000087600000,0x00000000888e5f58,0x0000000088b00000)
}
Event: 8.517 GC heap before
{Heap before GC invocations=6 (full 0):
 PSYoungGen      total 65024K, used 65009K [0x00000000d9800000, 0x00000000e1e00000, 0x0000000100000000)
  eden space 60416K, 99% used [0x00000000d9800000,0x00000000dd2fcc58,0x00000000dd300000)
  from space 4608K, 99% used [0x00000000dd300000,0x00000000dd77f8c8,0x00000000dd780000)
  to   space 8192K, 0% used [0x00000000e1600000,0x00000000e1600000,0x00000000e1e00000)
 ParOldGen       total 78848K, used 3918K [0x000000008c800000, 0x0000000091500000, 0x00000000d9800000)
  object space 78848K, 4% used [0x000000008c800000,0x000000008cbd3ad0,0x0000000091500000)
 PSPermGen       total 21504K, used 19351K [0x0000000087600000, 0x0000000088b00000, 0x000000008c800000)
  object space 21504K, 89% used [0x0000000087600000,0x00000000888e5f58,0x0000000088b00000)
Event: 8.539 GC heap after
Heap after GC invocations=6 (full 0):
 PSYoungGen      total 129024K, used 4633K [0x00000000d9800000, 0x00000000e1e00000, 0x0000000100000000)
  eden space 120832K, 0% used [0x00000000d9800000,0x00000000d9800000,0x00000000e0e00000)
  from space 8192K, 56% used [0x00000000e1600000,0x00000000e1a867e0,0x00000000e1e00000)
  to   space 8192K, 0% used [0x00000000e0e00000,0x00000000e0e00000,0x00000000e1600000)
 ParOldGen       total 78848K, used 3918K [0x000000008c800000, 0x0000000091500000, 0x00000000d9800000)
  object space 78848K, 4% used [0x000000008c800000,0x000000008cbd3ad0,0x0000000091500000)
 PSPermGen       total 21504K, used 19351K [0x0000000087600000, 0x0000000088b00000, 0x000000008c800000)
  object space 21504K, 89% used [0x0000000087600000,0x00000000888e5f58,0x0000000088b00000)
}
Event: 10.834 GC heap before
{Heap before GC invocations=7 (full 0):
 PSYoungGen      total 129024K, used 124570K [0x00000000d9800000, 0x00000000e1e00000, 0x0000000100000000)
  eden space 120832K, 99% used [0x00000000d9800000,0x00000000e0d20328,0x00000000e0e00000)
  from space 8192K, 56% used [0x00000000e1600000,0x00000000e1a867e0,0x00000000e1e00000)
  to   space 8192K, 0% used [0x00000000e0e00000,0x00000000e0e00000,0x00000000e1600000)
 ParOldGen       total 78848K, used 5325K [0x000000008c800000, 0x0000000091500000, 0x00000000d9800000)
  object space 78848K, 6% used [0x000000008c800000,0x000000008cd33638,0x0000000091500000)
 PSPermGen       total 22528K, used 22421K [0x0000000087600000, 0x0000000088c00000, 0x000000008c800000)
  object space 22528K, 99% used [0x0000000087600000,0x0000000088be5460,0x0000000088c00000)
Event: 10.876 GC heap after
Heap after GC invocations=7 (full 0):
 PSYoungGen      total 129024K, used 8173K [0x00000000d9800000, 0x00000000ea000000, 0x0000000100000000)
  eden space 120832K, 0% used [0x00000000d9800000,0x00000000d9800000,0x00000000e0e00000)
  from space 8192K, 99% used [0x00000000e0e00000,0x00000000e15fb6b0,0x00000000e1600000)
  to   space 14336K, 0% used [0x00000000e9200000,0x00000000e9200000,0x00000000ea000000)
 ParOldGen       total 78848K, used 15334K [0x000000008c800000, 0x0000000091500000, 0x00000000d9800000)
  object space 78848K, 19% used [0x000000008c800000,0x000000008d6f99a0,0x0000000091500000)
 PSPermGen       total 22528K, used 22421K [0x0000000087600000, 0x0000000088c00000, 0x000000008c800000)
  object space 22528K, 99% used [0x0000000087600000,0x0000000088be5460,0x0000000088c00000)
}

Deoptimization events (10 events):
Event: 10.146 Thread 0x000000000c42c000 Uncommon trap: reason=bimorphic action=maybe_recompile pc=0x0000000002ad6374 method=java.io.FilterInputStream.read()I @ 4
Event: 10.146 Thread 0x000000000c42c000 Uncommon trap: reason=bimorphic action=maybe_recompile pc=0x0000000002ad6374 method=java.io.FilterInputStream.read()I @ 4
Event: 10.146 Thread 0x000000000c42c000 Uncommon trap: reason=bimorphic action=maybe_recompile pc=0x0000000002ad6374 method=java.io.FilterInputStream.read()I @ 4
Event: 11.508 Thread 0x000000000c42c000 Uncommon trap: reason=array_check action=maybe_recompile pc=0x0000000002b41ab4 method=java.util.Arrays.fill([Ljava/lang/Object;Ljava/lang/Object;)V @ 13
Event: 11.508 Thread 0x000000000c42c000 Uncommon trap: reason=array_check action=maybe_recompile pc=0x0000000002b41ab4 method=java.util.Arrays.fill([Ljava/lang/Object;Ljava/lang/Object;)V @ 13
Event: 11.508 Thread 0x000000000c42c000 Uncommon trap: reason=array_check action=maybe_recompile pc=0x0000000002b41ab4 method=java.util.Arrays.fill([Ljava/lang/Object;Ljava/lang/Object;)V @ 13
Event: 11.523 Thread 0x000000000c42c000 Uncommon trap: reason=array_check action=maybe_recompile pc=0x0000000002b41ab4 method=java.util.Arrays.fill([Ljava/lang/Object;Ljava/lang/Object;)V @ 13
Event: 17.797 Thread 0x000000000cc26000 Uncommon trap: reason=bimorphic action=maybe_recompile pc=0x0000000002b741dc method=java.util.zip.InflaterInputStream.read([BII)I @ 100
Event: 17.803 Thread 0x000000000cc26000 Uncommon trap: reason=unreached action=reinterpret pc=0x0000000002b4dfe8 method=java.util.Arrays.equals([B[B)Z @ 12
Event: 24.637 Thread 0x000000000c604800 Uncommon trap: reason=unreached action=reinterpret pc=0x0000000002b765d8 method=com.sun.scenario.effect.impl.ImagePool.checkOut(Lcom/sun/scenario/effect/impl/Renderer;II)Lcom/sun/scenario/effect/Filterable; @ 209

Internal exceptions (10 events):
Event: 9.047 Thread 0x000000000c42c000 Threw 0x00000000dd7ce130 at C:\re\jdk7u51\527\hotspot\src\share\vm\prims\jni.cpp:717
Event: 9.050 Thread 0x000000000c42c000 Threw 0x00000000dd7d3770 at C:\re\jdk7u51\527\hotspot\src\share\vm\prims\jni.cpp:717
Event: 9.053 Thread 0x000000000c42c000 Threw 0x00000000dd7d7868 at C:\re\jdk7u51\527\hotspot\src\share\vm\prims\jni.cpp:717
Event: 11.685 Thread 0x000000000c42c000 Threw 0x00000000d988a890 at C:\re\jdk7u51\527\hotspot\src\share\vm\classfile\systemDictionary.cpp:185
Event: 11.685 Thread 0x000000000c42c000 Threw 0x00000000d988b668 at C:\re\jdk7u51\527\hotspot\src\share\vm\prims\jvm.cpp:1244
Event: 11.685 Thread 0x000000000c42c000 Threw 0x00000000d988bad8 at C:\re\jdk7u51\527\hotspot\src\share\vm\prims\jvm.cpp:1244
Event: 11.686 Thread 0x000000000c42c000 Threw 0x00000000d988c2f0 at C:\re\jdk7u51\527\hotspot\src\share\vm\classfile\systemDictionary.cpp:185
Event: 11.686 Thread 0x000000000c42c000 Threw 0x00000000d988c860 at C:\re\jdk7u51\527\hotspot\src\share\vm\prims\jvm.cpp:1244
Event: 11.686 Thread 0x000000000c42c000 Threw 0x00000000d988ccd0 at C:\re\jdk7u51\527\hotspot\src\share\vm\prims\jvm.cpp:1244
Event: 17.803 Thread 0x000000000cc26000 Implicit null exception at 0x0000000002b4de98 to 0x0000000002b4dfd5

Events (10 events):
Event: 72.549 Executing VM operation: RevokeBias
Event: 72.549 Executing VM operation: RevokeBias done
Event: 72.549 Executing VM operation: RevokeBias
Event: 72.549 Executing VM operation: RevokeBias done
Event: 72.549 Executing VM operation: RevokeBias
Event: 72.549 Executing VM operation: RevokeBias done
Event: 72.551 Executing VM operation: RevokeBias
Event: 72.551 Executing VM operation: RevokeBias done
Event: 72.551 Executing VM operation: RevokeBias
Event: 72.551 Executing VM operation: RevokeBias done


Dynamic libraries:
0x000007f7d3a80000 - 0x000007f7d3ab3000 	C:\Program Files\Java\jdk1.7.0_51\jre\bin\java.exe
0x000007faf5e40000 - 0x000007faf6000000 	C:\Windows\SYSTEM32\ntdll.dll
0x000007faf5430000 - 0x000007faf5566000 	C:\Windows\system32\KERNEL32.DLL
0x000007faf2ea0000 - 0x000007faf2f93000 	C:\Windows\system32\KERNELBASE.dll
0x000007faf51a0000 - 0x000007faf527e000 	C:\Windows\system32\ADVAPI32.dll
0x000007faf5050000 - 0x000007faf519c000 	C:\Windows\system32\USER32.dll
0x000007faf0790000 - 0x000007faf09fa000 	C:\Windows\WinSxS\amd64_microsoft.windows.common-controls_6595b64144ccf1df_6.0.9200.16579_none_418ab7ef718b27ef\COMCTL32.dll
0x000007faf37e0000 - 0x000007faf3885000 	C:\Windows\system32\msvcrt.dll
0x000007faf3a80000 - 0x000007faf3ac8000 	C:\Windows\SYSTEM32\sechost.dll
0x000007faf55e0000 - 0x000007faf5725000 	C:\Windows\system32\RPCRT4.dll
0x000007faf3690000 - 0x000007faf37d1000 	C:\Windows\system32\GDI32.dll
0x000007faf3890000 - 0x000007faf38c9000 	C:\Windows\system32\IMM32.DLL
0x000007faf57a0000 - 0x000007faf58b6000 	C:\Windows\system32\MSCTF.dll
0x0000000072290000 - 0x0000000072362000 	C:\Program Files\Java\jdk1.7.0_51\jre\bin\msvcr100.dll
0x0000000072370000 - 0x0000000072b39000 	C:\Program Files\Java\jdk1.7.0_51\jre\bin\server\jvm.dll
0x000007faeb4e0000 - 0x000007faeb4e9000 	C:\Windows\SYSTEM32\WSOCK32.dll
0x000007faefd40000 - 0x000007faefd60000 	C:\Windows\SYSTEM32\WINMM.dll
0x000007faf5570000 - 0x000007faf5577000 	C:\Windows\system32\PSAPI.DLL
0x000007faf5580000 - 0x000007faf55d8000 	C:\Windows\system32\WS2_32.dll
0x000007faef3c0000 - 0x000007faef3f3000 	C:\Windows\SYSTEM32\WINMMBASE.dll
0x000007faf5e30000 - 0x000007faf5e39000 	C:\Windows\system32\NSI.dll
0x000007faf2dc0000 - 0x000007faf2e0f000 	C:\Windows\SYSTEM32\cfgmgr32.dll
0x000007faf2e70000 - 0x000007faf2e92000 	C:\Windows\system32\DEVOBJ.dll
0x0000000072240000 - 0x000000007224f000 	C:\Program Files\Java\jdk1.7.0_51\jre\bin\verify.dll
0x0000000072210000 - 0x0000000072238000 	C:\Program Files\Java\jdk1.7.0_51\jre\bin\java.dll
0x0000000070410000 - 0x0000000070445000 	C:\Program Files\Java\jdk1.7.0_51\jre\bin\jdwp.dll
0x00000000707d0000 - 0x00000000707d8000 	C:\Program Files\Java\jdk1.7.0_51\jre\bin\npt.dll
0x00000000721f0000 - 0x0000000072205000 	C:\Program Files\Java\jdk1.7.0_51\jre\bin\zip.dll
0x00000000707e0000 - 0x00000000707eb000 	C:\Program Files\Java\jdk1.7.0_51\jre\bin\dt_shmem.dll
0x00000000702e0000 - 0x0000000070358000 	C:\Program Files\Java\jdk1.7.0_51\jre\bin\deploy.dll
0x000007faf3510000 - 0x000007faf368e000 	C:\Windows\system32\ole32.dll
0x000007faf4f80000 - 0x000007faf5043000 	C:\Windows\system32\OLEAUT32.dll
0x000007faf0e50000 - 0x000007faf0e59000 	C:\Windows\SYSTEM32\VERSION.dll
0x000007faf3230000 - 0x000007faf345d000 	C:\Windows\system32\WININET.dll
0x000007faf5c20000 - 0x000007faf5d79000 	C:\Windows\system32\urlmon.dll
0x000007faf38d0000 - 0x000007faf3a80000 	C:\Windows\SYSTEM32\combase.dll
0x000007faf5990000 - 0x000007faf5c1c000 	C:\Windows\system32\iertutil.dll
0x000007faf5940000 - 0x000007faf5990000 	C:\Windows\system32\SHLWAPI.dll
0x000007faf3ad0000 - 0x000007faf4daf000 	C:\Windows\system32\SHELL32.dll
0x000007faf1440000 - 0x000007faf14d5000 	C:\Windows\SYSTEM32\SHCORE.dll
0x000007faf2cf0000 - 0x000007faf2d05000 	C:\Windows\SYSTEM32\profapi.dll
0x000007faeabe0000 - 0x000007faeabeb000 	C:\Windows\SYSTEM32\Secur32.dll
0x000007faf2a90000 - 0x000007faf2abc000 	C:\Windows\SYSTEM32\SSPICLI.DLL
0x000007faec060000 - 0x000007faec111000 	C:\Windows\SYSTEM32\winhttp.dll
0x000007faf2540000 - 0x000007faf259c000 	C:\Windows\system32\mswsock.dll
0x000007faee010000 - 0x000007faee03a000 	C:\Windows\SYSTEM32\IPHLPAPI.DLL
0x000007faedff0000 - 0x000007faedffa000 	C:\Windows\SYSTEM32\WINNSI.DLL
0x000007faf2380000 - 0x000007faf2418000 	C:\Windows\SYSTEM32\DNSAPI.dll
0x0000000073010000 - 0x0000000073036000 	C:\Program Files\Bonjour\mdnsNSP.dll
0x000007faeb570000 - 0x000007faeb578000 	C:\Windows\System32\rasadhlp.dll
0x000007faed3a0000 - 0x000007faed3b3000 	C:\Windows\SYSTEM32\dhcpcsvc6.DLL
0x000007faed430000 - 0x000007faed448000 	C:\Windows\SYSTEM32\dhcpcsvc.DLL
0x00000000707c0000 - 0x00000000707cf000 	C:\Program Files\Java\jdk1.7.0_51\jre\bin\prism-d3d.dll
0x000007fae24e0000 - 0x000007fae26e0000 	C:\Windows\system32\d3d9.dll
0x000007faf1240000 - 0x000007faf1261000 	C:\Windows\SYSTEM32\dwmapi.dll
0x000007faf1b80000 - 0x000007faf1c66000 	C:\Windows\system32\uxtheme.dll
0x000007faf0260000 - 0x000007faf037b000 	C:\Windows\SYSTEM32\aticfx64.dll
0x000007fae76c0000 - 0x000007fae76e0000 	C:\Windows\SYSTEM32\atiu9p64.dll
0x000007fad6520000 - 0x000007fad6bd6000 	C:\Windows\SYSTEM32\atiumd64.dll
0x0000000072b40000 - 0x000000007300d000 	C:\Windows\SYSTEM32\atiumd6a.dll
0x00000000702a0000 - 0x00000000702d2000 	C:\Program Files\Java\jdk1.7.0_51\jre\bin\glass.dll
0x000007faf5d80000 - 0x000007faf5e21000 	C:\Windows\system32\COMDLG32.dll
0x000007faf2b30000 - 0x000007faf2b3a000 	C:\Windows\SYSTEM32\CRYPTBASE.dll
0x000007faf2ad0000 - 0x000007faf2b2c000 	C:\Windows\SYSTEM32\bcryptPrimitives.dll
0x0000000070200000 - 0x000000007029e000 	C:\Program Files\Java\jdk1.7.0_51\jre\bin\libxml2.dll
0x00000000701c0000 - 0x00000000701f6000 	C:\Program Files\Java\jdk1.7.0_51\jre\bin\libxslt.dll
0x000000006f380000 - 0x00000000701b8000 	C:\Program Files\Java\jdk1.7.0_51\jre\bin\jfxwebkit.dll
0x00000000721d0000 - 0x00000000721e9000 	C:\Program Files\Java\jdk1.7.0_51\jre\bin\net.dll
0x000007faed5a0000 - 0x000007faed601000 	C:\Windows\System32\fwpuclnt.dll
0x000007faf3470000 - 0x000007faf3506000 	C:\Windows\SYSTEM32\clbcatq.dll
0x000007faf0e70000 - 0x000007faf1003000 	C:\Windows\SYSTEM32\WindowsCodecs.dll
0x000007faeb630000 - 0x000007faeb65e000 	C:\Program Files\Common Files\Microsoft Shared\Ink\rtscom.dll
0x000000006f330000 - 0x000000006f380000 	C:\Program Files\Java\jdk1.7.0_51\jre\bin\javafx-font.dll
0x000007faf25a0000 - 0x000007faf25ba000 	C:\Windows\SYSTEM32\CRYPTSP.dll
0x000007faf2220000 - 0x000007faf226b000 	C:\Windows\system32\rsaenh.dll
0x00000000721b0000 - 0x00000000721c1000 	C:\Program Files\Java\jdk1.7.0_51\jre\bin\nio.dll
0x0000000071f30000 - 0x0000000071f54000 	C:\Program Files\Java\jdk1.7.0_51\jre\bin\sunec.dll
0x0000000071f20000 - 0x0000000071f2b000 	C:\Program Files\Java\jdk1.7.0_51\jre\bin\sunmscapi.dll
0x000007faf2fa0000 - 0x000007faf3171000 	C:\Windows\system32\CRYPT32.dll
0x000007faf2da0000 - 0x000007faf2db6000 	C:\Windows\system32\MSASN1.dll
0x000007faf2320000 - 0x000007faf233f000 	C:\Windows\SYSTEM32\USERENV.dll
0x000007fae7580000 - 0x000007fae7594000 	C:\Windows\system32\napinsp.dll
0x000007fae75a0000 - 0x000007fae75b8000 	C:\Windows\system32\pnrpnsp.dll
0x000007faf1010000 - 0x000007faf1026000 	C:\Windows\system32\NLAapi.dll
0x000007fae75c0000 - 0x000007fae75d2000 	C:\Windows\System32\winrnr.dll
0x000007faf0590000 - 0x000007faf06f3000 	C:\Windows\SYSTEM32\dbghelp.dll

VM Arguments:
jvm_args: -Xdebug -Xrunjdwp:transport=dt_shmem,address=javadebug -Dfile.encoding=UTF-8 
java_command: C:\Users\Gabriel\Documents\NetBeansProjects\QCCBrowserEx1\dist\run298885191\QCCBrowserEx1.jar
Launcher Type: SUN_STANDARD

Environment Variables:
PATH=C:\Program Files (x86)\HP SimplePass\x64;C:\Program Files (x86)\HP SimplePass\;;C:\Program Files (x86)\AMD APP\bin\x86_64;C:\Program Files (x86)\AMD APP\bin\x86;C:\Windows\system32;C:\Windows;C:\Windows\System32\Wbem;C:\Windows\System32\WindowsPowerShell\v1.0\;C:\Program Files (x86)\Windows Live\Shared;C:\Program Files (x86)\ATI Technologies\ATI.ACE\Core-Static
USERNAME=Gabriel
OS=Windows_NT
PROCESSOR_IDENTIFIER=AMD64 Family 21 Model 19 Stepping 1, AuthenticAMD



---------------  S Y S T E M  ---------------

OS: Windows 8 , 64 bit Build 9200 

CPU:total 4 (4 cores per cpu, 1 threads per core) family 21 model 19 stepping 1, cmov, cx8, fxsr, mmx, sse, sse2, sse3, ssse3, sse4.1, sse4.2, popcnt, avx, aes, mmxext, 3dnowpref, lzcnt, sse4a, tsc, tscinvbit, tscinv

Memory: 4k page, physical 7563524k(4919256k free), swap 8743172k(5509596k free)

vm_info: Java HotSpot(TM) 64-Bit Server VM (24.51-b03) for windows-amd64 JRE (1.7.0_51-b13), built on Dec 18 2013 18:40:56 by "java_re" with unknown MS VC++:1600

time: Thu Apr 10 21:43:18 2014
elapsed time: 72 seconds

