#
# A fatal error has been detected by the Java Runtime Environment:
#
#  EXCEPTION_ACCESS_VIOLATION (0xc0000005) at pc=0x000000006fb72dba, pid=8868, tid=7472
#
# JRE version: Java(TM) SE Runtime Environment (7.0_51-b13) (build 1.7.0_51-b13)
# Java VM: Java HotSpot(TM) 64-Bit Server VM (24.51-b03 mixed mode windows-amd64 compressed oops)
# Problematic frame:
# C  [jfxwebkit.dll+0x302dba]
#
# Failed to write core dump. Minidumps are not enabled by default on client versions of Windows
#
# If you would like to submit a bug report, please visit:
#   http://bugreport.sun.com/bugreport/crash.jsp
# The crash happened outside the Java Virtual Machine in native code.
# See problematic frame for where to report the bug.
#

---------------  T H R E A D  ---------------

Current thread (0x000000000bcb9800):  JavaThread "JavaFX Application Thread" [_thread_in_native, id=7472, stack(0x000000000e190000,0x000000000e290000)]

siginfo: ExceptionCode=0xc0000005, reading address 0x0000000000000000

Registers:
RAX=0x0000000000000000, RBX=0x0000000000000000, RCX=0x0000000000000000, RDX=0x000000000c427000
RSP=0x000000000e28e2a8, RBP=0x0000000000001367, RSI=0x0000000000001300, RDI=0x000000000c036420
R8 =0x0000000000001367, R9 =0x0000000000001367, R10=0x000000000c036490, R11=0x000000000e28e150
R12=0x000000000c427000, R13=0x000000008814fd80, R14=0x000000000e28e598, R15=0x000000000bcb9800
RIP=0x000000006fb72dba, EFLAGS=0x0000000000010206

Top of Stack: (sp=0x000000000e28e2a8)
0x000000000e28e2a8:   000000006fb6da3e 0000000000000000
0x000000000e28e2b8:   0000000000001300 000000000e28e598
0x000000000e28e2c8:   000000008814fd80 fffffffffffffffe
0x000000000e28e2d8:   000000000c036420 0000000000000000
0x000000000e28e2e8:   000000000c036420 0000000000001367
0x000000000e28e2f8:   000000006fb6e6ea 0000000000000000
0x000000000e28e308:   000000000be9ef70 000000000c427000
0x000000000e28e318:   000000000c28a990 fffffffffffffffe
0x000000000e28e328:   000000000c28a990 0000000000001367
0x000000000e28e338:   000000000c427000 000000000c0367e0
0x000000000e28e348:   000000006fb6e7cb 000000000be9ef70
0x000000000e28e358:   000000000c036420 00000000533c9da7
0x000000000e28e368:   000000000c036420 0000000000001367
0x000000000e28e378:   000000006fb92067 000000000c28a990
0x000000000e28e388:   0000000000000000 000000000c427000
0x000000000e28e398:   0000000000000000 0000000000000000 

Instructions: (pc=0x000000006fb72dba)
0x000000006fb72d9a:   00 48 8b 89 50 04 00 00 e8 e9 3c e3 ff 48 83 c4
0x000000006fb72daa:   20 5b c3 cc cc cc 4c 8b d1 48 8b 49 30 4d 8b c8
0x000000006fb72dba:   48 8b 01 4c 8b c2 49 8b d2 48 ff 60 20 cc cc cc
0x000000006fb72dca:   cc cc cc cc cc cc 48 8b 41 30 c6 40 10 01 c3 cc 


Register to memory mapping:

RAX=0x0000000000000000 is an unknown value
RBX=0x0000000000000000 is an unknown value
RCX=0x0000000000000000 is an unknown value
RDX=0x000000000c427000 is an unknown value
RSP=0x000000000e28e2a8 is pointing into the stack for thread: 0x000000000bcb9800
RBP=0x0000000000001367 is an unknown value
RSI=0x0000000000001300 is an unknown value
RDI=0x000000000c036420 is an unknown value
R8 =0x0000000000001367 is an unknown value
R9 =0x0000000000001367 is an unknown value
R10=0x000000000c036490 is an unknown value
R11=0x000000000e28e150 is pointing into the stack for thread: 0x000000000bcb9800
R12=0x000000000c427000 is an unknown value
R13=0x000000008814fd80 is an oop
{method} 
 - klass: {other class}
R14=0x000000000e28e598 is pointing into the stack for thread: 0x000000000bcb9800
R15=0x000000000bcb9800 is a thread


Stack: [0x000000000e190000,0x000000000e290000],  sp=0x000000000e28e2a8,  free space=1016k
Native frames: (J=compiled Java code, j=interpreted, Vv=VM code, C=native code)
C  [jfxwebkit.dll+0x302dba]

Java frames: (J=compiled Java code, j=interpreted, Vv=VM code)
j  com.sun.webpane.webkit.network.URLLoader.twkDidReceiveData(Ljava/nio/ByteBuffer;IIJ)V+0
j  com.sun.webpane.webkit.network.URLLoader.access$1200(Ljava/nio/ByteBuffer;IIJ)V+4
j  com.sun.webpane.webkit.network.URLLoader$5.run()V+35
j  com.sun.glass.ui.InvokeLaterDispatcher$Future.run()V+4
v  ~StubRoutines::call_stub
j  com.sun.glass.ui.win.WinApplication._runLoop([Ljava/lang/String;Lcom/sun/glass/ui/Launchable;)V+0
j  com.sun.glass.ui.win.WinApplication.access$100(Lcom/sun/glass/ui/win/WinApplication;[Ljava/lang/String;Lcom/sun/glass/ui/Launchable;)V+3
j  com.sun.glass.ui.win.WinApplication$3$1.run()V+32
j  java.lang.Thread.run()V+11
v  ~StubRoutines::call_stub

---------------  P R O C E S S  ---------------

Java Threads: ( => current thread )
  0x000000000bf0e000 JavaThread "URL-Loader-2" daemon [_thread_blocked, id=1304, stack(0x0000000012c40000,0x0000000012d40000)]
  0x000000000bf0b800 JavaThread "Prism Font Disposer" daemon [_thread_blocked, id=2804, stack(0x0000000010890000,0x0000000010990000)]
  0x000000000c169000 JavaThread "Keep-Alive-Timer" daemon [_thread_blocked, id=6084, stack(0x0000000011bb0000,0x0000000011cb0000)]
  0x000000000c133000 JavaThread "URL-Loader-1" daemon [_thread_blocked, id=7992, stack(0x0000000010790000,0x0000000010890000)]
  0x000000000c1be000 JavaThread "Disposer" daemon [_thread_blocked, id=8596, stack(0x0000000010190000,0x0000000010290000)]
  0x000000000bd16000 JavaThread "Thread-3" daemon [_thread_in_native, id=9080, stack(0x0000000010090000,0x0000000010190000)]
=>0x000000000bcb9800 JavaThread "JavaFX Application Thread" [_thread_in_native, id=7472, stack(0x000000000e190000,0x000000000e290000)]
  0x000000000bcb8800 JavaThread "Thread-2" daemon [_thread_blocked, id=4620, stack(0x000000000e090000,0x000000000e190000)]
  0x000000000bb9f000 JavaThread "Disposer" daemon [_thread_blocked, id=7692, stack(0x000000000df90000,0x000000000e090000)]
  0x000000000bba3000 JavaThread "QuantumRenderer-0" daemon [_thread_blocked, id=7016, stack(0x000000000d020000,0x000000000d120000)]
  0x000000000bbb3800 JavaThread "JavaFX-Launcher" [_thread_blocked, id=8804, stack(0x000000000cf20000,0x000000000d020000)]
  0x000000000ba15000 JavaThread "traceMsgQueueThread" daemon [_thread_blocked, id=4348, stack(0x000000000c550000,0x000000000c650000)]
  0x0000000009fd1000 JavaThread "Service Thread" daemon [_thread_blocked, id=4568, stack(0x000000000b750000,0x000000000b850000)]
  0x0000000009fc6800 JavaThread "C2 CompilerThread1" daemon [_thread_blocked, id=3576, stack(0x000000000b650000,0x000000000b750000)]
  0x0000000009fc2000 JavaThread "C2 CompilerThread0" daemon [_thread_blocked, id=6720, stack(0x000000000b550000,0x000000000b650000)]
  0x0000000009fc1000 JavaThread "Attach Listener" daemon [_thread_blocked, id=6440, stack(0x000000000b450000,0x000000000b550000)]
  0x0000000009fbd800 JavaThread "Signal Dispatcher" daemon [_thread_blocked, id=3996, stack(0x000000000b350000,0x000000000b450000)]
  0x0000000009f8d800 JavaThread "Finalizer" daemon [_thread_blocked, id=5700, stack(0x000000000b250000,0x000000000b350000)]
  0x0000000009f82000 JavaThread "Reference Handler" daemon [_thread_blocked, id=7032, stack(0x000000000b150000,0x000000000b250000)]
  0x00000000022e0800 JavaThread "main" [_thread_blocked, id=7400, stack(0x0000000002110000,0x0000000002210000)]

Other Threads:
  0x0000000009f80000 VMThread [stack: 0x000000000b050000,0x000000000b150000] [id=1312]
  0x0000000009fe2800 WatcherThread [stack: 0x000000000b850000,0x000000000b950000] [id=4828]

VM state:not at safepoint (normal execution)

VM Mutex/Monitor currently owned by a thread: None

Heap
 PSYoungGen      total 34816K, used 9481K [0x00000000d9800000, 0x00000000dbe80000, 0x0000000100000000)
  eden space 30208K, 17% used [0x00000000d9800000,0x00000000d9d37620,0x00000000db580000)
  from space 4608K, 89% used [0x00000000db580000,0x00000000db98b050,0x00000000dba00000)
  to   space 4608K, 0% used [0x00000000dba00000,0x00000000dba00000,0x00000000dbe80000)
 ParOldGen       total 78848K, used 0K [0x000000008c800000, 0x0000000091500000, 0x00000000d9800000)
  object space 78848K, 0% used [0x000000008c800000,0x000000008c800000,0x0000000091500000)
 PSPermGen       total 21504K, used 17485K [0x0000000087600000, 0x0000000088b00000, 0x000000008c800000)
  object space 21504K, 81% used [0x0000000087600000,0x0000000088713470,0x0000000088b00000)

Card table byte_map: [0x00000000053e0000,0x00000000057b0000] byte_map_base: 0x0000000004fa5000

Polling page: 0x0000000000680000

Code Cache  [0x00000000023e0000, 0x0000000002650000, 0x00000000053e0000)
 total_blobs=691 nmethods=135 adapters=509 free_code_cache=48231Kb largest_free_block=49368000

Compilation events (10 events):
Event: 4.245 Thread 0x0000000009fc2000  131 %           java.util.Arrays::fill @ 10 (28 bytes)
Event: 4.249 Thread 0x0000000009fc6800  132             java.lang.String::indexOf (7 bytes)
Event: 4.250 Thread 0x0000000009fc2000 nmethod 131% 0x00000000024b3410 code [0x00000000024b3560, 0x00000000024b3718]
Event: 4.250 Thread 0x0000000009fc2000  133             java.util.Arrays::fill (28 bytes)
Event: 4.252 Thread 0x0000000009fc2000 nmethod 133 0x00000000024ae2d0 code [0x00000000024ae420, 0x00000000024ae528]
Event: 4.252 Thread 0x0000000009fc6800 nmethod 132 0x00000000024ac690 code [0x00000000024ac7e0, 0x00000000024ac948]
Event: 4.333 Thread 0x0000000009fc6800  134             java.lang.Math::max (11 bytes)
Event: 4.334 Thread 0x0000000009fc6800 nmethod 134 0x00000000024acf90 code [0x00000000024ad0c0, 0x00000000024ad118]
Event: 4.343 Thread 0x0000000009fc2000  135             com.sun.openpisces.Renderer$ScanlineIterator::next (352 bytes)
Event: 4.369 Thread 0x0000000009fc2000 nmethod 135 0x00000000024aff10 code [0x00000000024b00c0, 0x00000000024b0a88]

GC Heap History (2 events):
Event: 3.992 GC heap before
{Heap before GC invocations=1 (full 0):
 PSYoungGen      total 34816K, used 30208K [0x00000000d9800000, 0x00000000dbe80000, 0x0000000100000000)
  eden space 30208K, 100% used [0x00000000d9800000,0x00000000db580000,0x00000000db580000)
  from space 4608K, 0% used [0x00000000dba00000,0x00000000dba00000,0x00000000dbe80000)
  to   space 4608K, 0% used [0x00000000db580000,0x00000000db580000,0x00000000dba00000)
 ParOldGen       total 78848K, used 0K [0x000000008c800000, 0x0000000091500000, 0x00000000d9800000)
  object space 78848K, 0% used [0x000000008c800000,0x000000008c800000,0x0000000091500000)
 PSPermGen       total 21504K, used 16031K [0x0000000087600000, 0x0000000088b00000, 0x000000008c800000)
  object space 21504K, 74% used [0x0000000087600000,0x00000000885a7e30,0x0000000088b00000)
Event: 4.006 GC heap after
Heap after GC invocations=1 (full 0):
 PSYoungGen      total 34816K, used 4140K [0x00000000d9800000, 0x00000000dbe80000, 0x0000000100000000)
  eden space 30208K, 0% used [0x00000000d9800000,0x00000000d9800000,0x00000000db580000)
  from space 4608K, 89% used [0x00000000db580000,0x00000000db98b050,0x00000000dba00000)
  to   space 4608K, 0% used [0x00000000dba00000,0x00000000dba00000,0x00000000dbe80000)
 ParOldGen       total 78848K, used 0K [0x000000008c800000, 0x0000000091500000, 0x00000000d9800000)
  object space 78848K, 0% used [0x000000008c800000,0x000000008c800000,0x0000000091500000)
 PSPermGen       total 21504K, used 16031K [0x0000000087600000, 0x0000000088b00000, 0x000000008c800000)
  object space 21504K, 74% used [0x0000000087600000,0x00000000885a7e30,0x0000000088b00000)
}

Deoptimization events (10 events):
Event: 3.974 Thread 0x000000000bcb9800 Uncommon trap: reason=bimorphic action=maybe_recompile pc=0x000000000248d994 method=java.util.Collections$UnmodifiableList.get(I)Ljava/lang/Object; @ 5
Event: 3.974 Thread 0x000000000bcb9800 Uncommon trap: reason=bimorphic action=maybe_recompile pc=0x000000000248d994 method=java.util.Collections$UnmodifiableList.get(I)Ljava/lang/Object; @ 5
Event: 3.974 Thread 0x000000000bcb9800 Uncommon trap: reason=bimorphic action=maybe_recompile pc=0x000000000248cba4 method=java.util.Collections$UnmodifiableCollection.size()I @ 4
Event: 3.985 Thread 0x000000000bcb9800 Uncommon trap: reason=bimorphic action=maybe_recompile pc=0x000000000249ebd0 method=javafx.beans.property.ObjectPropertyBase.get()Ljava/lang/Object; @ 23
Event: 3.985 Thread 0x000000000bcb9800 Uncommon trap: reason=bimorphic action=maybe_recompile pc=0x000000000249ebd0 method=javafx.beans.property.ObjectPropertyBase.get()Ljava/lang/Object; @ 23
Event: 3.985 Thread 0x000000000bcb9800 Uncommon trap: reason=bimorphic action=maybe_recompile pc=0x000000000249ebd0 method=javafx.beans.property.ObjectPropertyBase.get()Ljava/lang/Object; @ 23
Event: 3.987 Thread 0x000000000bcb9800 Uncommon trap: reason=bimorphic action=maybe_recompile pc=0x000000000249ebd0 method=javafx.beans.property.ObjectPropertyBase.get()Ljava/lang/Object; @ 23
Event: 4.028 Thread 0x000000000bcb9800 Uncommon trap: reason=unreached action=reinterpret pc=0x00000000024a49c4 method=java.net.URL.<init>(Ljava/net/URL;Ljava/lang/String;Ljava/net/URLStreamHandler;)V @ 347
Event: 4.069 Thread 0x000000000bcb9800 Uncommon trap: reason=null_check action=make_not_entrant pc=0x000000000248b2b0 method=javafx.scene.Node.getParent()Ljavafx/scene/Parent; @ 18
Event: 4.089 Thread 0x000000000bcb9800 Uncommon trap: reason=predicate action=maybe_recompile pc=0x00000000024a78d0 method=java.util.Arrays.fill([Ljava/lang/Object;Ljava/lang/Object;)V @ 10

Internal exceptions (10 events):
Event: 3.399 Thread 0x000000000bcb9800 Threw 0x00000000dabb3fe0 at C:\re\jdk7u51\527\hotspot\src\share\vm\interpreter\interpreterRuntime.cpp:347
Event: 3.413 Thread 0x000000000c133000 Threw 0x00000000dac24378 at C:\re\jdk7u51\527\hotspot\src\share\vm\prims\jvm.cpp:1244
Event: 3.413 Thread 0x000000000c133000 Threw 0x00000000dac24a18 at C:\re\jdk7u51\527\hotspot\src\share\vm\prims\jvm.cpp:1244
Event: 3.413 Thread 0x000000000c133000 Threw 0x00000000dac25a08 at C:\re\jdk7u51\527\hotspot\src\share\vm\prims\jvm.cpp:1244
Event: 3.413 Thread 0x000000000c133000 Threw 0x00000000dac260c0 at C:\re\jdk7u51\527\hotspot\src\share\vm\prims\jvm.cpp:1244
Event: 3.828 Thread 0x000000000bcb9800 Implicit null exception at 0x000000000248a4f5 to 0x000000000248a5e9
Event: 3.973 Thread 0x000000000bcb9800 Threw 0x00000000db524120 at C:\re\jdk7u51\527\hotspot\src\share\vm\prims\jvm.cpp:1244
Event: 3.974 Thread 0x000000000bcb9800 Threw 0x00000000db52b990 at C:\re\jdk7u51\527\hotspot\src\share\vm\prims\jvm.cpp:1244
Event: 3.974 Thread 0x000000000bcb9800 Threw 0x00000000db52d558 at C:\re\jdk7u51\527\hotspot\src\share\vm\prims\jvm.cpp:1244
Event: 4.069 Thread 0x000000000bcb9800 Implicit null exception at 0x000000000248b236 to 0x000000000248b2a5

Events (10 events):
Event: 4.356 loading class 0x000000000bfe1010 done
Event: 4.357 loading class 0x0000000010d6d920
Event: 4.357 loading class 0x0000000010d6d920 done
Event: 4.357 loading class 0x000000000bd5d540
Event: 4.357 loading class 0x000000000bd5d540 done
Event: 4.359 Thread 0x000000000bf0e000 Thread added: 0x000000000bf0e000
Event: 4.360 loading class 0x000000000c4f7770
Event: 4.360 loading class 0x000000000c4f7770 done
Event: 4.361 loading class 0x000000000bfe0ca0
Event: 4.361 loading class 0x000000000bfe0ca0 done


Dynamic libraries:
0x000007f74da90000 - 0x000007f74dac3000 	C:\Program Files\Java\jdk1.7.0_51\jre\bin\java.exe
0x000007fbff5c0000 - 0x000007fbff780000 	C:\Windows\SYSTEM32\ntdll.dll
0x000007fbfede0000 - 0x000007fbfef16000 	C:\Windows\system32\KERNEL32.DLL
0x000007fbfc650000 - 0x000007fbfc743000 	C:\Windows\system32\KERNELBASE.dll
0x000007fbfef20000 - 0x000007fbfeffe000 	C:\Windows\system32\ADVAPI32.dll
0x000007fbfdd60000 - 0x000007fbfdeac000 	C:\Windows\system32\USER32.dll
0x000007fbf9b60000 - 0x000007fbf9dca000 	C:\Windows\WinSxS\amd64_microsoft.windows.common-controls_6595b64144ccf1df_6.0.9200.16579_none_418ab7ef718b27ef\COMCTL32.dll
0x000007fbff160000 - 0x000007fbff205000 	C:\Windows\system32\msvcrt.dll
0x000007fbfeb40000 - 0x000007fbfeb88000 	C:\Windows\SYSTEM32\sechost.dll
0x000007fbff010000 - 0x000007fbff155000 	C:\Windows\system32\RPCRT4.dll
0x000007fbfe220000 - 0x000007fbfe361000 	C:\Windows\system32\GDI32.dll
0x000007fbfdf00000 - 0x000007fbfdf39000 	C:\Windows\system32\IMM32.DLL
0x000007fbfea20000 - 0x000007fbfeb36000 	C:\Windows\system32\MSCTF.dll
0x0000000073380000 - 0x0000000073452000 	C:\Program Files\Java\jdk1.7.0_51\jre\bin\msvcr100.dll
0x0000000073460000 - 0x0000000073c29000 	C:\Program Files\Java\jdk1.7.0_51\jre\bin\server\jvm.dll
0x000007fbfa4d0000 - 0x000007fbfa4d9000 	C:\Windows\SYSTEM32\WSOCK32.dll
0x000007fbfa4f0000 - 0x000007fbfa510000 	C:\Windows\SYSTEM32\WINMM.dll
0x000007fbfe440000 - 0x000007fbfe447000 	C:\Windows\system32\PSAPI.DLL
0x000007fbff3b0000 - 0x000007fbff408000 	C:\Windows\system32\WS2_32.dll
0x000007fbf9740000 - 0x000007fbf9773000 	C:\Windows\SYSTEM32\WINMMBASE.dll
0x000007fbfe780000 - 0x000007fbfe789000 	C:\Windows\system32\NSI.dll
0x000007fbfc960000 - 0x000007fbfc9af000 	C:\Windows\SYSTEM32\cfgmgr32.dll
0x000007fbfc930000 - 0x000007fbfc952000 	C:\Windows\system32\DEVOBJ.dll
0x0000000073330000 - 0x000000007333f000 	C:\Program Files\Java\jdk1.7.0_51\jre\bin\verify.dll
0x0000000073300000 - 0x0000000073328000 	C:\Program Files\Java\jdk1.7.0_51\jre\bin\java.dll
0x00000000732e0000 - 0x00000000732f5000 	C:\Program Files\Java\jdk1.7.0_51\jre\bin\zip.dll
0x0000000071860000 - 0x00000000718d8000 	C:\Program Files\Java\jdk1.7.0_51\jre\bin\deploy.dll
0x000007fbfec40000 - 0x000007fbfedbe000 	C:\Windows\system32\ole32.dll
0x000007fbfe370000 - 0x000007fbfe433000 	C:\Windows\system32\OLEAUT32.dll
0x000007fbf95c0000 - 0x000007fbf95c9000 	C:\Windows\SYSTEM32\VERSION.dll
0x000007fbfdf40000 - 0x000007fbfe16d000 	C:\Windows\system32\WININET.dll
0x000007fbfe620000 - 0x000007fbfe779000 	C:\Windows\system32\urlmon.dll
0x000007fbff410000 - 0x000007fbff5c0000 	C:\Windows\SYSTEM32\combase.dll
0x000007fbfe790000 - 0x000007fbfea1c000 	C:\Windows\system32\iertutil.dll
0x000007fbfdeb0000 - 0x000007fbfdf00000 	C:\Windows\system32\SHLWAPI.dll
0x000007fbfc9b0000 - 0x000007fbfdc8f000 	C:\Windows\system32\SHELL32.dll
0x000007fbface0000 - 0x000007fbfad75000 	C:\Windows\SYSTEM32\SHCORE.dll
0x000007fbfc470000 - 0x000007fbfc485000 	C:\Windows\SYSTEM32\profapi.dll
0x000007fbf4a40000 - 0x000007fbf4a4b000 	C:\Windows\SYSTEM32\Secur32.dll
0x000007fbfc0d0000 - 0x000007fbfc0fc000 	C:\Windows\SYSTEM32\SSPICLI.DLL
0x000007fbf57f0000 - 0x000007fbf58a1000 	C:\Windows\SYSTEM32\winhttp.dll
0x000007fbfbcb0000 - 0x000007fbfbd0c000 	C:\Windows\system32\mswsock.dll
0x000007fbf7770000 - 0x000007fbf779a000 	C:\Windows\SYSTEM32\IPHLPAPI.DLL
0x000007fbf7630000 - 0x000007fbf763a000 	C:\Windows\SYSTEM32\WINNSI.DLL
0x000007fbfbac0000 - 0x000007fbfbb58000 	C:\Windows\SYSTEM32\DNSAPI.dll
0x0000000074100000 - 0x0000000074126000 	C:\Program Files\Bonjour\mdnsNSP.dll
0x000007fbf6b60000 - 0x000007fbf6b73000 	C:\Windows\SYSTEM32\dhcpcsvc6.DLL
0x000007fbf4ba0000 - 0x000007fbf4ba8000 	C:\Windows\System32\rasadhlp.dll
0x000007fbf6b40000 - 0x000007fbf6b58000 	C:\Windows\SYSTEM32\dhcpcsvc.DLL
0x0000000071850000 - 0x000000007185f000 	C:\Program Files\Java\jdk1.7.0_51\jre\bin\prism-d3d.dll
0x000007fbe2050000 - 0x000007fbe2250000 	C:\Windows\system32\d3d9.dll
0x000007fbfa5e0000 - 0x000007fbfa601000 	C:\Windows\SYSTEM32\dwmapi.dll
0x000007fbfb300000 - 0x000007fbfb3e6000 	C:\Windows\system32\uxtheme.dll
0x000007fbf9430000 - 0x000007fbf954b000 	C:\Windows\SYSTEM32\aticfx64.dll
0x000007fbea290000 - 0x000007fbea2b0000 	C:\Windows\SYSTEM32\atiu9p64.dll
0x000007fbe1990000 - 0x000007fbe2046000 	C:\Windows\SYSTEM32\atiumd64.dll
0x0000000073c30000 - 0x00000000740fd000 	C:\Windows\SYSTEM32\atiumd6a.dll
0x0000000071810000 - 0x0000000071842000 	C:\Program Files\Java\jdk1.7.0_51\jre\bin\glass.dll
0x000007fbfeb90000 - 0x000007fbfec31000 	C:\Windows\system32\COMDLG32.dll
0x000007fbfc2b0000 - 0x000007fbfc2ba000 	C:\Windows\SYSTEM32\CRYPTBASE.dll
0x000007fbfc250000 - 0x000007fbfc2ac000 	C:\Windows\SYSTEM32\bcryptPrimitives.dll
0x0000000071720000 - 0x00000000717be000 	C:\Program Files\Java\jdk1.7.0_51\jre\bin\libxml2.dll
0x00000000716e0000 - 0x0000000071716000 	C:\Program Files\Java\jdk1.7.0_51\jre\bin\libxslt.dll
0x000000006f870000 - 0x00000000706a8000 	C:\Program Files\Java\jdk1.7.0_51\jre\bin\jfxwebkit.dll
0x00000000732c0000 - 0x00000000732d9000 	C:\Program Files\Java\jdk1.7.0_51\jre\bin\net.dll
0x000007fbf6ea0000 - 0x000007fbf6f01000 	C:\Windows\System32\fwpuclnt.dll
0x000007fbfe170000 - 0x000007fbfe206000 	C:\Windows\SYSTEM32\clbcatq.dll
0x000007fbfafa0000 - 0x000007fbfb133000 	C:\Windows\SYSTEM32\WindowsCodecs.dll
0x000007fbef0b0000 - 0x000007fbef0de000 	C:\Program Files\Common Files\Microsoft Shared\Ink\rtscom.dll
0x0000000071690000 - 0x00000000716e0000 	C:\Program Files\Java\jdk1.7.0_51\jre\bin\javafx-font.dll
0x000007fbfa180000 - 0x000007fbfa2e3000 	C:\Windows\SYSTEM32\dbghelp.dll

VM Arguments:
jvm_args: -Dfile.encoding=UTF-8 
java_command: C:\Users\Gabriel\Documents\NetBeansProjects\QCCBrowserEx1\dist\run1035645642\QCCBrowserEx1.jar
Launcher Type: SUN_STANDARD

Environment Variables:
PATH=C:\Program Files (x86)\HP SimplePass\x64;C:\Program Files (x86)\HP SimplePass\;;C:\Program Files (x86)\AMD APP\bin\x86_64;C:\Program Files (x86)\AMD APP\bin\x86;C:\Windows\system32;C:\Windows;C:\Windows\System32\Wbem;C:\Windows\System32\WindowsPowerShell\v1.0\;C:\Program Files (x86)\Windows Live\Shared;C:\Program Files (x86)\ATI Technologies\ATI.ACE\Core-Static
USERNAME=Gabriel
OS=Windows_NT
PROCESSOR_IDENTIFIER=AMD64 Family 21 Model 19 Stepping 1, AuthenticAMD



---------------  S Y S T E M  ---------------

OS: Windows 8 , 64 bit Build 9200 

CPU:total 4 (4 cores per cpu, 1 threads per core) family 21 model 19 stepping 1, cmov, cx8, fxsr, mmx, sse, sse2, sse3, ssse3, sse4.1, sse4.2, popcnt, avx, aes, mmxext, 3dnowpref, lzcnt, sse4a, tsc, tscinvbit, tscinv

Memory: 4k page, physical 7563524k(4417996k free), swap 8743172k(4430440k free)

vm_info: Java HotSpot(TM) 64-Bit Server VM (24.51-b03) for windows-amd64 JRE (1.7.0_51-b13), built on Dec 18 2013 18:40:56 by "java_re" with unknown MS VC++:1600

time: Wed Apr 02 19:30:47 2014
elapsed time: 4 seconds

