#
# A fatal error has been detected by the Java Runtime Environment:
#
#  EXCEPTION_ACCESS_VIOLATION (0xc0000005) at pc=0x000000006fb72dba, pid=32, tid=8856
#
# JRE version: Java(TM) SE Runtime Environment (7.0_51-b13) (build 1.7.0_51-b13)
# Java VM: Java HotSpot(TM) 64-Bit Server VM (24.51-b03 mixed mode windows-amd64 compressed oops)
# Problematic frame:
# C  [jfxwebkit.dll+0x302dba]
#
# Failed to write core dump. Minidumps are not enabled by default on client versions of Windows
#
# If you would like to submit a bug report, please visit:
#   http://bugreport.sun.com/bugreport/crash.jsp
# The crash happened outside the Java Virtual Machine in native code.
# See problematic frame for where to report the bug.
#

---------------  T H R E A D  ---------------

Current thread (0x000000000c265800):  JavaThread "JavaFX Application Thread" [_thread_in_native, id=8856, stack(0x000000000e860000,0x000000000e960000)]

siginfo: ExceptionCode=0xc0000005, reading address 0x0000000000000000

Registers:
RAX=0x000000000c8e75b0, RBX=0x0000000000000000, RCX=0x0000000000000000, RDX=0x000000000c1aef90
RSP=0x000000000e95e578, RBP=0x0000000000005d33, RSI=0x0000000000005d00, RDI=0x0000000015470970
R8 =0x0000000000005d33, R9 =0x0000000000005d33, R10=0x00000000154709e0, R11=0x000000000e95e420
R12=0x000000000c1aef90, R13=0x0000000088150208, R14=0x000000000e95e868, R15=0x000000000c265800
RIP=0x000000006fb72dba, EFLAGS=0x0000000000010202

Top of Stack: (sp=0x000000000e95e578)
0x000000000e95e578:   000000006fb6da3e 0000000000000000
0x000000000e95e588:   0000000000005d00 000000000e95e868
0x000000000e95e598:   0000000088150208 fffffffffffffffe
0x000000000e95e5a8:   0000000015470970 0000000000000000
0x000000000e95e5b8:   0000000015470970 0000000000005d33
0x000000000e95e5c8:   000000006fb6e6ea 000000000c8e75b0
0x000000000e95e5d8:   000000000c5a1f40 000000000c1aef90
0x000000000e95e5e8:   00000000154f3780 fffffffffffffffe
0x000000000e95e5f8:   00000000154f3780 0000000000005d33
0x000000000e95e608:   000000000c1aef90 0000000015470d30
0x000000000e95e618:   000000006fb6e7cb 000000000c5a1f40
0x000000000e95e628:   0000000015470970 00000000533cbd8a
0x000000000e95e638:   0000000015470970 0000000000005d33
0x000000000e95e648:   000000006fb92067 00000000154f3780
0x000000000e95e658:   0000000000000000 000000000c1aef90
0x000000000e95e668:   0000000000000000 00004f0000000024 

Instructions: (pc=0x000000006fb72dba)
0x000000006fb72d9a:   00 48 8b 89 50 04 00 00 e8 e9 3c e3 ff 48 83 c4
0x000000006fb72daa:   20 5b c3 cc cc cc 4c 8b d1 48 8b 49 30 4d 8b c8
0x000000006fb72dba:   48 8b 01 4c 8b c2 49 8b d2 48 ff 60 20 cc cc cc
0x000000006fb72dca:   cc cc cc cc cc cc 48 8b 41 30 c6 40 10 01 c3 cc 


Register to memory mapping:

RAX=0x000000000c8e75b0 is an unknown value
RBX=0x0000000000000000 is an unknown value
RCX=0x0000000000000000 is an unknown value
RDX=0x000000000c1aef90 is an unknown value
RSP=0x000000000e95e578 is pointing into the stack for thread: 0x000000000c265800
RBP=0x0000000000005d33 is an unknown value
RSI=0x0000000000005d00 is an unknown value
RDI=0x0000000015470970 is an unknown value
R8 =0x0000000000005d33 is an unknown value
R9 =0x0000000000005d33 is an unknown value
R10=0x00000000154709e0 is an unknown value
R11=0x000000000e95e420 is pointing into the stack for thread: 0x000000000c265800
R12=0x000000000c1aef90 is an unknown value
R13=0x0000000088150208 is an oop
{method} 
 - klass: {other class}
R14=0x000000000e95e868 is pointing into the stack for thread: 0x000000000c265800
R15=0x000000000c265800 is a thread


Stack: [0x000000000e860000,0x000000000e960000],  sp=0x000000000e95e578,  free space=1017k
Native frames: (J=compiled Java code, j=interpreted, Vv=VM code, C=native code)
C  [jfxwebkit.dll+0x302dba]

Java frames: (J=compiled Java code, j=interpreted, Vv=VM code)
j  com.sun.webpane.webkit.network.URLLoader.twkDidReceiveData(Ljava/nio/ByteBuffer;IIJ)V+0
j  com.sun.webpane.webkit.network.URLLoader.access$1200(Ljava/nio/ByteBuffer;IIJ)V+4
j  com.sun.webpane.webkit.network.URLLoader$5.run()V+35
j  com.sun.glass.ui.InvokeLaterDispatcher$Future.run()V+4
v  ~StubRoutines::call_stub
j  com.sun.glass.ui.win.WinApplication._runLoop([Ljava/lang/String;Lcom/sun/glass/ui/Launchable;)V+0
j  com.sun.glass.ui.win.WinApplication.access$100(Lcom/sun/glass/ui/win/WinApplication;[Ljava/lang/String;Lcom/sun/glass/ui/Launchable;)V+3
j  com.sun.glass.ui.win.WinApplication$3$1.run()V+32
j  java.lang.Thread.run()V+11
v  ~StubRoutines::call_stub

---------------  P R O C E S S  ---------------

Java Threads: ( => current thread )
  0x000000000c53a800 JavaThread "URL-Loader-23" daemon [_thread_blocked, id=8376, stack(0x0000000013d80000,0x0000000013e80000)]
  0x000000000c53b800 JavaThread "Keep-Alive-Timer" daemon [_thread_blocked, id=7148, stack(0x0000000013c80000,0x0000000013d80000)]
  0x000000000c536000 JavaThread "URL-Loader-22" daemon [_thread_blocked, id=7176, stack(0x0000000013b80000,0x0000000013c80000)]
  0x000000000c538800 JavaThread "Prism Font Disposer" daemon [_thread_blocked, id=8628, stack(0x0000000012080000,0x0000000012180000)]
  0x000000000cadb000 JavaThread "Disposer" daemon [_thread_blocked, id=7144, stack(0x0000000010860000,0x0000000010960000)]
  0x000000000c341800 JavaThread "Thread-3" daemon [_thread_in_native, id=6984, stack(0x0000000010760000,0x0000000010860000)]
=>0x000000000c265800 JavaThread "JavaFX Application Thread" [_thread_in_native, id=8856, stack(0x000000000e860000,0x000000000e960000)]
  0x000000000c2d3800 JavaThread "Thread-2" daemon [_thread_blocked, id=344, stack(0x000000000e760000,0x000000000e860000)]
  0x000000000c209800 JavaThread "Disposer" daemon [_thread_blocked, id=7692, stack(0x000000000e660000,0x000000000e760000)]
  0x000000000c279800 JavaThread "QuantumRenderer-0" daemon [_thread_blocked, id=2784, stack(0x000000000d700000,0x000000000d800000)]
  0x000000000c10b000 JavaThread "JavaFX-Launcher" [_thread_blocked, id=7928, stack(0x000000000d600000,0x000000000d700000)]
  0x000000000c192800 JavaThread "traceMsgQueueThread" daemon [_thread_blocked, id=7156, stack(0x000000000cc60000,0x000000000cd60000)]
  0x000000000a6fb800 JavaThread "Service Thread" daemon [_thread_blocked, id=5504, stack(0x000000000be60000,0x000000000bf60000)]
  0x000000000a6f8800 JavaThread "C2 CompilerThread1" daemon [_thread_blocked, id=3920, stack(0x000000000bd60000,0x000000000be60000)]
  0x000000000a6f3000 JavaThread "C2 CompilerThread0" daemon [_thread_blocked, id=6316, stack(0x000000000bc60000,0x000000000bd60000)]
  0x000000000a6f2000 JavaThread "Attach Listener" daemon [_thread_blocked, id=5448, stack(0x000000000bb60000,0x000000000bc60000)]
  0x000000000a6ee800 JavaThread "Signal Dispatcher" daemon [_thread_blocked, id=6236, stack(0x000000000ba60000,0x000000000bb60000)]
  0x000000000a6b8800 JavaThread "Finalizer" daemon [_thread_blocked, id=8512, stack(0x000000000b960000,0x000000000ba60000)]
  0x000000000a6b3000 JavaThread "Reference Handler" daemon [_thread_blocked, id=300, stack(0x000000000b860000,0x000000000b960000)]
  0x0000000002950800 JavaThread "main" [_thread_blocked, id=8556, stack(0x0000000002850000,0x0000000002950000)]

Other Threads:
  0x000000000a6b1000 VMThread [stack: 0x000000000b760000,0x000000000b860000] [id=6608]
  0x000000000a712800 WatcherThread [stack: 0x000000000bf60000,0x000000000c060000] [id=5124]

VM state:not at safepoint (normal execution)

VM Mutex/Monitor currently owned by a thread: None

Heap
 PSYoungGen      total 129024K, used 90535K [0x00000000d9800000, 0x00000000e9500000, 0x0000000100000000)
  eden space 120832K, 68% used [0x00000000d9800000,0x00000000de94e5d8,0x00000000e0e00000)
  from space 8192K, 88% used [0x00000000e0e00000,0x00000000e151b880,0x00000000e1600000)
  to   space 8704K, 0% used [0x00000000e8c80000,0x00000000e8c80000,0x00000000e9500000)
 ParOldGen       total 78848K, used 8319K [0x000000008c800000, 0x0000000091500000, 0x00000000d9800000)
  object space 78848K, 10% used [0x000000008c800000,0x000000008d01fec0,0x0000000091500000)
 PSPermGen       total 23040K, used 22689K [0x0000000087600000, 0x0000000088c80000, 0x000000008c800000)
  object space 23040K, 98% used [0x0000000087600000,0x0000000088c284e8,0x0000000088c80000)

Card table byte_map: [0x0000000005b10000,0x0000000005ee0000] byte_map_base: 0x00000000056d5000

Polling page: 0x0000000002650000

Code Cache  [0x0000000002a50000, 0x0000000002cc0000, 0x0000000005a50000)
 total_blobs=1410 nmethods=774 adapters=588 free_code_cache=47063Kb largest_free_block=48152960

Compilation events (10 events):
Event: 55.004 Thread 0x000000000a6f8800  816             java.util.concurrent.locks.ReentrantLock$NonfairSync::lock (25 bytes)
Event: 55.005 Thread 0x000000000a6f8800 nmethod 816 0x0000000002c590d0 code [0x0000000002c59220, 0x0000000002c592c8]
Event: 55.038 Thread 0x000000000a6f3000  817             com.sun.webpane.sg.prism.WCGraphicsPrismContext::drawString (116 bytes)
Event: 55.062 Thread 0x000000000a6f8800  818             java.util.HashMap::<init> (9 bytes)
Event: 55.064 Thread 0x000000000a6f8800 nmethod 818 0x0000000002c5b1d0 code [0x0000000002c5b320, 0x0000000002c5b3d8]
Event: 55.104 Thread 0x000000000a6f3000 nmethod 817 0x0000000002c5e150 code [0x0000000002c5e5a0, 0x0000000002c601d8]
Event: 55.157 Thread 0x000000000a6f8800  819             com.sun.javafx.geom.transform.Translate2D::transform (121 bytes)
Event: 55.161 Thread 0x000000000a6f3000  820             com.sun.t2k.CompositeStrike::getStringBounds (87 bytes)
Event: 55.167 Thread 0x000000000a6f8800 nmethod 819 0x0000000002c5c850 code [0x0000000002c5c9c0, 0x0000000002c5d098]
Event: 55.171 Thread 0x000000000a6f3000 nmethod 820 0x0000000002c5bb50 code [0x0000000002c5bd20, 0x0000000002c5c1e8]

GC Heap History (10 events):
Event: 5.105 GC heap before
{Heap before GC invocations=3 (full 0):
 PSYoungGen      total 34816K, used 34762K [0x00000000d9800000, 0x00000000ddc00000, 0x0000000100000000)
  eden space 30208K, 99% used [0x00000000d9800000,0x00000000db574930,0x00000000db580000)
  from space 4608K, 99% used [0x00000000dba00000,0x00000000dbe7e260,0x00000000dbe80000)
  to   space 4608K, 0% used [0x00000000db580000,0x00000000db580000,0x00000000dba00000)
 ParOldGen       total 78848K, used 3865K [0x000000008c800000, 0x0000000091500000, 0x00000000d9800000)
  object space 78848K, 4% used [0x000000008c800000,0x000000008cbc64f0,0x0000000091500000)
 PSPermGen       total 21504K, used 19087K [0x0000000087600000, 0x0000000088b00000, 0x000000008c800000)
  object space 21504K, 88% used [0x0000000087600000,0x00000000888a3c98,0x0000000088b00000)
Event: 5.117 GC heap after
Heap after GC invocations=3 (full 0):
 PSYoungGen      total 34816K, used 4583K [0x00000000d9800000, 0x00000000ddc00000, 0x0000000100000000)
  eden space 30208K, 0% used [0x00000000d9800000,0x00000000d9800000,0x00000000db580000)
  from space 4608K, 99% used [0x00000000db580000,0x00000000db9f9f88,0x00000000dba00000)
  to   space 4608K, 0% used [0x00000000dd780000,0x00000000dd780000,0x00000000ddc00000)
 ParOldGen       total 78848K, used 3921K [0x000000008c800000, 0x0000000091500000, 0x00000000d9800000)
  object space 78848K, 4% used [0x000000008c800000,0x000000008cbd44f0,0x0000000091500000)
 PSPermGen       total 21504K, used 19087K [0x0000000087600000, 0x0000000088b00000, 0x000000008c800000)
  object space 21504K, 88% used [0x0000000087600000,0x00000000888a3c98,0x0000000088b00000)
}
Event: 5.144 GC heap before
{Heap before GC invocations=4 (full 0):
 PSYoungGen      total 34816K, used 34719K [0x00000000d9800000, 0x00000000ddc00000, 0x0000000100000000)
  eden space 30208K, 99% used [0x00000000d9800000,0x00000000db56df78,0x00000000db580000)
  from space 4608K, 99% used [0x00000000db580000,0x00000000db9f9f88,0x00000000dba00000)
  to   space 4608K, 0% used [0x00000000dd780000,0x00000000dd780000,0x00000000ddc00000)
 ParOldGen       total 78848K, used 3921K [0x000000008c800000, 0x0000000091500000, 0x00000000d9800000)
  object space 78848K, 4% used [0x000000008c800000,0x000000008cbd44f0,0x0000000091500000)
 PSPermGen       total 21504K, used 19087K [0x0000000087600000, 0x0000000088b00000, 0x000000008c800000)
  object space 21504K, 88% used [0x0000000087600000,0x00000000888a3c98,0x0000000088b00000)
Event: 5.157 GC heap after
Heap after GC invocations=4 (full 0):
 PSYoungGen      total 65024K, used 4588K [0x00000000d9800000, 0x00000000ddc00000, 0x0000000100000000)
  eden space 60416K, 0% used [0x00000000d9800000,0x00000000d9800000,0x00000000dd300000)
  from space 4608K, 99% used [0x00000000dd780000,0x00000000ddbfb0d8,0x00000000ddc00000)
  to   space 4608K, 0% used [0x00000000dd300000,0x00000000dd300000,0x00000000dd780000)
 ParOldGen       total 78848K, used 3969K [0x000000008c800000, 0x0000000091500000, 0x00000000d9800000)
  object space 78848K, 5% used [0x000000008c800000,0x000000008cbe04f0,0x0000000091500000)
 PSPermGen       total 21504K, used 19087K [0x0000000087600000, 0x0000000088b00000, 0x000000008c800000)
  object space 21504K, 88% used [0x0000000087600000,0x00000000888a3c98,0x0000000088b00000)
}
Event: 5.204 GC heap before
{Heap before GC invocations=5 (full 0):
 PSYoungGen      total 65024K, used 64993K [0x00000000d9800000, 0x00000000ddc00000, 0x0000000100000000)
  eden space 60416K, 99% used [0x00000000d9800000,0x00000000dd2fd478,0x00000000dd300000)
  from space 4608K, 99% used [0x00000000dd780000,0x00000000ddbfb0d8,0x00000000ddc00000)
  to   space 4608K, 0% used [0x00000000dd300000,0x00000000dd300000,0x00000000dd780000)
 ParOldGen       total 78848K, used 3969K [0x000000008c800000, 0x0000000091500000, 0x00000000d9800000)
  object space 78848K, 5% used [0x000000008c800000,0x000000008cbe04f0,0x0000000091500000)
 PSPermGen       total 21504K, used 19087K [0x0000000087600000, 0x0000000088b00000, 0x000000008c800000)
  object space 21504K, 88% used [0x0000000087600000,0x00000000888a3c98,0x0000000088b00000)
Event: 5.216 GC heap after
Heap after GC invocations=5 (full 0):
 PSYoungGen      total 65024K, used 4593K [0x00000000d9800000, 0x00000000e1f00000, 0x0000000100000000)
  eden space 60416K, 0% used [0x00000000d9800000,0x00000000d9800000,0x00000000dd300000)
  from space 4608K, 99% used [0x00000000dd300000,0x00000000dd77c5a8,0x00000000dd780000)
  to   space 8704K, 0% used [0x00000000e1680000,0x00000000e1680000,0x00000000e1f00000)
 ParOldGen       total 78848K, used 3985K [0x000000008c800000, 0x0000000091500000, 0x00000000d9800000)
  object space 78848K, 5% used [0x000000008c800000,0x000000008cbe44f0,0x0000000091500000)
 PSPermGen       total 21504K, used 19087K [0x0000000087600000, 0x0000000088b00000, 0x000000008c800000)
  object space 21504K, 88% used [0x0000000087600000,0x00000000888a3c98,0x0000000088b00000)
}
Event: 5.252 GC heap before
{Heap before GC invocations=6 (full 0):
 PSYoungGen      total 65024K, used 64976K [0x00000000d9800000, 0x00000000e1f00000, 0x0000000100000000)
  eden space 60416K, 99% used [0x00000000d9800000,0x00000000dd2f7b58,0x00000000dd300000)
  from space 4608K, 99% used [0x00000000dd300000,0x00000000dd77c5a8,0x00000000dd780000)
  to   space 8704K, 0% used [0x00000000e1680000,0x00000000e1680000,0x00000000e1f00000)
 ParOldGen       total 78848K, used 3985K [0x000000008c800000, 0x0000000091500000, 0x00000000d9800000)
  object space 78848K, 5% used [0x000000008c800000,0x000000008cbe44f0,0x0000000091500000)
 PSPermGen       total 21504K, used 19087K [0x0000000087600000, 0x0000000088b00000, 0x000000008c800000)
  object space 21504K, 88% used [0x0000000087600000,0x00000000888a3c98,0x0000000088b00000)
Event: 5.263 GC heap after
Heap after GC invocations=6 (full 0):
 PSYoungGen      total 128512K, used 4668K [0x00000000d9800000, 0x00000000e1e00000, 0x0000000100000000)
  eden space 120832K, 0% used [0x00000000d9800000,0x00000000d9800000,0x00000000e0e00000)
  from space 7680K, 60% used [0x00000000e1680000,0x00000000e1b0f180,0x00000000e1e00000)
  to   space 8192K, 0% used [0x00000000e0e00000,0x00000000e0e00000,0x00000000e1600000)
 ParOldGen       total 78848K, used 3985K [0x000000008c800000, 0x0000000091500000, 0x00000000d9800000)
  object space 78848K, 5% used [0x000000008c800000,0x000000008cbe44f0,0x0000000091500000)
 PSPermGen       total 21504K, used 19087K [0x0000000087600000, 0x0000000088b00000, 0x000000008c800000)
  object space 21504K, 88% used [0x0000000087600000,0x00000000888a3c98,0x0000000088b00000)
}
Event: 6.835 GC heap before
{Heap before GC invocations=7 (full 0):
 PSYoungGen      total 128512K, used 125064K [0x00000000d9800000, 0x00000000e1e00000, 0x0000000100000000)
  eden space 120832K, 99% used [0x00000000d9800000,0x00000000e0d93070,0x00000000e0e00000)
  from space 7680K, 60% used [0x00000000e1680000,0x00000000e1b0f180,0x00000000e1e00000)
  to   space 8192K, 0% used [0x00000000e0e00000,0x00000000e0e00000,0x00000000e1600000)
 ParOldGen       total 78848K, used 3985K [0x000000008c800000, 0x0000000091500000, 0x00000000d9800000)
  object space 78848K, 5% used [0x000000008c800000,0x000000008cbe44f0,0x0000000091500000)
 PSPermGen       total 22528K, used 22191K [0x0000000087600000, 0x0000000088c00000, 0x000000008c800000)
  object space 22528K, 98% used [0x0000000087600000,0x0000000088babe40,0x0000000088c00000)
Event: 6.859 GC heap after
Heap after GC invocations=7 (full 0):
 PSYoungGen      total 129024K, used 7278K [0x00000000d9800000, 0x00000000e9500000, 0x0000000100000000)
  eden space 120832K, 0% used [0x00000000d9800000,0x00000000d9800000,0x00000000e0e00000)
  from space 8192K, 88% used [0x00000000e0e00000,0x00000000e151b880,0x00000000e1600000)
  to   space 8704K, 0% used [0x00000000e8c80000,0x00000000e8c80000,0x00000000e9500000)
 ParOldGen       total 78848K, used 8319K [0x000000008c800000, 0x0000000091500000, 0x00000000d9800000)
  object space 78848K, 10% used [0x000000008c800000,0x000000008d01fec0,0x0000000091500000)
 PSPermGen       total 22528K, used 22191K [0x0000000087600000, 0x0000000088c00000, 0x000000008c800000)
  object space 22528K, 98% used [0x0000000087600000,0x0000000088babe40,0x0000000088c00000)
}

Deoptimization events (10 events):
Event: 29.411 Thread 0x000000000c279800 Uncommon trap: reason=unreached action=reinterpret pc=0x0000000002bb6494 method=com.sun.scenario.effect.impl.state.BoxBlurState.getWeights(I)Ljava/nio/FloatBuffer; @ 366
Event: 49.760 Thread 0x000000000c265800 Uncommon trap: reason=class_check action=maybe_recompile pc=0x0000000002c41608 method=javafx.scene.Node$MiscProperties.getEffect()Ljavafx/scene/effect/Effect; @ 20
Event: 49.760 Thread 0x000000000c265800 Uncommon trap: reason=class_check action=maybe_recompile pc=0x0000000002c45700 method=javafx.scene.Node$MiscProperties.getEffect()Ljavafx/scene/effect/Effect; @ 20
Event: 49.760 Thread 0x000000000c265800 Uncommon trap: reason=class_check action=maybe_recompile pc=0x0000000002c41608 method=javafx.scene.Node$MiscProperties.getEffect()Ljavafx/scene/effect/Effect; @ 20
Event: 49.760 Thread 0x000000000c265800 Uncommon trap: reason=class_check action=maybe_recompile pc=0x0000000002c45700 method=javafx.scene.Node$MiscProperties.getEffect()Ljavafx/scene/effect/Effect; @ 20
Event: 49.767 Thread 0x000000000c265800 Uncommon trap: reason=class_check action=maybe_recompile pc=0x0000000002c41608 method=javafx.scene.Node$MiscProperties.getEffect()Ljavafx/scene/effect/Effect; @ 20
Event: 49.792 Thread 0x000000000c265800 Uncommon trap: reason=unreached action=reinterpret pc=0x0000000002c47558 method=javafx.scene.Node$MiscProperties.isDisable()Z @ 4
Event: 49.792 Thread 0x000000000c265800 Uncommon trap: reason=unreached action=reinterpret pc=0x0000000002c36c5c method=javafx.scene.Node$MiscProperties.isDisable()Z @ 4
Event: 49.792 Thread 0x000000000c265800 Uncommon trap: reason=unreached action=reinterpret pc=0x0000000002be7c0c method=javafx.scene.Node$MiscProperties.isDisable()Z @ 4
Event: 55.105 Thread 0x000000000c265800 Uncommon trap: reason=null_check action=make_not_entrant pc=0x0000000002c0d468 method=javafx.scene.Node.getScene()Ljavafx/scene/Scene; @ 18

Internal exceptions (10 events):
Event: 8.506 Thread 0x000000000c265800 Threw 0x00000000dc17e840 at C:\re\jdk7u51\527\hotspot\src\share\vm\prims\jvm.cpp:1244
Event: 27.057 Thread 0x000000000c265800 Implicit null exception at 0x0000000002bef0cd to 0x0000000002bef14d
Event: 28.198 Thread 0x000000000c279800 Implicit null exception at 0x0000000002bcbe9e to 0x0000000002bcc88d
Event: 28.241 Thread 0x000000000c279800 Implicit null exception at 0x0000000002be78fe to 0x0000000002be7ab1
Event: 29.411 Thread 0x000000000c279800 Implicit null exception at 0x0000000002bb5a0b to 0x0000000002bb647d
Event: 50.790 Thread 0x000000000c265800 Threw 0x00000000de22f0a8 at C:\re\jdk7u51\527\hotspot\src\share\vm\runtime\reflection.cpp:1030
Event: 50.791 Thread 0x000000000c265800 Threw 0x00000000de22f4f8 at C:\re\jdk7u51\527\hotspot\src\share\vm\prims\jvm.cpp:1248
Event: 52.522 Thread 0x000000000c265800 Threw 0x00000000de26b890 at C:\re\jdk7u51\527\hotspot\src\share\vm\runtime\reflection.cpp:1030
Event: 52.522 Thread 0x000000000c265800 Threw 0x00000000de26bce0 at C:\re\jdk7u51\527\hotspot\src\share\vm\prims\jvm.cpp:1248
Event: 55.105 Thread 0x000000000c265800 Implicit null exception at 0x0000000002c0d41a to 0x0000000002c0d45d

Events (10 events):
Event: 50.791 loading class 0x000000000c18fdb0
Event: 50.791 loading class 0x000000000c18fdb0 done
Event: 55.001 loading class 0x000000000c7e84a0
Event: 55.001 loading class 0x000000000c7e84a0 done
Event: 55.105 Thread 0x000000000c265800 Uncommon trap: trap_request=0xfffffff4 fr.pc=0x0000000002c0d468
Event: 55.105 Thread 0x000000000c265800 DEOPT PACKING pc=0x0000000002c0d468 sp=0x000000000e95a300
Event: 55.105 Thread 0x000000000c265800 DEOPT UNPACKING pc=0x0000000002a89064 sp=0x000000000e95a298 mode 2
Event: 55.105 Thread 0x000000000c536000 Thread added: 0x000000000c536000
Event: 55.168 Thread 0x000000000c53b800 Thread added: 0x000000000c53b800
Event: 55.173 Thread 0x000000000c53a800 Thread added: 0x000000000c53a800


Dynamic libraries:
0x000007f74da90000 - 0x000007f74dac3000 	C:\Program Files\Java\jdk1.7.0_51\jre\bin\java.exe
0x000007fbff5c0000 - 0x000007fbff780000 	C:\Windows\SYSTEM32\ntdll.dll
0x000007fbfede0000 - 0x000007fbfef16000 	C:\Windows\system32\KERNEL32.DLL
0x000007fbfc650000 - 0x000007fbfc743000 	C:\Windows\system32\KERNELBASE.dll
0x000007fbfef20000 - 0x000007fbfeffe000 	C:\Windows\system32\ADVAPI32.dll
0x000007fbfdd60000 - 0x000007fbfdeac000 	C:\Windows\system32\USER32.dll
0x000007fbf9b60000 - 0x000007fbf9dca000 	C:\Windows\WinSxS\amd64_microsoft.windows.common-controls_6595b64144ccf1df_6.0.9200.16579_none_418ab7ef718b27ef\COMCTL32.dll
0x000007fbff160000 - 0x000007fbff205000 	C:\Windows\system32\msvcrt.dll
0x000007fbfeb40000 - 0x000007fbfeb88000 	C:\Windows\SYSTEM32\sechost.dll
0x000007fbff010000 - 0x000007fbff155000 	C:\Windows\system32\RPCRT4.dll
0x000007fbfe220000 - 0x000007fbfe361000 	C:\Windows\system32\GDI32.dll
0x000007fbfdf00000 - 0x000007fbfdf39000 	C:\Windows\system32\IMM32.DLL
0x000007fbfea20000 - 0x000007fbfeb36000 	C:\Windows\system32\MSCTF.dll
0x0000000073380000 - 0x0000000073452000 	C:\Program Files\Java\jdk1.7.0_51\jre\bin\msvcr100.dll
0x0000000073460000 - 0x0000000073c29000 	C:\Program Files\Java\jdk1.7.0_51\jre\bin\server\jvm.dll
0x000007fbfa4d0000 - 0x000007fbfa4d9000 	C:\Windows\SYSTEM32\WSOCK32.dll
0x000007fbfa4f0000 - 0x000007fbfa510000 	C:\Windows\SYSTEM32\WINMM.dll
0x000007fbfe440000 - 0x000007fbfe447000 	C:\Windows\system32\PSAPI.DLL
0x000007fbff3b0000 - 0x000007fbff408000 	C:\Windows\system32\WS2_32.dll
0x000007fbf9740000 - 0x000007fbf9773000 	C:\Windows\SYSTEM32\WINMMBASE.dll
0x000007fbfe780000 - 0x000007fbfe789000 	C:\Windows\system32\NSI.dll
0x000007fbfc960000 - 0x000007fbfc9af000 	C:\Windows\SYSTEM32\cfgmgr32.dll
0x000007fbfc930000 - 0x000007fbfc952000 	C:\Windows\system32\DEVOBJ.dll
0x0000000073330000 - 0x000000007333f000 	C:\Program Files\Java\jdk1.7.0_51\jre\bin\verify.dll
0x0000000073300000 - 0x0000000073328000 	C:\Program Files\Java\jdk1.7.0_51\jre\bin\java.dll
0x00000000732e0000 - 0x00000000732f5000 	C:\Program Files\Java\jdk1.7.0_51\jre\bin\zip.dll
0x0000000071850000 - 0x00000000718c8000 	C:\Program Files\Java\jdk1.7.0_51\jre\bin\deploy.dll
0x000007fbfec40000 - 0x000007fbfedbe000 	C:\Windows\system32\ole32.dll
0x000007fbfe370000 - 0x000007fbfe433000 	C:\Windows\system32\OLEAUT32.dll
0x000007fbf95c0000 - 0x000007fbf95c9000 	C:\Windows\SYSTEM32\VERSION.dll
0x000007fbfdf40000 - 0x000007fbfe16d000 	C:\Windows\system32\WININET.dll
0x000007fbfe620000 - 0x000007fbfe779000 	C:\Windows\system32\urlmon.dll
0x000007fbff410000 - 0x000007fbff5c0000 	C:\Windows\SYSTEM32\combase.dll
0x000007fbfe790000 - 0x000007fbfea1c000 	C:\Windows\system32\iertutil.dll
0x000007fbfdeb0000 - 0x000007fbfdf00000 	C:\Windows\system32\SHLWAPI.dll
0x000007fbfc9b0000 - 0x000007fbfdc8f000 	C:\Windows\system32\SHELL32.dll
0x000007fbface0000 - 0x000007fbfad75000 	C:\Windows\SYSTEM32\SHCORE.dll
0x000007fbfc470000 - 0x000007fbfc485000 	C:\Windows\SYSTEM32\profapi.dll
0x000007fbf4a40000 - 0x000007fbf4a4b000 	C:\Windows\SYSTEM32\Secur32.dll
0x000007fbfc0d0000 - 0x000007fbfc0fc000 	C:\Windows\SYSTEM32\SSPICLI.DLL
0x000007fbf57f0000 - 0x000007fbf58a1000 	C:\Windows\SYSTEM32\winhttp.dll
0x000007fbfbcb0000 - 0x000007fbfbd0c000 	C:\Windows\system32\mswsock.dll
0x000007fbf7770000 - 0x000007fbf779a000 	C:\Windows\SYSTEM32\IPHLPAPI.DLL
0x000007fbf7630000 - 0x000007fbf763a000 	C:\Windows\SYSTEM32\WINNSI.DLL
0x000007fbfbac0000 - 0x000007fbfbb58000 	C:\Windows\SYSTEM32\DNSAPI.dll
0x0000000074100000 - 0x0000000074126000 	C:\Program Files\Bonjour\mdnsNSP.dll
0x000007fbf4ba0000 - 0x000007fbf4ba8000 	C:\Windows\System32\rasadhlp.dll
0x000007fbf6b60000 - 0x000007fbf6b73000 	C:\Windows\SYSTEM32\dhcpcsvc6.DLL
0x000007fbf6b40000 - 0x000007fbf6b58000 	C:\Windows\SYSTEM32\dhcpcsvc.DLL
0x0000000071840000 - 0x000000007184f000 	C:\Program Files\Java\jdk1.7.0_51\jre\bin\prism-d3d.dll
0x000007fbe2050000 - 0x000007fbe2250000 	C:\Windows\system32\d3d9.dll
0x000007fbfa5e0000 - 0x000007fbfa601000 	C:\Windows\SYSTEM32\dwmapi.dll
0x000007fbfb300000 - 0x000007fbfb3e6000 	C:\Windows\system32\uxtheme.dll
0x000007fbf9430000 - 0x000007fbf954b000 	C:\Windows\SYSTEM32\aticfx64.dll
0x000007fbea290000 - 0x000007fbea2b0000 	C:\Windows\SYSTEM32\atiu9p64.dll
0x000007fbe1990000 - 0x000007fbe2046000 	C:\Windows\SYSTEM32\atiumd64.dll
0x0000000073c30000 - 0x00000000740fd000 	C:\Windows\SYSTEM32\atiumd6a.dll
0x0000000071800000 - 0x0000000071832000 	C:\Program Files\Java\jdk1.7.0_51\jre\bin\glass.dll
0x000007fbfeb90000 - 0x000007fbfec31000 	C:\Windows\system32\COMDLG32.dll
0x000007fbfc2b0000 - 0x000007fbfc2ba000 	C:\Windows\SYSTEM32\CRYPTBASE.dll
0x000007fbfc250000 - 0x000007fbfc2ac000 	C:\Windows\SYSTEM32\bcryptPrimitives.dll
0x0000000071670000 - 0x000000007170e000 	C:\Program Files\Java\jdk1.7.0_51\jre\bin\libxml2.dll
0x0000000071630000 - 0x0000000071666000 	C:\Program Files\Java\jdk1.7.0_51\jre\bin\libxslt.dll
0x000000006f870000 - 0x00000000706a8000 	C:\Program Files\Java\jdk1.7.0_51\jre\bin\jfxwebkit.dll
0x00000000732c0000 - 0x00000000732d9000 	C:\Program Files\Java\jdk1.7.0_51\jre\bin\net.dll
0x000007fbf6ea0000 - 0x000007fbf6f01000 	C:\Windows\System32\fwpuclnt.dll
0x000007fbfe170000 - 0x000007fbfe206000 	C:\Windows\SYSTEM32\clbcatq.dll
0x000007fbfafa0000 - 0x000007fbfb133000 	C:\Windows\SYSTEM32\WindowsCodecs.dll
0x000007fbef0b0000 - 0x000007fbef0de000 	C:\Program Files\Common Files\Microsoft Shared\Ink\rtscom.dll
0x00000000715e0000 - 0x0000000071630000 	C:\Program Files\Java\jdk1.7.0_51\jre\bin\javafx-font.dll
0x000007fbfbe00000 - 0x000007fbfbe1a000 	C:\Windows\SYSTEM32\CRYPTSP.dll
0x000007fbfb940000 - 0x000007fbfb98b000 	C:\Windows\system32\rsaenh.dll
0x00000000732a0000 - 0x00000000732b1000 	C:\Program Files\Java\jdk1.7.0_51\jre\bin\nio.dll
0x0000000073020000 - 0x0000000073044000 	C:\Program Files\Java\jdk1.7.0_51\jre\bin\sunec.dll
0x0000000073010000 - 0x000000007301b000 	C:\Program Files\Java\jdk1.7.0_51\jre\bin\sunmscapi.dll
0x000007fbfc750000 - 0x000007fbfc921000 	C:\Windows\system32\CRYPT32.dll
0x000007fbfc520000 - 0x000007fbfc536000 	C:\Windows\system32\MSASN1.dll
0x000007fbfbc90000 - 0x000007fbfbcaf000 	C:\Windows\SYSTEM32\USERENV.dll
0x000007fbf3f70000 - 0x000007fbf3f84000 	C:\Windows\system32\napinsp.dll
0x000007fbf3f90000 - 0x000007fbf3fa8000 	C:\Windows\system32\pnrpnsp.dll
0x000007fbfac00000 - 0x000007fbfac16000 	C:\Windows\system32\NLAapi.dll
0x000007fbf4070000 - 0x000007fbf4082000 	C:\Windows\System32\winrnr.dll
0x000007fbfa180000 - 0x000007fbfa2e3000 	C:\Windows\SYSTEM32\dbghelp.dll

VM Arguments:
jvm_args: -Dfile.encoding=UTF-8 
java_command: C:\Users\Gabriel\Documents\NetBeansProjects\QCCBrowserEx1\dist\run1725987876\QCCBrowserEx1.jar
Launcher Type: SUN_STANDARD

Environment Variables:
PATH=C:\Program Files (x86)\HP SimplePass\x64;C:\Program Files (x86)\HP SimplePass\;;C:\Program Files (x86)\AMD APP\bin\x86_64;C:\Program Files (x86)\AMD APP\bin\x86;C:\Windows\system32;C:\Windows;C:\Windows\System32\Wbem;C:\Windows\System32\WindowsPowerShell\v1.0\;C:\Program Files (x86)\Windows Live\Shared;C:\Program Files (x86)\ATI Technologies\ATI.ACE\Core-Static
USERNAME=Gabriel
OS=Windows_NT
PROCESSOR_IDENTIFIER=AMD64 Family 21 Model 19 Stepping 1, AuthenticAMD



---------------  S Y S T E M  ---------------

OS: Windows 8 , 64 bit Build 9200 

CPU:total 4 (4 cores per cpu, 1 threads per core) family 21 model 19 stepping 1, cmov, cx8, fxsr, mmx, sse, sse2, sse3, ssse3, sse4.1, sse4.2, popcnt, avx, aes, mmxext, 3dnowpref, lzcnt, sse4a, tsc, tscinvbit, tscinv

Memory: 4k page, physical 7563524k(4218956k free), swap 8743172k(4091228k free)

vm_info: Java HotSpot(TM) 64-Bit Server VM (24.51-b03) for windows-amd64 JRE (1.7.0_51-b13), built on Dec 18 2013 18:40:56 by "java_re" with unknown MS VC++:1600

time: Wed Apr 02 21:46:50 2014
elapsed time: 55 seconds

