#
# A fatal error has been detected by the Java Runtime Environment:
#
#  EXCEPTION_ACCESS_VIOLATION (0xc0000005) at pc=0x000000006fb72dba, pid=6088, tid=7904
#
# JRE version: Java(TM) SE Runtime Environment (7.0_51-b13) (build 1.7.0_51-b13)
# Java VM: Java HotSpot(TM) 64-Bit Server VM (24.51-b03 mixed mode windows-amd64 compressed oops)
# Problematic frame:
# C  [jfxwebkit.dll+0x302dba]
#
# Failed to write core dump. Minidumps are not enabled by default on client versions of Windows
#
# If you would like to submit a bug report, please visit:
#   http://bugreport.sun.com/bugreport/crash.jsp
# The crash happened outside the Java Virtual Machine in native code.
# See problematic frame for where to report the bug.
#

---------------  T H R E A D  ---------------

Current thread (0x000000000c3d1800):  JavaThread "JavaFX Application Thread" [_thread_in_native, id=7904, stack(0x000000000e9b0000,0x000000000eab0000)]

siginfo: ExceptionCode=0xc0000005, reading address 0x0000000000000000

Registers:
RAX=0x000000000c3fac30, RBX=0x0000000000000000, RCX=0x0000000000000000, RDX=0x000000000ca3bea0
RSP=0x000000000eaaeb98, RBP=0x0000000000008363, RSI=0x0000000000008300, RDI=0x000000000cc91bd0
R8 =0x0000000000008363, R9 =0x0000000000008363, R10=0x000000000cc91c40, R11=0x000000000eaaea40
R12=0x000000000ca3bea0, R13=0x0000000088150138, R14=0x000000000eaaee88, R15=0x000000000c3d1800
RIP=0x000000006fb72dba, EFLAGS=0x0000000000010206

Top of Stack: (sp=0x000000000eaaeb98)
0x000000000eaaeb98:   000000006fb6da3e 0000000000000000
0x000000000eaaeba8:   0000000000008300 000000000eaaee88
0x000000000eaaebb8:   0000000088150138 fffffffffffffffe
0x000000000eaaebc8:   000000000cc91bd0 0000000000000000
0x000000000eaaebd8:   000000000cc91bd0 0000000000008363
0x000000000eaaebe8:   000000006fb6e6ea 000000000c3fac30
0x000000000eaaebf8:   000000000c7c9130 000000000ca3bea0
0x000000000eaaec08:   0000000011ae0900 fffffffffffffffe
0x000000000eaaec18:   0000000011ae0900 0000000000008363
0x000000000eaaec28:   000000000ca3bea0 000000000cc91f90
0x000000000eaaec38:   000000006fb6e7cb 000000000c7c9130
0x000000000eaaec48:   000000000cc91bd0 00000000533d9eed
0x000000000eaaec58:   000000000cc91bd0 0000000000008363
0x000000000eaaec68:   000000006fb92067 0000000011ae0900
0x000000000eaaec78:   0000000000000000 000000000ca3bea0
0x000000000eaaec88:   0000000000000000 0000001300000012 

Instructions: (pc=0x000000006fb72dba)
0x000000006fb72d9a:   00 48 8b 89 50 04 00 00 e8 e9 3c e3 ff 48 83 c4
0x000000006fb72daa:   20 5b c3 cc cc cc 4c 8b d1 48 8b 49 30 4d 8b c8
0x000000006fb72dba:   48 8b 01 4c 8b c2 49 8b d2 48 ff 60 20 cc cc cc
0x000000006fb72dca:   cc cc cc cc cc cc 48 8b 41 30 c6 40 10 01 c3 cc 


Register to memory mapping:

RAX=0x000000000c3fac30 is an unknown value
RBX=0x0000000000000000 is an unknown value
RCX=0x0000000000000000 is an unknown value
RDX=0x000000000ca3bea0 is an unknown value
RSP=0x000000000eaaeb98 is pointing into the stack for thread: 0x000000000c3d1800
RBP=0x0000000000008363 is an unknown value
RSI=0x0000000000008300 is an unknown value
RDI=0x000000000cc91bd0 is an unknown value
R8 =0x0000000000008363 is an unknown value
R9 =0x0000000000008363 is an unknown value
R10=0x000000000cc91c40 is an unknown value
R11=0x000000000eaaea40 is pointing into the stack for thread: 0x000000000c3d1800
R12=0x000000000ca3bea0 is an unknown value
R13=0x0000000088150138 is an oop
{method} 
 - klass: {other class}
R14=0x000000000eaaee88 is pointing into the stack for thread: 0x000000000c3d1800
R15=0x000000000c3d1800 is a thread


Stack: [0x000000000e9b0000,0x000000000eab0000],  sp=0x000000000eaaeb98,  free space=1018k
Native frames: (J=compiled Java code, j=interpreted, Vv=VM code, C=native code)
C  [jfxwebkit.dll+0x302dba]

Java frames: (J=compiled Java code, j=interpreted, Vv=VM code)
j  com.sun.webpane.webkit.network.URLLoader.twkDidReceiveData(Ljava/nio/ByteBuffer;IIJ)V+0
j  com.sun.webpane.webkit.network.URLLoader.access$1200(Ljava/nio/ByteBuffer;IIJ)V+4
j  com.sun.webpane.webkit.network.URLLoader$5.run()V+35
j  com.sun.glass.ui.InvokeLaterDispatcher$Future.run()V+4
v  ~StubRoutines::call_stub
j  com.sun.glass.ui.win.WinApplication._runLoop([Ljava/lang/String;Lcom/sun/glass/ui/Launchable;)V+0
j  com.sun.glass.ui.win.WinApplication.access$100(Lcom/sun/glass/ui/win/WinApplication;[Ljava/lang/String;Lcom/sun/glass/ui/Launchable;)V+3
j  com.sun.glass.ui.win.WinApplication$3$1.run()V+32
j  java.lang.Thread.run()V+11
v  ~StubRoutines::call_stub

---------------  P R O C E S S  ---------------

Java Threads: ( => current thread )
  0x000000001154f800 JavaThread "URL-Loader-20" daemon [_thread_blocked, id=7248, stack(0x0000000014ef0000,0x0000000014ff0000)]
  0x000000001154e000 JavaThread "URL-Loader-19" daemon [_thread_blocked, id=6032, stack(0x0000000014df0000,0x0000000014ef0000)]
  0x000000001154c800 JavaThread "URL-Loader-18" daemon [_thread_blocked, id=6964, stack(0x0000000014cf0000,0x0000000014df0000)]
  0x0000000011550000 JavaThread "URL-Loader-17" daemon [_thread_blocked, id=6892, stack(0x0000000014bf0000,0x0000000014cf0000)]
  0x000000001154b800 JavaThread "URL-Loader-16" daemon [_thread_blocked, id=7908, stack(0x0000000014af0000,0x0000000014bf0000)]
  0x000000001154a000 JavaThread "URL-Loader-15" daemon [_thread_blocked, id=7960, stack(0x00000000149f0000,0x0000000014af0000)]
  0x000000001154d000 JavaThread "URL-Loader-14" daemon [_thread_blocked, id=3156, stack(0x00000000148f0000,0x00000000149f0000)]
  0x000000001154e800 JavaThread "URL-Loader-13" daemon [_thread_blocked, id=5260, stack(0x00000000147f0000,0x00000000148f0000)]
  0x000000001154b000 JavaThread "URL-Loader-12" daemon [_thread_blocked, id=88, stack(0x00000000146f0000,0x00000000147f0000)]
  0x000000000c6aa000 JavaThread "URL-Loader-11" daemon [_thread_blocked, id=6256, stack(0x00000000145f0000,0x00000000146f0000)]
  0x000000000c6a9800 JavaThread "URL-Loader-10" daemon [_thread_blocked, id=5736, stack(0x00000000144f0000,0x00000000145f0000)]
  0x000000000c6ab800 JavaThread "URL-Loader-9" daemon [_thread_blocked, id=9176, stack(0x00000000143f0000,0x00000000144f0000)]
  0x000000000c6ab000 JavaThread "URL-Loader-8" daemon [_thread_blocked, id=8312, stack(0x00000000142f0000,0x00000000143f0000)]
  0x000000000c6a8000 JavaThread "URL-Loader-7" daemon [_thread_blocked, id=4640, stack(0x00000000141f0000,0x00000000142f0000)]
  0x000000000c6a8800 JavaThread "URL-Loader-6" daemon [_thread_blocked, id=8220, stack(0x00000000140f0000,0x00000000141f0000)]
  0x000000000c6a5800 JavaThread "URL-Loader-5" daemon [_thread_blocked, id=8616, stack(0x0000000013ff0000,0x00000000140f0000)]
  0x000000000c6a6800 JavaThread "URL-Loader-4" daemon [_thread_in_native, id=2080, stack(0x0000000013ef0000,0x0000000013ff0000)]
  0x000000000c6a7000 JavaThread "URL-Loader-3" daemon [_thread_blocked, id=5148, stack(0x0000000013df0000,0x0000000013ef0000)]
  0x000000000c6ac800 JavaThread "URL-Loader-2" daemon [_thread_blocked, id=3164, stack(0x0000000013cf0000,0x0000000013df0000)]
  0x000000000cca0000 JavaThread "Prism Font Disposer" daemon [_thread_blocked, id=4512, stack(0x00000000123a0000,0x00000000124a0000)]
  0x000000000ccbb000 JavaThread "Keep-Alive-Timer" daemon [_thread_blocked, id=7324, stack(0x0000000012180000,0x0000000012280000)]
  0x000000000c999800 JavaThread "URL-Loader-1" daemon [_thread_blocked, id=7648, stack(0x0000000011f80000,0x0000000012080000)]
  0x000000000cb1d800 JavaThread "Disposer" daemon [_thread_blocked, id=6404, stack(0x00000000109b0000,0x0000000010ab0000)]
  0x000000000c486800 JavaThread "Thread-3" daemon [_thread_in_native, id=4872, stack(0x00000000108b0000,0x00000000109b0000)]
=>0x000000000c3d1800 JavaThread "JavaFX Application Thread" [_thread_in_native, id=7904, stack(0x000000000e9b0000,0x000000000eab0000)]
  0x000000000c2de800 JavaThread "Thread-2" daemon [_thread_blocked, id=6356, stack(0x000000000e8b0000,0x000000000e9b0000)]
  0x000000000c2da000 JavaThread "Disposer" daemon [_thread_blocked, id=8872, stack(0x000000000e6c0000,0x000000000e7c0000)]
  0x000000000c2d8000 JavaThread "QuantumRenderer-0" daemon [_thread_blocked, id=6824, stack(0x000000000d840000,0x000000000d940000)]
  0x000000000c302000 JavaThread "JavaFX-Launcher" [_thread_blocked, id=7564, stack(0x000000000d740000,0x000000000d840000)]
  0x000000000c3d0800 JavaThread "traceMsgQueueThread" daemon [_thread_blocked, id=6384, stack(0x000000000cd10000,0x000000000ce10000)]
  0x000000000a7a8800 JavaThread "Service Thread" daemon [_thread_blocked, id=8968, stack(0x000000000bf10000,0x000000000c010000)]
  0x000000000a7a5800 JavaThread "C2 CompilerThread1" daemon [_thread_blocked, id=6224, stack(0x000000000be10000,0x000000000bf10000)]
  0x000000000a7a3800 JavaThread "C2 CompilerThread0" daemon [_thread_blocked, id=4532, stack(0x000000000bd10000,0x000000000be10000)]
  0x000000000a7a2800 JavaThread "Attach Listener" daemon [_thread_blocked, id=8016, stack(0x000000000bc10000,0x000000000bd10000)]
  0x000000000a79f800 JavaThread "Signal Dispatcher" daemon [_thread_blocked, id=5304, stack(0x000000000bb10000,0x000000000bc10000)]
  0x000000000a76f000 JavaThread "Finalizer" daemon [_thread_blocked, id=7132, stack(0x000000000ba10000,0x000000000bb10000)]
  0x000000000a764000 JavaThread "Reference Handler" daemon [_thread_blocked, id=7312, stack(0x000000000b910000,0x000000000ba10000)]
  0x0000000002a00800 JavaThread "main" [_thread_blocked, id=7512, stack(0x0000000002880000,0x0000000002980000)]

Other Threads:
  0x000000000a762000 VMThread [stack: 0x000000000b810000,0x000000000b910000] [id=5908]
  0x000000000a7d4000 WatcherThread [stack: 0x000000000c010000,0x000000000c110000] [id=5968]

VM state:not at safepoint (normal execution)

VM Mutex/Monitor currently owned by a thread: None

Heap
 PSYoungGen      total 129024K, used 31545K [0x00000000d9800000, 0x00000000e9600000, 0x0000000100000000)
  eden space 120832K, 19% used [0x00000000d9800000,0x00000000daee2f88,0x00000000e0e00000)
  from space 8192K, 98% used [0x00000000e0e00000,0x00000000e15eb770,0x00000000e1600000)
  to   space 9216K, 0% used [0x00000000e8d00000,0x00000000e8d00000,0x00000000e9600000)
 ParOldGen       total 78848K, used 8212K [0x000000008c800000, 0x0000000091500000, 0x00000000d9800000)
  object space 78848K, 10% used [0x000000008c800000,0x000000008d005050,0x0000000091500000)
 PSPermGen       total 22528K, used 22499K [0x0000000087600000, 0x0000000088c00000, 0x000000008c800000)
  object space 22528K, 99% used [0x0000000087600000,0x0000000088bf8df0,0x0000000088c00000)

Card table byte_map: [0x0000000005bc0000,0x0000000005f90000] byte_map_base: 0x0000000005785000

Polling page: 0x0000000000e70000

Code Cache  [0x0000000002b00000, 0x0000000002d70000, 0x0000000005b00000)
 total_blobs=1193 nmethods=555 adapters=590 free_code_cache=47370Kb largest_free_block=48466176

Compilation events (10 events):
Event: 19.515 Thread 0x000000000a7a3800  590             com.sun.javafx.geom.RectBounds::makeEmpty (5 bytes)
Event: 19.516 Thread 0x000000000a7a3800 nmethod 590 0x0000000002cc2ad0 code [0x0000000002cc2c00, 0x0000000002cc2c78]
Event: 19.583 Thread 0x000000000a7a5800  591             javafx.scene.Node::getEffect (21 bytes)
Event: 19.585 Thread 0x000000000a7a5800 nmethod 591 0x0000000002cbeb50 code [0x0000000002cbeca0, 0x0000000002cbed98]
Event: 19.601 Thread 0x000000000a7a3800  592             com.sun.javafx.sg.prism.NGRegion::renderContent (1712 bytes)
Event: 19.626 Thread 0x000000000a7a3800 nmethod 592 0x0000000002cc41d0 code [0x0000000002cc4420, 0x0000000002cc4d48]
Event: 19.631 Thread 0x000000000a7a5800  593             com.sun.javafx.geom.RectBounds::is2D (2 bytes)
Event: 19.632 Thread 0x000000000a7a5800 nmethod 593 0x0000000002cbe950 code [0x0000000002cbea80, 0x0000000002cbead8]
Event: 19.698 Thread 0x000000000a7a5800  594             com.sun.javafx.geom.transform.Identity::getDegree (4 bytes)
Event: 19.699 Thread 0x000000000a7a5800 nmethod 594 0x0000000002cbe750 code [0x0000000002cbe880, 0x0000000002cbe8d8]

GC Heap History (10 events):
Event: 6.317 GC heap before
{Heap before GC invocations=3 (full 0):
 PSYoungGen      total 34816K, used 34744K [0x00000000d9800000, 0x00000000ddc00000, 0x0000000100000000)
  eden space 30208K, 99% used [0x00000000d9800000,0x00000000db573cf8,0x00000000db580000)
  from space 4608K, 99% used [0x00000000dba00000,0x00000000dbe7a3b8,0x00000000dbe80000)
  to   space 4608K, 0% used [0x00000000db580000,0x00000000db580000,0x00000000dba00000)
 ParOldGen       total 78848K, used 3813K [0x000000008c800000, 0x0000000091500000, 0x00000000d9800000)
  object space 78848K, 4% used [0x000000008c800000,0x000000008cbb96d0,0x0000000091500000)
 PSPermGen       total 21504K, used 19086K [0x0000000087600000, 0x0000000088b00000, 0x000000008c800000)
  object space 21504K, 88% used [0x0000000087600000,0x00000000888a3a38,0x0000000088b00000)
Event: 6.332 GC heap after
Heap after GC invocations=3 (full 0):
 PSYoungGen      total 34816K, used 4599K [0x00000000d9800000, 0x00000000ddc00000, 0x0000000100000000)
  eden space 30208K, 0% used [0x00000000d9800000,0x00000000d9800000,0x00000000db580000)
  from space 4608K, 99% used [0x00000000db580000,0x00000000db9fdd88,0x00000000dba00000)
  to   space 4608K, 0% used [0x00000000dd780000,0x00000000dd780000,0x00000000ddc00000)
 ParOldGen       total 78848K, used 3861K [0x000000008c800000, 0x0000000091500000, 0x00000000d9800000)
  object space 78848K, 4% used [0x000000008c800000,0x000000008cbc56d0,0x0000000091500000)
 PSPermGen       total 21504K, used 19086K [0x0000000087600000, 0x0000000088b00000, 0x000000008c800000)
  object space 21504K, 88% used [0x0000000087600000,0x00000000888a3a38,0x0000000088b00000)
}
Event: 6.357 GC heap before
{Heap before GC invocations=4 (full 0):
 PSYoungGen      total 34816K, used 34803K [0x00000000d9800000, 0x00000000ddc00000, 0x0000000100000000)
  eden space 30208K, 99% used [0x00000000d9800000,0x00000000db57f000,0x00000000db580000)
  from space 4608K, 99% used [0x00000000db580000,0x00000000db9fdd88,0x00000000dba00000)
  to   space 4608K, 0% used [0x00000000dd780000,0x00000000dd780000,0x00000000ddc00000)
 ParOldGen       total 78848K, used 3861K [0x000000008c800000, 0x0000000091500000, 0x00000000d9800000)
  object space 78848K, 4% used [0x000000008c800000,0x000000008cbc56d0,0x0000000091500000)
 PSPermGen       total 21504K, used 19086K [0x0000000087600000, 0x0000000088b00000, 0x000000008c800000)
  object space 21504K, 88% used [0x0000000087600000,0x00000000888a3a38,0x0000000088b00000)
Event: 6.372 GC heap after
Heap after GC invocations=4 (full 0):
 PSYoungGen      total 65024K, used 4590K [0x00000000d9800000, 0x00000000ddc00000, 0x0000000100000000)
  eden space 60416K, 0% used [0x00000000d9800000,0x00000000d9800000,0x00000000dd300000)
  from space 4608K, 99% used [0x00000000dd780000,0x00000000ddbfb840,0x00000000ddc00000)
  to   space 4608K, 0% used [0x00000000dd300000,0x00000000dd300000,0x00000000dd780000)
 ParOldGen       total 78848K, used 3885K [0x000000008c800000, 0x0000000091500000, 0x00000000d9800000)
  object space 78848K, 4% used [0x000000008c800000,0x000000008cbcb6d0,0x0000000091500000)
 PSPermGen       total 21504K, used 19086K [0x0000000087600000, 0x0000000088b00000, 0x000000008c800000)
  object space 21504K, 88% used [0x0000000087600000,0x00000000888a3a38,0x0000000088b00000)
}
Event: 6.432 GC heap before
{Heap before GC invocations=5 (full 0):
 PSYoungGen      total 65024K, used 64960K [0x00000000d9800000, 0x00000000ddc00000, 0x0000000100000000)
  eden space 60416K, 99% used [0x00000000d9800000,0x00000000dd2f4858,0x00000000dd300000)
  from space 4608K, 99% used [0x00000000dd780000,0x00000000ddbfb840,0x00000000ddc00000)
  to   space 4608K, 0% used [0x00000000dd300000,0x00000000dd300000,0x00000000dd780000)
 ParOldGen       total 78848K, used 3885K [0x000000008c800000, 0x0000000091500000, 0x00000000d9800000)
  object space 78848K, 4% used [0x000000008c800000,0x000000008cbcb6d0,0x0000000091500000)
 PSPermGen       total 21504K, used 19086K [0x0000000087600000, 0x0000000088b00000, 0x000000008c800000)
  object space 21504K, 88% used [0x0000000087600000,0x00000000888a3a38,0x0000000088b00000)
Event: 6.448 GC heap after
Heap after GC invocations=5 (full 0):
 PSYoungGen      total 65024K, used 4576K [0x00000000d9800000, 0x00000000e1e00000, 0x0000000100000000)
  eden space 60416K, 0% used [0x00000000d9800000,0x00000000d9800000,0x00000000dd300000)
  from space 4608K, 99% used [0x00000000dd300000,0x00000000dd778338,0x00000000dd780000)
  to   space 8192K, 0% used [0x00000000e1600000,0x00000000e1600000,0x00000000e1e00000)
 ParOldGen       total 78848K, used 3973K [0x000000008c800000, 0x0000000091500000, 0x00000000d9800000)
  object space 78848K, 5% used [0x000000008c800000,0x000000008cbe16d0,0x0000000091500000)
 PSPermGen       total 21504K, used 19086K [0x0000000087600000, 0x0000000088b00000, 0x000000008c800000)
  object space 21504K, 88% used [0x0000000087600000,0x00000000888a3a38,0x0000000088b00000)
}
Event: 6.498 GC heap before
{Heap before GC invocations=6 (full 0):
 PSYoungGen      total 65024K, used 64847K [0x00000000d9800000, 0x00000000e1e00000, 0x0000000100000000)
  eden space 60416K, 99% used [0x00000000d9800000,0x00000000dd2dbca8,0x00000000dd300000)
  from space 4608K, 99% used [0x00000000dd300000,0x00000000dd778338,0x00000000dd780000)
  to   space 8192K, 0% used [0x00000000e1600000,0x00000000e1600000,0x00000000e1e00000)
 ParOldGen       total 78848K, used 3973K [0x000000008c800000, 0x0000000091500000, 0x00000000d9800000)
  object space 78848K, 5% used [0x000000008c800000,0x000000008cbe16d0,0x0000000091500000)
 PSPermGen       total 21504K, used 19086K [0x0000000087600000, 0x0000000088b00000, 0x000000008c800000)
  object space 21504K, 88% used [0x0000000087600000,0x00000000888a3a38,0x0000000088b00000)
Event: 6.517 GC heap after
Heap after GC invocations=6 (full 0):
 PSYoungGen      total 129024K, used 4573K [0x00000000d9800000, 0x00000000e1e00000, 0x0000000100000000)
  eden space 120832K, 0% used [0x00000000d9800000,0x00000000d9800000,0x00000000e0e00000)
  from space 8192K, 55% used [0x00000000e1600000,0x00000000e1a774e8,0x00000000e1e00000)
  to   space 8192K, 0% used [0x00000000e0e00000,0x00000000e0e00000,0x00000000e1600000)
 ParOldGen       total 78848K, used 3973K [0x000000008c800000, 0x0000000091500000, 0x00000000d9800000)
  object space 78848K, 5% used [0x000000008c800000,0x000000008cbe16d0,0x0000000091500000)
 PSPermGen       total 21504K, used 19086K [0x0000000087600000, 0x0000000088b00000, 0x000000008c800000)
  object space 21504K, 88% used [0x0000000087600000,0x00000000888a3a38,0x0000000088b00000)
}
Event: 9.654 GC heap before
{Heap before GC invocations=7 (full 0):
 PSYoungGen      total 129024K, used 125405K [0x00000000d9800000, 0x00000000e1e00000, 0x0000000100000000)
  eden space 120832K, 100% used [0x00000000d9800000,0x00000000e0e00000,0x00000000e0e00000)
  from space 8192K, 55% used [0x00000000e1600000,0x00000000e1a774e8,0x00000000e1e00000)
  to   space 8192K, 0% used [0x00000000e0e00000,0x00000000e0e00000,0x00000000e1600000)
 ParOldGen       total 78848K, used 3973K [0x000000008c800000, 0x0000000091500000, 0x00000000d9800000)
  object space 78848K, 5% used [0x000000008c800000,0x000000008cbe16d0,0x0000000091500000)
 PSPermGen       total 22528K, used 22314K [0x0000000087600000, 0x0000000088c00000, 0x000000008c800000)
  object space 22528K, 99% used [0x0000000087600000,0x0000000088bca878,0x0000000088c00000)
Event: 9.692 GC heap after
Heap after GC invocations=7 (full 0):
 PSYoungGen      total 129024K, used 8109K [0x00000000d9800000, 0x00000000e9600000, 0x0000000100000000)
  eden space 120832K, 0% used [0x00000000d9800000,0x00000000d9800000,0x00000000e0e00000)
  from space 8192K, 98% used [0x00000000e0e00000,0x00000000e15eb770,0x00000000e1600000)
  to   space 9216K, 0% used [0x00000000e8d00000,0x00000000e8d00000,0x00000000e9600000)
 ParOldGen       total 78848K, used 8212K [0x000000008c800000, 0x0000000091500000, 0x00000000d9800000)
  object space 78848K, 10% used [0x000000008c800000,0x000000008d005050,0x0000000091500000)
 PSPermGen       total 22528K, used 22314K [0x0000000087600000, 0x0000000088c00000, 0x000000008c800000)
  object space 22528K, 99% used [0x0000000087600000,0x0000000088bca878,0x0000000088c00000)
}

Deoptimization events (10 events):
Event: 7.355 Thread 0x000000000c6a6800 Uncommon trap: reason=class_check action=maybe_recompile pc=0x0000000002c15620 method=java.util.regex.Pattern$BmpCharProperty.match(Ljava/util/regex/Matcher;ILjava/lang/CharSequence;)Z @ 16
Event: 7.355 Thread 0x000000000c6a6800 Uncommon trap: reason=class_check action=maybe_recompile pc=0x0000000002c15620 method=java.util.regex.Pattern$BmpCharProperty.match(Ljava/util/regex/Matcher;ILjava/lang/CharSequence;)Z @ 16
Event: 8.089 Thread 0x000000000c3d1800 Uncommon trap: reason=bimorphic action=maybe_recompile pc=0x0000000002c36770 method=java.io.FilterInputStream.read()I @ 4
Event: 8.089 Thread 0x000000000c3d1800 Uncommon trap: reason=bimorphic action=maybe_recompile pc=0x0000000002c36770 method=java.io.FilterInputStream.read()I @ 4
Event: 8.089 Thread 0x000000000c3d1800 Uncommon trap: reason=bimorphic action=maybe_recompile pc=0x0000000002c36770 method=java.io.FilterInputStream.read()I @ 4
Event: 8.089 Thread 0x000000000c3d1800 Uncommon trap: reason=bimorphic action=maybe_recompile pc=0x0000000002c36770 method=java.io.FilterInputStream.read()I @ 4
Event: 9.627 Thread 0x000000000c3d1800 Uncommon trap: reason=array_check action=maybe_recompile pc=0x0000000002c574f4 method=java.util.Arrays.fill([Ljava/lang/Object;Ljava/lang/Object;)V @ 13
Event: 9.630 Thread 0x000000000c3d1800 Uncommon trap: reason=array_check action=maybe_recompile pc=0x0000000002c574f4 method=java.util.Arrays.fill([Ljava/lang/Object;Ljava/lang/Object;)V @ 13
Event: 9.631 Thread 0x000000000c3d1800 Uncommon trap: reason=array_check action=maybe_recompile pc=0x0000000002c574f4 method=java.util.Arrays.fill([Ljava/lang/Object;Ljava/lang/Object;)V @ 13
Event: 9.631 Thread 0x000000000c3d1800 Uncommon trap: reason=array_check action=maybe_recompile pc=0x0000000002c574f4 method=java.util.Arrays.fill([Ljava/lang/Object;Ljava/lang/Object;)V @ 13

Internal exceptions (10 events):
Event: 16.623 Thread 0x000000000c3d1800 Threw 0x00000000da72c5d8 at C:\re\jdk7u51\527\hotspot\src\share\vm\prims\jvm.cpp:1244
Event: 16.623 Thread 0x000000000c3d1800 Threw 0x00000000da72cdf0 at C:\re\jdk7u51\527\hotspot\src\share\vm\classfile\systemDictionary.cpp:185
Event: 16.623 Thread 0x000000000c3d1800 Threw 0x00000000da72d360 at C:\re\jdk7u51\527\hotspot\src\share\vm\prims\jvm.cpp:1244
Event: 16.623 Thread 0x000000000c3d1800 Threw 0x00000000da72d7d0 at C:\re\jdk7u51\527\hotspot\src\share\vm\prims\jvm.cpp:1244
Event: 19.034 Thread 0x000000000c3d1800 Threw 0x00000000dab947f0 at C:\re\jdk7u51\527\hotspot\src\share\vm\classfile\systemDictionary.cpp:185
Event: 19.035 Thread 0x000000000c3d1800 Threw 0x00000000dab94d60 at C:\re\jdk7u51\527\hotspot\src\share\vm\prims\jvm.cpp:1244
Event: 19.035 Thread 0x000000000c3d1800 Threw 0x00000000dab951d0 at C:\re\jdk7u51\527\hotspot\src\share\vm\prims\jvm.cpp:1244
Event: 19.035 Thread 0x000000000c3d1800 Threw 0x00000000dab959e8 at C:\re\jdk7u51\527\hotspot\src\share\vm\classfile\systemDictionary.cpp:185
Event: 19.035 Thread 0x000000000c3d1800 Threw 0x00000000dab95f58 at C:\re\jdk7u51\527\hotspot\src\share\vm\prims\jvm.cpp:1244
Event: 19.035 Thread 0x000000000c3d1800 Threw 0x00000000dab963c8 at C:\re\jdk7u51\527\hotspot\src\share\vm\prims\jvm.cpp:1244

Events (10 events):
Event: 19.861 Executing VM operation: RevokeBias
Event: 19.861 Executing VM operation: RevokeBias done
Event: 19.861 Executing VM operation: RevokeBias
Event: 19.862 Executing VM operation: RevokeBias done
Event: 19.862 Executing VM operation: RevokeBias
Event: 19.862 Executing VM operation: RevokeBias done
Event: 19.863 Executing VM operation: RevokeBias
Event: 19.863 Executing VM operation: RevokeBias done
Event: 19.863 Executing VM operation: RevokeBias
Event: 19.863 Executing VM operation: RevokeBias done


Dynamic libraries:
0x000007f74da90000 - 0x000007f74dac3000 	C:\Program Files\Java\jdk1.7.0_51\jre\bin\java.exe
0x000007fbff5c0000 - 0x000007fbff780000 	C:\Windows\SYSTEM32\ntdll.dll
0x000007fbfede0000 - 0x000007fbfef16000 	C:\Windows\system32\KERNEL32.DLL
0x000007fbfc650000 - 0x000007fbfc743000 	C:\Windows\system32\KERNELBASE.dll
0x000007fbfef20000 - 0x000007fbfeffe000 	C:\Windows\system32\ADVAPI32.dll
0x000007fbfdd60000 - 0x000007fbfdeac000 	C:\Windows\system32\USER32.dll
0x000007fbf9b60000 - 0x000007fbf9dca000 	C:\Windows\WinSxS\amd64_microsoft.windows.common-controls_6595b64144ccf1df_6.0.9200.16579_none_418ab7ef718b27ef\COMCTL32.dll
0x000007fbff160000 - 0x000007fbff205000 	C:\Windows\system32\msvcrt.dll
0x000007fbfeb40000 - 0x000007fbfeb88000 	C:\Windows\SYSTEM32\sechost.dll
0x000007fbff010000 - 0x000007fbff155000 	C:\Windows\system32\RPCRT4.dll
0x000007fbfe220000 - 0x000007fbfe361000 	C:\Windows\system32\GDI32.dll
0x000007fbfdf00000 - 0x000007fbfdf39000 	C:\Windows\system32\IMM32.DLL
0x000007fbfea20000 - 0x000007fbfeb36000 	C:\Windows\system32\MSCTF.dll
0x0000000073380000 - 0x0000000073452000 	C:\Program Files\Java\jdk1.7.0_51\jre\bin\msvcr100.dll
0x0000000073460000 - 0x0000000073c29000 	C:\Program Files\Java\jdk1.7.0_51\jre\bin\server\jvm.dll
0x000007fbfa4d0000 - 0x000007fbfa4d9000 	C:\Windows\SYSTEM32\WSOCK32.dll
0x000007fbfa4f0000 - 0x000007fbfa510000 	C:\Windows\SYSTEM32\WINMM.dll
0x000007fbfe440000 - 0x000007fbfe447000 	C:\Windows\system32\PSAPI.DLL
0x000007fbff3b0000 - 0x000007fbff408000 	C:\Windows\system32\WS2_32.dll
0x000007fbf9740000 - 0x000007fbf9773000 	C:\Windows\SYSTEM32\WINMMBASE.dll
0x000007fbfe780000 - 0x000007fbfe789000 	C:\Windows\system32\NSI.dll
0x000007fbfc960000 - 0x000007fbfc9af000 	C:\Windows\SYSTEM32\cfgmgr32.dll
0x000007fbfc930000 - 0x000007fbfc952000 	C:\Windows\system32\DEVOBJ.dll
0x0000000073330000 - 0x000000007333f000 	C:\Program Files\Java\jdk1.7.0_51\jre\bin\verify.dll
0x0000000073300000 - 0x0000000073328000 	C:\Program Files\Java\jdk1.7.0_51\jre\bin\java.dll
0x00000000732e0000 - 0x00000000732f5000 	C:\Program Files\Java\jdk1.7.0_51\jre\bin\zip.dll
0x0000000071850000 - 0x00000000718c8000 	C:\Program Files\Java\jdk1.7.0_51\jre\bin\deploy.dll
0x000007fbfec40000 - 0x000007fbfedbe000 	C:\Windows\system32\ole32.dll
0x000007fbfe370000 - 0x000007fbfe433000 	C:\Windows\system32\OLEAUT32.dll
0x000007fbf95c0000 - 0x000007fbf95c9000 	C:\Windows\SYSTEM32\VERSION.dll
0x000007fbfdf40000 - 0x000007fbfe16d000 	C:\Windows\system32\WININET.dll
0x000007fbfe620000 - 0x000007fbfe779000 	C:\Windows\system32\urlmon.dll
0x000007fbff410000 - 0x000007fbff5c0000 	C:\Windows\SYSTEM32\combase.dll
0x000007fbfe790000 - 0x000007fbfea1c000 	C:\Windows\system32\iertutil.dll
0x000007fbfdeb0000 - 0x000007fbfdf00000 	C:\Windows\system32\SHLWAPI.dll
0x000007fbfc9b0000 - 0x000007fbfdc8f000 	C:\Windows\system32\SHELL32.dll
0x000007fbface0000 - 0x000007fbfad75000 	C:\Windows\SYSTEM32\SHCORE.dll
0x000007fbfc470000 - 0x000007fbfc485000 	C:\Windows\SYSTEM32\profapi.dll
0x000007fbf4a40000 - 0x000007fbf4a4b000 	C:\Windows\SYSTEM32\Secur32.dll
0x000007fbfc0d0000 - 0x000007fbfc0fc000 	C:\Windows\SYSTEM32\SSPICLI.DLL
0x000007fbf57f0000 - 0x000007fbf58a1000 	C:\Windows\SYSTEM32\winhttp.dll
0x000007fbfbcb0000 - 0x000007fbfbd0c000 	C:\Windows\system32\mswsock.dll
0x000007fbf7770000 - 0x000007fbf779a000 	C:\Windows\SYSTEM32\IPHLPAPI.DLL
0x000007fbf7630000 - 0x000007fbf763a000 	C:\Windows\SYSTEM32\WINNSI.DLL
0x000007fbfbac0000 - 0x000007fbfbb58000 	C:\Windows\SYSTEM32\DNSAPI.dll
0x0000000074100000 - 0x0000000074126000 	C:\Program Files\Bonjour\mdnsNSP.dll
0x000007fbf6b60000 - 0x000007fbf6b73000 	C:\Windows\SYSTEM32\dhcpcsvc6.DLL
0x000007fbf4ba0000 - 0x000007fbf4ba8000 	C:\Windows\System32\rasadhlp.dll
0x000007fbf6b40000 - 0x000007fbf6b58000 	C:\Windows\SYSTEM32\dhcpcsvc.DLL
0x0000000071840000 - 0x000000007184f000 	C:\Program Files\Java\jdk1.7.0_51\jre\bin\prism-d3d.dll
0x000007fbe2050000 - 0x000007fbe2250000 	C:\Windows\system32\d3d9.dll
0x000007fbfa5e0000 - 0x000007fbfa601000 	C:\Windows\SYSTEM32\dwmapi.dll
0x000007fbfb300000 - 0x000007fbfb3e6000 	C:\Windows\system32\uxtheme.dll
0x000007fbf9430000 - 0x000007fbf954b000 	C:\Windows\SYSTEM32\aticfx64.dll
0x000007fbea290000 - 0x000007fbea2b0000 	C:\Windows\SYSTEM32\atiu9p64.dll
0x000007fbe1990000 - 0x000007fbe2046000 	C:\Windows\SYSTEM32\atiumd64.dll
0x0000000073c30000 - 0x00000000740fd000 	C:\Windows\SYSTEM32\atiumd6a.dll
0x0000000071800000 - 0x0000000071832000 	C:\Program Files\Java\jdk1.7.0_51\jre\bin\glass.dll
0x000007fbfeb90000 - 0x000007fbfec31000 	C:\Windows\system32\COMDLG32.dll
0x000007fbfc2b0000 - 0x000007fbfc2ba000 	C:\Windows\SYSTEM32\CRYPTBASE.dll
0x000007fbfc250000 - 0x000007fbfc2ac000 	C:\Windows\SYSTEM32\bcryptPrimitives.dll
0x0000000071670000 - 0x000000007170e000 	C:\Program Files\Java\jdk1.7.0_51\jre\bin\libxml2.dll
0x0000000071630000 - 0x0000000071666000 	C:\Program Files\Java\jdk1.7.0_51\jre\bin\libxslt.dll
0x000000006f870000 - 0x00000000706a8000 	C:\Program Files\Java\jdk1.7.0_51\jre\bin\jfxwebkit.dll
0x00000000732c0000 - 0x00000000732d9000 	C:\Program Files\Java\jdk1.7.0_51\jre\bin\net.dll
0x000007fbf6ea0000 - 0x000007fbf6f01000 	C:\Windows\System32\fwpuclnt.dll
0x000007fbfe170000 - 0x000007fbfe206000 	C:\Windows\SYSTEM32\clbcatq.dll
0x000007fbfafa0000 - 0x000007fbfb133000 	C:\Windows\SYSTEM32\WindowsCodecs.dll
0x000007fbedd90000 - 0x000007fbeddbe000 	C:\Program Files\Common Files\Microsoft Shared\Ink\rtscom.dll
0x00000000715e0000 - 0x0000000071630000 	C:\Program Files\Java\jdk1.7.0_51\jre\bin\javafx-font.dll
0x000007fbfbe00000 - 0x000007fbfbe1a000 	C:\Windows\SYSTEM32\CRYPTSP.dll
0x000007fbfb940000 - 0x000007fbfb98b000 	C:\Windows\system32\rsaenh.dll
0x00000000732a0000 - 0x00000000732b1000 	C:\Program Files\Java\jdk1.7.0_51\jre\bin\nio.dll
0x0000000073020000 - 0x0000000073044000 	C:\Program Files\Java\jdk1.7.0_51\jre\bin\sunec.dll
0x0000000073010000 - 0x000000007301b000 	C:\Program Files\Java\jdk1.7.0_51\jre\bin\sunmscapi.dll
0x000007fbfc750000 - 0x000007fbfc921000 	C:\Windows\system32\CRYPT32.dll
0x000007fbfc520000 - 0x000007fbfc536000 	C:\Windows\system32\MSASN1.dll
0x000007fbfbc90000 - 0x000007fbfbcaf000 	C:\Windows\SYSTEM32\USERENV.dll
0x000007fbf3f70000 - 0x000007fbf3f84000 	C:\Windows\system32\napinsp.dll
0x000007fbf3f90000 - 0x000007fbf3fa8000 	C:\Windows\system32\pnrpnsp.dll
0x000007fbfac00000 - 0x000007fbfac16000 	C:\Windows\system32\NLAapi.dll
0x000007fbf4070000 - 0x000007fbf4082000 	C:\Windows\System32\winrnr.dll
0x000007fbfa180000 - 0x000007fbfa2e3000 	C:\Windows\SYSTEM32\dbghelp.dll

VM Arguments:
jvm_args: -Dfile.encoding=UTF-8 
java_command: C:\Users\Gabriel\Documents\NetBeansProjects\QCCBrowserEx1\dist\run412264809\QCCBrowserEx1.jar
Launcher Type: SUN_STANDARD

Environment Variables:
PATH=C:\Program Files (x86)\HP SimplePass\x64;C:\Program Files (x86)\HP SimplePass\;;C:\Program Files (x86)\AMD APP\bin\x86_64;C:\Program Files (x86)\AMD APP\bin\x86;C:\Windows\system32;C:\Windows;C:\Windows\System32\Wbem;C:\Windows\System32\WindowsPowerShell\v1.0\;C:\Program Files (x86)\Windows Live\Shared;C:\Program Files (x86)\ATI Technologies\ATI.ACE\Core-Static
USERNAME=Gabriel
OS=Windows_NT
PROCESSOR_IDENTIFIER=AMD64 Family 21 Model 19 Stepping 1, AuthenticAMD



---------------  S Y S T E M  ---------------

OS: Windows 8 , 64 bit Build 9200 

CPU:total 4 (4 cores per cpu, 1 threads per core) family 21 model 19 stepping 1, cmov, cx8, fxsr, mmx, sse, sse2, sse3, ssse3, sse4.1, sse4.2, popcnt, avx, aes, mmxext, 3dnowpref, lzcnt, sse4a, tsc, tscinvbit, tscinv

Memory: 4k page, physical 7563524k(4187640k free), swap 8743172k(3998944k free)

vm_info: Java HotSpot(TM) 64-Bit Server VM (24.51-b03) for windows-amd64 JRE (1.7.0_51-b13), built on Dec 18 2013 18:40:56 by "java_re" with unknown MS VC++:1600

time: Thu Apr 03 13:48:29 2014
elapsed time: 19 seconds

