#
# A fatal error has been detected by the Java Runtime Environment:
#
#  EXCEPTION_ACCESS_VIOLATION (0xc0000005) at pc=0x000000006fb72dba, pid=5400, tid=9244
#
# JRE version: Java(TM) SE Runtime Environment (7.0_51-b13) (build 1.7.0_51-b13)
# Java VM: Java HotSpot(TM) 64-Bit Server VM (24.51-b03 mixed mode windows-amd64 compressed oops)
# Problematic frame:
# C  [jfxwebkit.dll+0x302dba]
#
# Failed to write core dump. Minidumps are not enabled by default on client versions of Windows
#
# If you would like to submit a bug report, please visit:
#   http://bugreport.sun.com/bugreport/crash.jsp
# The crash happened outside the Java Virtual Machine in native code.
# See problematic frame for where to report the bug.
#

---------------  T H R E A D  ---------------

Current thread (0x000000000be8e800):  JavaThread "JavaFX Application Thread" [_thread_in_native, id=9244, stack(0x000000000dc50000,0x000000000dd50000)]

siginfo: ExceptionCode=0xc0000005, reading address 0x0000000000000000

Registers:
RAX=0x000000001526ffc0, RBX=0x0000000000000000, RCX=0x0000000000000000, RDX=0x000000000bf545a0
RSP=0x000000000dd4e458, RBP=0x0000000000008372, RSI=0x0000000000008300, RDI=0x00000000112b9b70
R8 =0x0000000000008372, R9 =0x0000000000008372, R10=0x00000000112b9be0, R11=0x000000000dd4e300
R12=0x000000000bf545a0, R13=0x0000000088060288, R14=0x000000000dd4e748, R15=0x000000000be8e800
RIP=0x000000006fb72dba, EFLAGS=0x0000000000010206

Top of Stack: (sp=0x000000000dd4e458)
0x000000000dd4e458:   000000006fb6da3e 0000000000000000
0x000000000dd4e468:   0000000000008300 000000000dd4e748
0x000000000dd4e478:   0000000088060288 fffffffffffffffe
0x000000000dd4e488:   00000000112b9b70 0000000000000000
0x000000000dd4e498:   00000000112b9b70 0000000000008372
0x000000000dd4e4a8:   000000006fb6e6ea 000000001526ffc0
0x000000000dd4e4b8:   000000000c0a3180 000000000bf545a0
0x000000000dd4e4c8:   000000001002b160 fffffffffffffffe
0x000000000dd4e4d8:   000000001002b160 0000000000008372
0x000000000dd4e4e8:   000000000bf545a0 00000000112b9f30
0x000000000dd4e4f8:   000000006fb6e7cb 000000000c0a3180
0x000000000dd4e508:   00000000112b9b70 000000005346bcb5
0x000000000dd4e518:   00000000112b9b70 0000000000008372
0x000000000dd4e528:   000000006fb92067 000000001002b160
0x000000000dd4e538:   0000000000000000 000000000bf545a0
0x000000000dd4e548:   0000000000000000 000000000dd4e5a8 

Instructions: (pc=0x000000006fb72dba)
0x000000006fb72d9a:   00 48 8b 89 50 04 00 00 e8 e9 3c e3 ff 48 83 c4
0x000000006fb72daa:   20 5b c3 cc cc cc 4c 8b d1 48 8b 49 30 4d 8b c8
0x000000006fb72dba:   48 8b 01 4c 8b c2 49 8b d2 48 ff 60 20 cc cc cc
0x000000006fb72dca:   cc cc cc cc cc cc 48 8b 41 30 c6 40 10 01 c3 cc 


Register to memory mapping:

RAX=0x000000001526ffc0 is an unknown value
RBX=0x0000000000000000 is an unknown value
RCX=0x0000000000000000 is an unknown value
RDX=0x000000000bf545a0 is an unknown value
RSP=0x000000000dd4e458 is pointing into the stack for thread: 0x000000000be8e800
RBP=0x0000000000008372 is an unknown value
RSI=0x0000000000008300 is an unknown value
RDI=0x00000000112b9b70 is an unknown value
R8 =0x0000000000008372 is an unknown value
R9 =0x0000000000008372 is an unknown value
R10=0x00000000112b9be0 is an unknown value
R11=0x000000000dd4e300 is pointing into the stack for thread: 0x000000000be8e800
R12=0x000000000bf545a0 is an unknown value
R13=0x0000000088060288 is an oop
{method} 
 - klass: {other class}
R14=0x000000000dd4e748 is pointing into the stack for thread: 0x000000000be8e800
R15=0x000000000be8e800 is a thread


Stack: [0x000000000dc50000,0x000000000dd50000],  sp=0x000000000dd4e458,  free space=1017k
Native frames: (J=compiled Java code, j=interpreted, Vv=VM code, C=native code)
C  [jfxwebkit.dll+0x302dba]

Java frames: (J=compiled Java code, j=interpreted, Vv=VM code)
j  com.sun.webpane.webkit.network.URLLoader.twkDidReceiveData(Ljava/nio/ByteBuffer;IIJ)V+0
j  com.sun.webpane.webkit.network.URLLoader.access$1200(Ljava/nio/ByteBuffer;IIJ)V+4
j  com.sun.webpane.webkit.network.URLLoader$5.run()V+35
j  com.sun.glass.ui.InvokeLaterDispatcher$Future.run()V+4
v  ~StubRoutines::call_stub
j  com.sun.glass.ui.win.WinApplication._runLoop([Ljava/lang/String;Lcom/sun/glass/ui/Launchable;)V+0
j  com.sun.glass.ui.win.WinApplication.access$100(Lcom/sun/glass/ui/win/WinApplication;[Ljava/lang/String;Lcom/sun/glass/ui/Launchable;)V+3
j  com.sun.glass.ui.win.WinApplication$3$1.run()V+32
j  java.lang.Thread.run()V+11
v  ~StubRoutines::call_stub

---------------  P R O C E S S  ---------------

Java Threads: ( => current thread )
  0x000000001040c000 JavaThread "URL-Loader-20" daemon [_thread_blocked, id=9688, stack(0x0000000014ba0000,0x0000000014ca0000)]
  0x000000001040a000 JavaThread "URL-Loader-19" daemon [_thread_blocked, id=5044, stack(0x0000000014a80000,0x0000000014b80000)]
  0x0000000010413800 JavaThread "URL-Loader-18" daemon [_thread_blocked, id=7716, stack(0x00000000148f0000,0x00000000149f0000)]
  0x0000000010411800 JavaThread "URL-Loader-17" daemon [_thread_blocked, id=10952, stack(0x00000000147f0000,0x00000000148f0000)]
  0x0000000010417800 JavaThread "URL-Loader-16" daemon [_thread_blocked, id=8620, stack(0x00000000146f0000,0x00000000147f0000)]
  0x0000000010410800 JavaThread "URL-Loader-15" daemon [_thread_blocked, id=11168, stack(0x00000000145f0000,0x00000000146f0000)]
  0x0000000010418000 JavaThread "URL-Loader-14" daemon [_thread_blocked, id=6352, stack(0x00000000144f0000,0x00000000145f0000)]
  0x0000000010416800 JavaThread "URL-Loader-13" daemon [_thread_blocked, id=4644, stack(0x00000000143f0000,0x00000000144f0000)]
  0x000000001040d800 JavaThread "URL-Loader-12" daemon [_thread_blocked, id=5700, stack(0x00000000142f0000,0x00000000143f0000)]
  0x0000000010412000 JavaThread "URL-Loader-11" daemon [_thread_blocked, id=7228, stack(0x00000000141f0000,0x00000000142f0000)]
  0x000000001040d000 JavaThread "URL-Loader-10" daemon [_thread_blocked, id=7488, stack(0x00000000140f0000,0x00000000141f0000)]
  0x0000000010410000 JavaThread "URL-Loader-9" daemon [_thread_blocked, id=5240, stack(0x0000000013ff0000,0x00000000140f0000)]
  0x000000001040b800 JavaThread "URL-Loader-8" daemon [_thread_blocked, id=10992, stack(0x0000000013ed0000,0x0000000013fd0000)]
  0x0000000010416000 JavaThread "URL-Loader-7" daemon [_thread_blocked, id=5256, stack(0x0000000013dd0000,0x0000000013ed0000)]
  0x000000001040e800 JavaThread "URL-Loader-6" daemon [_thread_blocked, id=8688, stack(0x0000000013cc0000,0x0000000013dc0000)]
  0x0000000010409000 JavaThread "URL-Loader-5" daemon [_thread_blocked, id=2784, stack(0x0000000013bc0000,0x0000000013cc0000)]
  0x0000000010413000 JavaThread "URL-Loader-4" daemon [_thread_blocked, id=6684, stack(0x0000000013ac0000,0x0000000013bc0000)]
  0x000000001040a800 JavaThread "URL-Loader-3" daemon [_thread_blocked, id=7864, stack(0x00000000139c0000,0x0000000013ac0000)]
  0x0000000010415000 JavaThread "URL-Loader-2" daemon [_thread_in_native, id=9436, stack(0x00000000130c0000,0x00000000131c0000)]
  0x000000001040f000 JavaThread "Keep-Alive-Timer" daemon [_thread_blocked, id=3780, stack(0x0000000011ff0000,0x00000000120f0000)]
  0x000000000be8b800 JavaThread "Prism Font Disposer" daemon [_thread_blocked, id=10216, stack(0x0000000011bd0000,0x0000000011cd0000)]
  0x000000000be8a800 JavaThread "URL-Loader-1" daemon [_thread_blocked, id=11028, stack(0x0000000011ad0000,0x0000000011bd0000)]
  0x000000000be8f000 JavaThread "Disposer" daemon [_thread_blocked, id=11124, stack(0x0000000010500000,0x0000000010600000)]
  0x000000000be8a000 JavaThread "Thread-3" daemon [_thread_in_native, id=5252, stack(0x000000000fc00000,0x000000000fd00000)]
=>0x000000000be8e800 JavaThread "JavaFX Application Thread" [_thread_in_native, id=9244, stack(0x000000000dc50000,0x000000000dd50000)]
  0x000000000be8c000 JavaThread "Thread-2" daemon [_thread_blocked, id=7520, stack(0x000000000da70000,0x000000000db70000)]
  0x000000000be89000 JavaThread "Disposer" daemon [_thread_blocked, id=8396, stack(0x000000000d960000,0x000000000da60000)]
  0x000000000be8d800 JavaThread "QuantumRenderer-0" daemon [_thread_blocked, id=64, stack(0x000000000cce0000,0x000000000cde0000)]
  0x000000000be90000 JavaThread "JavaFX-Launcher" [_thread_blocked, id=4152, stack(0x000000000cbe0000,0x000000000cce0000)]
  0x000000000be8d000 JavaThread "traceMsgQueueThread" daemon [_thread_blocked, id=9568, stack(0x000000000c1e0000,0x000000000c2e0000)]
  0x000000000a468800 JavaThread "Service Thread" daemon [_thread_blocked, id=10824, stack(0x000000000bbe0000,0x000000000bce0000)]
  0x000000000a465000 JavaThread "C2 CompilerThread1" daemon [_thread_blocked, id=7224, stack(0x000000000bae0000,0x000000000bbe0000)]
  0x000000000a462800 JavaThread "C2 CompilerThread0" daemon [_thread_blocked, id=4840, stack(0x000000000b9e0000,0x000000000bae0000)]
  0x000000000a461800 JavaThread "Attach Listener" daemon [_thread_blocked, id=10496, stack(0x000000000b8e0000,0x000000000b9e0000)]
  0x000000000a45e800 JavaThread "Signal Dispatcher" daemon [_thread_blocked, id=6344, stack(0x000000000b7e0000,0x000000000b8e0000)]
  0x000000000a42d800 JavaThread "Finalizer" daemon [_thread_blocked, id=3860, stack(0x000000000b6e0000,0x000000000b7e0000)]
  0x000000000a422000 JavaThread "Reference Handler" daemon [_thread_blocked, id=10716, stack(0x000000000b5e0000,0x000000000b6e0000)]
  0x00000000026c0800 JavaThread "main" [_thread_blocked, id=4776, stack(0x00000000025c0000,0x00000000026c0000)]

Other Threads:
  0x000000000a420000 VMThread [stack: 0x000000000b4e0000,0x000000000b5e0000] [id=6052]
  0x000000000a488000 WatcherThread [stack: 0x000000000bce0000,0x000000000bde0000] [id=9252]

VM state:not at safepoint (normal execution)

VM Mutex/Monitor currently owned by a thread: None

Heap
 PSYoungGen      total 129024K, used 32556K [0x00000000d9800000, 0x00000000e9f00000, 0x0000000100000000)
  eden space 120832K, 20% used [0x00000000d9800000,0x00000000dafcf560,0x00000000e0e00000)
  from space 8192K, 99% used [0x00000000e0e00000,0x00000000e15fbe10,0x00000000e1600000)
  to   space 13824K, 0% used [0x00000000e9180000,0x00000000e9180000,0x00000000e9f00000)
 ParOldGen       total 78848K, used 14806K [0x000000008c800000, 0x0000000091500000, 0x00000000d9800000)
  object space 78848K, 18% used [0x000000008c800000,0x000000008d675990,0x0000000091500000)
 PSPermGen       total 22528K, used 22519K [0x0000000087600000, 0x0000000088c00000, 0x000000008c800000)
  object space 22528K, 99% used [0x0000000087600000,0x0000000088bfdf30,0x0000000088c00000)

Card table byte_map: [0x0000000005880000,0x0000000005c50000] byte_map_base: 0x0000000005445000

Polling page: 0x0000000000c90000

Code Cache  [0x00000000027c0000, 0x0000000002a30000, 0x00000000057c0000)
 total_blobs=1070 nmethods=437 adapters=585 free_code_cache=47669Kb largest_free_block=48777984

Compilation events (10 events):
Event: 18.128 Thread 0x000000000a462800  470             com.sun.javafx.geom.Point2D::setLocation (11 bytes)
Event: 18.129 Thread 0x000000000a462800 nmethod 470 0x000000000292b290 code [0x000000000292b3c0, 0x000000000292b418]
Event: 18.160 Thread 0x000000000a465000  471             javafx.scene.Node::updateLocalToParentTransform (255 bytes)
Event: 18.181 Thread 0x000000000a465000 nmethod 471 0x0000000002938490 code [0x00000000029387c0, 0x0000000002938fd8]
Event: 18.532 Thread 0x000000000a462800  472             java.lang.ref.Reference::<init> (25 bytes)
Event: 18.533 Thread 0x000000000a462800 nmethod 472 0x000000000292b050 code [0x000000000292b180, 0x000000000292b218]
Event: 19.096 Thread 0x000000000a465000  473             com.sun.openpisces.Renderer::curveBreakIntoLinesAndAdd (365 bytes)
Event: 19.103 Thread 0x000000000a465000 nmethod 473 0x0000000002937d90 code [0x0000000002937fa0, 0x0000000002938328]
Event: 19.188 Thread 0x000000000a462800  474             java.util.WeakHashMap::indexFor (6 bytes)
Event: 19.188 Thread 0x000000000a462800 nmethod 474 0x000000000283e010 code [0x000000000283e140, 0x000000000283e178]

GC Heap History (10 events):
Event: 6.021 GC heap before
{Heap before GC invocations=3 (full 0):
 PSYoungGen      total 34816K, used 34764K [0x00000000d9800000, 0x00000000ddc00000, 0x0000000100000000)
  eden space 30208K, 99% used [0x00000000d9800000,0x00000000db578ae0,0x00000000db580000)
  from space 4608K, 99% used [0x00000000dba00000,0x00000000dbe7a880,0x00000000dbe80000)
  to   space 4608K, 0% used [0x00000000db580000,0x00000000db580000,0x00000000dba00000)
 ParOldGen       total 78848K, used 3708K [0x000000008c800000, 0x0000000091500000, 0x00000000d9800000)
  object space 78848K, 4% used [0x000000008c800000,0x000000008cb9f3f8,0x0000000091500000)
 PSPermGen       total 21504K, used 18282K [0x0000000087600000, 0x0000000088b00000, 0x000000008c800000)
  object space 21504K, 85% used [0x0000000087600000,0x00000000887dab28,0x0000000088b00000)
Event: 6.035 GC heap after
Heap after GC invocations=3 (full 0):
 PSYoungGen      total 34816K, used 4601K [0x00000000d9800000, 0x00000000ddc00000, 0x0000000100000000)
  eden space 30208K, 0% used [0x00000000d9800000,0x00000000d9800000,0x00000000db580000)
  from space 4608K, 99% used [0x00000000db580000,0x00000000db9fe600,0x00000000dba00000)
  to   space 4608K, 0% used [0x00000000dd780000,0x00000000dd780000,0x00000000ddc00000)
 ParOldGen       total 78848K, used 3780K [0x000000008c800000, 0x0000000091500000, 0x00000000d9800000)
  object space 78848K, 4% used [0x000000008c800000,0x000000008cbb13f8,0x0000000091500000)
 PSPermGen       total 21504K, used 18282K [0x0000000087600000, 0x0000000088b00000, 0x000000008c800000)
  object space 21504K, 85% used [0x0000000087600000,0x00000000887dab28,0x0000000088b00000)
}
Event: 6.060 GC heap before
{Heap before GC invocations=4 (full 0):
 PSYoungGen      total 34816K, used 34732K [0x00000000d9800000, 0x00000000ddc00000, 0x0000000100000000)
  eden space 30208K, 99% used [0x00000000d9800000,0x00000000db56ccc8,0x00000000db580000)
  from space 4608K, 99% used [0x00000000db580000,0x00000000db9fe600,0x00000000dba00000)
  to   space 4608K, 0% used [0x00000000dd780000,0x00000000dd780000,0x00000000ddc00000)
 ParOldGen       total 78848K, used 3780K [0x000000008c800000, 0x0000000091500000, 0x00000000d9800000)
  object space 78848K, 4% used [0x000000008c800000,0x000000008cbb13f8,0x0000000091500000)
 PSPermGen       total 21504K, used 18282K [0x0000000087600000, 0x0000000088b00000, 0x000000008c800000)
  object space 21504K, 85% used [0x0000000087600000,0x00000000887dab28,0x0000000088b00000)
Event: 6.075 GC heap after
Heap after GC invocations=4 (full 0):
 PSYoungGen      total 65024K, used 4576K [0x00000000d9800000, 0x00000000ddc00000, 0x0000000100000000)
  eden space 60416K, 0% used [0x00000000d9800000,0x00000000d9800000,0x00000000dd300000)
  from space 4608K, 99% used [0x00000000dd780000,0x00000000ddbf8038,0x00000000ddc00000)
  to   space 4608K, 0% used [0x00000000dd300000,0x00000000dd300000,0x00000000dd780000)
 ParOldGen       total 78848K, used 3820K [0x000000008c800000, 0x0000000091500000, 0x00000000d9800000)
  object space 78848K, 4% used [0x000000008c800000,0x000000008cbbb3f8,0x0000000091500000)
 PSPermGen       total 21504K, used 18282K [0x0000000087600000, 0x0000000088b00000, 0x000000008c800000)
  object space 21504K, 85% used [0x0000000087600000,0x00000000887dab28,0x0000000088b00000)
}
Event: 6.133 GC heap before
{Heap before GC invocations=5 (full 0):
 PSYoungGen      total 65024K, used 64946K [0x00000000d9800000, 0x00000000ddc00000, 0x0000000100000000)
  eden space 60416K, 99% used [0x00000000d9800000,0x00000000dd2f4aa8,0x00000000dd300000)
  from space 4608K, 99% used [0x00000000dd780000,0x00000000ddbf8038,0x00000000ddc00000)
  to   space 4608K, 0% used [0x00000000dd300000,0x00000000dd300000,0x00000000dd780000)
 ParOldGen       total 78848K, used 3820K [0x000000008c800000, 0x0000000091500000, 0x00000000d9800000)
  object space 78848K, 4% used [0x000000008c800000,0x000000008cbbb3f8,0x0000000091500000)
 PSPermGen       total 21504K, used 18282K [0x0000000087600000, 0x0000000088b00000, 0x000000008c800000)
  object space 21504K, 85% used [0x0000000087600000,0x00000000887dab28,0x0000000088b00000)
Event: 6.150 GC heap after
Heap after GC invocations=5 (full 0):
 PSYoungGen      total 65024K, used 4607K [0x00000000d9800000, 0x00000000e1e00000, 0x0000000100000000)
  eden space 60416K, 0% used [0x00000000d9800000,0x00000000d9800000,0x00000000dd300000)
  from space 4608K, 99% used [0x00000000dd300000,0x00000000dd77fd48,0x00000000dd780000)
  to   space 8192K, 0% used [0x00000000e1600000,0x00000000e1600000,0x00000000e1e00000)
 ParOldGen       total 78848K, used 3852K [0x000000008c800000, 0x0000000091500000, 0x00000000d9800000)
  object space 78848K, 4% used [0x000000008c800000,0x000000008cbc33f8,0x0000000091500000)
 PSPermGen       total 21504K, used 18282K [0x0000000087600000, 0x0000000088b00000, 0x000000008c800000)
  object space 21504K, 85% used [0x0000000087600000,0x00000000887dab28,0x0000000088b00000)
}
Event: 6.197 GC heap before
{Heap before GC invocations=6 (full 0):
 PSYoungGen      total 65024K, used 64962K [0x00000000d9800000, 0x00000000e1e00000, 0x0000000100000000)
  eden space 60416K, 99% used [0x00000000d9800000,0x00000000dd2f0ba8,0x00000000dd300000)
  from space 4608K, 99% used [0x00000000dd300000,0x00000000dd77fd48,0x00000000dd780000)
  to   space 8192K, 0% used [0x00000000e1600000,0x00000000e1600000,0x00000000e1e00000)
 ParOldGen       total 78848K, used 3852K [0x000000008c800000, 0x0000000091500000, 0x00000000d9800000)
  object space 78848K, 4% used [0x000000008c800000,0x000000008cbc33f8,0x0000000091500000)
 PSPermGen       total 21504K, used 18282K [0x0000000087600000, 0x0000000088b00000, 0x000000008c800000)
  object space 21504K, 85% used [0x0000000087600000,0x00000000887dab28,0x0000000088b00000)
Event: 6.215 GC heap after
Heap after GC invocations=6 (full 0):
 PSYoungGen      total 129024K, used 4670K [0x00000000d9800000, 0x00000000e1e00000, 0x0000000100000000)
  eden space 120832K, 0% used [0x00000000d9800000,0x00000000d9800000,0x00000000e0e00000)
  from space 8192K, 57% used [0x00000000e1600000,0x00000000e1a8f968,0x00000000e1e00000)
  to   space 8192K, 0% used [0x00000000e0e00000,0x00000000e0e00000,0x00000000e1600000)
 ParOldGen       total 78848K, used 3852K [0x000000008c800000, 0x0000000091500000, 0x00000000d9800000)
  object space 78848K, 4% used [0x000000008c800000,0x000000008cbc33f8,0x0000000091500000)
 PSPermGen       total 21504K, used 18282K [0x0000000087600000, 0x0000000088b00000, 0x000000008c800000)
  object space 21504K, 85% used [0x0000000087600000,0x00000000887dab28,0x0000000088b00000)
}
Event: 8.532 GC heap before
{Heap before GC invocations=7 (full 0):
 PSYoungGen      total 129024K, used 124192K [0x00000000d9800000, 0x00000000e1e00000, 0x0000000100000000)
  eden space 120832K, 98% used [0x00000000d9800000,0x00000000e0cb8820,0x00000000e0e00000)
  from space 8192K, 57% used [0x00000000e1600000,0x00000000e1a8f968,0x00000000e1e00000)
  to   space 8192K, 0% used [0x00000000e0e00000,0x00000000e0e00000,0x00000000e1600000)
 ParOldGen       total 78848K, used 5259K [0x000000008c800000, 0x0000000091500000, 0x00000000d9800000)
  object space 78848K, 6% used [0x000000008c800000,0x000000008cd22f60,0x0000000091500000)
 PSPermGen       total 22528K, used 22100K [0x0000000087600000, 0x0000000088c00000, 0x000000008c800000)
  object space 22528K, 98% used [0x0000000087600000,0x0000000088b95170,0x0000000088c00000)
Event: 8.567 GC heap after
Heap after GC invocations=7 (full 0):
 PSYoungGen      total 129024K, used 8175K [0x00000000d9800000, 0x00000000e9f00000, 0x0000000100000000)
  eden space 120832K, 0% used [0x00000000d9800000,0x00000000d9800000,0x00000000e0e00000)
  from space 8192K, 99% used [0x00000000e0e00000,0x00000000e15fbe10,0x00000000e1600000)
  to   space 13824K, 0% used [0x00000000e9180000,0x00000000e9180000,0x00000000e9f00000)
 ParOldGen       total 78848K, used 14806K [0x000000008c800000, 0x0000000091500000, 0x00000000d9800000)
  object space 78848K, 18% used [0x000000008c800000,0x000000008d675990,0x0000000091500000)
 PSPermGen       total 22528K, used 22100K [0x0000000087600000, 0x0000000088c00000, 0x000000008c800000)
  object space 22528K, 98% used [0x0000000087600000,0x0000000088b95170,0x0000000088c00000)
}

Deoptimization events (10 events):
Event: 7.052 Thread 0x0000000010413000 Uncommon trap: reason=class_check action=maybe_recompile pc=0x00000000028bec60 method=java.util.regex.Pattern$BmpCharProperty.match(Ljava/util/regex/Matcher;ILjava/lang/CharSequence;)Z @ 16
Event: 7.682 Thread 0x000000000be8e800 Uncommon trap: reason=bimorphic action=maybe_recompile pc=0x00000000028df6c0 method=java.io.FilterInputStream.read()I @ 4
Event: 7.682 Thread 0x000000000be8e800 Uncommon trap: reason=bimorphic action=maybe_recompile pc=0x00000000028df6c0 method=java.io.FilterInputStream.read()I @ 4
Event: 7.682 Thread 0x000000000be8e800 Uncommon trap: reason=bimorphic action=maybe_recompile pc=0x00000000028df6c0 method=java.io.FilterInputStream.read()I @ 4
Event: 7.682 Thread 0x000000000be8e800 Uncommon trap: reason=bimorphic action=maybe_recompile pc=0x00000000028df6c0 method=java.io.FilterInputStream.read()I @ 4
Event: 8.798 Thread 0x000000000be8e800 Uncommon trap: reason=array_check action=maybe_recompile pc=0x00000000028fc174 method=java.util.Arrays.fill([Ljava/lang/Object;Ljava/lang/Object;)V @ 13
Event: 8.798 Thread 0x000000000be8e800 Uncommon trap: reason=array_check action=maybe_recompile pc=0x00000000028fc174 method=java.util.Arrays.fill([Ljava/lang/Object;Ljava/lang/Object;)V @ 13
Event: 8.798 Thread 0x000000000be8e800 Uncommon trap: reason=array_check action=maybe_recompile pc=0x00000000028fc174 method=java.util.Arrays.fill([Ljava/lang/Object;Ljava/lang/Object;)V @ 13
Event: 8.892 Thread 0x000000000be8e800 Uncommon trap: reason=array_check action=maybe_recompile pc=0x00000000028fc174 method=java.util.Arrays.fill([Ljava/lang/Object;Ljava/lang/Object;)V @ 13
Event: 11.832 Thread 0x000000001040e800 Uncommon trap: reason=unreached action=reinterpret pc=0x00000000028dfbe8 method=java.util.Arrays.equals([B[B)Z @ 12

Internal exceptions (10 events):
Event: 6.700 Thread 0x000000000be8e800 Threw 0x00000000dd682740 at C:\re\jdk7u51\527\hotspot\src\share\vm\prims\jni.cpp:717
Event: 6.705 Thread 0x000000000be8e800 Threw 0x00000000dd687d80 at C:\re\jdk7u51\527\hotspot\src\share\vm\prims\jni.cpp:717
Event: 6.708 Thread 0x000000000be8e800 Threw 0x00000000dd68be78 at C:\re\jdk7u51\527\hotspot\src\share\vm\prims\jni.cpp:717
Event: 9.332 Thread 0x000000000be8e800 Threw 0x00000000d9991cb8 at C:\re\jdk7u51\527\hotspot\src\share\vm\classfile\systemDictionary.cpp:185
Event: 9.333 Thread 0x000000000be8e800 Threw 0x00000000d9992a90 at C:\re\jdk7u51\527\hotspot\src\share\vm\prims\jvm.cpp:1244
Event: 9.333 Thread 0x000000000be8e800 Threw 0x00000000d9992f00 at C:\re\jdk7u51\527\hotspot\src\share\vm\prims\jvm.cpp:1244
Event: 9.333 Thread 0x000000000be8e800 Threw 0x00000000d9993718 at C:\re\jdk7u51\527\hotspot\src\share\vm\classfile\systemDictionary.cpp:185
Event: 9.333 Thread 0x000000000be8e800 Threw 0x00000000d9993c88 at C:\re\jdk7u51\527\hotspot\src\share\vm\prims\jvm.cpp:1244
Event: 9.334 Thread 0x000000000be8e800 Threw 0x00000000d99940f8 at C:\re\jdk7u51\527\hotspot\src\share\vm\prims\jvm.cpp:1244
Event: 11.832 Thread 0x000000001040e800 Implicit null exception at 0x00000000028dfa98 to 0x00000000028dfbd5

Events (10 events):
Event: 19.186 Executing VM operation: RevokeBias
Event: 19.186 Executing VM operation: RevokeBias done
Event: 19.186 Executing VM operation: RevokeBias
Event: 19.186 Executing VM operation: RevokeBias done
Event: 19.186 Executing VM operation: RevokeBias
Event: 19.186 Executing VM operation: RevokeBias done
Event: 19.187 Executing VM operation: RevokeBias
Event: 19.187 Executing VM operation: RevokeBias done
Event: 19.187 Executing VM operation: RevokeBias
Event: 19.187 Executing VM operation: RevokeBias done


Dynamic libraries:
0x000007f6d1260000 - 0x000007f6d1293000 	C:\Program Files\Java\jdk1.7.0_51\jre\bin\java.exe
0x000007fbff5c0000 - 0x000007fbff780000 	C:\Windows\SYSTEM32\ntdll.dll
0x000007fbfede0000 - 0x000007fbfef16000 	C:\Windows\system32\KERNEL32.DLL
0x000007fbfc650000 - 0x000007fbfc743000 	C:\Windows\system32\KERNELBASE.dll
0x000007fbfef20000 - 0x000007fbfeffe000 	C:\Windows\system32\ADVAPI32.dll
0x000007fbfdd60000 - 0x000007fbfdeac000 	C:\Windows\system32\USER32.dll
0x000007fbf9b60000 - 0x000007fbf9dca000 	C:\Windows\WinSxS\amd64_microsoft.windows.common-controls_6595b64144ccf1df_6.0.9200.16579_none_418ab7ef718b27ef\COMCTL32.dll
0x000007fbff160000 - 0x000007fbff205000 	C:\Windows\system32\msvcrt.dll
0x000007fbfeb40000 - 0x000007fbfeb88000 	C:\Windows\SYSTEM32\sechost.dll
0x000007fbff010000 - 0x000007fbff155000 	C:\Windows\system32\RPCRT4.dll
0x000007fbfe220000 - 0x000007fbfe361000 	C:\Windows\system32\GDI32.dll
0x000007fbfdf00000 - 0x000007fbfdf39000 	C:\Windows\system32\IMM32.DLL
0x000007fbfea20000 - 0x000007fbfeb36000 	C:\Windows\system32\MSCTF.dll
0x0000000073380000 - 0x0000000073452000 	C:\Program Files\Java\jdk1.7.0_51\jre\bin\msvcr100.dll
0x0000000073460000 - 0x0000000073c29000 	C:\Program Files\Java\jdk1.7.0_51\jre\bin\server\jvm.dll
0x000007fbfa4d0000 - 0x000007fbfa4d9000 	C:\Windows\SYSTEM32\WSOCK32.dll
0x000007fbfa4f0000 - 0x000007fbfa510000 	C:\Windows\SYSTEM32\WINMM.dll
0x000007fbfe440000 - 0x000007fbfe447000 	C:\Windows\system32\PSAPI.DLL
0x000007fbff3b0000 - 0x000007fbff408000 	C:\Windows\system32\WS2_32.dll
0x000007fbf9740000 - 0x000007fbf9773000 	C:\Windows\SYSTEM32\WINMMBASE.dll
0x000007fbfe780000 - 0x000007fbfe789000 	C:\Windows\system32\NSI.dll
0x000007fbfc960000 - 0x000007fbfc9af000 	C:\Windows\SYSTEM32\cfgmgr32.dll
0x000007fbfc930000 - 0x000007fbfc952000 	C:\Windows\system32\DEVOBJ.dll
0x0000000073330000 - 0x000000007333f000 	C:\Program Files\Java\jdk1.7.0_51\jre\bin\verify.dll
0x0000000073300000 - 0x0000000073328000 	C:\Program Files\Java\jdk1.7.0_51\jre\bin\java.dll
0x00000000732e0000 - 0x00000000732f5000 	C:\Program Files\Java\jdk1.7.0_51\jre\bin\zip.dll
0x0000000071810000 - 0x0000000071888000 	C:\Program Files\Java\jdk1.7.0_51\jre\bin\deploy.dll
0x000007fbfec40000 - 0x000007fbfedbe000 	C:\Windows\system32\ole32.dll
0x000007fbfe370000 - 0x000007fbfe433000 	C:\Windows\system32\OLEAUT32.dll
0x000007fbf95c0000 - 0x000007fbf95c9000 	C:\Windows\SYSTEM32\VERSION.dll
0x000007fbfdf40000 - 0x000007fbfe16d000 	C:\Windows\system32\WININET.dll
0x000007fbfe620000 - 0x000007fbfe779000 	C:\Windows\system32\urlmon.dll
0x000007fbff410000 - 0x000007fbff5c0000 	C:\Windows\SYSTEM32\combase.dll
0x000007fbfe790000 - 0x000007fbfea1c000 	C:\Windows\system32\iertutil.dll
0x000007fbfdeb0000 - 0x000007fbfdf00000 	C:\Windows\system32\SHLWAPI.dll
0x000007fbfc9b0000 - 0x000007fbfdc8f000 	C:\Windows\system32\SHELL32.dll
0x000007fbface0000 - 0x000007fbfad75000 	C:\Windows\SYSTEM32\SHCORE.dll
0x000007fbfc470000 - 0x000007fbfc485000 	C:\Windows\SYSTEM32\profapi.dll
0x000007fbf4a40000 - 0x000007fbf4a4b000 	C:\Windows\SYSTEM32\Secur32.dll
0x000007fbfc0d0000 - 0x000007fbfc0fc000 	C:\Windows\SYSTEM32\SSPICLI.DLL
0x000007fbf57f0000 - 0x000007fbf58a1000 	C:\Windows\SYSTEM32\winhttp.dll
0x000007fbfbcb0000 - 0x000007fbfbd0c000 	C:\Windows\system32\mswsock.dll
0x000007fbf7770000 - 0x000007fbf779a000 	C:\Windows\SYSTEM32\IPHLPAPI.DLL
0x000007fbf7630000 - 0x000007fbf763a000 	C:\Windows\SYSTEM32\WINNSI.DLL
0x000007fbfbac0000 - 0x000007fbfbb58000 	C:\Windows\SYSTEM32\DNSAPI.dll
0x0000000074100000 - 0x0000000074126000 	C:\Program Files\Bonjour\mdnsNSP.dll
0x000007fbf4ba0000 - 0x000007fbf4ba8000 	C:\Windows\System32\rasadhlp.dll
0x000007fbf6b60000 - 0x000007fbf6b73000 	C:\Windows\SYSTEM32\dhcpcsvc6.DLL
0x000007fbf6b40000 - 0x000007fbf6b58000 	C:\Windows\SYSTEM32\dhcpcsvc.DLL
0x0000000071800000 - 0x000000007180f000 	C:\Program Files\Java\jdk1.7.0_51\jre\bin\prism-d3d.dll
0x000007fbe2050000 - 0x000007fbe2250000 	C:\Windows\system32\d3d9.dll
0x000007fbfa5e0000 - 0x000007fbfa601000 	C:\Windows\SYSTEM32\dwmapi.dll
0x000007fbfb300000 - 0x000007fbfb3e6000 	C:\Windows\system32\uxtheme.dll
0x000007fbf9430000 - 0x000007fbf954b000 	C:\Windows\SYSTEM32\aticfx64.dll
0x000007fbea290000 - 0x000007fbea2b0000 	C:\Windows\SYSTEM32\atiu9p64.dll
0x000007fbe1990000 - 0x000007fbe2046000 	C:\Windows\SYSTEM32\atiumd64.dll
0x0000000073c30000 - 0x00000000740fd000 	C:\Windows\SYSTEM32\atiumd6a.dll
0x00000000716d0000 - 0x0000000071702000 	C:\Program Files\Java\jdk1.7.0_51\jre\bin\glass.dll
0x000007fbfeb90000 - 0x000007fbfec31000 	C:\Windows\system32\COMDLG32.dll
0x000007fbfc2b0000 - 0x000007fbfc2ba000 	C:\Windows\SYSTEM32\CRYPTBASE.dll
0x000007fbfc250000 - 0x000007fbfc2ac000 	C:\Windows\SYSTEM32\bcryptPrimitives.dll
0x0000000071630000 - 0x00000000716ce000 	C:\Program Files\Java\jdk1.7.0_51\jre\bin\libxml2.dll
0x00000000715f0000 - 0x0000000071626000 	C:\Program Files\Java\jdk1.7.0_51\jre\bin\libxslt.dll
0x000000006f870000 - 0x00000000706a8000 	C:\Program Files\Java\jdk1.7.0_51\jre\bin\jfxwebkit.dll
0x00000000732c0000 - 0x00000000732d9000 	C:\Program Files\Java\jdk1.7.0_51\jre\bin\net.dll
0x000007fbfe170000 - 0x000007fbfe206000 	C:\Windows\SYSTEM32\clbcatq.dll
0x000007fbfafa0000 - 0x000007fbfb133000 	C:\Windows\SYSTEM32\WindowsCodecs.dll
0x000007fbefa70000 - 0x000007fbefa9e000 	C:\Program Files\Common Files\Microsoft Shared\Ink\rtscom.dll
0x00000000715a0000 - 0x00000000715f0000 	C:\Program Files\Java\jdk1.7.0_51\jre\bin\javafx-font.dll
0x000007fbf6ea0000 - 0x000007fbf6f01000 	C:\Windows\System32\fwpuclnt.dll
0x000007fbfbe00000 - 0x000007fbfbe1a000 	C:\Windows\SYSTEM32\CRYPTSP.dll
0x000007fbfb940000 - 0x000007fbfb98b000 	C:\Windows\system32\rsaenh.dll
0x00000000732a0000 - 0x00000000732b1000 	C:\Program Files\Java\jdk1.7.0_51\jre\bin\nio.dll
0x0000000073020000 - 0x0000000073044000 	C:\Program Files\Java\jdk1.7.0_51\jre\bin\sunec.dll
0x0000000073010000 - 0x000000007301b000 	C:\Program Files\Java\jdk1.7.0_51\jre\bin\sunmscapi.dll
0x000007fbfc750000 - 0x000007fbfc921000 	C:\Windows\system32\CRYPT32.dll
0x000007fbfc520000 - 0x000007fbfc536000 	C:\Windows\system32\MSASN1.dll
0x000007fbfbc90000 - 0x000007fbfbcaf000 	C:\Windows\SYSTEM32\USERENV.dll
0x000007fbf3f70000 - 0x000007fbf3f84000 	C:\Windows\system32\napinsp.dll
0x000007fbf3f90000 - 0x000007fbf3fa8000 	C:\Windows\system32\pnrpnsp.dll
0x000007fbfac00000 - 0x000007fbfac16000 	C:\Windows\system32\NLAapi.dll
0x000007fbf4070000 - 0x000007fbf4082000 	C:\Windows\System32\winrnr.dll
0x000007fbfa180000 - 0x000007fbfa2e3000 	C:\Windows\SYSTEM32\dbghelp.dll

VM Arguments:
jvm_args: -Dfile.encoding=UTF-8 
java_command: C:\Users\Gabriel\Documents\NetBeansProjects\QCCBrowserEx1\dist\run180746919\QCCBrowserEx1.jar
Launcher Type: SUN_STANDARD

Environment Variables:
PATH=C:\Program Files (x86)\HP SimplePass\x64;C:\Program Files (x86)\HP SimplePass\;;C:\Program Files (x86)\AMD APP\bin\x86_64;C:\Program Files (x86)\AMD APP\bin\x86;C:\Windows\system32;C:\Windows;C:\Windows\System32\Wbem;C:\Windows\System32\WindowsPowerShell\v1.0\;C:\Program Files (x86)\Windows Live\Shared;C:\Program Files (x86)\ATI Technologies\ATI.ACE\Core-Static
USERNAME=Gabriel
OS=Windows_NT
PROCESSOR_IDENTIFIER=AMD64 Family 21 Model 19 Stepping 1, AuthenticAMD



---------------  S Y S T E M  ---------------

OS: Windows 8 , 64 bit Build 9200 

CPU:total 4 (4 cores per cpu, 1 threads per core) family 21 model 19 stepping 1, cmov, cx8, fxsr, mmx, sse, sse2, sse3, ssse3, sse4.1, sse4.2, popcnt, avx, aes, mmxext, 3dnowpref, lzcnt, sse4a, tsc, tscinvbit, tscinv

Memory: 4k page, physical 7563524k(3474272k free), swap 8743172k(3531008k free)

vm_info: Java HotSpot(TM) 64-Bit Server VM (24.51-b03) for windows-amd64 JRE (1.7.0_51-b13), built on Dec 18 2013 18:40:56 by "java_re" with unknown MS VC++:1600

time: Thu Apr 10 11:45:57 2014
elapsed time: 19 seconds

