#
# A fatal error has been detected by the Java Runtime Environment:
#
#  EXCEPTION_ACCESS_VIOLATION (0xc0000005) at pc=0x000000006fb02dba, pid=2376, tid=4860
#
# JRE version: Java(TM) SE Runtime Environment (7.0_51-b13) (build 1.7.0_51-b13)
# Java VM: Java HotSpot(TM) 64-Bit Server VM (24.51-b03 mixed mode windows-amd64 compressed oops)
# Problematic frame:
# C  [jfxwebkit.dll+0x302dba]
#
# Failed to write core dump. Minidumps are not enabled by default on client versions of Windows
#
# If you would like to submit a bug report, please visit:
#   http://bugreport.sun.com/bugreport/crash.jsp
# The crash happened outside the Java Virtual Machine in native code.
# See problematic frame for where to report the bug.
#

---------------  T H R E A D  ---------------

Current thread (0x000000000c07a800):  JavaThread "JavaFX Application Thread" [_thread_in_native, id=4860, stack(0x000000000dbd0000,0x000000000dcd0000)]

siginfo: ExceptionCode=0xc0000005, reading address 0x0000000000000000

Registers:
RAX=0x0000000010ad3b80, RBX=0x0000000000000000, RCX=0x0000000000000000, RDX=0x000000001023efd0
RSP=0x000000000dcce638, RBP=0x0000000000008372, RSI=0x0000000000008300, RDI=0x0000000010fe5880
R8 =0x0000000000008372, R9 =0x0000000000008372, R10=0x0000000010fe58f0, R11=0x000000000dcce4e0
R12=0x000000001023efd0, R13=0x0000000088151868, R14=0x000000000dcce928, R15=0x000000000c07a800
RIP=0x000000006fb02dba, EFLAGS=0x0000000000010206

Top of Stack: (sp=0x000000000dcce638)
0x000000000dcce638:   000000006fafda3e 0000000000000000
0x000000000dcce648:   0000000000008300 000000000dcce928
0x000000000dcce658:   0000000088151868 fffffffffffffffe
0x000000000dcce668:   0000000010fe5880 0000000000000000
0x000000000dcce678:   0000000010fe5880 0000000000008372
0x000000000dcce688:   000000006fafe6ea 0000000010ad3b80
0x000000000dcce698:   000000000c515190 000000001023efd0
0x000000000dcce6a8:   000000000c162e10 fffffffffffffffe
0x000000000dcce6b8:   000000000c162e10 0000000000008372
0x000000000dcce6c8:   000000001023efd0 0000000010fe5c40
0x000000000dcce6d8:   000000006fafe7cb 000000000c515190
0x000000000dcce6e8:   0000000010fe5880 0000000053472240
0x000000000dcce6f8:   0000000010fe5880 0000000000008372
0x000000000dcce708:   000000006fb22067 000000000c162e10
0x000000000dcce718:   0000000000000000 000000001023efd0
0x000000000dcce728:   0000000000000000 000000008772fcf1 

Instructions: (pc=0x000000006fb02dba)
0x000000006fb02d9a:   00 48 8b 89 50 04 00 00 e8 e9 3c e3 ff 48 83 c4
0x000000006fb02daa:   20 5b c3 cc cc cc 4c 8b d1 48 8b 49 30 4d 8b c8
0x000000006fb02dba:   48 8b 01 4c 8b c2 49 8b d2 48 ff 60 20 cc cc cc
0x000000006fb02dca:   cc cc cc cc cc cc 48 8b 41 30 c6 40 10 01 c3 cc 


Register to memory mapping:

RAX=0x0000000010ad3b80 is an unknown value
RBX=0x0000000000000000 is an unknown value
RCX=0x0000000000000000 is an unknown value
RDX=0x000000001023efd0 is an unknown value
RSP=0x000000000dcce638 is pointing into the stack for thread: 0x000000000c07a800
RBP=0x0000000000008372 is an unknown value
RSI=0x0000000000008300 is an unknown value
RDI=0x0000000010fe5880 is an unknown value
R8 =0x0000000000008372 is an unknown value
R9 =0x0000000000008372 is an unknown value
R10=0x0000000010fe58f0 is an unknown value
R11=0x000000000dcce4e0 is pointing into the stack for thread: 0x000000000c07a800
R12=0x000000001023efd0 is an unknown value
R13=0x0000000088151868 is an oop
{method} 
 - klass: {other class}
R14=0x000000000dcce928 is pointing into the stack for thread: 0x000000000c07a800
R15=0x000000000c07a800 is a thread


Stack: [0x000000000dbd0000,0x000000000dcd0000],  sp=0x000000000dcce638,  free space=1017k
Native frames: (J=compiled Java code, j=interpreted, Vv=VM code, C=native code)
C  [jfxwebkit.dll+0x302dba]

Java frames: (J=compiled Java code, j=interpreted, Vv=VM code)
j  com.sun.webpane.webkit.network.URLLoader.twkDidReceiveData(Ljava/nio/ByteBuffer;IIJ)V+0
j  com.sun.webpane.webkit.network.URLLoader.access$1200(Ljava/nio/ByteBuffer;IIJ)V+4
j  com.sun.webpane.webkit.network.URLLoader$5.run()V+35
j  com.sun.glass.ui.InvokeLaterDispatcher$Future.run()V+4
v  ~StubRoutines::call_stub
j  com.sun.glass.ui.win.WinApplication._runLoop([Ljava/lang/String;Lcom/sun/glass/ui/Launchable;)V+0
j  com.sun.glass.ui.win.WinApplication.access$100(Lcom/sun/glass/ui/win/WinApplication;[Ljava/lang/String;Lcom/sun/glass/ui/Launchable;)V+3
j  com.sun.glass.ui.win.WinApplication$3$1.run()V+32
j  java.lang.Thread.run()V+11
v  ~StubRoutines::call_stub

---------------  P R O C E S S  ---------------

Java Threads: ( => current thread )
  0x000000000c07d800 JavaThread "URL-Loader-40" daemon [_thread_blocked, id=3468, stack(0x0000000015a00000,0x0000000015b00000)]
  0x000000000c256000 JavaThread "URL-Loader-39" daemon [_thread_blocked, id=4172, stack(0x00000000143b0000,0x00000000144b0000)]
  0x000000000c254800 JavaThread "URL-Loader-38" daemon [_thread_blocked, id=4352, stack(0x0000000014150000,0x0000000014250000)]
  0x000000000c25e000 JavaThread "URL-Loader-37" daemon [_thread_blocked, id=3904, stack(0x0000000014030000,0x0000000014130000)]
  0x000000000c253000 JavaThread "URL-Loader-36" daemon [_thread_blocked, id=2936, stack(0x0000000013e10000,0x0000000013f10000)]
  0x000000000c25c800 JavaThread "URL-Loader-35" daemon [_thread_blocked, id=3772, stack(0x0000000013d10000,0x0000000013e10000)]
  0x000000000c25a800 JavaThread "URL-Loader-34" daemon [_thread_blocked, id=2788, stack(0x0000000013c10000,0x0000000013d10000)]
  0x000000000c253800 JavaThread "URL-Loader-33" daemon [_thread_blocked, id=5048, stack(0x0000000013b10000,0x0000000013c10000)]
  0x000000000c25d800 JavaThread "URL-Loader-32" daemon [_thread_blocked, id=4856, stack(0x0000000013a10000,0x0000000013b10000)]
  0x000000000c25b000 JavaThread "URL-Loader-31" daemon [_thread_blocked, id=3024, stack(0x0000000013910000,0x0000000013a10000)]
  0x000000000c252000 JavaThread "URL-Loader-30" daemon [_thread_blocked, id=4616, stack(0x0000000013810000,0x0000000013910000)]
  0x000000000c258000 JavaThread "URL-Loader-29" daemon [_thread_blocked, id=3484, stack(0x0000000013710000,0x0000000013810000)]
  0x000000000c24f000 JavaThread "URL-Loader-28" daemon [_thread_blocked, id=4884, stack(0x0000000013610000,0x0000000013710000)]
  0x000000000c255000 JavaThread "URL-Loader-27" daemon [_thread_blocked, id=4744, stack(0x0000000013510000,0x0000000013610000)]
  0x000000000c257800 JavaThread "URL-Loader-26" daemon [_thread_blocked, id=2884, stack(0x0000000013410000,0x0000000013510000)]
  0x000000000c251800 JavaThread "URL-Loader-25" daemon [_thread_blocked, id=3464, stack(0x0000000013310000,0x0000000013410000)]
  0x000000000c259000 JavaThread "URL-Loader-24" daemon [_thread_blocked, id=4500, stack(0x0000000013210000,0x0000000013310000)]
  0x000000000c250800 JavaThread "URL-Loader-23" daemon [_thread_blocked, id=2876, stack(0x0000000013110000,0x0000000013210000)]
  0x000000000c259800 JavaThread "URL-Loader-22" daemon [_thread_blocked, id=5012, stack(0x0000000013010000,0x0000000013110000)]
  0x000000000c256800 JavaThread "Keep-Alive-Timer" daemon [_thread_blocked, id=4180, stack(0x00000000112a0000,0x00000000113a0000)]
  0x000000000c25c000 JavaThread "URL-Loader-21" daemon [_thread_blocked, id=4832, stack(0x00000000111a0000,0x00000000112a0000)]
  0x000000000c250000 JavaThread "Prism Font Disposer" daemon [_thread_blocked, id=2588, stack(0x00000000114f0000,0x00000000115f0000)]
  0x000000000c07c000 JavaThread "Disposer" daemon [_thread_blocked, id=1152, stack(0x000000000fbd0000,0x000000000fcd0000)]
  0x000000000c07b800 JavaThread "Thread-3" daemon [_thread_in_native, id=1384, stack(0x000000000fad0000,0x000000000fbd0000)]
=>0x000000000c07a800 JavaThread "JavaFX Application Thread" [_thread_in_native, id=4860, stack(0x000000000dbd0000,0x000000000dcd0000)]
  0x000000000c07d000 JavaThread "Thread-2" daemon [_thread_blocked, id=1256, stack(0x000000000d9b0000,0x000000000dab0000)]
  0x000000000c07e800 JavaThread "Disposer" daemon [_thread_blocked, id=5112, stack(0x000000000d800000,0x000000000d900000)]
  0x000000000c07a000 JavaThread "QuantumRenderer-0" daemon [_thread_blocked, id=3792, stack(0x000000000d350000,0x000000000d450000)]
  0x000000000c080000 JavaThread "JavaFX-Launcher" [_thread_blocked, id=3652, stack(0x000000000d190000,0x000000000d290000)]
  0x000000000c079000 JavaThread "traceMsgQueueThread" daemon [_thread_blocked, id=2992, stack(0x000000000c940000,0x000000000ca40000)]
  0x000000000a3df000 JavaThread "Service Thread" daemon [_thread_blocked, id=852, stack(0x000000000bb40000,0x000000000bc40000)]
  0x000000000a3d8800 JavaThread "C2 CompilerThread1" daemon [_thread_blocked, id=5020, stack(0x000000000ba40000,0x000000000bb40000)]
  0x000000000a3d2800 JavaThread "C2 CompilerThread0" daemon [_thread_blocked, id=1144, stack(0x000000000b940000,0x000000000ba40000)]
  0x000000000a3d1800 JavaThread "Attach Listener" daemon [_thread_blocked, id=2088, stack(0x000000000b840000,0x000000000b940000)]
  0x000000000a3ce000 JavaThread "Signal Dispatcher" daemon [_thread_blocked, id=972, stack(0x000000000b740000,0x000000000b840000)]
  0x000000000a39d800 JavaThread "Finalizer" daemon [_thread_blocked, id=2080, stack(0x000000000b640000,0x000000000b740000)]
  0x000000000a392000 JavaThread "Reference Handler" daemon [_thread_blocked, id=3380, stack(0x000000000b540000,0x000000000b640000)]
  0x0000000002690800 JavaThread "main" [_thread_blocked, id=3096, stack(0x0000000002590000,0x0000000002690000)]

Other Threads:
  0x000000000a390000 VMThread [stack: 0x000000000b440000,0x000000000b540000] [id=2740]
  0x000000000a3fe000 WatcherThread [stack: 0x000000000bc40000,0x000000000bd40000] [id=3924]

VM state:not at safepoint (normal execution)

VM Mutex/Monitor currently owned by a thread: None

Heap
 PSYoungGen      total 129024K, used 77611K [0x00000000d9800000, 0x00000000e9b00000, 0x0000000100000000)
  eden space 120832K, 57% used [0x00000000d9800000,0x00000000ddbcf3b8,0x00000000e0e00000)
  from space 8192K, 99% used [0x00000000e0e00000,0x00000000e15fbb80,0x00000000e1600000)
  to   space 11776K, 0% used [0x00000000e8f80000,0x00000000e8f80000,0x00000000e9b00000)
 ParOldGen       total 78848K, used 9972K [0x000000008c800000, 0x0000000091500000, 0x00000000d9800000)
  object space 78848K, 12% used [0x000000008c800000,0x000000008d1bd038,0x0000000091500000)
 PSPermGen       total 23040K, used 22579K [0x0000000087600000, 0x0000000088c80000, 0x000000008c800000)
  object space 23040K, 97% used [0x0000000087600000,0x0000000088c0cc10,0x0000000088c80000)

Card table byte_map: [0x0000000005790000,0x0000000005b60000] byte_map_base: 0x0000000005355000

Polling page: 0x0000000000dd0000

Code Cache  [0x0000000002790000, 0x0000000002a00000, 0x0000000005790000)
 total_blobs=1187 nmethods=555 adapters=585 free_code_cache=47467Kb largest_free_block=48561984

Compilation events (10 events):
Event: 29.224 Thread 0x000000000a3d8800  590             com.sun.javafx.geom.transform.AffineBase::translate (548 bytes)
Event: 29.226 Thread 0x000000000a3d2800  591             com.sun.prism.impl.ps.BaseShaderContext::validatePaintOp (210 bytes)
Event: 29.227 Thread 0x000000000a3d8800 nmethod 590 0x000000000293a790 code [0x000000000293a920, 0x000000000293ac88]
Event: 29.227 Thread 0x000000000a3d8800  592             com.sun.prism.impl.ps.BaseShaderContext::getPaintShader (213 bytes)
Event: 29.242 Thread 0x000000000a3d8800 nmethod 592 0x000000000293bc90 code [0x000000000293be80, 0x000000000293c818]
Event: 29.242 Thread 0x000000000a3d8800  593             com.sun.prism.impl.ps.BaseShaderContext::getStockShaderIndex (57 bytes)
Event: 29.244 Thread 0x000000000a3d8800 nmethod 593 0x000000000293b590 code [0x000000000293b6e0, 0x000000000293b798]
Event: 29.244 Thread 0x000000000a3d8800  594             com.sun.prism.impl.ps.BaseShaderContext::updatePaintShader (146 bytes)
Event: 29.248 Thread 0x000000000a3d8800 nmethod 594 0x0000000002939350 code [0x0000000002939500, 0x0000000002939728]
Event: 29.265 Thread 0x000000000a3d2800 nmethod 591 0x000000000293cfd0 code [0x000000000293d2e0, 0x000000000293e880]

GC Heap History (10 events):
Event: 4.790 GC heap before
{Heap before GC invocations=3 (full 0):
 PSYoungGen      total 34816K, used 34746K [0x00000000d9800000, 0x00000000ddc00000, 0x0000000100000000)
  eden space 30208K, 99% used [0x00000000d9800000,0x00000000db574930,0x00000000db580000)
  from space 4608K, 99% used [0x00000000dba00000,0x00000000dbe7a250,0x00000000dbe80000)
  to   space 4608K, 0% used [0x00000000db580000,0x00000000db580000,0x00000000dba00000)
 ParOldGen       total 78848K, used 3963K [0x000000008c800000, 0x0000000091500000, 0x00000000d9800000)
  object space 78848K, 5% used [0x000000008c800000,0x000000008cbdec18,0x0000000091500000)
 PSPermGen       total 21504K, used 19094K [0x0000000087600000, 0x0000000088b00000, 0x000000008c800000)
  object space 21504K, 88% used [0x0000000087600000,0x00000000888a59b8,0x0000000088b00000)
Event: 4.801 GC heap after
Heap after GC invocations=3 (full 0):
 PSYoungGen      total 34816K, used 4581K [0x00000000d9800000, 0x00000000ddc00000, 0x0000000100000000)
  eden space 30208K, 0% used [0x00000000d9800000,0x00000000d9800000,0x00000000db580000)
  from space 4608K, 99% used [0x00000000db580000,0x00000000db9f9630,0x00000000dba00000)
  to   space 4608K, 0% used [0x00000000dd780000,0x00000000dd780000,0x00000000ddc00000)
 ParOldGen       total 78848K, used 4011K [0x000000008c800000, 0x0000000091500000, 0x00000000d9800000)
  object space 78848K, 5% used [0x000000008c800000,0x000000008cbeac18,0x0000000091500000)
 PSPermGen       total 21504K, used 19094K [0x0000000087600000, 0x0000000088b00000, 0x000000008c800000)
  object space 21504K, 88% used [0x0000000087600000,0x00000000888a59b8,0x0000000088b00000)
}
Event: 4.817 GC heap before
{Heap before GC invocations=4 (full 0):
 PSYoungGen      total 34816K, used 34717K [0x00000000d9800000, 0x00000000ddc00000, 0x0000000100000000)
  eden space 30208K, 99% used [0x00000000d9800000,0x00000000db56df78,0x00000000db580000)
  from space 4608K, 99% used [0x00000000db580000,0x00000000db9f9630,0x00000000dba00000)
  to   space 4608K, 0% used [0x00000000dd780000,0x00000000dd780000,0x00000000ddc00000)
 ParOldGen       total 78848K, used 4011K [0x000000008c800000, 0x0000000091500000, 0x00000000d9800000)
  object space 78848K, 5% used [0x000000008c800000,0x000000008cbeac18,0x0000000091500000)
 PSPermGen       total 21504K, used 19094K [0x0000000087600000, 0x0000000088b00000, 0x000000008c800000)
  object space 21504K, 88% used [0x0000000087600000,0x00000000888a59b8,0x0000000088b00000)
Event: 4.828 GC heap after
Heap after GC invocations=4 (full 0):
 PSYoungGen      total 65024K, used 4588K [0x00000000d9800000, 0x00000000ddc00000, 0x0000000100000000)
  eden space 60416K, 0% used [0x00000000d9800000,0x00000000d9800000,0x00000000dd300000)
  from space 4608K, 99% used [0x00000000dd780000,0x00000000ddbfb0d8,0x00000000ddc00000)
  to   space 4608K, 0% used [0x00000000dd300000,0x00000000dd300000,0x00000000dd780000)
 ParOldGen       total 78848K, used 4067K [0x000000008c800000, 0x0000000091500000, 0x00000000d9800000)
  object space 78848K, 5% used [0x000000008c800000,0x000000008cbf8c18,0x0000000091500000)
 PSPermGen       total 21504K, used 19094K [0x0000000087600000, 0x0000000088b00000, 0x000000008c800000)
  object space 21504K, 88% used [0x0000000087600000,0x00000000888a59b8,0x0000000088b00000)
}
Event: 4.866 GC heap before
{Heap before GC invocations=5 (full 0):
 PSYoungGen      total 65024K, used 64993K [0x00000000d9800000, 0x00000000ddc00000, 0x0000000100000000)
  eden space 60416K, 99% used [0x00000000d9800000,0x00000000dd2fd478,0x00000000dd300000)
  from space 4608K, 99% used [0x00000000dd780000,0x00000000ddbfb0d8,0x00000000ddc00000)
  to   space 4608K, 0% used [0x00000000dd300000,0x00000000dd300000,0x00000000dd780000)
 ParOldGen       total 78848K, used 4067K [0x000000008c800000, 0x0000000091500000, 0x00000000d9800000)
  object space 78848K, 5% used [0x000000008c800000,0x000000008cbf8c18,0x0000000091500000)
 PSPermGen       total 21504K, used 19094K [0x0000000087600000, 0x0000000088b00000, 0x000000008c800000)
  object space 21504K, 88% used [0x0000000087600000,0x00000000888a59b8,0x0000000088b00000)
Event: 4.876 GC heap after
Heap after GC invocations=5 (full 0):
 PSYoungGen      total 65024K, used 4607K [0x00000000d9800000, 0x00000000e1f00000, 0x0000000100000000)
  eden space 60416K, 0% used [0x00000000d9800000,0x00000000d9800000,0x00000000dd300000)
  from space 4608K, 99% used [0x00000000dd300000,0x00000000dd77fc40,0x00000000dd780000)
  to   space 8704K, 0% used [0x00000000e1680000,0x00000000e1680000,0x00000000e1f00000)
 ParOldGen       total 78848K, used 4083K [0x000000008c800000, 0x0000000091500000, 0x00000000d9800000)
  object space 78848K, 5% used [0x000000008c800000,0x000000008cbfcc18,0x0000000091500000)
 PSPermGen       total 21504K, used 19094K [0x0000000087600000, 0x0000000088b00000, 0x000000008c800000)
  object space 21504K, 88% used [0x0000000087600000,0x00000000888a59b8,0x0000000088b00000)
}
Event: 4.906 GC heap before
{Heap before GC invocations=6 (full 0):
 PSYoungGen      total 65024K, used 64989K [0x00000000d9800000, 0x00000000e1f00000, 0x0000000100000000)
  eden space 60416K, 99% used [0x00000000d9800000,0x00000000dd2f7b58,0x00000000dd300000)
  from space 4608K, 99% used [0x00000000dd300000,0x00000000dd77fc40,0x00000000dd780000)
  to   space 8704K, 0% used [0x00000000e1680000,0x00000000e1680000,0x00000000e1f00000)
 ParOldGen       total 78848K, used 4083K [0x000000008c800000, 0x0000000091500000, 0x00000000d9800000)
  object space 78848K, 5% used [0x000000008c800000,0x000000008cbfcc18,0x0000000091500000)
 PSPermGen       total 21504K, used 19094K [0x0000000087600000, 0x0000000088b00000, 0x000000008c800000)
  object space 21504K, 88% used [0x0000000087600000,0x00000000888a59b8,0x0000000088b00000)
Event: 4.916 GC heap after
Heap after GC invocations=6 (full 0):
 PSYoungGen      total 128512K, used 4686K [0x00000000d9800000, 0x00000000e1e00000, 0x0000000100000000)
  eden space 120832K, 0% used [0x00000000d9800000,0x00000000d9800000,0x00000000e0e00000)
  from space 7680K, 61% used [0x00000000e1680000,0x00000000e1b13878,0x00000000e1e00000)
  to   space 8192K, 0% used [0x00000000e0e00000,0x00000000e0e00000,0x00000000e1600000)
 ParOldGen       total 78848K, used 4083K [0x000000008c800000, 0x0000000091500000, 0x00000000d9800000)
  object space 78848K, 5% used [0x000000008c800000,0x000000008cbfcc18,0x0000000091500000)
 PSPermGen       total 21504K, used 19094K [0x0000000087600000, 0x0000000088b00000, 0x000000008c800000)
  object space 21504K, 88% used [0x0000000087600000,0x00000000888a59b8,0x0000000088b00000)
}
Event: 6.019 GC heap before
{Heap before GC invocations=7 (full 0):
 PSYoungGen      total 128512K, used 124775K [0x00000000d9800000, 0x00000000e1e00000, 0x0000000100000000)
  eden space 120832K, 99% used [0x00000000d9800000,0x00000000e0d465c0,0x00000000e0e00000)
  from space 7680K, 61% used [0x00000000e1680000,0x00000000e1b13878,0x00000000e1e00000)
  to   space 8192K, 0% used [0x00000000e0e00000,0x00000000e0e00000,0x00000000e1600000)
 ParOldGen       total 78848K, used 5489K [0x000000008c800000, 0x0000000091500000, 0x00000000d9800000)
  object space 78848K, 6% used [0x000000008c800000,0x000000008cd5c780,0x0000000091500000)
 PSPermGen       total 21504K, used 21497K [0x0000000087600000, 0x0000000088b00000, 0x000000008c800000)
  object space 21504K, 99% used [0x0000000087600000,0x0000000088afe400,0x0000000088b00000)
Event: 6.041 GC heap after
Heap after GC invocations=7 (full 0):
 PSYoungGen      total 129024K, used 8174K [0x00000000d9800000, 0x00000000e9b00000, 0x0000000100000000)
  eden space 120832K, 0% used [0x00000000d9800000,0x00000000d9800000,0x00000000e0e00000)
  from space 8192K, 99% used [0x00000000e0e00000,0x00000000e15fbb80,0x00000000e1600000)
  to   space 11776K, 0% used [0x00000000e8f80000,0x00000000e8f80000,0x00000000e9b00000)
 ParOldGen       total 78848K, used 9972K [0x000000008c800000, 0x0000000091500000, 0x00000000d9800000)
  object space 78848K, 12% used [0x000000008c800000,0x000000008d1bd038,0x0000000091500000)
 PSPermGen       total 21504K, used 21497K [0x0000000087600000, 0x0000000088b00000, 0x000000008c800000)
  object space 21504K, 99% used [0x0000000087600000,0x0000000088afe400,0x0000000088b00000)
}

Deoptimization events (10 events):
Event: 23.392 Thread 0x000000000c07a000 Uncommon trap: reason=bimorphic action=maybe_recompile pc=0x00000000029145a0 method=com.sun.javafx.geom.transform.Affine3D.setTransform(Lcom/sun/javafx/geom/transform/BaseTransform;)V @ 2
Event: 23.393 Thread 0x000000000c07a000 Uncommon trap: reason=bimorphic action=maybe_recompile pc=0x00000000029145a0 method=com.sun.javafx.geom.transform.Affine3D.setTransform(Lcom/sun/javafx/geom/transform/BaseTransform;)V @ 2
Event: 23.395 Thread 0x000000000c07a000 Uncommon trap: reason=bimorphic action=maybe_recompile pc=0x00000000029145a0 method=com.sun.javafx.geom.transform.Affine3D.setTransform(Lcom/sun/javafx/geom/transform/BaseTransform;)V @ 2
Event: 23.395 Thread 0x000000000c07a000 Uncommon trap: reason=bimorphic action=maybe_recompile pc=0x00000000029145a0 method=com.sun.javafx.geom.transform.Affine3D.setTransform(Lcom/sun/javafx/geom/transform/BaseTransform;)V @ 2
Event: 24.173 Thread 0x000000000c250800 Uncommon trap: reason=unreached action=reinterpret pc=0x00000000028caba8 method=java.util.Arrays.equals([B[B)Z @ 12
Event: 25.005 Thread 0x000000000c07a800 Uncommon trap: reason=unreached action=reinterpret pc=0x00000000028af6c0 method=com.sun.t2k.CompositeGlyphMapper.getAsciiGlyphCode(I)I @ 25
Event: 25.207 Thread 0x000000000c07a800 Uncommon trap: reason=unreached action=reinterpret pc=0x000000000290f0d4 method=javafx.beans.property.BooleanPropertyBase.get()Z @ 9
Event: 25.207 Thread 0x000000000c07a800 Uncommon trap: reason=unreached action=reinterpret pc=0x000000000290d24c method=javafx.beans.property.BooleanPropertyBase.get()Z @ 9
Event: 27.397 Thread 0x000000000c07a800 Uncommon trap: reason=unreached action=reinterpret pc=0x000000000290794c method=javafx.beans.property.DoublePropertyBase.get()D @ 9
Event: 27.420 Thread 0x000000000c07a000 Uncommon trap: reason=unreached action=reinterpret pc=0x00000000028f9a88 method=com.sun.scenario.effect.impl.ImagePool.checkOut(Lcom/sun/scenario/effect/impl/Renderer;II)Lcom/sun/scenario/effect/Filterable; @ 209

Internal exceptions (10 events):
Event: 5.499 Thread 0x000000000c07a800 Implicit null exception at 0x00000000028b0800 to 0x00000000028b08ad
Event: 7.220 Thread 0x000000000c07a800 Threw 0x00000000dba12da0 at C:\re\jdk7u51\527\hotspot\src\share\vm\classfile\systemDictionary.cpp:185
Event: 7.220 Thread 0x000000000c07a800 Threw 0x00000000dba13b78 at C:\re\jdk7u51\527\hotspot\src\share\vm\prims\jvm.cpp:1244
Event: 7.221 Thread 0x000000000c07a800 Threw 0x00000000dba13fe8 at C:\re\jdk7u51\527\hotspot\src\share\vm\prims\jvm.cpp:1244
Event: 7.221 Thread 0x000000000c07a800 Threw 0x00000000dba14800 at C:\re\jdk7u51\527\hotspot\src\share\vm\classfile\systemDictionary.cpp:185
Event: 7.221 Thread 0x000000000c07a800 Threw 0x00000000dba14d70 at C:\re\jdk7u51\527\hotspot\src\share\vm\prims\jvm.cpp:1244
Event: 7.221 Thread 0x000000000c07a800 Threw 0x00000000dba151e0 at C:\re\jdk7u51\527\hotspot\src\share\vm\prims\jvm.cpp:1244
Event: 23.356 Thread 0x000000000c07a800 Implicit null exception at 0x000000000291261a to 0x000000000291265d
Event: 24.173 Thread 0x000000000c250800 Implicit null exception at 0x00000000028caa58 to 0x00000000028cab95
Event: 25.005 Thread 0x000000000c07a800 Implicit null exception at 0x00000000028af675 to 0x00000000028af6ad

Events (10 events):
Event: 29.278 Executing VM operation: RevokeBias
Event: 29.278 Executing VM operation: RevokeBias done
Event: 29.278 Executing VM operation: RevokeBias
Event: 29.278 Executing VM operation: RevokeBias done
Event: 29.278 Executing VM operation: RevokeBias
Event: 29.278 Executing VM operation: RevokeBias done
Event: 29.278 Executing VM operation: RevokeBias
Event: 29.278 Executing VM operation: RevokeBias done
Event: 29.278 Executing VM operation: RevokeBias
Event: 29.278 Executing VM operation: RevokeBias done


Dynamic libraries:
0x000007f7d3a80000 - 0x000007f7d3ab3000 	C:\Program Files\Java\jdk1.7.0_51\jre\bin\java.exe
0x000007faf5e40000 - 0x000007faf6000000 	C:\Windows\SYSTEM32\ntdll.dll
0x000007faf5430000 - 0x000007faf5566000 	C:\Windows\system32\KERNEL32.DLL
0x000007faf2ea0000 - 0x000007faf2f93000 	C:\Windows\system32\KERNELBASE.dll
0x000007faf51a0000 - 0x000007faf527e000 	C:\Windows\system32\ADVAPI32.dll
0x000007faf5050000 - 0x000007faf519c000 	C:\Windows\system32\USER32.dll
0x000007faf0790000 - 0x000007faf09fa000 	C:\Windows\WinSxS\amd64_microsoft.windows.common-controls_6595b64144ccf1df_6.0.9200.16579_none_418ab7ef718b27ef\COMCTL32.dll
0x000007faf37e0000 - 0x000007faf3885000 	C:\Windows\system32\msvcrt.dll
0x000007faf3a80000 - 0x000007faf3ac8000 	C:\Windows\SYSTEM32\sechost.dll
0x000007faf55e0000 - 0x000007faf5725000 	C:\Windows\system32\RPCRT4.dll
0x000007faf3690000 - 0x000007faf37d1000 	C:\Windows\system32\GDI32.dll
0x000007faf3890000 - 0x000007faf38c9000 	C:\Windows\system32\IMM32.DLL
0x000007faf57a0000 - 0x000007faf58b6000 	C:\Windows\system32\MSCTF.dll
0x0000000072290000 - 0x0000000072362000 	C:\Program Files\Java\jdk1.7.0_51\jre\bin\msvcr100.dll
0x0000000072370000 - 0x0000000072b39000 	C:\Program Files\Java\jdk1.7.0_51\jre\bin\server\jvm.dll
0x000007faeb4e0000 - 0x000007faeb4e9000 	C:\Windows\SYSTEM32\WSOCK32.dll
0x000007faefd40000 - 0x000007faefd60000 	C:\Windows\SYSTEM32\WINMM.dll
0x000007faf5570000 - 0x000007faf5577000 	C:\Windows\system32\PSAPI.DLL
0x000007faf5580000 - 0x000007faf55d8000 	C:\Windows\system32\WS2_32.dll
0x000007faef3c0000 - 0x000007faef3f3000 	C:\Windows\SYSTEM32\WINMMBASE.dll
0x000007faf5e30000 - 0x000007faf5e39000 	C:\Windows\system32\NSI.dll
0x000007faf2dc0000 - 0x000007faf2e0f000 	C:\Windows\SYSTEM32\cfgmgr32.dll
0x000007faf2e70000 - 0x000007faf2e92000 	C:\Windows\system32\DEVOBJ.dll
0x0000000072240000 - 0x000000007224f000 	C:\Program Files\Java\jdk1.7.0_51\jre\bin\verify.dll
0x0000000072210000 - 0x0000000072238000 	C:\Program Files\Java\jdk1.7.0_51\jre\bin\java.dll
0x00000000721f0000 - 0x0000000072205000 	C:\Program Files\Java\jdk1.7.0_51\jre\bin\zip.dll
0x0000000070770000 - 0x00000000707e8000 	C:\Program Files\Java\jdk1.7.0_51\jre\bin\deploy.dll
0x000007faf3510000 - 0x000007faf368e000 	C:\Windows\system32\ole32.dll
0x000007faf4f80000 - 0x000007faf5043000 	C:\Windows\system32\OLEAUT32.dll
0x000007faf0e50000 - 0x000007faf0e59000 	C:\Windows\SYSTEM32\VERSION.dll
0x000007faf3230000 - 0x000007faf345d000 	C:\Windows\system32\WININET.dll
0x000007faf5c20000 - 0x000007faf5d79000 	C:\Windows\system32\urlmon.dll
0x000007faf38d0000 - 0x000007faf3a80000 	C:\Windows\SYSTEM32\combase.dll
0x000007faf5990000 - 0x000007faf5c1c000 	C:\Windows\system32\iertutil.dll
0x000007faf5940000 - 0x000007faf5990000 	C:\Windows\system32\SHLWAPI.dll
0x000007faf3ad0000 - 0x000007faf4daf000 	C:\Windows\system32\SHELL32.dll
0x000007faf1440000 - 0x000007faf14d5000 	C:\Windows\SYSTEM32\SHCORE.dll
0x000007faf2cf0000 - 0x000007faf2d05000 	C:\Windows\SYSTEM32\profapi.dll
0x000007faeabe0000 - 0x000007faeabeb000 	C:\Windows\SYSTEM32\Secur32.dll
0x000007faf2a90000 - 0x000007faf2abc000 	C:\Windows\SYSTEM32\SSPICLI.DLL
0x000007faec060000 - 0x000007faec111000 	C:\Windows\SYSTEM32\winhttp.dll
0x000007faf2540000 - 0x000007faf259c000 	C:\Windows\system32\mswsock.dll
0x000007faee010000 - 0x000007faee03a000 	C:\Windows\SYSTEM32\IPHLPAPI.DLL
0x000007faedff0000 - 0x000007faedffa000 	C:\Windows\SYSTEM32\WINNSI.DLL
0x000007faf2380000 - 0x000007faf2418000 	C:\Windows\SYSTEM32\DNSAPI.dll
0x0000000073010000 - 0x0000000073036000 	C:\Program Files\Bonjour\mdnsNSP.dll
0x000007faed3a0000 - 0x000007faed3b3000 	C:\Windows\SYSTEM32\dhcpcsvc6.DLL
0x000007faeb570000 - 0x000007faeb578000 	C:\Windows\System32\rasadhlp.dll
0x000007faed430000 - 0x000007faed448000 	C:\Windows\SYSTEM32\dhcpcsvc.DLL
0x0000000070760000 - 0x000000007076f000 	C:\Program Files\Java\jdk1.7.0_51\jre\bin\prism-d3d.dll
0x000007fae24e0000 - 0x000007fae26e0000 	C:\Windows\system32\d3d9.dll
0x000007faf1240000 - 0x000007faf1261000 	C:\Windows\SYSTEM32\dwmapi.dll
0x000007faf1b80000 - 0x000007faf1c66000 	C:\Windows\system32\uxtheme.dll
0x000007faf0260000 - 0x000007faf037b000 	C:\Windows\SYSTEM32\aticfx64.dll
0x000007fae76c0000 - 0x000007fae76e0000 	C:\Windows\SYSTEM32\atiu9p64.dll
0x000007fad6520000 - 0x000007fad6bd6000 	C:\Windows\SYSTEM32\atiumd64.dll
0x0000000072b40000 - 0x000000007300d000 	C:\Windows\SYSTEM32\atiumd6a.dll
0x0000000070720000 - 0x0000000070752000 	C:\Program Files\Java\jdk1.7.0_51\jre\bin\glass.dll
0x000007faf5d80000 - 0x000007faf5e21000 	C:\Windows\system32\COMDLG32.dll
0x000007faf2b30000 - 0x000007faf2b3a000 	C:\Windows\SYSTEM32\CRYPTBASE.dll
0x000007faf2ad0000 - 0x000007faf2b2c000 	C:\Windows\SYSTEM32\bcryptPrimitives.dll
0x0000000070680000 - 0x000000007071e000 	C:\Program Files\Java\jdk1.7.0_51\jre\bin\libxml2.dll
0x0000000070640000 - 0x0000000070676000 	C:\Program Files\Java\jdk1.7.0_51\jre\bin\libxslt.dll
0x000000006f800000 - 0x0000000070638000 	C:\Program Files\Java\jdk1.7.0_51\jre\bin\jfxwebkit.dll
0x00000000721d0000 - 0x00000000721e9000 	C:\Program Files\Java\jdk1.7.0_51\jre\bin\net.dll
0x000007faed5a0000 - 0x000007faed601000 	C:\Windows\System32\fwpuclnt.dll
0x000007faf3470000 - 0x000007faf3506000 	C:\Windows\SYSTEM32\clbcatq.dll
0x000007faf0e70000 - 0x000007faf1003000 	C:\Windows\SYSTEM32\WindowsCodecs.dll
0x000007fae6540000 - 0x000007fae656e000 	C:\Program Files\Common Files\Microsoft Shared\Ink\rtscom.dll
0x000000006f7b0000 - 0x000000006f800000 	C:\Program Files\Java\jdk1.7.0_51\jre\bin\javafx-font.dll
0x000007faf25a0000 - 0x000007faf25ba000 	C:\Windows\SYSTEM32\CRYPTSP.dll
0x000007faf2220000 - 0x000007faf226b000 	C:\Windows\system32\rsaenh.dll
0x00000000721b0000 - 0x00000000721c1000 	C:\Program Files\Java\jdk1.7.0_51\jre\bin\nio.dll
0x0000000071f30000 - 0x0000000071f54000 	C:\Program Files\Java\jdk1.7.0_51\jre\bin\sunec.dll
0x0000000071f20000 - 0x0000000071f2b000 	C:\Program Files\Java\jdk1.7.0_51\jre\bin\sunmscapi.dll
0x000007faf2fa0000 - 0x000007faf3171000 	C:\Windows\system32\CRYPT32.dll
0x000007faf2da0000 - 0x000007faf2db6000 	C:\Windows\system32\MSASN1.dll
0x000007faf2320000 - 0x000007faf233f000 	C:\Windows\SYSTEM32\USERENV.dll
0x000007fae7580000 - 0x000007fae7594000 	C:\Windows\system32\napinsp.dll
0x000007fae75a0000 - 0x000007fae75b8000 	C:\Windows\system32\pnrpnsp.dll
0x000007faf1010000 - 0x000007faf1026000 	C:\Windows\system32\NLAapi.dll
0x000007fae75c0000 - 0x000007fae75d2000 	C:\Windows\System32\winrnr.dll
0x000007faf0590000 - 0x000007faf06f3000 	C:\Windows\SYSTEM32\dbghelp.dll

VM Arguments:
jvm_args: -Dfile.encoding=UTF-8 
java_command: C:\Users\Gabriel\Documents\NetBeansProjects\QCCBrowserEx1\dist\run84975803\QCCBrowserEx1.jar
Launcher Type: SUN_STANDARD

Environment Variables:
PATH=C:\Program Files (x86)\HP SimplePass\x64;C:\Program Files (x86)\HP SimplePass\;;C:\Program Files (x86)\AMD APP\bin\x86_64;C:\Program Files (x86)\AMD APP\bin\x86;C:\Windows\system32;C:\Windows;C:\Windows\System32\Wbem;C:\Windows\System32\WindowsPowerShell\v1.0\;C:\Program Files (x86)\Windows Live\Shared;C:\Program Files (x86)\ATI Technologies\ATI.ACE\Core-Static
USERNAME=Gabriel
OS=Windows_NT
PROCESSOR_IDENTIFIER=AMD64 Family 21 Model 19 Stepping 1, AuthenticAMD



---------------  S Y S T E M  ---------------

OS: Windows 8 , 64 bit Build 9200 

CPU:total 4 (4 cores per cpu, 1 threads per core) family 21 model 19 stepping 1, cmov, cx8, fxsr, mmx, sse, sse2, sse3, ssse3, sse4.1, sse4.2, popcnt, avx, aes, mmxext, 3dnowpref, lzcnt, sse4a, tsc, tscinvbit, tscinv

Memory: 4k page, physical 7563524k(5337068k free), swap 8743172k(6045732k free)

vm_info: Java HotSpot(TM) 64-Bit Server VM (24.51-b03) for windows-amd64 JRE (1.7.0_51-b13), built on Dec 18 2013 18:40:56 by "java_re" with unknown MS VC++:1600

time: Thu Apr 10 18:59:12 2014
elapsed time: 29 seconds

