#
# A fatal error has been detected by the Java Runtime Environment:
#
#  EXCEPTION_ACCESS_VIOLATION (0xc0000005) at pc=0x000000006fb72dba, pid=6224, tid=7156
#
# JRE version: Java(TM) SE Runtime Environment (7.0_51-b13) (build 1.7.0_51-b13)
# Java VM: Java HotSpot(TM) 64-Bit Server VM (24.51-b03 mixed mode windows-amd64 compressed oops)
# Problematic frame:
# C  [jfxwebkit.dll+0x302dba]
#
# Failed to write core dump. Minidumps are not enabled by default on client versions of Windows
#
# If you would like to submit a bug report, please visit:
#   http://bugreport.sun.com/bugreport/crash.jsp
# The crash happened outside the Java Virtual Machine in native code.
# See problematic frame for where to report the bug.
#

---------------  T H R E A D  ---------------

Current thread (0x000000000c4c2800):  JavaThread "JavaFX Application Thread" [_thread_in_native, id=7156, stack(0x000000000e9e0000,0x000000000eae0000)]

siginfo: ExceptionCode=0xc0000005, reading address 0x0000000000000000

Registers:
RAX=0x00000000155ab8b0, RBX=0x0000000000000000, RCX=0x0000000000000000, RDX=0x000000001563ef60
RSP=0x000000000eadebc8, RBP=0x0000000000008363, RSI=0x0000000000008300, RDI=0x000000000cbd9320
R8 =0x0000000000008363, R9 =0x0000000000008363, R10=0x000000000cbd9390, R11=0x000000000eadea70
R12=0x000000001563ef60, R13=0x0000000088150270, R14=0x000000000eadeeb8, R15=0x000000000c4c2800
RIP=0x000000006fb72dba, EFLAGS=0x0000000000010206

Top of Stack: (sp=0x000000000eadebc8)
0x000000000eadebc8:   000000006fb6da3e 0000000000000000
0x000000000eadebd8:   0000000000008300 000000000eadeeb8
0x000000000eadebe8:   0000000088150270 fffffffffffffffe
0x000000000eadebf8:   000000000cbd9320 0000000000000000
0x000000000eadec08:   000000000cbd9320 0000000000008363
0x000000000eadec18:   000000006fb6e6ea 00000000155ab8b0
0x000000000eadec28:   000000000c4ca020 000000001563ef60
0x000000000eadec38:   0000000011aed2c0 fffffffffffffffe
0x000000000eadec48:   0000000011aed2c0 0000000000008363
0x000000000eadec58:   000000001563ef60 000000000cbd96e0
0x000000000eadec68:   000000006fb6e7cb 000000000c4ca020
0x000000000eadec78:   000000000cbd9320 00000000533d955c
0x000000000eadec88:   000000000cbd9320 0000000000008363
0x000000000eadec98:   000000006fb92067 0000000011aed2c0
0x000000000eadeca8:   0000000000000000 000000001563ef60
0x000000000eadecb8:   0000000000000000 000000000eaded18 

Instructions: (pc=0x000000006fb72dba)
0x000000006fb72d9a:   00 48 8b 89 50 04 00 00 e8 e9 3c e3 ff 48 83 c4
0x000000006fb72daa:   20 5b c3 cc cc cc 4c 8b d1 48 8b 49 30 4d 8b c8
0x000000006fb72dba:   48 8b 01 4c 8b c2 49 8b d2 48 ff 60 20 cc cc cc
0x000000006fb72dca:   cc cc cc cc cc cc 48 8b 41 30 c6 40 10 01 c3 cc 


Register to memory mapping:

RAX=0x00000000155ab8b0 is an unknown value
RBX=0x0000000000000000 is an unknown value
RCX=0x0000000000000000 is an unknown value
RDX=0x000000001563ef60 is an unknown value
RSP=0x000000000eadebc8 is pointing into the stack for thread: 0x000000000c4c2800
RBP=0x0000000000008363 is an unknown value
RSI=0x0000000000008300 is an unknown value
RDI=0x000000000cbd9320 is an unknown value
R8 =0x0000000000008363 is an unknown value
R9 =0x0000000000008363 is an unknown value
R10=0x000000000cbd9390 is an unknown value
R11=0x000000000eadea70 is pointing into the stack for thread: 0x000000000c4c2800
R12=0x000000001563ef60 is an unknown value
R13=0x0000000088150270 is an oop
{method} 
 - klass: {other class}
R14=0x000000000eadeeb8 is pointing into the stack for thread: 0x000000000c4c2800
R15=0x000000000c4c2800 is a thread


Stack: [0x000000000e9e0000,0x000000000eae0000],  sp=0x000000000eadebc8,  free space=1018k
Native frames: (J=compiled Java code, j=interpreted, Vv=VM code, C=native code)
C  [jfxwebkit.dll+0x302dba]

Java frames: (J=compiled Java code, j=interpreted, Vv=VM code)
j  com.sun.webpane.webkit.network.URLLoader.twkDidReceiveData(Ljava/nio/ByteBuffer;IIJ)V+0
j  com.sun.webpane.webkit.network.URLLoader.access$1200(Ljava/nio/ByteBuffer;IIJ)V+4
j  com.sun.webpane.webkit.network.URLLoader$5.run()V+35
j  com.sun.glass.ui.InvokeLaterDispatcher$Future.run()V+4
v  ~StubRoutines::call_stub
j  com.sun.glass.ui.win.WinApplication._runLoop([Ljava/lang/String;Lcom/sun/glass/ui/Launchable;)V+0
j  com.sun.glass.ui.win.WinApplication.access$100(Lcom/sun/glass/ui/win/WinApplication;[Ljava/lang/String;Lcom/sun/glass/ui/Launchable;)V+3
j  com.sun.glass.ui.win.WinApplication$3$1.run()V+32
j  java.lang.Thread.run()V+11
v  ~StubRoutines::call_stub

---------------  P R O C E S S  ---------------

Java Threads: ( => current thread )
  0x000000001197d000 JavaThread "URL-Loader-32" daemon [_thread_in_native, id=1376, stack(0x0000000014ab0000,0x0000000014bb0000)]
  0x0000000011985800 JavaThread "URL-Loader-31" daemon [_thread_blocked, id=3052, stack(0x0000000014950000,0x0000000014a50000)]
  0x000000001197b800 JavaThread "URL-Loader-30" daemon [_thread_blocked, id=8776, stack(0x0000000014850000,0x0000000014950000)]
  0x0000000011984000 JavaThread "URL-Loader-29" daemon [_thread_blocked, id=4552, stack(0x0000000014330000,0x0000000014430000)]
  0x0000000011981800 JavaThread "URL-Loader-28" daemon [_thread_blocked, id=1312, stack(0x0000000014750000,0x0000000014850000)]
  0x0000000011978800 JavaThread "URL-Loader-27" daemon [_thread_blocked, id=5832, stack(0x0000000014630000,0x0000000014730000)]
  0x000000001197d800 JavaThread "URL-Loader-26" daemon [_thread_blocked, id=9132, stack(0x0000000014450000,0x0000000014550000)]
  0x0000000011983000 JavaThread "URL-Loader-25" daemon [_thread_blocked, id=6412, stack(0x00000000140e0000,0x00000000141e0000)]
  0x0000000011977800 JavaThread "URL-Loader-24" daemon [_thread_blocked, id=5672, stack(0x0000000013f20000,0x0000000014020000)]
  0x0000000011980000 JavaThread "URL-Loader-23" daemon [_thread_blocked, id=2368, stack(0x0000000013e20000,0x0000000013f20000)]
  0x000000001197e800 JavaThread "Keep-Alive-Timer" daemon [_thread_blocked, id=7984, stack(0x00000000120b0000,0x00000000121b0000)]
  0x0000000011984800 JavaThread "URL-Loader-22" daemon [_thread_blocked, id=7544, stack(0x0000000011fb0000,0x00000000120b0000)]
  0x0000000011982800 JavaThread "Keep-Alive-SocketCleaner" daemon [_thread_blocked, id=7884, stack(0x00000000165f0000,0x00000000166f0000)]
  0x000000000c9b7800 JavaThread "Prism Font Disposer" daemon [_thread_blocked, id=8548, stack(0x0000000012410000,0x0000000012510000)]
  0x000000000c8af000 JavaThread "Disposer" daemon [_thread_blocked, id=1660, stack(0x00000000109e0000,0x0000000010ae0000)]
  0x000000000c4c4800 JavaThread "Thread-3" daemon [_thread_in_native, id=9028, stack(0x00000000108e0000,0x00000000109e0000)]
=>0x000000000c4c2800 JavaThread "JavaFX Application Thread" [_thread_in_native, id=7156, stack(0x000000000e9e0000,0x000000000eae0000)]
  0x000000000c62c000 JavaThread "Thread-2" daemon [_thread_blocked, id=9060, stack(0x000000000e8e0000,0x000000000e9e0000)]
  0x000000000c585800 JavaThread "Disposer" daemon [_thread_blocked, id=3812, stack(0x000000000e7e0000,0x000000000e8e0000)]
  0x000000000c31b000 JavaThread "QuantumRenderer-0" daemon [_thread_blocked, id=8152, stack(0x000000000d980000,0x000000000da80000)]
  0x000000000c519800 JavaThread "JavaFX-Launcher" [_thread_blocked, id=4540, stack(0x000000000d880000,0x000000000d980000)]
  0x000000000c58b000 JavaThread "traceMsgQueueThread" daemon [_thread_blocked, id=5908, stack(0x000000000ce70000,0x000000000cf70000)]
  0x000000000a8f9800 JavaThread "Service Thread" daemon [_thread_blocked, id=8868, stack(0x000000000c070000,0x000000000c170000)]
  0x000000000a8f5000 JavaThread "C2 CompilerThread1" daemon [_thread_blocked, id=8036, stack(0x000000000bf70000,0x000000000c070000)]
  0x000000000a8f2800 JavaThread "C2 CompilerThread0" daemon [_thread_blocked, id=6508, stack(0x000000000be70000,0x000000000bf70000)]
  0x000000000a8f1800 JavaThread "Attach Listener" daemon [_thread_blocked, id=5600, stack(0x000000000bd70000,0x000000000be70000)]
  0x000000000a8ee000 JavaThread "Signal Dispatcher" daemon [_thread_blocked, id=5712, stack(0x000000000bc70000,0x000000000bd70000)]
  0x000000000a8bd800 JavaThread "Finalizer" daemon [_thread_blocked, id=7152, stack(0x000000000bb70000,0x000000000bc70000)]
  0x000000000a8b2000 JavaThread "Reference Handler" daemon [_thread_blocked, id=5024, stack(0x000000000ba70000,0x000000000bb70000)]
  0x0000000002b50800 JavaThread "main" [_thread_blocked, id=9056, stack(0x0000000002a40000,0x0000000002b40000)]

Other Threads:
  0x000000000a8b0000 VMThread [stack: 0x000000000b970000,0x000000000ba70000] [id=1448]
  0x000000000a91c800 WatcherThread [stack: 0x000000000c170000,0x000000000c270000] [id=8984]

VM state:not at safepoint (normal execution)

VM Mutex/Monitor currently owned by a thread: None

Heap
 PSYoungGen      total 129024K, used 28483K [0x00000000d9800000, 0x00000000e9b00000, 0x0000000100000000)
  eden space 120832K, 16% used [0x00000000d9800000,0x00000000dabd8a40,0x00000000e0e00000)
  from space 8192K, 99% used [0x00000000e0e00000,0x00000000e15f8598,0x00000000e1600000)
  to   space 11776K, 0% used [0x00000000e8f80000,0x00000000e8f80000,0x00000000e9b00000)
 ParOldGen       total 78848K, used 8646K [0x000000008c800000, 0x0000000091500000, 0x00000000d9800000)
  object space 78848K, 10% used [0x000000008c800000,0x000000008d0719c8,0x0000000091500000)
 PSPermGen       total 23040K, used 22643K [0x0000000087600000, 0x0000000088c80000, 0x000000008c800000)
  object space 23040K, 98% used [0x0000000087600000,0x0000000088c1ce28,0x0000000088c80000)

Card table byte_map: [0x0000000005d10000,0x00000000060e0000] byte_map_base: 0x00000000058d5000

Polling page: 0x00000000010f0000

Code Cache  [0x0000000002c50000, 0x0000000002ec0000, 0x0000000005c50000)
 total_blobs=1203 nmethods=564 adapters=591 free_code_cache=47368Kb largest_free_block=48459520

Compilation events (10 events):
Event: 30.378 Thread 0x000000000a8f5000 nmethod 600 0x0000000002dfce10 code [0x0000000002dfcf60, 0x0000000002dfd018]
Event: 30.378 Thread 0x000000000a8f5000  601             com.sun.prism.impl.ps.BaseShaderContext::updatePaintShader (146 bytes)
Event: 30.383 Thread 0x000000000a8f5000 nmethod 601 0x0000000002df76d0 code [0x0000000002df7880, 0x0000000002df7aa8]
Event: 30.406 Thread 0x000000000a8f2800 nmethod 598 0x0000000002e16010 code [0x0000000002e16320, 0x0000000002e178e0]
Event: 30.453 Thread 0x000000000a8f5000  603             com.sun.javafx.sg.BaseNode::clearDirty (24 bytes)
Event: 30.455 Thread 0x000000000a8f5000 nmethod 603 0x0000000002dfbe10 code [0x0000000002dfbf60, 0x0000000002dfc018]
Event: 30.510 Thread 0x000000000a8f2800  604             com.sun.prism.d3d.D3DShader::isValid (5 bytes)
Event: 30.511 Thread 0x000000000a8f2800 nmethod 604 0x0000000002dfbbd0 code [0x0000000002dfbd00, 0x0000000002dfbd58]
Event: 30.678 Thread 0x000000000a8f5000  606             com.sun.javafx.geom.Path2D$Iterator::isDone (20 bytes)
Event: 30.679 Thread 0x000000000a8f5000 nmethod 606 0x0000000002df80d0 code [0x0000000002df8200, 0x0000000002df8278]

GC Heap History (10 events):
Event: 6.611 GC heap before
{Heap before GC invocations=3 (full 0):
 PSYoungGen      total 34816K, used 34729K [0x00000000d9800000, 0x00000000ddc00000, 0x0000000100000000)
  eden space 30208K, 99% used [0x00000000d9800000,0x00000000db570348,0x00000000db580000)
  from space 4608K, 99% used [0x00000000dba00000,0x00000000dbe7a2e0,0x00000000dbe80000)
  to   space 4608K, 0% used [0x00000000db580000,0x00000000db580000,0x00000000dba00000)
 ParOldGen       total 78848K, used 3929K [0x000000008c800000, 0x0000000091500000, 0x00000000d9800000)
  object space 78848K, 4% used [0x000000008c800000,0x000000008cbd6560,0x0000000091500000)
 PSPermGen       total 21504K, used 19050K [0x0000000087600000, 0x0000000088b00000, 0x000000008c800000)
  object space 21504K, 88% used [0x0000000087600000,0x000000008889aad8,0x0000000088b00000)
Event: 6.626 GC heap after
Heap after GC invocations=3 (full 0):
 PSYoungGen      total 34816K, used 4583K [0x00000000d9800000, 0x00000000ddc00000, 0x0000000100000000)
  eden space 30208K, 0% used [0x00000000d9800000,0x00000000d9800000,0x00000000db580000)
  from space 4608K, 99% used [0x00000000db580000,0x00000000db9f9ce8,0x00000000dba00000)
  to   space 4608K, 0% used [0x00000000dd780000,0x00000000dd780000,0x00000000ddc00000)
 ParOldGen       total 78848K, used 3961K [0x000000008c800000, 0x0000000091500000, 0x00000000d9800000)
  object space 78848K, 5% used [0x000000008c800000,0x000000008cbde560,0x0000000091500000)
 PSPermGen       total 21504K, used 19050K [0x0000000087600000, 0x0000000088b00000, 0x000000008c800000)
  object space 21504K, 88% used [0x0000000087600000,0x000000008889aad8,0x0000000088b00000)
}
Event: 6.651 GC heap before
{Heap before GC invocations=4 (full 0):
 PSYoungGen      total 34816K, used 34741K [0x00000000d9800000, 0x00000000ddc00000, 0x0000000100000000)
  eden space 30208K, 99% used [0x00000000d9800000,0x00000000db573a40,0x00000000db580000)
  from space 4608K, 99% used [0x00000000db580000,0x00000000db9f9ce8,0x00000000dba00000)
  to   space 4608K, 0% used [0x00000000dd780000,0x00000000dd780000,0x00000000ddc00000)
 ParOldGen       total 78848K, used 3961K [0x000000008c800000, 0x0000000091500000, 0x00000000d9800000)
  object space 78848K, 5% used [0x000000008c800000,0x000000008cbde560,0x0000000091500000)
 PSPermGen       total 21504K, used 19050K [0x0000000087600000, 0x0000000088b00000, 0x000000008c800000)
  object space 21504K, 88% used [0x0000000087600000,0x000000008889aad8,0x0000000088b00000)
Event: 6.667 GC heap after
Heap after GC invocations=4 (full 0):
 PSYoungGen      total 65024K, used 4605K [0x00000000d9800000, 0x00000000ddc00000, 0x0000000100000000)
  eden space 60416K, 0% used [0x00000000d9800000,0x00000000d9800000,0x00000000dd300000)
  from space 4608K, 99% used [0x00000000dd780000,0x00000000ddbff7a0,0x00000000ddc00000)
  to   space 4608K, 0% used [0x00000000dd300000,0x00000000dd300000,0x00000000dd780000)
 ParOldGen       total 78848K, used 4017K [0x000000008c800000, 0x0000000091500000, 0x00000000d9800000)
  object space 78848K, 5% used [0x000000008c800000,0x000000008cbec560,0x0000000091500000)
 PSPermGen       total 21504K, used 19050K [0x0000000087600000, 0x0000000088b00000, 0x000000008c800000)
  object space 21504K, 88% used [0x0000000087600000,0x000000008889aad8,0x0000000088b00000)
}
Event: 6.726 GC heap before
{Heap before GC invocations=5 (full 0):
 PSYoungGen      total 65024K, used 64906K [0x00000000d9800000, 0x00000000ddc00000, 0x0000000100000000)
  eden space 60416K, 99% used [0x00000000d9800000,0x00000000dd2e3268,0x00000000dd300000)
  from space 4608K, 99% used [0x00000000dd780000,0x00000000ddbff7a0,0x00000000ddc00000)
  to   space 4608K, 0% used [0x00000000dd300000,0x00000000dd300000,0x00000000dd780000)
 ParOldGen       total 78848K, used 4017K [0x000000008c800000, 0x0000000091500000, 0x00000000d9800000)
  object space 78848K, 5% used [0x000000008c800000,0x000000008cbec560,0x0000000091500000)
 PSPermGen       total 21504K, used 19050K [0x0000000087600000, 0x0000000088b00000, 0x000000008c800000)
  object space 21504K, 88% used [0x0000000087600000,0x000000008889aad8,0x0000000088b00000)
Event: 6.748 GC heap after
Heap after GC invocations=5 (full 0):
 PSYoungGen      total 65024K, used 4606K [0x00000000d9800000, 0x00000000e1f00000, 0x0000000100000000)
  eden space 60416K, 0% used [0x00000000d9800000,0x00000000d9800000,0x00000000dd300000)
  from space 4608K, 99% used [0x00000000dd300000,0x00000000dd77fbd0,0x00000000dd780000)
  to   space 8704K, 0% used [0x00000000e1680000,0x00000000e1680000,0x00000000e1f00000)
 ParOldGen       total 78848K, used 4081K [0x000000008c800000, 0x0000000091500000, 0x00000000d9800000)
  object space 78848K, 5% used [0x000000008c800000,0x000000008cbfc570,0x0000000091500000)
 PSPermGen       total 21504K, used 19050K [0x0000000087600000, 0x0000000088b00000, 0x000000008c800000)
  object space 21504K, 88% used [0x0000000087600000,0x000000008889aad8,0x0000000088b00000)
}
Event: 6.798 GC heap before
{Heap before GC invocations=6 (full 0):
 PSYoungGen      total 65024K, used 64989K [0x00000000d9800000, 0x00000000e1f00000, 0x0000000100000000)
  eden space 60416K, 99% used [0x00000000d9800000,0x00000000dd2f7b48,0x00000000dd300000)
  from space 4608K, 99% used [0x00000000dd300000,0x00000000dd77fbd0,0x00000000dd780000)
  to   space 8704K, 0% used [0x00000000e1680000,0x00000000e1680000,0x00000000e1f00000)
 ParOldGen       total 78848K, used 4081K [0x000000008c800000, 0x0000000091500000, 0x00000000d9800000)
  object space 78848K, 5% used [0x000000008c800000,0x000000008cbfc570,0x0000000091500000)
 PSPermGen       total 21504K, used 19050K [0x0000000087600000, 0x0000000088b00000, 0x000000008c800000)
  object space 21504K, 88% used [0x0000000087600000,0x000000008889aad8,0x0000000088b00000)
Event: 6.816 GC heap after
Heap after GC invocations=6 (full 0):
 PSYoungGen      total 128512K, used 4588K [0x00000000d9800000, 0x00000000e1e00000, 0x0000000100000000)
  eden space 120832K, 0% used [0x00000000d9800000,0x00000000d9800000,0x00000000e0e00000)
  from space 7680K, 59% used [0x00000000e1680000,0x00000000e1afb180,0x00000000e1e00000)
  to   space 8192K, 0% used [0x00000000e0e00000,0x00000000e0e00000,0x00000000e1600000)
 ParOldGen       total 78848K, used 4081K [0x000000008c800000, 0x0000000091500000, 0x00000000d9800000)
  object space 78848K, 5% used [0x000000008c800000,0x000000008cbfc570,0x0000000091500000)
 PSPermGen       total 21504K, used 19050K [0x0000000087600000, 0x0000000088b00000, 0x000000008c800000)
  object space 21504K, 88% used [0x0000000087600000,0x000000008889aad8,0x0000000088b00000)
}
Event: 12.011 GC heap before
{Heap before GC invocations=7 (full 0):
 PSYoungGen      total 128512K, used 125420K [0x00000000d9800000, 0x00000000e1e00000, 0x0000000100000000)
  eden space 120832K, 100% used [0x00000000d9800000,0x00000000e0e00000,0x00000000e0e00000)
  from space 7680K, 59% used [0x00000000e1680000,0x00000000e1afb180,0x00000000e1e00000)
  to   space 8192K, 0% used [0x00000000e0e00000,0x00000000e0e00000,0x00000000e1600000)
 ParOldGen       total 78848K, used 4081K [0x000000008c800000, 0x0000000091500000, 0x00000000d9800000)
  object space 78848K, 5% used [0x000000008c800000,0x000000008cbfc570,0x0000000091500000)
 PSPermGen       total 22528K, used 22384K [0x0000000087600000, 0x0000000088c00000, 0x000000008c800000)
  object space 22528K, 99% used [0x0000000087600000,0x0000000088bdc0c8,0x0000000088c00000)
Event: 12.047 GC heap after
Heap after GC invocations=7 (full 0):
 PSYoungGen      total 129024K, used 8161K [0x00000000d9800000, 0x00000000e9b00000, 0x0000000100000000)
  eden space 120832K, 0% used [0x00000000d9800000,0x00000000d9800000,0x00000000e0e00000)
  from space 8192K, 99% used [0x00000000e0e00000,0x00000000e15f8598,0x00000000e1600000)
  to   space 11776K, 0% used [0x00000000e8f80000,0x00000000e8f80000,0x00000000e9b00000)
 ParOldGen       total 78848K, used 8646K [0x000000008c800000, 0x0000000091500000, 0x00000000d9800000)
  object space 78848K, 10% used [0x000000008c800000,0x000000008d0719c8,0x0000000091500000)
 PSPermGen       total 22528K, used 22384K [0x0000000087600000, 0x0000000088c00000, 0x000000008c800000)
  object space 22528K, 99% used [0x0000000087600000,0x0000000088bdc0c8,0x0000000088c00000)
}

Deoptimization events (10 events):
Event: 9.821 Thread 0x000000000c4c2800 Uncommon trap: reason=array_check action=maybe_recompile pc=0x0000000002d9dcb4 method=java.util.Arrays.fill([Ljava/lang/Object;Ljava/lang/Object;)V @ 13
Event: 9.847 Thread 0x000000000c4c2800 Uncommon trap: reason=array_check action=maybe_recompile pc=0x0000000002d9dcb4 method=java.util.Arrays.fill([Ljava/lang/Object;Ljava/lang/Object;)V @ 13
Event: 12.136 Thread 0x000000000c4c2800 Uncommon trap: reason=unreached action=reinterpret pc=0x0000000002d74dc8 method=com.sun.webpane.sg.prism.WCFontImpl.getFontStrike()Lcom/sun/javafx/font/FontStrike; @ 4
Event: 19.526 Thread 0x000000000c4c2800 Uncommon trap: reason=class_check action=maybe_recompile pc=0x0000000002d9ea9c method=com.sun.t2k.CompositeStrike.getCharAdvance(C)F @ 4
Event: 19.526 Thread 0x000000000c4c2800 Uncommon trap: reason=class_check action=maybe_recompile pc=0x0000000002d9ea9c method=com.sun.t2k.CompositeStrike.getCharAdvance(C)F @ 4
Event: 19.526 Thread 0x000000000c4c2800 Uncommon trap: reason=class_check action=maybe_recompile pc=0x0000000002d9ea9c method=com.sun.t2k.CompositeStrike.getCharAdvance(C)F @ 4
Event: 19.526 Thread 0x000000000c4c2800 Uncommon trap: reason=class_check action=maybe_recompile pc=0x0000000002d9ea9c method=com.sun.t2k.CompositeStrike.getCharAdvance(C)F @ 4
Event: 19.545 Thread 0x000000000c31b000 Uncommon trap: reason=bimorphic action=maybe_recompile pc=0x0000000002dd066c method=com.sun.prism.impl.shape.OpenPiscesPrismUtils.setupRenderer(Lcom/sun/javafx/geom/Path2D;Lcom/sun/prism/BasicStroke;Lcom/sun/javafx/geom/transform/BaseTransform;Lcom/sun/jav8öBž™;@
Event: 27.069 Thread 0x000000000c4c2800 Uncommon trap: reason=unreached action=reinterpret pc=0x0000000002dd50b0 method=java.util.WeakHashMap.expungeStaleEntries()V @ 9
Event: 27.691 Thread 0x000000000c31b000 Uncommon trap: reason=unreached action=reinterpret pc=0x0000000002dc4c2c method=java.util.WeakHashMap.expungeStaleEntries()V @ 9

Internal exceptions (10 events):
Event: 11.918 Thread 0x000000000c4c2800 Threw 0x00000000e0ba94c8 at C:\re\jdk7u51\527\hotspot\src\share\vm\prims\jvm.cpp:1244
Event: 11.920 Thread 0x000000000c4c2800 Threw 0x00000000e0ba9ce0 at C:\re\jdk7u51\527\hotspot\src\share\vm\classfile\systemDictionary.cpp:185
Event: 11.920 Thread 0x000000000c4c2800 Threw 0x00000000e0baa250 at C:\re\jdk7u51\527\hotspot\src\share\vm\prims\jvm.cpp:1244
Event: 11.921 Thread 0x000000000c4c2800 Threw 0x00000000e0baa6c0 at C:\re\jdk7u51\527\hotspot\src\share\vm\prims\jvm.cpp:1244
Event: 28.329 Thread 0x000000000c4c2800 Threw 0x00000000da557cb0 at C:\re\jdk7u51\527\hotspot\src\share\vm\classfile\systemDictionary.cpp:185
Event: 28.329 Thread 0x000000000c4c2800 Threw 0x00000000da558220 at C:\re\jdk7u51\527\hotspot\src\share\vm\prims\jvm.cpp:1244
Event: 28.329 Thread 0x000000000c4c2800 Threw 0x00000000da558690 at C:\re\jdk7u51\527\hotspot\src\share\vm\prims\jvm.cpp:1244
Event: 28.329 Thread 0x000000000c4c2800 Threw 0x00000000da558ea8 at C:\re\jdk7u51\527\hotspot\src\share\vm\classfile\systemDictionary.cpp:185
Event: 28.329 Thread 0x000000000c4c2800 Threw 0x00000000da559418 at C:\re\jdk7u51\527\hotspot\src\share\vm\prims\jvm.cpp:1244
Event: 28.330 Thread 0x000000000c4c2800 Threw 0x00000000da559888 at C:\re\jdk7u51\527\hotspot\src\share\vm\prims\jvm.cpp:1244

Events (10 events):
Event: 30.729 Executing VM operation: RevokeBias
Event: 30.730 Executing VM operation: RevokeBias done
Event: 30.730 Executing VM operation: RevokeBias
Event: 30.730 Executing VM operation: RevokeBias done
Event: 30.730 Executing VM operation: RevokeBias
Event: 30.730 Executing VM operation: RevokeBias done
Event: 30.731 Executing VM operation: RevokeBias
Event: 30.731 Executing VM operation: RevokeBias done
Event: 30.731 Executing VM operation: RevokeBias
Event: 30.731 Executing VM operation: RevokeBias done


Dynamic libraries:
0x000007f74da90000 - 0x000007f74dac3000 	C:\Program Files\Java\jdk1.7.0_51\jre\bin\java.exe
0x000007fbff5c0000 - 0x000007fbff780000 	C:\Windows\SYSTEM32\ntdll.dll
0x000007fbfede0000 - 0x000007fbfef16000 	C:\Windows\system32\KERNEL32.DLL
0x000007fbfc650000 - 0x000007fbfc743000 	C:\Windows\system32\KERNELBASE.dll
0x000007fbfef20000 - 0x000007fbfeffe000 	C:\Windows\system32\ADVAPI32.dll
0x000007fbfdd60000 - 0x000007fbfdeac000 	C:\Windows\system32\USER32.dll
0x000007fbf9b60000 - 0x000007fbf9dca000 	C:\Windows\WinSxS\amd64_microsoft.windows.common-controls_6595b64144ccf1df_6.0.9200.16579_none_418ab7ef718b27ef\COMCTL32.dll
0x000007fbff160000 - 0x000007fbff205000 	C:\Windows\system32\msvcrt.dll
0x000007fbfeb40000 - 0x000007fbfeb88000 	C:\Windows\SYSTEM32\sechost.dll
0x000007fbff010000 - 0x000007fbff155000 	C:\Windows\system32\RPCRT4.dll
0x000007fbfe220000 - 0x000007fbfe361000 	C:\Windows\system32\GDI32.dll
0x000007fbfdf00000 - 0x000007fbfdf39000 	C:\Windows\system32\IMM32.DLL
0x000007fbfea20000 - 0x000007fbfeb36000 	C:\Windows\system32\MSCTF.dll
0x0000000073380000 - 0x0000000073452000 	C:\Program Files\Java\jdk1.7.0_51\jre\bin\msvcr100.dll
0x0000000073460000 - 0x0000000073c29000 	C:\Program Files\Java\jdk1.7.0_51\jre\bin\server\jvm.dll
0x000007fbfa4d0000 - 0x000007fbfa4d9000 	C:\Windows\SYSTEM32\WSOCK32.dll
0x000007fbfa4f0000 - 0x000007fbfa510000 	C:\Windows\SYSTEM32\WINMM.dll
0x000007fbfe440000 - 0x000007fbfe447000 	C:\Windows\system32\PSAPI.DLL
0x000007fbff3b0000 - 0x000007fbff408000 	C:\Windows\system32\WS2_32.dll
0x000007fbf9740000 - 0x000007fbf9773000 	C:\Windows\SYSTEM32\WINMMBASE.dll
0x000007fbfe780000 - 0x000007fbfe789000 	C:\Windows\system32\NSI.dll
0x000007fbfc960000 - 0x000007fbfc9af000 	C:\Windows\SYSTEM32\cfgmgr32.dll
0x000007fbfc930000 - 0x000007fbfc952000 	C:\Windows\system32\DEVOBJ.dll
0x0000000073330000 - 0x000000007333f000 	C:\Program Files\Java\jdk1.7.0_51\jre\bin\verify.dll
0x0000000073300000 - 0x0000000073328000 	C:\Program Files\Java\jdk1.7.0_51\jre\bin\java.dll
0x00000000732e0000 - 0x00000000732f5000 	C:\Program Files\Java\jdk1.7.0_51\jre\bin\zip.dll
0x0000000071850000 - 0x00000000718c8000 	C:\Program Files\Java\jdk1.7.0_51\jre\bin\deploy.dll
0x000007fbfec40000 - 0x000007fbfedbe000 	C:\Windows\system32\ole32.dll
0x000007fbfe370000 - 0x000007fbfe433000 	C:\Windows\system32\OLEAUT32.dll
0x000007fbf95c0000 - 0x000007fbf95c9000 	C:\Windows\SYSTEM32\VERSION.dll
0x000007fbfdf40000 - 0x000007fbfe16d000 	C:\Windows\system32\WININET.dll
0x000007fbfe620000 - 0x000007fbfe779000 	C:\Windows\system32\urlmon.dll
0x000007fbff410000 - 0x000007fbff5c0000 	C:\Windows\SYSTEM32\combase.dll
0x000007fbfe790000 - 0x000007fbfea1c000 	C:\Windows\system32\iertutil.dll
0x000007fbfdeb0000 - 0x000007fbfdf00000 	C:\Windows\system32\SHLWAPI.dll
0x000007fbfc9b0000 - 0x000007fbfdc8f000 	C:\Windows\system32\SHELL32.dll
0x000007fbface0000 - 0x000007fbfad75000 	C:\Windows\SYSTEM32\SHCORE.dll
0x000007fbfc470000 - 0x000007fbfc485000 	C:\Windows\SYSTEM32\profapi.dll
0x000007fbf4a40000 - 0x000007fbf4a4b000 	C:\Windows\SYSTEM32\Secur32.dll
0x000007fbfc0d0000 - 0x000007fbfc0fc000 	C:\Windows\SYSTEM32\SSPICLI.DLL
0x000007fbf57f0000 - 0x000007fbf58a1000 	C:\Windows\SYSTEM32\winhttp.dll
0x000007fbfbcb0000 - 0x000007fbfbd0c000 	C:\Windows\system32\mswsock.dll
0x000007fbf7770000 - 0x000007fbf779a000 	C:\Windows\SYSTEM32\IPHLPAPI.DLL
0x000007fbf7630000 - 0x000007fbf763a000 	C:\Windows\SYSTEM32\WINNSI.DLL
0x000007fbfbac0000 - 0x000007fbfbb58000 	C:\Windows\SYSTEM32\DNSAPI.dll
0x0000000074100000 - 0x0000000074126000 	C:\Program Files\Bonjour\mdnsNSP.dll
0x000007fbf4ba0000 - 0x000007fbf4ba8000 	C:\Windows\System32\rasadhlp.dll
0x000007fbf6b60000 - 0x000007fbf6b73000 	C:\Windows\SYSTEM32\dhcpcsvc6.DLL
0x000007fbf6b40000 - 0x000007fbf6b58000 	C:\Windows\SYSTEM32\dhcpcsvc.DLL
0x0000000071840000 - 0x000000007184f000 	C:\Program Files\Java\jdk1.7.0_51\jre\bin\prism-d3d.dll
0x000007fbe2050000 - 0x000007fbe2250000 	C:\Windows\system32\d3d9.dll
0x000007fbfa5e0000 - 0x000007fbfa601000 	C:\Windows\SYSTEM32\dwmapi.dll
0x000007fbfb300000 - 0x000007fbfb3e6000 	C:\Windows\system32\uxtheme.dll
0x000007fbf9430000 - 0x000007fbf954b000 	C:\Windows\SYSTEM32\aticfx64.dll
0x000007fbea290000 - 0x000007fbea2b0000 	C:\Windows\SYSTEM32\atiu9p64.dll
0x000007fbe1990000 - 0x000007fbe2046000 	C:\Windows\SYSTEM32\atiumd64.dll
0x0000000073c30000 - 0x00000000740fd000 	C:\Windows\SYSTEM32\atiumd6a.dll
0x0000000071800000 - 0x0000000071832000 	C:\Program Files\Java\jdk1.7.0_51\jre\bin\glass.dll
0x000007fbfeb90000 - 0x000007fbfec31000 	C:\Windows\system32\COMDLG32.dll
0x000007fbfc2b0000 - 0x000007fbfc2ba000 	C:\Windows\SYSTEM32\CRYPTBASE.dll
0x000007fbfc250000 - 0x000007fbfc2ac000 	C:\Windows\SYSTEM32\bcryptPrimitives.dll
0x0000000071670000 - 0x000000007170e000 	C:\Program Files\Java\jdk1.7.0_51\jre\bin\libxml2.dll
0x0000000071630000 - 0x0000000071666000 	C:\Program Files\Java\jdk1.7.0_51\jre\bin\libxslt.dll
0x000000006f870000 - 0x00000000706a8000 	C:\Program Files\Java\jdk1.7.0_51\jre\bin\jfxwebkit.dll
0x00000000732c0000 - 0x00000000732d9000 	C:\Program Files\Java\jdk1.7.0_51\jre\bin\net.dll
0x000007fbfe170000 - 0x000007fbfe206000 	C:\Windows\SYSTEM32\clbcatq.dll
0x000007fbfafa0000 - 0x000007fbfb133000 	C:\Windows\SYSTEM32\WindowsCodecs.dll
0x000007fbef0f0000 - 0x000007fbef11e000 	C:\Program Files\Common Files\Microsoft Shared\Ink\rtscom.dll
0x000007fbf6ea0000 - 0x000007fbf6f01000 	C:\Windows\System32\fwpuclnt.dll
0x00000000715e0000 - 0x0000000071630000 	C:\Program Files\Java\jdk1.7.0_51\jre\bin\javafx-font.dll
0x000007fbfbe00000 - 0x000007fbfbe1a000 	C:\Windows\SYSTEM32\CRYPTSP.dll
0x000007fbfb940000 - 0x000007fbfb98b000 	C:\Windows\system32\rsaenh.dll
0x00000000732a0000 - 0x00000000732b1000 	C:\Program Files\Java\jdk1.7.0_51\jre\bin\nio.dll
0x0000000073020000 - 0x0000000073044000 	C:\Program Files\Java\jdk1.7.0_51\jre\bin\sunec.dll
0x0000000073010000 - 0x000000007301b000 	C:\Program Files\Java\jdk1.7.0_51\jre\bin\sunmscapi.dll
0x000007fbfc750000 - 0x000007fbfc921000 	C:\Windows\system32\CRYPT32.dll
0x000007fbfc520000 - 0x000007fbfc536000 	C:\Windows\system32\MSASN1.dll
0x000007fbfbc90000 - 0x000007fbfbcaf000 	C:\Windows\SYSTEM32\USERENV.dll
0x000007fbf3f70000 - 0x000007fbf3f84000 	C:\Windows\system32\napinsp.dll
0x000007fbf3f90000 - 0x000007fbf3fa8000 	C:\Windows\system32\pnrpnsp.dll
0x000007fbfac00000 - 0x000007fbfac16000 	C:\Windows\system32\NLAapi.dll
0x000007fbf4070000 - 0x000007fbf4082000 	C:\Windows\System32\winrnr.dll
0x00000000715a0000 - 0x00000000715da000 	C:\Program Files\Java\jdk1.7.0_51\jre\bin\javafx-iio.dll
0x000007fbfa180000 - 0x000007fbfa2e3000 	C:\Windows\SYSTEM32\dbghelp.dll

VM Arguments:
jvm_args: -Dfile.encoding=UTF-8 
java_command: C:\Users\Gabriel\Documents\NetBeansProjects\QCCBrowserEx1\dist\run39158566\QCCBrowserEx1.jar
Launcher Type: SUN_STANDARD

Environment Variables:
PATH=C:\Program Files (x86)\HP SimplePass\x64;C:\Program Files (x86)\HP SimplePass\;;C:\Program Files (x86)\AMD APP\bin\x86_64;C:\Program Files (x86)\AMD APP\bin\x86;C:\Windows\system32;C:\Windows;C:\Windows\System32\Wbem;C:\Windows\System32\WindowsPowerShell\v1.0\;C:\Program Files (x86)\Windows Live\Shared;C:\Program Files (x86)\ATI Technologies\ATI.ACE\Core-Static
USERNAME=Gabriel
OS=Windows_NT
PROCESSOR_IDENTIFIER=AMD64 Family 21 Model 19 Stepping 1, AuthenticAMD



---------------  S Y S T E M  ---------------

OS: Windows 8 , 64 bit Build 9200 

CPU:total 4 (4 cores per cpu, 1 threads per core) family 21 model 19 stepping 1, cmov, cx8, fxsr, mmx, sse, sse2, sse3, ssse3, sse4.1, sse4.2, popcnt, avx, aes, mmxext, 3dnowpref, lzcnt, sse4a, tsc, tscinvbit, tscinv

Memory: 4k page, physical 7563524k(4170444k free), swap 8743172k(4000420k free)

vm_info: Java HotSpot(TM) 64-Bit Server VM (24.51-b03) for windows-amd64 JRE (1.7.0_51-b13), built on Dec 18 2013 18:40:56 by "java_re" with unknown MS VC++:1600

time: Thu Apr 03 13:07:40 2014
elapsed time: 30 seconds

